[0.246s] Invoking command in '/home/pbk/arduinobot_ws/build/arduinobot_cpp_examples': CMAKE_PREFIX_PATH=/home/pbk/arduinobot_ws/install/arduinobot_msgs:/home/pbk/arduinobot_ws/install/arduinobot_utils:/home/pbk/arduinobot_ws/install/arduinobot_remote:/home/pbk/arduinobot_ws/install/arduinobot_cpp_examples:/home/pbk/arduinobot_ws/install/arduinobot_moveit:/home/pbk/arduinobot_ws/install/arduinobot_firmware:/home/pbk/arduinobot_ws/install/arduinobot_description:/home/pbk/arduinobot_ws/install/arduinobot_controller:/home/pbk/arduinobot_ws/install/arduinobot_bringup:/home/pbk/arduinobot_ws/install/arduinobot_py_examples:/opt/ros/humble LD_LIBRARY_PATH=/home/pbk/arduinobot_ws/install/arduinobot_msgs/lib:/home/pbk/arduinobot_ws/install/arduinobot_remote/lib:/home/pbk/arduinobot_ws/install/arduinobot_cpp_examples/lib:/usr/lib/x86_64-linux-gnu/gazebo-11/plugins:/opt/ros/humble/opt/rviz_ogre_vendor/lib:/opt/ros/humble/lib/x86_64-linux-gnu:/opt/ros/humble/lib /usr/bin/cmake --build /home/pbk/arduinobot_ws/build/arduinobot_cpp_examples -- -j20 -l20
[0.275s] -- Found ament_cmake: 1.3.8 (/opt/ros/humble/share/ament_cmake/cmake)
[0.415s] -- Found rclcpp: 16.0.8 (/opt/ros/humble/share/rclcpp/cmake)
[0.606s] -- Found rosidl_generator_c: 3.1.5 (/opt/ros/humble/share/rosidl_generator_c/cmake)
[0.610s] -- Found rosidl_adapter: 3.1.5 (/opt/ros/humble/share/rosidl_adapter/cmake)
[0.618s] -- Found rosidl_generator_cpp: 3.1.5 (/opt/ros/humble/share/rosidl_generator_cpp/cmake)
[0.634s] -- Using all available rosidl_typesupport_c: rosidl_typesupport_fastrtps_c;rosidl_typesupport_introspection_c
[0.651s] -- Using all available rosidl_typesupport_cpp: rosidl_typesupport_fastrtps_cpp;rosidl_typesupport_introspection_cpp
[0.724s] -- Found rmw_implementation_cmake: 6.1.1 (/opt/ros/humble/share/rmw_implementation_cmake/cmake)
[0.727s] -- Found rmw_cyclonedds_cpp: 1.3.4 (/opt/ros/humble/share/rmw_cyclonedds_cpp/cmake)
[0.768s] -- Using RMW implementation 'rmw_cyclonedds_cpp' as default
[0.904s] -- Found arduinobot_msgs: 0.0.0 (/home/pbk/arduinobot_ws/install/arduinobot_msgs/share/arduinobot_msgs/cmake)
[1.030s] -- Found rclcpp_action: 16.0.8 (/opt/ros/humble/share/rclcpp_action/cmake)
[1.052s] -- Found rclcpp_components: 16.0.8 (/opt/ros/humble/share/rclcpp_components/cmake)
[1.110s] -- Found moveit_ros_planning_interface: 2.5.5 (/opt/ros/humble/share/moveit_ros_planning_interface/cmake)
[1.134s] -- Found Boost: /usr/lib/x86_64-linux-gnu/cmake/Boost-1.74.0/BoostConfig.cmake (found version "1.74.0") found components: date_time filesystem program_options system thread 
[1.733s] -- Found Boost: /usr/lib/x86_64-linux-gnu/cmake/Boost-1.74.0/BoostConfig.cmake (found version "1.74.0") found components: chrono date_time filesystem iostreams program_options regex serialization system thread 
[1.747s] -- Found parameter_traits: 0.3.8 (/opt/ros/humble/share/parameter_traits/cmake)
[1.763s] -- Found rclcpp_lifecycle: 16.0.8 (/opt/ros/humble/share/rclcpp_lifecycle/cmake)
[1.802s] -- Found Boost: /usr/lib/x86_64-linux-gnu/cmake/Boost-1.74.0/BoostConfig.cmake (found version "1.74.0") found components: filesystem 
[2.775s] -- library: /usr/lib/x86_64-linux-gnu/libcurl.so
[2.881s] -- Ensuring Eigen3 include directory is part of orocos-kdl CMake target
[4.551s] -- Found Boost: /usr/lib/x86_64-linux-gnu/cmake/Boost-1.74.0/BoostConfig.cmake (found version "1.74.0") found components: system filesystem date_time program_options thread chrono 
[4.889s] -- Found Boost: /usr/lib/x86_64-linux-gnu/cmake/Boost-1.74.0/BoostConfig.cmake (found version "1.74.0") found components: thread system filesystem regex date_time program_options 
[5.047s] -- Found Boost: /usr/lib/x86_64-linux-gnu/cmake/Boost-1.74.0/BoostConfig.cmake (found version "1.74.0") found components: system filesystem date_time program_options thread 
[5.333s] -- Found ament_lint_auto: 0.12.10 (/opt/ros/humble/share/ament_lint_auto/cmake)
[5.392s] -- Added test 'cppcheck' to perform static code analysis on C / C++ code
[5.393s] -- Configured cppcheck include dirs: $<BUILD_INTERFACE:/home/pbk/arduinobot_ws/src/arduinobot_cpp_examples/include>
[5.393s] -- Configured cppcheck exclude dirs and/or files: 
[5.393s] -- Added test 'lint_cmake' to check CMake code style
[5.394s] -- Added test 'uncrustify' to check C / C++ code style
[5.394s] -- Configured uncrustify additional arguments: 
[5.395s] -- Added test 'xmllint' to check XML markup files
[5.396s] -- Configuring done
[5.469s] -- Generating done
[5.473s] -- Build files have been written to: /home/pbk/arduinobot_ws/build/arduinobot_cpp_examples
[5.495s] [35m[1mConsolidate compiler generated dependencies of target simple_service_server[0m
[5.495s] [35m[1mConsolidate compiler generated dependencies of target simple_subscriber[0m
[5.496s] [35m[1mConsolidate compiler generated dependencies of target simple_moveit_interface[0m
[5.496s] [35m[1mConsolidate compiler generated dependencies of target simple_service_client[0m
[5.496s] [35m[1mConsolidate compiler generated dependencies of target simple_action_client_node[0m
[5.496s] [35m[1mConsolidate compiler generated dependencies of target simple_publisher[0m
[5.496s] [35m[1mConsolidate compiler generated dependencies of target simple_parameter[0m
[5.498s] [35m[1mConsolidate compiler generated dependencies of target simple_action_server[0m
[5.499s] [35m[1mConsolidate compiler generated dependencies of target simple_action_server_node[0m
[5.499s] [35m[1mConsolidate compiler generated dependencies of target simple_action_client[0m
[5.503s] [  4%] [32mBuilding CXX object CMakeFiles/simple_lifecycle_node.dir/src/simple_lifecycle_node.cpp.o[0m
[5.510s] [ 13%] Built target simple_service_client
[5.511s] [ 22%] Built target simple_publisher
[5.511s] [ 31%] Built target simple_subscriber
[5.511s] [ 40%] Built target simple_service_server
[5.511s] [ 50%] Built target simple_action_client_node
[5.512s] [ 59%] Built target simple_parameter
[5.514s] [ 68%] Built target simple_action_server_node
[5.514s] [ 81%] Built target simple_action_client
[5.514s] [ 86%] Built target simple_action_server
[5.518s] [ 95%] Built target simple_moveit_interface
[11.266s] [100%] [32m[1mLinking CXX executable simple_lifecycle_node[0m
[11.587s] [100%] Built target simple_lifecycle_node
[11.594s] Invoked command in '/home/pbk/arduinobot_ws/build/arduinobot_cpp_examples' returned '0': CMAKE_PREFIX_PATH=/home/pbk/arduinobot_ws/install/arduinobot_msgs:/home/pbk/arduinobot_ws/install/arduinobot_utils:/home/pbk/arduinobot_ws/install/arduinobot_remote:/home/pbk/arduinobot_ws/install/arduinobot_cpp_examples:/home/pbk/arduinobot_ws/install/arduinobot_moveit:/home/pbk/arduinobot_ws/install/arduinobot_firmware:/home/pbk/arduinobot_ws/install/arduinobot_description:/home/pbk/arduinobot_ws/install/arduinobot_controller:/home/pbk/arduinobot_ws/install/arduinobot_bringup:/home/pbk/arduinobot_ws/install/arduinobot_py_examples:/opt/ros/humble LD_LIBRARY_PATH=/home/pbk/arduinobot_ws/install/arduinobot_msgs/lib:/home/pbk/arduinobot_ws/install/arduinobot_remote/lib:/home/pbk/arduinobot_ws/install/arduinobot_cpp_examples/lib:/usr/lib/x86_64-linux-gnu/gazebo-11/plugins:/opt/ros/humble/opt/rviz_ogre_vendor/lib:/opt/ros/humble/lib/x86_64-linux-gnu:/opt/ros/humble/lib /usr/bin/cmake --build /home/pbk/arduinobot_ws/build/arduinobot_cpp_examples -- -j20 -l20
[11.626s] Invoking command in '/home/pbk/arduinobot_ws/build/arduinobot_cpp_examples': CMAKE_PREFIX_PATH=/home/pbk/arduinobot_ws/install/arduinobot_msgs:/home/pbk/arduinobot_ws/install/arduinobot_utils:/home/pbk/arduinobot_ws/install/arduinobot_remote:/home/pbk/arduinobot_ws/install/arduinobot_cpp_examples:/home/pbk/arduinobot_ws/install/arduinobot_moveit:/home/pbk/arduinobot_ws/install/arduinobot_firmware:/home/pbk/arduinobot_ws/install/arduinobot_description:/home/pbk/arduinobot_ws/install/arduinobot_controller:/home/pbk/arduinobot_ws/install/arduinobot_bringup:/home/pbk/arduinobot_ws/install/arduinobot_py_examples:/opt/ros/humble LD_LIBRARY_PATH=/home/pbk/arduinobot_ws/install/arduinobot_msgs/lib:/home/pbk/arduinobot_ws/install/arduinobot_remote/lib:/home/pbk/arduinobot_ws/install/arduinobot_cpp_examples/lib:/usr/lib/x86_64-linux-gnu/gazebo-11/plugins:/opt/ros/humble/opt/rviz_ogre_vendor/lib:/opt/ros/humble/lib/x86_64-linux-gnu:/opt/ros/humble/lib /usr/bin/cmake --install /home/pbk/arduinobot_ws/build/arduinobot_cpp_examples
[11.630s] -- Install configuration: ""
[11.631s] -- Up-to-date: /home/pbk/arduinobot_ws/install/arduinobot_cpp_examples/lib/arduinobot_cpp_examples/simple_action_server_node
[11.631s] -- Up-to-date: /home/pbk/arduinobot_ws/install/arduinobot_cpp_examples/lib/arduinobot_cpp_examples/simple_action_client_node
[11.631s] -- Up-to-date: /home/pbk/arduinobot_ws/install/arduinobot_cpp_examples/lib/arduinobot_cpp_examples/simple_publisher
[11.631s] -- Up-to-date: /home/pbk/arduinobot_ws/install/arduinobot_cpp_examples/lib/arduinobot_cpp_examples/simple_subscriber
[11.631s] -- Up-to-date: /home/pbk/arduinobot_ws/install/arduinobot_cpp_examples/lib/arduinobot_cpp_examples/simple_parameter
[11.631s] -- Up-to-date: /home/pbk/arduinobot_ws/install/arduinobot_cpp_examples/lib/arduinobot_cpp_examples/simple_service_server
[11.631s] -- Up-to-date: /home/pbk/arduinobot_ws/install/arduinobot_cpp_examples/lib/arduinobot_cpp_examples/simple_service_client
[11.632s] -- Up-to-date: /home/pbk/arduinobot_ws/install/arduinobot_cpp_examples/lib/arduinobot_cpp_examples/simple_moveit_interface
[11.632s] -- Installing: /home/pbk/arduinobot_ws/install/arduinobot_cpp_examples/lib/arduinobot_cpp_examples/simple_lifecycle_node
[11.634s] -- Set runtime path of "/home/pbk/arduinobot_ws/install/arduinobot_cpp_examples/lib/arduinobot_cpp_examples/simple_lifecycle_node" to ""
[11.634s] -- Up-to-date: /home/pbk/arduinobot_ws/install/arduinobot_cpp_examples/lib/libsimple_action_server.so
[11.634s] -- Up-to-date: /home/pbk/arduinobot_ws/install/arduinobot_cpp_examples/lib/libsimple_action_client.so
[11.634s] -- Installing: /home/pbk/arduinobot_ws/install/arduinobot_cpp_examples/share/ament_index/resource_index/package_run_dependencies/arduinobot_cpp_examples
[11.635s] -- Installing: /home/pbk/arduinobot_ws/install/arduinobot_cpp_examples/share/ament_index/resource_index/parent_prefix_path/arduinobot_cpp_examples
[11.635s] -- Up-to-date: /home/pbk/arduinobot_ws/install/arduinobot_cpp_examples/share/arduinobot_cpp_examples/environment/ament_prefix_path.sh
[11.635s] -- Installing: /home/pbk/arduinobot_ws/install/arduinobot_cpp_examples/share/arduinobot_cpp_examples/environment/ament_prefix_path.dsv
[11.635s] -- Up-to-date: /home/pbk/arduinobot_ws/install/arduinobot_cpp_examples/share/arduinobot_cpp_examples/environment/path.sh
[11.635s] -- Installing: /home/pbk/arduinobot_ws/install/arduinobot_cpp_examples/share/arduinobot_cpp_examples/environment/path.dsv
[11.635s] -- Up-to-date: /home/pbk/arduinobot_ws/install/arduinobot_cpp_examples/share/arduinobot_cpp_examples/local_setup.bash
[11.635s] -- Up-to-date: /home/pbk/arduinobot_ws/install/arduinobot_cpp_examples/share/arduinobot_cpp_examples/local_setup.sh
[11.635s] -- Up-to-date: /home/pbk/arduinobot_ws/install/arduinobot_cpp_examples/share/arduinobot_cpp_examples/local_setup.zsh
[11.636s] -- Installing: /home/pbk/arduinobot_ws/install/arduinobot_cpp_examples/share/arduinobot_cpp_examples/local_setup.dsv
[11.636s] -- Installing: /home/pbk/arduinobot_ws/install/arduinobot_cpp_examples/share/arduinobot_cpp_examples/package.dsv
[11.636s] -- Up-to-date: /home/pbk/arduinobot_ws/install/arduinobot_cpp_examples/share/ament_index/resource_index/packages/arduinobot_cpp_examples
[11.636s] -- Up-to-date: /home/pbk/arduinobot_ws/install/arduinobot_cpp_examples/share/ament_index/resource_index/rclcpp_components/arduinobot_cpp_examples
[11.636s] -- Up-to-date: /home/pbk/arduinobot_ws/install/arduinobot_cpp_examples/share/arduinobot_cpp_examples/cmake/arduinobot_cpp_examplesConfig.cmake
[11.636s] -- Up-to-date: /home/pbk/arduinobot_ws/install/arduinobot_cpp_examples/share/arduinobot_cpp_examples/cmake/arduinobot_cpp_examplesConfig-version.cmake
[11.636s] -- Installing: /home/pbk/arduinobot_ws/install/arduinobot_cpp_examples/share/arduinobot_cpp_examples/package.xml
[11.638s] Invoked command in '/home/pbk/arduinobot_ws/build/arduinobot_cpp_examples' returned '0': CMAKE_PREFIX_PATH=/home/pbk/arduinobot_ws/install/arduinobot_msgs:/home/pbk/arduinobot_ws/install/arduinobot_utils:/home/pbk/arduinobot_ws/install/arduinobot_remote:/home/pbk/arduinobot_ws/install/arduinobot_cpp_examples:/home/pbk/arduinobot_ws/install/arduinobot_moveit:/home/pbk/arduinobot_ws/install/arduinobot_firmware:/home/pbk/arduinobot_ws/install/arduinobot_description:/home/pbk/arduinobot_ws/install/arduinobot_controller:/home/pbk/arduinobot_ws/install/arduinobot_bringup:/home/pbk/arduinobot_ws/install/arduinobot_py_examples:/opt/ros/humble LD_LIBRARY_PATH=/home/pbk/arduinobot_ws/install/arduinobot_msgs/lib:/home/pbk/arduinobot_ws/install/arduinobot_remote/lib:/home/pbk/arduinobot_ws/install/arduinobot_cpp_examples/lib:/usr/lib/x86_64-linux-gnu/gazebo-11/plugins:/opt/ros/humble/opt/rviz_ogre_vendor/lib:/opt/ros/humble/lib/x86_64-linux-gnu:/opt/ros/humble/lib /usr/bin/cmake --install /home/pbk/arduinobot_ws/build/arduinobot_cpp_examples
