[0.157s] DEBUG:colcon:Command line arguments: ['/usr/bin/colcon', 'build']
[0.157s] DEBUG:colcon:Parsed command line arguments: Namespace(log_base=None, log_level=None, verb_name='build', build_base='build', install_base='install', merge_install=False, symlink_install=False, test_result_base=None, continue_on_error=False, executor='parallel', parallel_workers=20, event_handlers=None, ignore_user_meta=False, metas=['./colcon.meta'], base_paths=['.'], packages_ignore=None, packages_ignore_regex=None, paths=None, packages_up_to=None, packages_up_to_regex=None, packages_above=None, packages_above_and_dependencies=None, packages_above_depth=None, packages_select_by_dep=None, packages_skip_by_dep=None, packages_skip_up_to=None, packages_select_build_failed=False, packages_skip_build_finished=False, packages_select_test_failures=False, packages_skip_test_passed=False, packages_select=None, packages_skip=None, packages_select_regex=None, packages_skip_regex=None, packages_start=None, packages_end=None, allow_overriding=[], cmake_args=None, cmake_target=None, cmake_target_skip_unavailable=False, cmake_clean_cache=False, cmake_clean_first=False, cmake_force_configure=False, ament_cmake_args=None, catkin_cmake_args=None, catkin_skip_building_tests=False, mixin_files=None, mixin=None, verb_parser=<colcon_mixin.mixin.mixin_argument.MixinArgumentDecorator object at 0x7f310a791ff0>, verb_extension=<colcon_core.verb.build.BuildVerb object at 0x7f310a987a60>, main=<bound method BuildVerb.main of <colcon_core.verb.build.BuildVerb object at 0x7f310a987a60>>, mixin_verb=('build',))
[0.310s] Level 1:colcon.colcon_core.package_discovery:discover_packages(colcon_meta) check parameters
[0.310s] Level 1:colcon.colcon_core.package_discovery:discover_packages(recursive) check parameters
[0.310s] Level 1:colcon.colcon_core.package_discovery:discover_packages(ignore) check parameters
[0.310s] Level 1:colcon.colcon_core.package_discovery:discover_packages(path) check parameters
[0.310s] Level 1:colcon.colcon_core.package_discovery:discover_packages(colcon_meta) discover
[0.310s] Level 1:colcon.colcon_core.package_discovery:discover_packages(recursive) discover
[0.310s] INFO:colcon.colcon_core.package_discovery:Crawling recursively for packages in '/home/pbk/arduinobot_ws'
[0.310s] Level 1:colcon.colcon_core.package_identification:_identify(.) by extensions ['ignore', 'ignore_ament_install']
[0.310s] Level 1:colcon.colcon_core.package_identification:_identify(.) by extension 'ignore'
[0.310s] Level 1:colcon.colcon_core.package_identification:_identify(.) by extension 'ignore_ament_install'
[0.311s] Level 1:colcon.colcon_core.package_identification:_identify(.) by extensions ['colcon_pkg']
[0.311s] Level 1:colcon.colcon_core.package_identification:_identify(.) by extension 'colcon_pkg'
[0.311s] Level 1:colcon.colcon_core.package_identification:_identify(.) by extensions ['colcon_meta']
[0.311s] Level 1:colcon.colcon_core.package_identification:_identify(.) by extension 'colcon_meta'
[0.311s] Level 1:colcon.colcon_core.package_identification:_identify(.) by extensions ['ros']
[0.311s] Level 1:colcon.colcon_core.package_identification:_identify(.) by extension 'ros'
[0.327s] Level 1:colcon.colcon_core.package_identification:_identify(.) by extensions ['cmake', 'python']
[0.327s] Level 1:colcon.colcon_core.package_identification:_identify(.) by extension 'cmake'
[0.327s] Level 1:colcon.colcon_core.package_identification:_identify(.) by extension 'python'
[0.327s] Level 1:colcon.colcon_core.package_identification:_identify(.) by extensions ['python_setup_py']
[0.327s] Level 1:colcon.colcon_core.package_identification:_identify(.) by extension 'python_setup_py'
[0.327s] Level 1:colcon.colcon_core.package_identification:_identify(build) by extensions ['ignore', 'ignore_ament_install']
[0.327s] Level 1:colcon.colcon_core.package_identification:_identify(build) by extension 'ignore'
[0.327s] Level 1:colcon.colcon_core.package_identification:_identify(build) ignored
[0.327s] Level 1:colcon.colcon_core.package_identification:_identify(install) by extensions ['ignore', 'ignore_ament_install']
[0.328s] Level 1:colcon.colcon_core.package_identification:_identify(install) by extension 'ignore'
[0.328s] Level 1:colcon.colcon_core.package_identification:_identify(install) ignored
[0.328s] Level 1:colcon.colcon_core.package_identification:_identify(log) by extensions ['ignore', 'ignore_ament_install']
[0.328s] Level 1:colcon.colcon_core.package_identification:_identify(log) by extension 'ignore'
[0.328s] Level 1:colcon.colcon_core.package_identification:_identify(log) ignored
[0.328s] Level 1:colcon.colcon_core.package_identification:_identify(src) by extensions ['ignore', 'ignore_ament_install']
[0.328s] Level 1:colcon.colcon_core.package_identification:_identify(src) by extension 'ignore'
[0.328s] Level 1:colcon.colcon_core.package_identification:_identify(src) by extension 'ignore_ament_install'
[0.328s] Level 1:colcon.colcon_core.package_identification:_identify(src) by extensions ['colcon_pkg']
[0.328s] Level 1:colcon.colcon_core.package_identification:_identify(src) by extension 'colcon_pkg'
[0.328s] Level 1:colcon.colcon_core.package_identification:_identify(src) by extensions ['colcon_meta']
[0.328s] Level 1:colcon.colcon_core.package_identification:_identify(src) by extension 'colcon_meta'
[0.328s] Level 1:colcon.colcon_core.package_identification:_identify(src) by extensions ['ros']
[0.328s] Level 1:colcon.colcon_core.package_identification:_identify(src) by extension 'ros'
[0.328s] Level 1:colcon.colcon_core.package_identification:_identify(src) by extensions ['cmake', 'python']
[0.328s] Level 1:colcon.colcon_core.package_identification:_identify(src) by extension 'cmake'
[0.328s] Level 1:colcon.colcon_core.package_identification:_identify(src) by extension 'python'
[0.328s] Level 1:colcon.colcon_core.package_identification:_identify(src) by extensions ['python_setup_py']
[0.328s] Level 1:colcon.colcon_core.package_identification:_identify(src) by extension 'python_setup_py'
[0.328s] Level 1:colcon.colcon_core.package_identification:_identify(src/arduinobot_controller) by extensions ['ignore', 'ignore_ament_install']
[0.328s] Level 1:colcon.colcon_core.package_identification:_identify(src/arduinobot_controller) by extension 'ignore'
[0.328s] Level 1:colcon.colcon_core.package_identification:_identify(src/arduinobot_controller) by extension 'ignore_ament_install'
[0.329s] Level 1:colcon.colcon_core.package_identification:_identify(src/arduinobot_controller) by extensions ['colcon_pkg']
[0.329s] Level 1:colcon.colcon_core.package_identification:_identify(src/arduinobot_controller) by extension 'colcon_pkg'
[0.329s] Level 1:colcon.colcon_core.package_identification:_identify(src/arduinobot_controller) by extensions ['colcon_meta']
[0.329s] Level 1:colcon.colcon_core.package_identification:_identify(src/arduinobot_controller) by extension 'colcon_meta'
[0.329s] Level 1:colcon.colcon_core.package_identification:_identify(src/arduinobot_controller) by extensions ['ros']
[0.329s] Level 1:colcon.colcon_core.package_identification:_identify(src/arduinobot_controller) by extension 'ros'
[0.331s] DEBUG:colcon.colcon_core.package_identification:Package 'src/arduinobot_controller' with type 'ros.ament_cmake' and name 'arduinobot_controller'
[0.332s] Level 1:colcon.colcon_core.package_identification:_identify(src/arduinobot_cpp_examples) by extensions ['ignore', 'ignore_ament_install']
[0.332s] Level 1:colcon.colcon_core.package_identification:_identify(src/arduinobot_cpp_examples) by extension 'ignore'
[0.332s] Level 1:colcon.colcon_core.package_identification:_identify(src/arduinobot_cpp_examples) by extension 'ignore_ament_install'
[0.332s] Level 1:colcon.colcon_core.package_identification:_identify(src/arduinobot_cpp_examples) by extensions ['colcon_pkg']
[0.332s] Level 1:colcon.colcon_core.package_identification:_identify(src/arduinobot_cpp_examples) by extension 'colcon_pkg'
[0.332s] Level 1:colcon.colcon_core.package_identification:_identify(src/arduinobot_cpp_examples) by extensions ['colcon_meta']
[0.332s] Level 1:colcon.colcon_core.package_identification:_identify(src/arduinobot_cpp_examples) by extension 'colcon_meta'
[0.332s] Level 1:colcon.colcon_core.package_identification:_identify(src/arduinobot_cpp_examples) by extensions ['ros']
[0.332s] Level 1:colcon.colcon_core.package_identification:_identify(src/arduinobot_cpp_examples) by extension 'ros'
[0.333s] DEBUG:colcon.colcon_core.package_identification:Package 'src/arduinobot_cpp_examples' with type 'ros.ament_cmake' and name 'arduinobot_cpp_examples'
[0.333s] Level 1:colcon.colcon_core.package_identification:_identify(src/arduinobot_description) by extensions ['ignore', 'ignore_ament_install']
[0.333s] Level 1:colcon.colcon_core.package_identification:_identify(src/arduinobot_description) by extension 'ignore'
[0.333s] Level 1:colcon.colcon_core.package_identification:_identify(src/arduinobot_description) by extension 'ignore_ament_install'
[0.333s] Level 1:colcon.colcon_core.package_identification:_identify(src/arduinobot_description) by extensions ['colcon_pkg']
[0.333s] Level 1:colcon.colcon_core.package_identification:_identify(src/arduinobot_description) by extension 'colcon_pkg'
[0.333s] Level 1:colcon.colcon_core.package_identification:_identify(src/arduinobot_description) by extensions ['colcon_meta']
[0.333s] Level 1:colcon.colcon_core.package_identification:_identify(src/arduinobot_description) by extension 'colcon_meta'
[0.333s] Level 1:colcon.colcon_core.package_identification:_identify(src/arduinobot_description) by extensions ['ros']
[0.333s] Level 1:colcon.colcon_core.package_identification:_identify(src/arduinobot_description) by extension 'ros'
[0.334s] DEBUG:colcon.colcon_core.package_identification:Package 'src/arduinobot_description' with type 'ros.ament_cmake' and name 'arduinobot_description'
[0.334s] Level 1:colcon.colcon_core.package_identification:_identify(src/arduinobot_py_examples) by extensions ['ignore', 'ignore_ament_install']
[0.334s] Level 1:colcon.colcon_core.package_identification:_identify(src/arduinobot_py_examples) by extension 'ignore'
[0.334s] Level 1:colcon.colcon_core.package_identification:_identify(src/arduinobot_py_examples) by extension 'ignore_ament_install'
[0.334s] Level 1:colcon.colcon_core.package_identification:_identify(src/arduinobot_py_examples) by extensions ['colcon_pkg']
[0.334s] Level 1:colcon.colcon_core.package_identification:_identify(src/arduinobot_py_examples) by extension 'colcon_pkg'
[0.334s] Level 1:colcon.colcon_core.package_identification:_identify(src/arduinobot_py_examples) by extensions ['colcon_meta']
[0.334s] Level 1:colcon.colcon_core.package_identification:_identify(src/arduinobot_py_examples) by extension 'colcon_meta'
[0.334s] Level 1:colcon.colcon_core.package_identification:_identify(src/arduinobot_py_examples) by extensions ['ros']
[0.334s] Level 1:colcon.colcon_core.package_identification:_identify(src/arduinobot_py_examples) by extension 'ros'
[0.335s] DEBUG:colcon.colcon_core.package_identification:Package 'src/arduinobot_py_examples' with type 'ros.ament_python' and name 'arduinobot_py_examples'
[0.335s] Level 1:colcon.colcon_core.package_discovery:discover_packages(recursive) using defaults
[0.335s] Level 1:colcon.colcon_core.package_discovery:discover_packages(ignore) discover
[0.335s] Level 1:colcon.colcon_core.package_discovery:discover_packages(ignore) using defaults
[0.335s] Level 1:colcon.colcon_core.package_discovery:discover_packages(path) discover
[0.335s] Level 1:colcon.colcon_core.package_discovery:discover_packages(path) using defaults
[0.367s] Level 1:colcon.colcon_core.package_discovery:discover_packages(prefix_path) check parameters
[0.367s] Level 1:colcon.colcon_core.package_discovery:discover_packages(prefix_path) discover
[0.369s] DEBUG:colcon.colcon_installed_package_information.package_discovery:Found 3 installed packages in /home/pbk/arduinobot_ws/install
[0.370s] DEBUG:colcon.colcon_installed_package_information.package_discovery:Found 358 installed packages in /opt/ros/humble
[0.372s] Level 1:colcon.colcon_core.package_discovery:discover_packages(prefix_path) using defaults
[0.421s] Level 5:colcon.colcon_core.verb:set package 'arduinobot_controller' build argument 'cmake_args' from command line to 'None'
[0.421s] Level 5:colcon.colcon_core.verb:set package 'arduinobot_controller' build argument 'cmake_target' from command line to 'None'
[0.421s] Level 5:colcon.colcon_core.verb:set package 'arduinobot_controller' build argument 'cmake_target_skip_unavailable' from command line to 'False'
[0.421s] Level 5:colcon.colcon_core.verb:set package 'arduinobot_controller' build argument 'cmake_clean_cache' from command line to 'False'
[0.421s] Level 5:colcon.colcon_core.verb:set package 'arduinobot_controller' build argument 'cmake_clean_first' from command line to 'False'
[0.421s] Level 5:colcon.colcon_core.verb:set package 'arduinobot_controller' build argument 'cmake_force_configure' from command line to 'False'
[0.421s] Level 5:colcon.colcon_core.verb:set package 'arduinobot_controller' build argument 'ament_cmake_args' from command line to 'None'
[0.421s] Level 5:colcon.colcon_core.verb:set package 'arduinobot_controller' build argument 'catkin_cmake_args' from command line to 'None'
[0.421s] Level 5:colcon.colcon_core.verb:set package 'arduinobot_controller' build argument 'catkin_skip_building_tests' from command line to 'False'
[0.421s] DEBUG:colcon.colcon_core.verb:Building package 'arduinobot_controller' with the following arguments: {'ament_cmake_args': None, 'build_base': '/home/pbk/arduinobot_ws/build/arduinobot_controller', 'catkin_cmake_args': None, 'catkin_skip_building_tests': False, 'cmake_args': None, 'cmake_clean_cache': False, 'cmake_clean_first': False, 'cmake_force_configure': False, 'cmake_target': None, 'cmake_target_skip_unavailable': False, 'install_base': '/home/pbk/arduinobot_ws/install/arduinobot_controller', 'merge_install': False, 'path': '/home/pbk/arduinobot_ws/src/arduinobot_controller', 'symlink_install': False, 'test_result_base': None}
[0.422s] Level 5:colcon.colcon_core.verb:set package 'arduinobot_cpp_examples' build argument 'cmake_args' from command line to 'None'
[0.422s] Level 5:colcon.colcon_core.verb:set package 'arduinobot_cpp_examples' build argument 'cmake_target' from command line to 'None'
[0.422s] Level 5:colcon.colcon_core.verb:set package 'arduinobot_cpp_examples' build argument 'cmake_target_skip_unavailable' from command line to 'False'
[0.422s] Level 5:colcon.colcon_core.verb:set package 'arduinobot_cpp_examples' build argument 'cmake_clean_cache' from command line to 'False'
[0.422s] Level 5:colcon.colcon_core.verb:set package 'arduinobot_cpp_examples' build argument 'cmake_clean_first' from command line to 'False'
[0.422s] Level 5:colcon.colcon_core.verb:set package 'arduinobot_cpp_examples' build argument 'cmake_force_configure' from command line to 'False'
[0.422s] Level 5:colcon.colcon_core.verb:set package 'arduinobot_cpp_examples' build argument 'ament_cmake_args' from command line to 'None'
[0.422s] Level 5:colcon.colcon_core.verb:set package 'arduinobot_cpp_examples' build argument 'catkin_cmake_args' from command line to 'None'
[0.422s] Level 5:colcon.colcon_core.verb:set package 'arduinobot_cpp_examples' build argument 'catkin_skip_building_tests' from command line to 'False'
[0.422s] DEBUG:colcon.colcon_core.verb:Building package 'arduinobot_cpp_examples' with the following arguments: {'ament_cmake_args': None, 'build_base': '/home/pbk/arduinobot_ws/build/arduinobot_cpp_examples', 'catkin_cmake_args': None, 'catkin_skip_building_tests': False, 'cmake_args': None, 'cmake_clean_cache': False, 'cmake_clean_first': False, 'cmake_force_configure': False, 'cmake_target': None, 'cmake_target_skip_unavailable': False, 'install_base': '/home/pbk/arduinobot_ws/install/arduinobot_cpp_examples', 'merge_install': False, 'path': '/home/pbk/arduinobot_ws/src/arduinobot_cpp_examples', 'symlink_install': False, 'test_result_base': None}
[0.422s] Level 5:colcon.colcon_core.verb:set package 'arduinobot_description' build argument 'cmake_args' from command line to 'None'
[0.422s] Level 5:colcon.colcon_core.verb:set package 'arduinobot_description' build argument 'cmake_target' from command line to 'None'
[0.422s] Level 5:colcon.colcon_core.verb:set package 'arduinobot_description' build argument 'cmake_target_skip_unavailable' from command line to 'False'
[0.422s] Level 5:colcon.colcon_core.verb:set package 'arduinobot_description' build argument 'cmake_clean_cache' from command line to 'False'
[0.422s] Level 5:colcon.colcon_core.verb:set package 'arduinobot_description' build argument 'cmake_clean_first' from command line to 'False'
[0.422s] Level 5:colcon.colcon_core.verb:set package 'arduinobot_description' build argument 'cmake_force_configure' from command line to 'False'
[0.422s] Level 5:colcon.colcon_core.verb:set package 'arduinobot_description' build argument 'ament_cmake_args' from command line to 'None'
[0.422s] Level 5:colcon.colcon_core.verb:set package 'arduinobot_description' build argument 'catkin_cmake_args' from command line to 'None'
[0.422s] Level 5:colcon.colcon_core.verb:set package 'arduinobot_description' build argument 'catkin_skip_building_tests' from command line to 'False'
[0.422s] DEBUG:colcon.colcon_core.verb:Building package 'arduinobot_description' with the following arguments: {'ament_cmake_args': None, 'build_base': '/home/pbk/arduinobot_ws/build/arduinobot_description', 'catkin_cmake_args': None, 'catkin_skip_building_tests': False, 'cmake_args': None, 'cmake_clean_cache': False, 'cmake_clean_first': False, 'cmake_force_configure': False, 'cmake_target': None, 'cmake_target_skip_unavailable': False, 'install_base': '/home/pbk/arduinobot_ws/install/arduinobot_description', 'merge_install': False, 'path': '/home/pbk/arduinobot_ws/src/arduinobot_description', 'symlink_install': False, 'test_result_base': None}
[0.422s] Level 5:colcon.colcon_core.verb:set package 'arduinobot_py_examples' build argument 'cmake_args' from command line to 'None'
[0.422s] Level 5:colcon.colcon_core.verb:set package 'arduinobot_py_examples' build argument 'cmake_target' from command line to 'None'
[0.422s] Level 5:colcon.colcon_core.verb:set package 'arduinobot_py_examples' build argument 'cmake_target_skip_unavailable' from command line to 'False'
[0.422s] Level 5:colcon.colcon_core.verb:set package 'arduinobot_py_examples' build argument 'cmake_clean_cache' from command line to 'False'
[0.422s] Level 5:colcon.colcon_core.verb:set package 'arduinobot_py_examples' build argument 'cmake_clean_first' from command line to 'False'
[0.422s] Level 5:colcon.colcon_core.verb:set package 'arduinobot_py_examples' build argument 'cmake_force_configure' from command line to 'False'
[0.422s] Level 5:colcon.colcon_core.verb:set package 'arduinobot_py_examples' build argument 'ament_cmake_args' from command line to 'None'
[0.422s] Level 5:colcon.colcon_core.verb:set package 'arduinobot_py_examples' build argument 'catkin_cmake_args' from command line to 'None'
[0.422s] Level 5:colcon.colcon_core.verb:set package 'arduinobot_py_examples' build argument 'catkin_skip_building_tests' from command line to 'False'
[0.422s] DEBUG:colcon.colcon_core.verb:Building package 'arduinobot_py_examples' with the following arguments: {'ament_cmake_args': None, 'build_base': '/home/pbk/arduinobot_ws/build/arduinobot_py_examples', 'catkin_cmake_args': None, 'catkin_skip_building_tests': False, 'cmake_args': None, 'cmake_clean_cache': False, 'cmake_clean_first': False, 'cmake_force_configure': False, 'cmake_target': None, 'cmake_target_skip_unavailable': False, 'install_base': '/home/pbk/arduinobot_ws/install/arduinobot_py_examples', 'merge_install': False, 'path': '/home/pbk/arduinobot_ws/src/arduinobot_py_examples', 'symlink_install': False, 'test_result_base': None}
[0.423s] INFO:colcon.colcon_core.executor:Executing jobs using 'parallel' executor
[0.424s] DEBUG:colcon.colcon_parallel_executor.executor.parallel:run_until_complete
[0.424s] INFO:colcon.colcon_ros.task.ament_cmake.build:Building ROS package in '/home/pbk/arduinobot_ws/src/arduinobot_controller' with build type 'ament_cmake'
[0.424s] INFO:colcon.colcon_cmake.task.cmake.build:Building CMake package in '/home/pbk/arduinobot_ws/src/arduinobot_controller'
[0.427s] INFO:colcon.colcon_core.plugin_system:Skipping extension 'colcon_core.shell.bat': Not used on non-Windows systems
[0.427s] INFO:colcon.colcon_core.shell:Skip shell extension 'powershell' for command environment: Not usable outside of PowerShell
[0.427s] DEBUG:colcon.colcon_core.shell:Skip shell extension 'dsv' for command environment
[0.430s] INFO:colcon.colcon_ros.task.ament_cmake.build:Building ROS package in '/home/pbk/arduinobot_ws/src/arduinobot_cpp_examples' with build type 'ament_cmake'
[0.430s] INFO:colcon.colcon_cmake.task.cmake.build:Building CMake package in '/home/pbk/arduinobot_ws/src/arduinobot_cpp_examples'
[0.430s] INFO:colcon.colcon_core.shell:Skip shell extension 'powershell' for command environment: Not usable outside of PowerShell
[0.430s] DEBUG:colcon.colcon_core.shell:Skip shell extension 'dsv' for command environment
[0.433s] INFO:colcon.colcon_ros.task.ament_cmake.build:Building ROS package in '/home/pbk/arduinobot_ws/src/arduinobot_description' with build type 'ament_cmake'
[0.434s] INFO:colcon.colcon_cmake.task.cmake.build:Building CMake package in '/home/pbk/arduinobot_ws/src/arduinobot_description'
[0.434s] INFO:colcon.colcon_core.shell:Skip shell extension 'powershell' for command environment: Not usable outside of PowerShell
[0.434s] DEBUG:colcon.colcon_core.shell:Skip shell extension 'dsv' for command environment
[0.436s] INFO:colcon.colcon_ros.task.ament_python.build:Building ROS package in '/home/pbk/arduinobot_ws/src/arduinobot_py_examples' with build type 'ament_python'
[0.436s] Level 1:colcon.colcon_core.shell:create_environment_hook('arduinobot_py_examples', 'ament_prefix_path')
[0.436s] INFO:colcon.colcon_core.shell:Creating environment hook '/home/pbk/arduinobot_ws/install/arduinobot_py_examples/share/arduinobot_py_examples/hook/ament_prefix_path.ps1'
[0.438s] INFO:colcon.colcon_core.shell:Creating environment descriptor '/home/pbk/arduinobot_ws/install/arduinobot_py_examples/share/arduinobot_py_examples/hook/ament_prefix_path.dsv'
[0.438s] INFO:colcon.colcon_core.shell:Creating environment hook '/home/pbk/arduinobot_ws/install/arduinobot_py_examples/share/arduinobot_py_examples/hook/ament_prefix_path.sh'
[0.439s] INFO:colcon.colcon_core.shell:Skip shell extension 'powershell' for command environment: Not usable outside of PowerShell
[0.439s] DEBUG:colcon.colcon_core.shell:Skip shell extension 'dsv' for command environment
[0.447s] DEBUG:colcon.colcon_core.event_handler.log_command:Invoking command in '/home/pbk/arduinobot_ws/build/arduinobot_controller': CMAKE_PREFIX_PATH=${CMAKE_PREFIX_PATH}:/home/pbk/arduinobot_ws/install/arduinobot_py_examples:/opt/ros/humble /usr/bin/cmake /home/pbk/arduinobot_ws/src/arduinobot_controller -DCMAKE_INSTALL_PREFIX=/home/pbk/arduinobot_ws/install/arduinobot_controller
[0.451s] DEBUG:colcon.colcon_core.event_handler.log_command:Invoking command in '/home/pbk/arduinobot_ws/build/arduinobot_cpp_examples': CMAKE_PREFIX_PATH=${CMAKE_PREFIX_PATH}:/home/pbk/arduinobot_ws/install/arduinobot_py_examples:/opt/ros/humble /usr/bin/cmake --build /home/pbk/arduinobot_ws/build/arduinobot_cpp_examples -- -j20 -l20
[0.455s] DEBUG:colcon.colcon_core.event_handler.log_command:Invoking command in '/home/pbk/arduinobot_ws/build/arduinobot_description': CMAKE_PREFIX_PATH=${CMAKE_PREFIX_PATH}:/home/pbk/arduinobot_ws/install/arduinobot_py_examples:/opt/ros/humble /usr/bin/cmake --build /home/pbk/arduinobot_ws/build/arduinobot_description -- -j20 -l20
[0.646s] INFO:colcon.colcon_core.task.python.build:Building Python package in '/home/pbk/arduinobot_ws/src/arduinobot_py_examples'
[0.646s] INFO:colcon.colcon_core.shell:Skip shell extension 'powershell' for command environment: Not usable outside of PowerShell
[0.646s] DEBUG:colcon.colcon_core.shell:Skip shell extension 'dsv' for command environment
[0.654s] DEBUG:colcon.colcon_core.event_handler.log_command:Invoked command in '/home/pbk/arduinobot_ws/build/arduinobot_description' returned '0': CMAKE_PREFIX_PATH=${CMAKE_PREFIX_PATH}:/home/pbk/arduinobot_ws/install/arduinobot_py_examples:/opt/ros/humble /usr/bin/cmake --build /home/pbk/arduinobot_ws/build/arduinobot_description -- -j20 -l20
[0.655s] DEBUG:colcon.colcon_core.event_handler.log_command:Invoked command in '/home/pbk/arduinobot_ws/build/arduinobot_cpp_examples' returned '0': CMAKE_PREFIX_PATH=${CMAKE_PREFIX_PATH}:/home/pbk/arduinobot_ws/install/arduinobot_py_examples:/opt/ros/humble /usr/bin/cmake --build /home/pbk/arduinobot_ws/build/arduinobot_cpp_examples -- -j20 -l20
[0.673s] DEBUG:colcon.colcon_core.event_handler.log_command:Invoking command in '/home/pbk/arduinobot_ws/build/arduinobot_description': CMAKE_PREFIX_PATH=${CMAKE_PREFIX_PATH}:/home/pbk/arduinobot_ws/install/arduinobot_py_examples:/opt/ros/humble /usr/bin/cmake --install /home/pbk/arduinobot_ws/build/arduinobot_description
[0.676s] DEBUG:colcon.colcon_core.event_handler.log_command:Invoking command in '/home/pbk/arduinobot_ws/build/arduinobot_cpp_examples': CMAKE_PREFIX_PATH=${CMAKE_PREFIX_PATH}:/home/pbk/arduinobot_ws/install/arduinobot_py_examples:/opt/ros/humble /usr/bin/cmake --install /home/pbk/arduinobot_ws/build/arduinobot_cpp_examples
[0.686s] Level 1:colcon.colcon_core.environment:create_environment_scripts_only(arduinobot_cpp_examples)
[0.691s] DEBUG:colcon.colcon_core.event_handler.log_command:Invoked command in '/home/pbk/arduinobot_ws/build/arduinobot_cpp_examples' returned '0': CMAKE_PREFIX_PATH=${CMAKE_PREFIX_PATH}:/home/pbk/arduinobot_ws/install/arduinobot_py_examples:/opt/ros/humble /usr/bin/cmake --install /home/pbk/arduinobot_ws/build/arduinobot_cpp_examples
[0.693s] Level 1:colcon.colcon_core.environment:checking '/home/pbk/arduinobot_ws/install/arduinobot_cpp_examples' for CMake module files
[0.693s] Level 1:colcon.colcon_core.environment:checking '/home/pbk/arduinobot_ws/install/arduinobot_cpp_examples' for CMake config files
[0.694s] Level 1:colcon.colcon_core.shell:create_environment_hook('arduinobot_cpp_examples', 'cmake_prefix_path')
[0.694s] INFO:colcon.colcon_core.shell:Creating environment hook '/home/pbk/arduinobot_ws/install/arduinobot_cpp_examples/share/arduinobot_cpp_examples/hook/cmake_prefix_path.ps1'
[0.695s] INFO:colcon.colcon_core.shell:Creating environment descriptor '/home/pbk/arduinobot_ws/install/arduinobot_cpp_examples/share/arduinobot_cpp_examples/hook/cmake_prefix_path.dsv'
[0.695s] INFO:colcon.colcon_core.shell:Creating environment hook '/home/pbk/arduinobot_ws/install/arduinobot_cpp_examples/share/arduinobot_cpp_examples/hook/cmake_prefix_path.sh'
[0.695s] Level 1:colcon.colcon_core.environment:checking '/home/pbk/arduinobot_ws/install/arduinobot_cpp_examples/lib'
[0.696s] Level 1:colcon.colcon_core.environment:checking '/home/pbk/arduinobot_ws/install/arduinobot_cpp_examples/bin'
[0.696s] Level 1:colcon.colcon_core.environment:checking '/home/pbk/arduinobot_ws/install/arduinobot_cpp_examples/lib/pkgconfig/arduinobot_cpp_examples.pc'
[0.696s] Level 1:colcon.colcon_core.environment:checking '/home/pbk/arduinobot_ws/install/arduinobot_cpp_examples/lib/python3.10/site-packages'
[0.696s] Level 1:colcon.colcon_core.environment:checking '/home/pbk/arduinobot_ws/install/arduinobot_cpp_examples/bin'
[0.696s] INFO:colcon.colcon_core.shell:Creating package script '/home/pbk/arduinobot_ws/install/arduinobot_cpp_examples/share/arduinobot_cpp_examples/package.ps1'
[0.697s] INFO:colcon.colcon_core.shell:Creating package descriptor '/home/pbk/arduinobot_ws/install/arduinobot_cpp_examples/share/arduinobot_cpp_examples/package.dsv'
[0.697s] INFO:colcon.colcon_core.shell:Creating package script '/home/pbk/arduinobot_ws/install/arduinobot_cpp_examples/share/arduinobot_cpp_examples/package.sh'
[0.698s] INFO:colcon.colcon_core.shell:Creating package script '/home/pbk/arduinobot_ws/install/arduinobot_cpp_examples/share/arduinobot_cpp_examples/package.bash'
[0.698s] INFO:colcon.colcon_core.shell:Creating package script '/home/pbk/arduinobot_ws/install/arduinobot_cpp_examples/share/arduinobot_cpp_examples/package.zsh'
[0.699s] Level 1:colcon.colcon_core.environment:create_file_with_runtime_dependencies(/home/pbk/arduinobot_ws/install/arduinobot_cpp_examples/share/colcon-core/packages/arduinobot_cpp_examples)
[0.701s] Level 1:colcon.colcon_core.environment:create_environment_scripts_only(arduinobot_description)
[0.701s] Level 1:colcon.colcon_core.environment:checking '/home/pbk/arduinobot_ws/install/arduinobot_description' for CMake module files
[0.702s] DEBUG:colcon.colcon_core.event_handler.log_command:Invoked command in '/home/pbk/arduinobot_ws/build/arduinobot_description' returned '0': CMAKE_PREFIX_PATH=${CMAKE_PREFIX_PATH}:/home/pbk/arduinobot_ws/install/arduinobot_py_examples:/opt/ros/humble /usr/bin/cmake --install /home/pbk/arduinobot_ws/build/arduinobot_description
[0.702s] Level 1:colcon.colcon_core.environment:checking '/home/pbk/arduinobot_ws/install/arduinobot_description' for CMake config files
[0.704s] Level 1:colcon.colcon_core.shell:create_environment_hook('arduinobot_description', 'cmake_prefix_path')
[0.704s] INFO:colcon.colcon_core.shell:Creating environment hook '/home/pbk/arduinobot_ws/install/arduinobot_description/share/arduinobot_description/hook/cmake_prefix_path.ps1'
[0.704s] INFO:colcon.colcon_core.shell:Creating environment descriptor '/home/pbk/arduinobot_ws/install/arduinobot_description/share/arduinobot_description/hook/cmake_prefix_path.dsv'
[0.705s] INFO:colcon.colcon_core.shell:Creating environment hook '/home/pbk/arduinobot_ws/install/arduinobot_description/share/arduinobot_description/hook/cmake_prefix_path.sh'
[0.705s] Level 1:colcon.colcon_core.environment:checking '/home/pbk/arduinobot_ws/install/arduinobot_description/bin'
[0.705s] Level 1:colcon.colcon_core.environment:checking '/home/pbk/arduinobot_ws/install/arduinobot_description/lib/pkgconfig/arduinobot_description.pc'
[0.705s] Level 1:colcon.colcon_core.environment:checking '/home/pbk/arduinobot_ws/install/arduinobot_description/lib/python3.10/site-packages'
[0.705s] Level 1:colcon.colcon_core.environment:checking '/home/pbk/arduinobot_ws/install/arduinobot_description/bin'
[0.705s] INFO:colcon.colcon_core.shell:Creating package script '/home/pbk/arduinobot_ws/install/arduinobot_description/share/arduinobot_description/package.ps1'
[0.706s] INFO:colcon.colcon_core.shell:Creating package descriptor '/home/pbk/arduinobot_ws/install/arduinobot_description/share/arduinobot_description/package.dsv'
[0.706s] INFO:colcon.colcon_core.shell:Creating package script '/home/pbk/arduinobot_ws/install/arduinobot_description/share/arduinobot_description/package.sh'
[0.706s] INFO:colcon.colcon_core.shell:Creating package script '/home/pbk/arduinobot_ws/install/arduinobot_description/share/arduinobot_description/package.bash'
[0.707s] INFO:colcon.colcon_core.shell:Creating package script '/home/pbk/arduinobot_ws/install/arduinobot_description/share/arduinobot_description/package.zsh'
[0.707s] Level 1:colcon.colcon_core.environment:create_file_with_runtime_dependencies(/home/pbk/arduinobot_ws/install/arduinobot_description/share/colcon-core/packages/arduinobot_description)
[0.718s] Level 1:colcon.colcon_core.environment:create_environment_scripts_only(arduinobot_cpp_examples)
[0.718s] Level 1:colcon.colcon_core.environment:checking '/home/pbk/arduinobot_ws/install/arduinobot_cpp_examples' for CMake module files
[0.719s] Level 1:colcon.colcon_core.environment:checking '/home/pbk/arduinobot_ws/install/arduinobot_cpp_examples' for CMake config files
[0.719s] Level 1:colcon.colcon_core.shell:create_environment_hook('arduinobot_cpp_examples', 'cmake_prefix_path')
[0.719s] INFO:colcon.colcon_core.shell:Creating environment hook '/home/pbk/arduinobot_ws/install/arduinobot_cpp_examples/share/arduinobot_cpp_examples/hook/cmake_prefix_path.ps1'
[0.719s] INFO:colcon.colcon_core.shell:Creating environment descriptor '/home/pbk/arduinobot_ws/install/arduinobot_cpp_examples/share/arduinobot_cpp_examples/hook/cmake_prefix_path.dsv'
[0.719s] INFO:colcon.colcon_core.shell:Creating environment hook '/home/pbk/arduinobot_ws/install/arduinobot_cpp_examples/share/arduinobot_cpp_examples/hook/cmake_prefix_path.sh'
[0.720s] Level 1:colcon.colcon_core.environment:checking '/home/pbk/arduinobot_ws/install/arduinobot_cpp_examples/lib'
[0.720s] Level 1:colcon.colcon_core.environment:checking '/home/pbk/arduinobot_ws/install/arduinobot_cpp_examples/bin'
[0.720s] Level 1:colcon.colcon_core.environment:checking '/home/pbk/arduinobot_ws/install/arduinobot_cpp_examples/lib/pkgconfig/arduinobot_cpp_examples.pc'
[0.720s] Level 1:colcon.colcon_core.environment:checking '/home/pbk/arduinobot_ws/install/arduinobot_cpp_examples/lib/python3.10/site-packages'
[0.720s] Level 1:colcon.colcon_core.environment:checking '/home/pbk/arduinobot_ws/install/arduinobot_cpp_examples/bin'
[0.721s] INFO:colcon.colcon_core.shell:Creating package script '/home/pbk/arduinobot_ws/install/arduinobot_cpp_examples/share/arduinobot_cpp_examples/package.ps1'
[0.721s] INFO:colcon.colcon_core.shell:Creating package descriptor '/home/pbk/arduinobot_ws/install/arduinobot_cpp_examples/share/arduinobot_cpp_examples/package.dsv'
[0.721s] INFO:colcon.colcon_core.shell:Creating package script '/home/pbk/arduinobot_ws/install/arduinobot_cpp_examples/share/arduinobot_cpp_examples/package.sh'
[0.721s] INFO:colcon.colcon_core.shell:Creating package script '/home/pbk/arduinobot_ws/install/arduinobot_cpp_examples/share/arduinobot_cpp_examples/package.bash'
[0.722s] INFO:colcon.colcon_core.shell:Creating package script '/home/pbk/arduinobot_ws/install/arduinobot_cpp_examples/share/arduinobot_cpp_examples/package.zsh'
[0.722s] Level 1:colcon.colcon_core.environment:create_file_with_runtime_dependencies(/home/pbk/arduinobot_ws/install/arduinobot_cpp_examples/share/colcon-core/packages/arduinobot_cpp_examples)
[0.723s] Level 1:colcon.colcon_core.environment:create_environment_scripts_only(arduinobot_description)
[0.723s] Level 1:colcon.colcon_core.environment:checking '/home/pbk/arduinobot_ws/install/arduinobot_description' for CMake module files
[0.724s] Level 1:colcon.colcon_core.environment:checking '/home/pbk/arduinobot_ws/install/arduinobot_description' for CMake config files
[0.725s] Level 1:colcon.colcon_core.shell:create_environment_hook('arduinobot_description', 'cmake_prefix_path')
[0.725s] INFO:colcon.colcon_core.shell:Creating environment hook '/home/pbk/arduinobot_ws/install/arduinobot_description/share/arduinobot_description/hook/cmake_prefix_path.ps1'
[0.725s] INFO:colcon.colcon_core.shell:Creating environment descriptor '/home/pbk/arduinobot_ws/install/arduinobot_description/share/arduinobot_description/hook/cmake_prefix_path.dsv'
[0.725s] INFO:colcon.colcon_core.shell:Creating environment hook '/home/pbk/arduinobot_ws/install/arduinobot_description/share/arduinobot_description/hook/cmake_prefix_path.sh'
[0.726s] Level 1:colcon.colcon_core.environment:checking '/home/pbk/arduinobot_ws/install/arduinobot_description/bin'
[0.726s] Level 1:colcon.colcon_core.environment:checking '/home/pbk/arduinobot_ws/install/arduinobot_description/lib/pkgconfig/arduinobot_description.pc'
[0.726s] Level 1:colcon.colcon_core.environment:checking '/home/pbk/arduinobot_ws/install/arduinobot_description/lib/python3.10/site-packages'
[0.726s] Level 1:colcon.colcon_core.environment:checking '/home/pbk/arduinobot_ws/install/arduinobot_description/bin'
[0.726s] INFO:colcon.colcon_core.shell:Creating package script '/home/pbk/arduinobot_ws/install/arduinobot_description/share/arduinobot_description/package.ps1'
[0.727s] INFO:colcon.colcon_core.shell:Creating package descriptor '/home/pbk/arduinobot_ws/install/arduinobot_description/share/arduinobot_description/package.dsv'
[0.727s] INFO:colcon.colcon_core.shell:Creating package script '/home/pbk/arduinobot_ws/install/arduinobot_description/share/arduinobot_description/package.sh'
[0.727s] INFO:colcon.colcon_core.shell:Creating package script '/home/pbk/arduinobot_ws/install/arduinobot_description/share/arduinobot_description/package.bash'
[0.727s] INFO:colcon.colcon_core.shell:Creating package script '/home/pbk/arduinobot_ws/install/arduinobot_description/share/arduinobot_description/package.zsh'
[0.728s] Level 1:colcon.colcon_core.environment:create_file_with_runtime_dependencies(/home/pbk/arduinobot_ws/install/arduinobot_description/share/colcon-core/packages/arduinobot_description)
[0.936s] DEBUG:colcon.colcon_core.event_handler.log_command:Invoking command in '/home/pbk/arduinobot_ws/src/arduinobot_py_examples': PYTHONPATH=/home/pbk/arduinobot_ws/build/arduinobot_py_examples/prefix_override:/home/pbk/arduinobot_ws/install/arduinobot_py_examples/lib/python3.10/site-packages:${PYTHONPATH} /usr/bin/python3 -W ignore:setup.py install is deprecated setup.py egg_info --egg-base ../../build/arduinobot_py_examples build --build-base /home/pbk/arduinobot_ws/build/arduinobot_py_examples/build install --record /home/pbk/arduinobot_ws/build/arduinobot_py_examples/install.log --single-version-externally-managed install_data
[1.103s] Level 1:colcon.colcon_core.environment:checking '/home/pbk/arduinobot_ws/install/arduinobot_py_examples' for CMake module files
[1.103s] DEBUG:colcon.colcon_core.event_handler.log_command:Invoked command in '/home/pbk/arduinobot_ws/src/arduinobot_py_examples' returned '0': PYTHONPATH=/home/pbk/arduinobot_ws/build/arduinobot_py_examples/prefix_override:/home/pbk/arduinobot_ws/install/arduinobot_py_examples/lib/python3.10/site-packages:${PYTHONPATH} /usr/bin/python3 -W ignore:setup.py install is deprecated setup.py egg_info --egg-base ../../build/arduinobot_py_examples build --build-base /home/pbk/arduinobot_ws/build/arduinobot_py_examples/build install --record /home/pbk/arduinobot_ws/build/arduinobot_py_examples/install.log --single-version-externally-managed install_data
[1.104s] Level 1:colcon.colcon_core.environment:checking '/home/pbk/arduinobot_ws/install/arduinobot_py_examples' for CMake config files
[1.104s] Level 1:colcon.colcon_core.environment:checking '/home/pbk/arduinobot_ws/install/arduinobot_py_examples/lib'
[1.104s] Level 1:colcon.colcon_core.environment:checking '/home/pbk/arduinobot_ws/install/arduinobot_py_examples/bin'
[1.104s] Level 1:colcon.colcon_core.environment:checking '/home/pbk/arduinobot_ws/install/arduinobot_py_examples/lib/pkgconfig/arduinobot_py_examples.pc'
[1.105s] Level 1:colcon.colcon_core.environment:checking '/home/pbk/arduinobot_ws/install/arduinobot_py_examples/lib/python3.10/site-packages'
[1.105s] Level 1:colcon.colcon_core.shell:create_environment_hook('arduinobot_py_examples', 'pythonpath')
[1.105s] INFO:colcon.colcon_core.shell:Creating environment hook '/home/pbk/arduinobot_ws/install/arduinobot_py_examples/share/arduinobot_py_examples/hook/pythonpath.ps1'
[1.105s] INFO:colcon.colcon_core.shell:Creating environment descriptor '/home/pbk/arduinobot_ws/install/arduinobot_py_examples/share/arduinobot_py_examples/hook/pythonpath.dsv'
[1.106s] INFO:colcon.colcon_core.shell:Creating environment hook '/home/pbk/arduinobot_ws/install/arduinobot_py_examples/share/arduinobot_py_examples/hook/pythonpath.sh'
[1.106s] Level 1:colcon.colcon_core.environment:checking '/home/pbk/arduinobot_ws/install/arduinobot_py_examples/bin'
[1.106s] Level 1:colcon.colcon_core.environment:create_environment_scripts_only(arduinobot_py_examples)
[1.107s] INFO:colcon.colcon_core.shell:Creating package script '/home/pbk/arduinobot_ws/install/arduinobot_py_examples/share/arduinobot_py_examples/package.ps1'
[1.107s] INFO:colcon.colcon_core.shell:Creating package descriptor '/home/pbk/arduinobot_ws/install/arduinobot_py_examples/share/arduinobot_py_examples/package.dsv'
[1.107s] INFO:colcon.colcon_core.shell:Creating package script '/home/pbk/arduinobot_ws/install/arduinobot_py_examples/share/arduinobot_py_examples/package.sh'
[1.108s] INFO:colcon.colcon_core.shell:Creating package script '/home/pbk/arduinobot_ws/install/arduinobot_py_examples/share/arduinobot_py_examples/package.bash'
[1.108s] INFO:colcon.colcon_core.shell:Creating package script '/home/pbk/arduinobot_ws/install/arduinobot_py_examples/share/arduinobot_py_examples/package.zsh'
[1.108s] Level 1:colcon.colcon_core.environment:create_file_with_runtime_dependencies(/home/pbk/arduinobot_ws/install/arduinobot_py_examples/share/colcon-core/packages/arduinobot_py_examples)
[1.641s] DEBUG:colcon.colcon_core.event_handler.log_command:Invoked command in '/home/pbk/arduinobot_ws/build/arduinobot_controller' returned '0': CMAKE_PREFIX_PATH=${CMAKE_PREFIX_PATH}:/home/pbk/arduinobot_ws/install/arduinobot_py_examples:/opt/ros/humble /usr/bin/cmake /home/pbk/arduinobot_ws/src/arduinobot_controller -DCMAKE_INSTALL_PREFIX=/home/pbk/arduinobot_ws/install/arduinobot_controller
[1.643s] DEBUG:colcon.colcon_core.event_handler.log_command:Invoking command in '/home/pbk/arduinobot_ws/build/arduinobot_controller': CMAKE_PREFIX_PATH=${CMAKE_PREFIX_PATH}:/home/pbk/arduinobot_ws/install/arduinobot_py_examples:/opt/ros/humble /usr/bin/cmake --build /home/pbk/arduinobot_ws/build/arduinobot_controller -- -j20 -l20
[1.663s] DEBUG:colcon.colcon_core.event_handler.log_command:Invoked command in '/home/pbk/arduinobot_ws/build/arduinobot_controller' returned '0': CMAKE_PREFIX_PATH=${CMAKE_PREFIX_PATH}:/home/pbk/arduinobot_ws/install/arduinobot_py_examples:/opt/ros/humble /usr/bin/cmake --build /home/pbk/arduinobot_ws/build/arduinobot_controller -- -j20 -l20
[1.676s] DEBUG:colcon.colcon_core.event_handler.log_command:Invoking command in '/home/pbk/arduinobot_ws/build/arduinobot_controller': CMAKE_PREFIX_PATH=${CMAKE_PREFIX_PATH}:/home/pbk/arduinobot_ws/install/arduinobot_py_examples:/opt/ros/humble /usr/bin/cmake --install /home/pbk/arduinobot_ws/build/arduinobot_controller
[1.685s] Level 1:colcon.colcon_core.environment:create_environment_scripts_only(arduinobot_controller)
[1.686s] Level 1:colcon.colcon_core.environment:checking '/home/pbk/arduinobot_ws/install/arduinobot_controller' for CMake module files
[1.686s] DEBUG:colcon.colcon_core.event_handler.log_command:Invoked command in '/home/pbk/arduinobot_ws/build/arduinobot_controller' returned '0': CMAKE_PREFIX_PATH=${CMAKE_PREFIX_PATH}:/home/pbk/arduinobot_ws/install/arduinobot_py_examples:/opt/ros/humble /usr/bin/cmake --install /home/pbk/arduinobot_ws/build/arduinobot_controller
[1.686s] Level 1:colcon.colcon_core.environment:checking '/home/pbk/arduinobot_ws/install/arduinobot_controller' for CMake config files
[1.687s] Level 1:colcon.colcon_core.shell:create_environment_hook('arduinobot_controller', 'cmake_prefix_path')
[1.687s] INFO:colcon.colcon_core.shell:Creating environment hook '/home/pbk/arduinobot_ws/install/arduinobot_controller/share/arduinobot_controller/hook/cmake_prefix_path.ps1'
[1.687s] INFO:colcon.colcon_core.shell:Creating environment descriptor '/home/pbk/arduinobot_ws/install/arduinobot_controller/share/arduinobot_controller/hook/cmake_prefix_path.dsv'
[1.688s] INFO:colcon.colcon_core.shell:Creating environment hook '/home/pbk/arduinobot_ws/install/arduinobot_controller/share/arduinobot_controller/hook/cmake_prefix_path.sh'
[1.688s] Level 1:colcon.colcon_core.environment:checking '/home/pbk/arduinobot_ws/install/arduinobot_controller/bin'
[1.688s] Level 1:colcon.colcon_core.environment:checking '/home/pbk/arduinobot_ws/install/arduinobot_controller/lib/pkgconfig/arduinobot_controller.pc'
[1.688s] Level 1:colcon.colcon_core.environment:checking '/home/pbk/arduinobot_ws/install/arduinobot_controller/lib/python3.10/site-packages'
[1.688s] Level 1:colcon.colcon_core.environment:checking '/home/pbk/arduinobot_ws/install/arduinobot_controller/bin'
[1.689s] INFO:colcon.colcon_core.shell:Creating package script '/home/pbk/arduinobot_ws/install/arduinobot_controller/share/arduinobot_controller/package.ps1'
[1.689s] INFO:colcon.colcon_core.shell:Creating package descriptor '/home/pbk/arduinobot_ws/install/arduinobot_controller/share/arduinobot_controller/package.dsv'
[1.689s] INFO:colcon.colcon_core.shell:Creating package script '/home/pbk/arduinobot_ws/install/arduinobot_controller/share/arduinobot_controller/package.sh'
[1.689s] INFO:colcon.colcon_core.shell:Creating package script '/home/pbk/arduinobot_ws/install/arduinobot_controller/share/arduinobot_controller/package.bash'
[1.690s] INFO:colcon.colcon_core.shell:Creating package script '/home/pbk/arduinobot_ws/install/arduinobot_controller/share/arduinobot_controller/package.zsh'
[1.690s] Level 1:colcon.colcon_core.environment:create_file_with_runtime_dependencies(/home/pbk/arduinobot_ws/install/arduinobot_controller/share/colcon-core/packages/arduinobot_controller)
[1.702s] Level 1:colcon.colcon_core.environment:create_environment_scripts_only(arduinobot_controller)
[1.702s] Level 1:colcon.colcon_core.environment:checking '/home/pbk/arduinobot_ws/install/arduinobot_controller' for CMake module files
[1.702s] Level 1:colcon.colcon_core.environment:checking '/home/pbk/arduinobot_ws/install/arduinobot_controller' for CMake config files
[1.702s] Level 1:colcon.colcon_core.shell:create_environment_hook('arduinobot_controller', 'cmake_prefix_path')
[1.703s] INFO:colcon.colcon_core.shell:Creating environment hook '/home/pbk/arduinobot_ws/install/arduinobot_controller/share/arduinobot_controller/hook/cmake_prefix_path.ps1'
[1.703s] INFO:colcon.colcon_core.shell:Creating environment descriptor '/home/pbk/arduinobot_ws/install/arduinobot_controller/share/arduinobot_controller/hook/cmake_prefix_path.dsv'
[1.703s] INFO:colcon.colcon_core.shell:Creating environment hook '/home/pbk/arduinobot_ws/install/arduinobot_controller/share/arduinobot_controller/hook/cmake_prefix_path.sh'
[1.703s] Level 1:colcon.colcon_core.environment:checking '/home/pbk/arduinobot_ws/install/arduinobot_controller/bin'
[1.703s] Level 1:colcon.colcon_core.environment:checking '/home/pbk/arduinobot_ws/install/arduinobot_controller/lib/pkgconfig/arduinobot_controller.pc'
[1.704s] Level 1:colcon.colcon_core.environment:checking '/home/pbk/arduinobot_ws/install/arduinobot_controller/lib/python3.10/site-packages'
[1.704s] Level 1:colcon.colcon_core.environment:checking '/home/pbk/arduinobot_ws/install/arduinobot_controller/bin'
[1.704s] INFO:colcon.colcon_core.shell:Creating package script '/home/pbk/arduinobot_ws/install/arduinobot_controller/share/arduinobot_controller/package.ps1'
[1.704s] INFO:colcon.colcon_core.shell:Creating package descriptor '/home/pbk/arduinobot_ws/install/arduinobot_controller/share/arduinobot_controller/package.dsv'
[1.705s] INFO:colcon.colcon_core.shell:Creating package script '/home/pbk/arduinobot_ws/install/arduinobot_controller/share/arduinobot_controller/package.sh'
[1.705s] INFO:colcon.colcon_core.shell:Creating package script '/home/pbk/arduinobot_ws/install/arduinobot_controller/share/arduinobot_controller/package.bash'
[1.705s] INFO:colcon.colcon_core.shell:Creating package script '/home/pbk/arduinobot_ws/install/arduinobot_controller/share/arduinobot_controller/package.zsh'
[1.705s] Level 1:colcon.colcon_core.environment:create_file_with_runtime_dependencies(/home/pbk/arduinobot_ws/install/arduinobot_controller/share/colcon-core/packages/arduinobot_controller)
[1.705s] DEBUG:colcon.colcon_parallel_executor.executor.parallel:closing loop
[1.706s] DEBUG:colcon.colcon_parallel_executor.executor.parallel:loop closed
[1.706s] DEBUG:colcon.colcon_parallel_executor.executor.parallel:run_until_complete finished with '0'
[1.706s] DEBUG:colcon.colcon_core.event_reactor:joining thread
[1.730s] INFO:colcon.colcon_core.plugin_system:Skipping extension 'colcon_notification.desktop_notification.notify_send': Could not find 'notify-send'
[1.731s] INFO:colcon.colcon_core.plugin_system:Skipping extension 'colcon_notification.desktop_notification.terminal_notifier': Not used on non-Darwin systems
[1.731s] INFO:colcon.colcon_core.plugin_system:Skipping extension 'colcon_notification.desktop_notification.win32': Not used on non-Windows systems
[1.731s] INFO:colcon.colcon_notification.desktop_notification:Sending desktop notification using 'notify2'
[1.732s] DEBUG:colcon.colcon_notification.desktop_notification.notify2:Failed to initialize notify2: org.freedesktop.DBus.Error.FileNotFound: Failed to connect to socket /run/user/1000/bus: No such file or directory
[1.732s] DEBUG:colcon.colcon_core.event_reactor:joined thread
[1.732s] INFO:colcon.colcon_core.shell:Creating prefix script '/home/pbk/arduinobot_ws/install/local_setup.ps1'
[1.733s] INFO:colcon.colcon_core.shell:Creating prefix util module '/home/pbk/arduinobot_ws/install/_local_setup_util_ps1.py'
[1.734s] INFO:colcon.colcon_core.shell:Creating prefix chain script '/home/pbk/arduinobot_ws/install/setup.ps1'
[1.735s] INFO:colcon.colcon_core.shell:Creating prefix script '/home/pbk/arduinobot_ws/install/local_setup.sh'
[1.735s] INFO:colcon.colcon_core.shell:Creating prefix util module '/home/pbk/arduinobot_ws/install/_local_setup_util_sh.py'
[1.736s] INFO:colcon.colcon_core.shell:Creating prefix chain script '/home/pbk/arduinobot_ws/install/setup.sh'
[1.737s] INFO:colcon.colcon_core.shell:Creating prefix script '/home/pbk/arduinobot_ws/install/local_setup.bash'
[1.737s] INFO:colcon.colcon_core.shell:Creating prefix chain script '/home/pbk/arduinobot_ws/install/setup.bash'
[1.738s] INFO:colcon.colcon_core.shell:Creating prefix script '/home/pbk/arduinobot_ws/install/local_setup.zsh'
[1.738s] INFO:colcon.colcon_core.shell:Creating prefix chain script '/home/pbk/arduinobot_ws/install/setup.zsh'
