[0.081s] Invoking command in '/home/pbk/arduinobot_ws/build/arduinobot_controller': CMAKE_PREFIX_PATH=${CMAKE_PREFIX_PATH}:/home/pbk/arduinobot_ws/install/arduinobot_py_examples:/opt/ros/humble /usr/bin/cmake --build /home/pbk/arduinobot_ws/build/arduinobot_controller -- -j20 -l20
[0.207s] Invoked command in '/home/pbk/arduinobot_ws/build/arduinobot_controller' returned '0': CMAKE_PREFIX_PATH=${CMAKE_PREFIX_PATH}:/home/pbk/arduinobot_ws/install/arduinobot_py_examples:/opt/ros/humble /usr/bin/cmake --build /home/pbk/arduinobot_ws/build/arduinobot_controller -- -j20 -l20
[0.260s] Invoking command in '/home/pbk/arduinobot_ws/build/arduinobot_controller': CMAKE_PREFIX_PATH=${CMAKE_PREFIX_PATH}:/home/pbk/arduinobot_ws/install/arduinobot_py_examples:/opt/ros/humble /usr/bin/cmake --install /home/pbk/arduinobot_ws/build/arduinobot_controller
[0.297s] -- Install configuration: ""
[0.297s] -- Up-to-date: /home/pbk/arduinobot_ws/install/arduinobot_controller/share/arduinobot_controller/launch
[0.298s] -- Up-to-date: /home/pbk/arduinobot_ws/install/arduinobot_controller/share/arduinobot_controller/launch/controller.launch.py
[0.301s] -- Up-to-date: /home/pbk/arduinobot_ws/install/arduinobot_controller/share/arduinobot_controller/config
[0.302s] -- Up-to-date: /home/pbk/arduinobot_ws/install/arduinobot_controller/share/arduinobot_controller/config/arduinobot_controllers.yaml
[0.303s] -- Up-to-date: /home/pbk/arduinobot_ws/install/arduinobot_controller/share/ament_index/resource_index/package_run_dependencies/arduinobot_controller
[0.303s] -- Up-to-date: /home/pbk/arduinobot_ws/install/arduinobot_controller/share/ament_index/resource_index/parent_prefix_path/arduinobot_controller
[0.304s] -- Up-to-date: /home/pbk/arduinobot_ws/install/arduinobot_controller/share/arduinobot_controller/environment/ament_prefix_path.sh
[0.304s] -- Up-to-date: /home/pbk/arduinobot_ws/install/arduinobot_controller/share/arduinobot_controller/environment/ament_prefix_path.dsv
[0.305s] -- Up-to-date: /home/pbk/arduinobot_ws/install/arduinobot_controller/share/arduinobot_controller/environment/path.sh
[0.307s] -- Up-to-date: /home/pbk/arduinobot_ws/install/arduinobot_controller/share/arduinobot_controller/environment/path.dsv
[0.309s] -- Up-to-date: /home/pbk/arduinobot_ws/install/arduinobot_controller/share/arduinobot_controller/local_setup.bash
[0.309s] -- Up-to-date: /home/pbk/arduinobot_ws/install/arduinobot_controller/share/arduinobot_controller/local_setup.sh
[0.310s] -- Up-to-date: /home/pbk/arduinobot_ws/install/arduinobot_controller/share/arduinobot_controller/local_setup.zsh
[0.310s] -- Up-to-date: /home/pbk/arduinobot_ws/install/arduinobot_controller/share/arduinobot_controller/local_setup.dsv
[0.311s] -- Installing: /home/pbk/arduinobot_ws/install/arduinobot_controller/share/arduinobot_controller/package.dsv
[0.311s] -- Up-to-date: /home/pbk/arduinobot_ws/install/arduinobot_controller/share/ament_index/resource_index/packages/arduinobot_controller
[0.311s] -- Up-to-date: /home/pbk/arduinobot_ws/install/arduinobot_controller/share/arduinobot_controller/cmake/arduinobot_controllerConfig.cmake
[0.311s] -- Up-to-date: /home/pbk/arduinobot_ws/install/arduinobot_controller/share/arduinobot_controller/cmake/arduinobot_controllerConfig-version.cmake
[0.311s] -- Up-to-date: /home/pbk/arduinobot_ws/install/arduinobot_controller/share/arduinobot_controller/package.xml
[0.360s] Invoked command in '/home/pbk/arduinobot_ws/build/arduinobot_controller' returned '0': CMAKE_PREFIX_PATH=${CMAKE_PREFIX_PATH}:/home/pbk/arduinobot_ws/install/arduinobot_py_examples:/opt/ros/humble /usr/bin/cmake --install /home/pbk/arduinobot_ws/build/arduinobot_controller
