[0.015s] Invoking command in '/home/pbk/arduinobot_ws/src/build/arduinobot_utils': CMAKE_PREFIX_PATH=${CMAKE_PREFIX_PATH}:/home/pbk/arduinobot_ws/install/arduinobot_py_examples:/opt/ros/humble /usr/bin/cmake /home/pbk/arduinobot_ws/src/arduinobot_utils -DCMAKE_INSTALL_PREFIX=/home/pbk/arduinobot_ws/src/install/arduinobot_utils
[0.133s] -- The C compiler identification is GNU 11.4.0
[0.408s] -- The CXX compiler identification is GNU 11.4.0
[0.581s] -- Detecting C compiler ABI info
[0.654s] -- Detecting C compiler ABI info - done
[0.658s] -- Check for working C compiler: /usr/bin/cc - skipped
[0.659s] -- Detecting C compile features
[0.659s] -- Detecting C compile features - done
[0.662s] -- Detecting CXX compiler ABI info
[0.749s] -- Detecting CXX compiler ABI info - done
[0.754s] -- Check for working CXX compiler: /usr/bin/c++ - skipped
[0.754s] -- Detecting CXX compile features
[0.754s] -- Detecting CXX compile features - done
[0.758s] -- Found ament_cmake: 1.3.8 (/opt/ros/humble/share/ament_cmake/cmake)
[0.859s] -- Found Python3: /usr/bin/python3 (found version "3.10.12") found components: Interpreter 
[0.939s] -- Found ament_lint_auto: 0.12.10 (/opt/ros/humble/share/ament_lint_auto/cmake)
[0.999s] -- Added test 'lint_cmake' to check CMake code style
[1.001s] -- Added test 'xmllint' to check XML markup files
[1.002s] -- Configuring done
[1.006s] -- Generating done
[1.007s] -- Build files have been written to: /home/pbk/arduinobot_ws/src/build/arduinobot_utils
[1.010s] Invoked command in '/home/pbk/arduinobot_ws/src/build/arduinobot_utils' returned '0': CMAKE_PREFIX_PATH=${CMAKE_PREFIX_PATH}:/home/pbk/arduinobot_ws/install/arduinobot_py_examples:/opt/ros/humble /usr/bin/cmake /home/pbk/arduinobot_ws/src/arduinobot_utils -DCMAKE_INSTALL_PREFIX=/home/pbk/arduinobot_ws/src/install/arduinobot_utils
[1.012s] Invoking command in '/home/pbk/arduinobot_ws/src/build/arduinobot_utils': CMAKE_PREFIX_PATH=${CMAKE_PREFIX_PATH}:/home/pbk/arduinobot_ws/install/arduinobot_py_examples:/opt/ros/humble /usr/bin/cmake --build /home/pbk/arduinobot_ws/src/build/arduinobot_utils -- -j20 -l20
[1.031s] Invoked command in '/home/pbk/arduinobot_ws/src/build/arduinobot_utils' returned '0': CMAKE_PREFIX_PATH=${CMAKE_PREFIX_PATH}:/home/pbk/arduinobot_ws/install/arduinobot_py_examples:/opt/ros/humble /usr/bin/cmake --build /home/pbk/arduinobot_ws/src/build/arduinobot_utils -- -j20 -l20
[1.047s] Invoking command in '/home/pbk/arduinobot_ws/src/build/arduinobot_utils': CMAKE_PREFIX_PATH=${CMAKE_PREFIX_PATH}:/home/pbk/arduinobot_ws/install/arduinobot_py_examples:/opt/ros/humble /usr/bin/cmake --install /home/pbk/arduinobot_ws/src/build/arduinobot_utils
[1.052s] -- Install configuration: ""
[1.052s] -- Installing: /home/pbk/arduinobot_ws/src/install/arduinobot_utils/share/ament_index/resource_index/package_run_dependencies/arduinobot_utils
[1.053s] -- Installing: /home/pbk/arduinobot_ws/src/install/arduinobot_utils/share/ament_index/resource_index/parent_prefix_path/arduinobot_utils
[1.053s] -- Installing: /home/pbk/arduinobot_ws/src/install/arduinobot_utils/share/arduinobot_utils/environment/ament_prefix_path.sh
[1.053s] -- Installing: /home/pbk/arduinobot_ws/src/install/arduinobot_utils/share/arduinobot_utils/environment/ament_prefix_path.dsv
[1.053s] -- Installing: /home/pbk/arduinobot_ws/src/install/arduinobot_utils/share/arduinobot_utils/environment/path.sh
[1.054s] -- Installing: /home/pbk/arduinobot_ws/src/install/arduinobot_utils/share/arduinobot_utils/environment/path.dsv
[1.054s] -- Installing: /home/pbk/arduinobot_ws/src/install/arduinobot_utils/share/arduinobot_utils/local_setup.bash
[1.054s] -- Installing: /home/pbk/arduinobot_ws/src/install/arduinobot_utils/share/arduinobot_utils/local_setup.sh
[1.054s] -- Installing: /home/pbk/arduinobot_ws/src/install/arduinobot_utils/share/arduinobot_utils/local_setup.zsh
[1.055s] -- Installing: /home/pbk/arduinobot_ws/src/install/arduinobot_utils/share/arduinobot_utils/local_setup.dsv
[1.055s] -- Installing: /home/pbk/arduinobot_ws/src/install/arduinobot_utils/share/arduinobot_utils/package.dsv
[1.056s] -- Installing: /home/pbk/arduinobot_ws/src/install/arduinobot_utils/share/ament_index/resource_index/packages/arduinobot_utils
[1.056s] -- Installing: /home/pbk/arduinobot_ws/src/install/arduinobot_utils/share/arduinobot_utils/cmake/arduinobot_utilsConfig.cmake
[1.056s] -- Installing: /home/pbk/arduinobot_ws/src/install/arduinobot_utils/share/arduinobot_utils/cmake/arduinobot_utilsConfig-version.cmake
[1.056s] -- Installing: /home/pbk/arduinobot_ws/src/install/arduinobot_utils/share/arduinobot_utils/package.xml
[1.060s] Invoked command in '/home/pbk/arduinobot_ws/src/build/arduinobot_utils' returned '0': CMAKE_PREFIX_PATH=${CMAKE_PREFIX_PATH}:/home/pbk/arduinobot_ws/install/arduinobot_py_examples:/opt/ros/humble /usr/bin/cmake --install /home/pbk/arduinobot_ws/src/build/arduinobot_utils
