[0.023s] Invoking command in '/home/pbk/arduinobot_ws/build/arduinobot_utils': CMAKE_PREFIX_PATH=${CMAKE_PREFIX_PATH}:/home/pbk/arduinobot_ws/install/arduinobot_py_examples:/opt/ros/humble /usr/bin/cmake /home/pbk/arduinobot_ws/arduinobot_utils -DCMAKE_INSTALL_PREFIX=/home/pbk/arduinobot_ws/install/arduinobot_utils
[0.258s] -- The C compiler identification is GNU 11.4.0
[0.628s] -- The CXX compiler identification is GNU 11.4.0
[0.864s] -- Detecting C compiler ABI info
[0.999s] -- Detecting C compiler ABI info - done
[1.004s] -- Check for working C compiler: /usr/bin/cc - skipped
[1.004s] -- Detecting C compile features
[1.005s] -- Detecting C compile features - done
[1.008s] -- Detecting CXX compiler ABI info
[1.126s] -- Detecting CXX compiler ABI info - done
[1.130s] -- Check for working CXX compiler: /usr/bin/c++ - skipped
[1.130s] -- Detecting CXX compile features
[1.131s] -- Detecting CXX compile features - done
[1.147s] -- Found ament_cmake: 1.3.8 (/opt/ros/humble/share/ament_cmake/cmake)
[1.248s] -- Found Python3: /usr/bin/python3 (found version "3.10.12") found components: Interpreter 
[1.331s] -- Found ament_lint_auto: 0.12.10 (/opt/ros/humble/share/ament_lint_auto/cmake)
[1.392s] -- Added test 'lint_cmake' to check CMake code style
[1.394s] -- Added test 'xmllint' to check XML markup files
[1.396s] -- Configuring done
[1.402s] -- Generating done
[1.403s] -- Build files have been written to: /home/pbk/arduinobot_ws/build/arduinobot_utils
[1.406s] Invoked command in '/home/pbk/arduinobot_ws/build/arduinobot_utils' returned '0': CMAKE_PREFIX_PATH=${CMAKE_PREFIX_PATH}:/home/pbk/arduinobot_ws/install/arduinobot_py_examples:/opt/ros/humble /usr/bin/cmake /home/pbk/arduinobot_ws/arduinobot_utils -DCMAKE_INSTALL_PREFIX=/home/pbk/arduinobot_ws/install/arduinobot_utils
[1.407s] Invoking command in '/home/pbk/arduinobot_ws/build/arduinobot_utils': CMAKE_PREFIX_PATH=${CMAKE_PREFIX_PATH}:/home/pbk/arduinobot_ws/install/arduinobot_py_examples:/opt/ros/humble /usr/bin/cmake --build /home/pbk/arduinobot_ws/build/arduinobot_utils -- -j20 -l20
[1.429s] Invoked command in '/home/pbk/arduinobot_ws/build/arduinobot_utils' returned '0': CMAKE_PREFIX_PATH=${CMAKE_PREFIX_PATH}:/home/pbk/arduinobot_ws/install/arduinobot_py_examples:/opt/ros/humble /usr/bin/cmake --build /home/pbk/arduinobot_ws/build/arduinobot_utils -- -j20 -l20
[1.443s] Invoking command in '/home/pbk/arduinobot_ws/build/arduinobot_utils': CMAKE_PREFIX_PATH=${CMAKE_PREFIX_PATH}:/home/pbk/arduinobot_ws/install/arduinobot_py_examples:/opt/ros/humble /usr/bin/cmake --install /home/pbk/arduinobot_ws/build/arduinobot_utils
[1.447s] -- Install configuration: ""
[1.448s] -- Installing: /home/pbk/arduinobot_ws/install/arduinobot_utils/share/ament_index/resource_index/package_run_dependencies/arduinobot_utils
[1.448s] -- Installing: /home/pbk/arduinobot_ws/install/arduinobot_utils/share/ament_index/resource_index/parent_prefix_path/arduinobot_utils
[1.448s] -- Installing: /home/pbk/arduinobot_ws/install/arduinobot_utils/share/arduinobot_utils/environment/ament_prefix_path.sh
[1.449s] -- Installing: /home/pbk/arduinobot_ws/install/arduinobot_utils/share/arduinobot_utils/environment/ament_prefix_path.dsv
[1.449s] -- Installing: /home/pbk/arduinobot_ws/install/arduinobot_utils/share/arduinobot_utils/environment/path.sh
[1.449s] -- Installing: /home/pbk/arduinobot_ws/install/arduinobot_utils/share/arduinobot_utils/environment/path.dsv
[1.449s] -- Installing: /home/pbk/arduinobot_ws/install/arduinobot_utils/share/arduinobot_utils/local_setup.bash
[1.449s] -- Installing: /home/pbk/arduinobot_ws/install/arduinobot_utils/share/arduinobot_utils/local_setup.sh
[1.450s] -- Installing: /home/pbk/arduinobot_ws/install/arduinobot_utils/share/arduinobot_utils/local_setup.zsh
[1.450s] -- Installing: /home/pbk/arduinobot_ws/install/arduinobot_utils/share/arduinobot_utils/local_setup.dsv
[1.450s] -- Installing: /home/pbk/arduinobot_ws/install/arduinobot_utils/share/arduinobot_utils/package.dsv
[1.450s] -- Installing: /home/pbk/arduinobot_ws/install/arduinobot_utils/share/ament_index/resource_index/packages/arduinobot_utils
[1.451s] -- Installing: /home/pbk/arduinobot_ws/install/arduinobot_utils/share/arduinobot_utils/cmake/arduinobot_utilsConfig.cmake
[1.451s] -- Installing: /home/pbk/arduinobot_ws/install/arduinobot_utils/share/arduinobot_utils/cmake/arduinobot_utilsConfig-version.cmake
[1.451s] -- Installing: /home/pbk/arduinobot_ws/install/arduinobot_utils/share/arduinobot_utils/package.xml
[1.453s] Invoked command in '/home/pbk/arduinobot_ws/build/arduinobot_utils' returned '0': CMAKE_PREFIX_PATH=${CMAKE_PREFIX_PATH}:/home/pbk/arduinobot_ws/install/arduinobot_py_examples:/opt/ros/humble /usr/bin/cmake --install /home/pbk/arduinobot_ws/build/arduinobot_utils
