[0.017s] Invoking command in '/home/pbk/arduinobot_ws/build/arduinobot_controller': CMAKE_PREFIX_PATH=${CMAKE_PREFIX_PATH}:/home/pbk/arduinobot_ws/install/arduinobot_py_examples:/opt/ros/humble /usr/bin/cmake --build /home/pbk/arduinobot_ws/build/arduinobot_controller -- -j20 -l20
[0.035s] -- Found ament_cmake: 1.3.8 (/opt/ros/humble/share/ament_cmake/cmake)
[0.142s] -- Found trajectory_msgs: 4.2.3 (/opt/ros/humble/share/trajectory_msgs/cmake)
[0.312s] -- Found rosidl_generator_c: 3.1.5 (/opt/ros/humble/share/rosidl_generator_c/cmake)
[0.317s] -- Found rosidl_adapter: 3.1.5 (/opt/ros/humble/share/rosidl_adapter/cmake)
[0.326s] -- Found rosidl_generator_cpp: 3.1.5 (/opt/ros/humble/share/rosidl_generator_cpp/cmake)
[0.344s] -- Using all available rosidl_typesupport_c: rosidl_typesupport_fastrtps_c;rosidl_typesupport_introspection_c
[0.365s] -- Using all available rosidl_typesupport_cpp: rosidl_typesupport_fastrtps_cpp;rosidl_typesupport_introspection_cpp
[0.522s] -- Found sensor_msgs: 4.2.3 (/opt/ros/humble/share/sensor_msgs/cmake)
[0.584s] -- Found rclcpp: 16.0.8 (/opt/ros/humble/share/rclcpp/cmake)
[0.639s] -- Found rmw_implementation_cmake: 6.1.1 (/opt/ros/humble/share/rmw_implementation_cmake/cmake)
[0.642s] -- Found rmw_fastrtps_cpp: 6.2.6 (/opt/ros/humble/share/rmw_fastrtps_cpp/cmake)
[1.412s] -- Found OpenSSL: /usr/lib/x86_64-linux-gnu/libcrypto.so (found version "3.0.2")  
[2.178s] -- Found FastRTPS: /opt/ros/humble/include  
[3.668s] -- Using RMW implementation 'rmw_fastrtps_cpp' as default
[3.679s] -- Looking for pthread.h
[3.802s] -- Looking for pthread.h - found
[3.802s] -- Performing Test CMAKE_HAVE_LIBC_PTHREAD
[3.881s] -- Performing Test CMAKE_HAVE_LIBC_PTHREAD - Success
[3.882s] -- Found Threads: TRUE  
[3.975s] -- Found rclpy: 3.3.12 (/opt/ros/humble/share/rclpy/cmake)
[4.030s] [31mCMake Error at /opt/ros/humble/share/ament_cmake_python/cmake/ament_python_install_package.cmake:66 (message):
[4.030s]   ament_python_install_package() the Python package folder
[4.030s]   '/home/pbk/arduinobot_ws/src/arduinobot_controller/arduinobot_controller'
[4.030s]   doesn't contain an '__init__.py' file
[4.030s] Call Stack (most recent call first):
[4.030s]   /opt/ros/humble/share/ament_cmake_python/cmake/ament_python_install_package.cmake:39 (_ament_cmake_python_install_package)
[4.030s]   CMakeLists.txt:14 (ament_python_install_package)
[4.030s] 
[4.030s] [0m
[4.030s] -- Configuring incomplete, errors occurred!
[4.030s] See also "/home/pbk/arduinobot_ws/build/arduinobot_controller/CMakeFiles/CMakeOutput.log".
[4.035s] gmake: *** [Makefile:226: cmake_check_build_system] Error 1
[4.036s] Invoked command in '/home/pbk/arduinobot_ws/build/arduinobot_controller' returned '2': CMAKE_PREFIX_PATH=${CMAKE_PREFIX_PATH}:/home/pbk/arduinobot_ws/install/arduinobot_py_examples:/opt/ros/humble /usr/bin/cmake --build /home/pbk/arduinobot_ws/build/arduinobot_controller -- -j20 -l20
