[0.019s] Invoking command in '/home/pbk/arduinobot_ws/src/build/arduinobot_msgs': CMAKE_PREFIX_PATH=${CMAKE_PREFIX_PATH}:/home/pbk/arduinobot_ws/install/arduinobot_py_examples:/opt/ros/humble /usr/bin/cmake /home/pbk/arduinobot_ws/src/arduinobot_msgs -DCMAKE_INSTALL_PREFIX=/home/pbk/arduinobot_ws/src/install/arduinobot_msgs
[0.145s] -- The C compiler identification is GNU 11.4.0
[0.419s] -- The CXX compiler identification is GNU 11.4.0
[0.604s] -- Detecting C compiler ABI info
[0.676s] -- Detecting C compiler ABI info - done
[0.680s] -- Check for working C compiler: /usr/bin/cc - skipped
[0.680s] -- Detecting C compile features
[0.681s] -- Detecting C compile features - done
[0.683s] -- Detecting CXX compiler ABI info
[0.772s] -- Detecting CXX compiler ABI info - done
[0.777s] -- Check for working CXX compiler: /usr/bin/c++ - skipped
[0.777s] -- Detecting CXX compile features
[0.778s] -- Detecting CXX compile features - done
[0.779s] -- Found ament_cmake: 1.3.8 (/opt/ros/humble/share/ament_cmake/cmake)
[0.881s] -- Found Python3: /usr/bin/python3 (found version "3.10.12") found components: Interpreter 
[0.951s] -- Found std_msgs: 4.2.3 (/opt/ros/humble/share/std_msgs/cmake)
[1.116s] -- Found rosidl_generator_c: 3.1.5 (/opt/ros/humble/share/rosidl_generator_c/cmake)
[1.122s] -- Found rosidl_adapter: 3.1.5 (/opt/ros/humble/share/rosidl_adapter/cmake)
[1.131s] -- Found rosidl_generator_cpp: 3.1.5 (/opt/ros/humble/share/rosidl_generator_cpp/cmake)
[1.148s] -- Using all available rosidl_typesupport_c: rosidl_typesupport_fastrtps_c;rosidl_typesupport_introspection_c
[1.168s] -- Using all available rosidl_typesupport_cpp: rosidl_typesupport_fastrtps_cpp;rosidl_typesupport_introspection_cpp
[1.211s] -- Found rosidl_default_generators: 1.2.0 (/opt/ros/humble/share/rosidl_default_generators/cmake)
[1.381s] -- Found ament_cmake_ros: 0.10.0 (/opt/ros/humble/share/ament_cmake_ros/cmake)
[1.576s] -- Using all available rosidl_typesupport_c: rosidl_typesupport_fastrtps_c;rosidl_typesupport_introspection_c
[1.647s] -- Using all available rosidl_typesupport_cpp: rosidl_typesupport_fastrtps_cpp;rosidl_typesupport_introspection_cpp
[1.717s] -- Found PythonInterp: /usr/bin/python3 (found suitable version "3.10.12", minimum required is "3.6") 
[1.719s] -- Found python_cmake_module: 0.10.0 (/opt/ros/humble/share/python_cmake_module/cmake)
[1.926s] -- Found PythonLibs: /usr/lib/x86_64-linux-gnu/libpython3.10.so (found suitable version "3.10.12", minimum required is "3.5") 
[1.926s] -- Using PYTHON_EXECUTABLE: /usr/bin/python3
[1.926s] -- Using PYTHON_INCLUDE_DIRS: /usr/include/python3.10
[1.926s] -- Using PYTHON_LIBRARIES: /usr/lib/x86_64-linux-gnu/libpython3.10.so
[1.941s] -- Found PythonExtra: .so  
[1.990s] -- Found ament_lint_auto: 0.12.10 (/opt/ros/humble/share/ament_lint_auto/cmake)
[2.007s] -- Added test 'lint_cmake' to check CMake code style
[2.007s] -- Added test 'xmllint' to check XML markup files
[2.009s] -- Configuring done
[2.033s] -- Generating done
[2.035s] -- Build files have been written to: /home/pbk/arduinobot_ws/src/build/arduinobot_msgs
[2.041s] Invoked command in '/home/pbk/arduinobot_ws/src/build/arduinobot_msgs' returned '0': CMAKE_PREFIX_PATH=${CMAKE_PREFIX_PATH}:/home/pbk/arduinobot_ws/install/arduinobot_py_examples:/opt/ros/humble /usr/bin/cmake /home/pbk/arduinobot_ws/src/arduinobot_msgs -DCMAKE_INSTALL_PREFIX=/home/pbk/arduinobot_ws/src/install/arduinobot_msgs
[2.041s] Invoking command in '/home/pbk/arduinobot_ws/src/build/arduinobot_msgs': CMAKE_PREFIX_PATH=${CMAKE_PREFIX_PATH}:/home/pbk/arduinobot_ws/install/arduinobot_py_examples:/opt/ros/humble /usr/bin/cmake --build /home/pbk/arduinobot_ws/src/build/arduinobot_msgs -- -j20 -l20
[2.061s] [  3%] [34m[1mGenerating C code for ROS interfaces[0m
[2.066s] [  6%] [34m[1mGenerating C++ code for ROS interfaces[0m
[2.071s] [  6%] Built target ament_cmake_python_copy_arduinobot_msgs
[2.209s] running egg_info
[2.210s] creating arduinobot_msgs.egg-info
[2.210s] writing arduinobot_msgs.egg-info/PKG-INFO
[2.210s] writing dependency_links to arduinobot_msgs.egg-info/dependency_links.txt
[2.210s] writing top-level names to arduinobot_msgs.egg-info/top_level.txt
[2.210s] writing manifest file 'arduinobot_msgs.egg-info/SOURCES.txt'
[2.212s] reading manifest file 'arduinobot_msgs.egg-info/SOURCES.txt'
[2.213s] writing manifest file 'arduinobot_msgs.egg-info/SOURCES.txt'
[2.231s] [  6%] Built target ament_cmake_python_build_arduinobot_msgs_egg
[2.242s] [  6%] Built target arduinobot_msgs__cpp
[2.247s] [ 16%] [32mBuilding C object CMakeFiles/arduinobot_msgs__rosidl_generator_c.dir/rosidl_generator_c/arduinobot_msgs/srv/detail/add_two_ints__functions.c.o[0m
[2.248s] [ 16%] [34m[1mGenerating C++ type support for eProsima Fast-RTPS[0m
[2.248s] [ 16%] [34m[1mGenerating C++ type support dispatch for ROS interfaces[0m
[2.248s] [ 19%] [34m[1mGenerating C++ introspection for ROS interfaces[0m
[2.307s] [ 22%] [32m[1mLinking C shared library libarduinobot_msgs__rosidl_generator_c.so[0m
[2.383s] [ 22%] Built target arduinobot_msgs__rosidl_generator_c
[2.389s] [ 32%] [34m[1mGenerating C type support for eProsima Fast-RTPS[0m
[2.390s] [ 32%] [34m[1mGenerating C type support dispatch for ROS interfaces[0m
[2.390s] [ 32%] [34m[1mGenerating C introspection for ROS interfaces[0m
[2.397s] [ 35%] [32mBuilding CXX object CMakeFiles/arduinobot_msgs__rosidl_typesupport_cpp.dir/rosidl_typesupport_cpp/arduinobot_msgs/srv/add_two_ints__type_support.cpp.o[0m
[2.419s] [ 38%] [32mBuilding CXX object CMakeFiles/arduinobot_msgs__rosidl_typesupport_introspection_cpp.dir/rosidl_typesupport_introspection_cpp/arduinobot_msgs/srv/detail/add_two_ints__type_support.cpp.o[0m
[2.423s] [ 41%] [32mBuilding CXX object CMakeFiles/arduinobot_msgs__rosidl_typesupport_fastrtps_cpp.dir/rosidl_typesupport_fastrtps_cpp/arduinobot_msgs/srv/detail/dds_fastrtps/add_two_ints__type_support.cpp.o[0m
[2.553s] [ 45%] [32mBuilding CXX object CMakeFiles/arduinobot_msgs__rosidl_typesupport_c.dir/rosidl_typesupport_c/arduinobot_msgs/srv/add_two_ints__type_support.cpp.o[0m
[2.569s] [ 48%] [32mBuilding C object CMakeFiles/arduinobot_msgs__rosidl_typesupport_introspection_c.dir/rosidl_typesupport_introspection_c/arduinobot_msgs/srv/detail/add_two_ints__type_support.c.o[0m
[2.574s] [ 51%] [32m[1mLinking CXX shared library libarduinobot_msgs__rosidl_typesupport_c.so[0m
[2.587s] [ 54%] [32mBuilding CXX object CMakeFiles/arduinobot_msgs__rosidl_typesupport_fastrtps_c.dir/rosidl_typesupport_fastrtps_c/arduinobot_msgs/srv/detail/add_two_ints__type_support_c.cpp.o[0m
[2.597s] [ 58%] [32m[1mLinking C shared library libarduinobot_msgs__rosidl_typesupport_introspection_c.so[0m
[2.622s] [ 61%] [32m[1mLinking CXX shared library libarduinobot_msgs__rosidl_typesupport_cpp.so[0m
[2.639s] [ 61%] Built target arduinobot_msgs__rosidl_typesupport_c
[2.655s] [ 61%] Built target arduinobot_msgs__rosidl_typesupport_introspection_c
[2.683s] [ 61%] Built target arduinobot_msgs__rosidl_typesupport_cpp
[2.696s] [ 64%] [32m[1mLinking CXX shared library libarduinobot_msgs__rosidl_typesupport_introspection_cpp.so[0m
[2.717s] [ 67%] [32m[1mLinking CXX shared library libarduinobot_msgs__rosidl_typesupport_fastrtps_cpp.so[0m
[2.779s] [ 67%] Built target arduinobot_msgs__rosidl_typesupport_introspection_cpp
[2.790s] [ 70%] [32m[1mLinking CXX shared library libarduinobot_msgs__rosidl_typesupport_fastrtps_c.so[0m
[2.814s] [ 70%] Built target arduinobot_msgs__rosidl_typesupport_fastrtps_cpp
[2.879s] [ 70%] Built target arduinobot_msgs__rosidl_typesupport_fastrtps_c
[2.889s] [ 70%] Built target arduinobot_msgs
[2.900s] [ 74%] [34m[1mGenerating Python code for ROS interfaces[0m
[3.108s] [ 74%] Built target arduinobot_msgs__py
[3.120s] [ 77%] [32mBuilding C object CMakeFiles/arduinobot_msgs__rosidl_generator_py.dir/rosidl_generator_py/arduinobot_msgs/srv/_add_two_ints_s.c.o[0m
[3.212s] [ 80%] [32m[1mLinking C shared library rosidl_generator_py/arduinobot_msgs/libarduinobot_msgs__rosidl_generator_py.so[0m
[3.278s] [ 80%] Built target arduinobot_msgs__rosidl_generator_py
[3.291s] [ 90%] [32mBuilding C object CMakeFiles/arduinobot_msgs__rosidl_typesupport_introspection_c__pyext.dir/rosidl_generator_py/arduinobot_msgs/_arduinobot_msgs_s.ep.rosidl_typesupport_introspection_c.c.o[0m
[3.291s] [ 90%] [32mBuilding C object CMakeFiles/arduinobot_msgs__rosidl_typesupport_c__pyext.dir/rosidl_generator_py/arduinobot_msgs/_arduinobot_msgs_s.ep.rosidl_typesupport_c.c.o[0m
[3.291s] [ 90%] [32mBuilding C object CMakeFiles/arduinobot_msgs__rosidl_typesupport_fastrtps_c__pyext.dir/rosidl_generator_py/arduinobot_msgs/_arduinobot_msgs_s.ep.rosidl_typesupport_fastrtps_c.c.o[0m
[3.343s] [100%] [32m[1mLinking C shared library rosidl_generator_py/arduinobot_msgs/arduinobot_msgs_s__rosidl_typesupport_c.cpython-310-x86_64-linux-gnu.so[0m
[3.343s] [100%] [32m[1mLinking C shared library rosidl_generator_py/arduinobot_msgs/arduinobot_msgs_s__rosidl_typesupport_fastrtps_c.cpython-310-x86_64-linux-gnu.so[0m
[3.344s] [100%] [32m[1mLinking C shared library rosidl_generator_py/arduinobot_msgs/arduinobot_msgs_s__rosidl_typesupport_introspection_c.cpython-310-x86_64-linux-gnu.so[0m
[3.397s] [100%] Built target arduinobot_msgs__rosidl_typesupport_c__pyext
[3.397s] [100%] Built target arduinobot_msgs__rosidl_typesupport_fastrtps_c__pyext
[3.397s] [100%] Built target arduinobot_msgs__rosidl_typesupport_introspection_c__pyext
[3.403s] Invoked command in '/home/pbk/arduinobot_ws/src/build/arduinobot_msgs' returned '0': CMAKE_PREFIX_PATH=${CMAKE_PREFIX_PATH}:/home/pbk/arduinobot_ws/install/arduinobot_py_examples:/opt/ros/humble /usr/bin/cmake --build /home/pbk/arduinobot_ws/src/build/arduinobot_msgs -- -j20 -l20
[3.435s] Invoking command in '/home/pbk/arduinobot_ws/src/build/arduinobot_msgs': CMAKE_PREFIX_PATH=${CMAKE_PREFIX_PATH}:/home/pbk/arduinobot_ws/install/arduinobot_py_examples:/opt/ros/humble /usr/bin/cmake --install /home/pbk/arduinobot_ws/src/build/arduinobot_msgs
[3.439s] -- Install configuration: ""
[3.440s] -- Installing: /home/pbk/arduinobot_ws/src/install/arduinobot_msgs/share/ament_index/resource_index/rosidl_interfaces/arduinobot_msgs
[3.440s] -- Installing: /home/pbk/arduinobot_ws/src/install/arduinobot_msgs/include/arduinobot_msgs/arduinobot_msgs
[3.440s] -- Installing: /home/pbk/arduinobot_ws/src/install/arduinobot_msgs/include/arduinobot_msgs/arduinobot_msgs/msg
[3.440s] -- Installing: /home/pbk/arduinobot_ws/src/install/arduinobot_msgs/include/arduinobot_msgs/arduinobot_msgs/msg/rosidl_generator_c__visibility_control.h
[3.440s] -- Installing: /home/pbk/arduinobot_ws/src/install/arduinobot_msgs/include/arduinobot_msgs/arduinobot_msgs/srv
[3.440s] -- Installing: /home/pbk/arduinobot_ws/src/install/arduinobot_msgs/include/arduinobot_msgs/arduinobot_msgs/srv/detail
[3.440s] -- Installing: /home/pbk/arduinobot_ws/src/install/arduinobot_msgs/include/arduinobot_msgs/arduinobot_msgs/srv/detail/add_two_ints__functions.c
[3.440s] -- Installing: /home/pbk/arduinobot_ws/src/install/arduinobot_msgs/include/arduinobot_msgs/arduinobot_msgs/srv/detail/add_two_ints__struct.h
[3.441s] -- Installing: /home/pbk/arduinobot_ws/src/install/arduinobot_msgs/include/arduinobot_msgs/arduinobot_msgs/srv/detail/add_two_ints__functions.h
[3.441s] -- Installing: /home/pbk/arduinobot_ws/src/install/arduinobot_msgs/include/arduinobot_msgs/arduinobot_msgs/srv/detail/add_two_ints__type_support.h
[3.441s] -- Installing: /home/pbk/arduinobot_ws/src/install/arduinobot_msgs/include/arduinobot_msgs/arduinobot_msgs/srv/add_two_ints.h
[3.441s] -- Installing: /home/pbk/arduinobot_ws/src/install/arduinobot_msgs/share/arduinobot_msgs/environment/library_path.sh
[3.441s] -- Installing: /home/pbk/arduinobot_ws/src/install/arduinobot_msgs/share/arduinobot_msgs/environment/library_path.dsv
[3.441s] -- Installing: /home/pbk/arduinobot_ws/src/install/arduinobot_msgs/lib/libarduinobot_msgs__rosidl_generator_c.so
[3.441s] -- Set runtime path of "/home/pbk/arduinobot_ws/src/install/arduinobot_msgs/lib/libarduinobot_msgs__rosidl_generator_c.so" to ""
[3.441s] -- Up-to-date: /home/pbk/arduinobot_ws/src/install/arduinobot_msgs/include/arduinobot_msgs/arduinobot_msgs
[3.441s] -- Up-to-date: /home/pbk/arduinobot_ws/src/install/arduinobot_msgs/include/arduinobot_msgs/arduinobot_msgs/msg
[3.441s] -- Installing: /home/pbk/arduinobot_ws/src/install/arduinobot_msgs/include/arduinobot_msgs/arduinobot_msgs/msg/rosidl_typesupport_fastrtps_c__visibility_control.h
[3.441s] -- Up-to-date: /home/pbk/arduinobot_ws/src/install/arduinobot_msgs/include/arduinobot_msgs/arduinobot_msgs/srv
[3.442s] -- Up-to-date: /home/pbk/arduinobot_ws/src/install/arduinobot_msgs/include/arduinobot_msgs/arduinobot_msgs/srv/detail
[3.442s] -- Installing: /home/pbk/arduinobot_ws/src/install/arduinobot_msgs/include/arduinobot_msgs/arduinobot_msgs/srv/detail/add_two_ints__rosidl_typesupport_fastrtps_c.h
[3.442s] -- Installing: /home/pbk/arduinobot_ws/src/install/arduinobot_msgs/lib/libarduinobot_msgs__rosidl_typesupport_fastrtps_c.so
[3.442s] -- Set runtime path of "/home/pbk/arduinobot_ws/src/install/arduinobot_msgs/lib/libarduinobot_msgs__rosidl_typesupport_fastrtps_c.so" to ""
[3.442s] -- Up-to-date: /home/pbk/arduinobot_ws/src/install/arduinobot_msgs/include/arduinobot_msgs/arduinobot_msgs
[3.442s] -- Up-to-date: /home/pbk/arduinobot_ws/src/install/arduinobot_msgs/include/arduinobot_msgs/arduinobot_msgs/srv
[3.442s] -- Up-to-date: /home/pbk/arduinobot_ws/src/install/arduinobot_msgs/include/arduinobot_msgs/arduinobot_msgs/srv/detail
[3.442s] -- Installing: /home/pbk/arduinobot_ws/src/install/arduinobot_msgs/include/arduinobot_msgs/arduinobot_msgs/srv/detail/add_two_ints__struct.hpp
[3.443s] -- Installing: /home/pbk/arduinobot_ws/src/install/arduinobot_msgs/include/arduinobot_msgs/arduinobot_msgs/srv/detail/add_two_ints__traits.hpp
[3.443s] -- Installing: /home/pbk/arduinobot_ws/src/install/arduinobot_msgs/include/arduinobot_msgs/arduinobot_msgs/srv/detail/add_two_ints__builder.hpp
[3.443s] -- Installing: /home/pbk/arduinobot_ws/src/install/arduinobot_msgs/include/arduinobot_msgs/arduinobot_msgs/srv/add_two_ints.hpp
[3.443s] -- Up-to-date: /home/pbk/arduinobot_ws/src/install/arduinobot_msgs/include/arduinobot_msgs/arduinobot_msgs
[3.443s] -- Up-to-date: /home/pbk/arduinobot_ws/src/install/arduinobot_msgs/include/arduinobot_msgs/arduinobot_msgs/msg
[3.443s] -- Installing: /home/pbk/arduinobot_ws/src/install/arduinobot_msgs/include/arduinobot_msgs/arduinobot_msgs/msg/rosidl_typesupport_fastrtps_cpp__visibility_control.h
[3.443s] -- Up-to-date: /home/pbk/arduinobot_ws/src/install/arduinobot_msgs/include/arduinobot_msgs/arduinobot_msgs/srv
[3.443s] -- Up-to-date: /home/pbk/arduinobot_ws/src/install/arduinobot_msgs/include/arduinobot_msgs/arduinobot_msgs/srv/detail
[3.443s] -- Installing: /home/pbk/arduinobot_ws/src/install/arduinobot_msgs/include/arduinobot_msgs/arduinobot_msgs/srv/detail/dds_fastrtps
[3.443s] -- Installing: /home/pbk/arduinobot_ws/src/install/arduinobot_msgs/include/arduinobot_msgs/arduinobot_msgs/srv/detail/add_two_ints__rosidl_typesupport_fastrtps_cpp.hpp
[3.443s] -- Installing: /home/pbk/arduinobot_ws/src/install/arduinobot_msgs/lib/libarduinobot_msgs__rosidl_typesupport_fastrtps_cpp.so
[3.444s] -- Set runtime path of "/home/pbk/arduinobot_ws/src/install/arduinobot_msgs/lib/libarduinobot_msgs__rosidl_typesupport_fastrtps_cpp.so" to ""
[3.444s] -- Up-to-date: /home/pbk/arduinobot_ws/src/install/arduinobot_msgs/include/arduinobot_msgs/arduinobot_msgs
[3.444s] -- Up-to-date: /home/pbk/arduinobot_ws/src/install/arduinobot_msgs/include/arduinobot_msgs/arduinobot_msgs/msg
[3.444s] -- Installing: /home/pbk/arduinobot_ws/src/install/arduinobot_msgs/include/arduinobot_msgs/arduinobot_msgs/msg/rosidl_typesupport_introspection_c__visibility_control.h
[3.444s] -- Up-to-date: /home/pbk/arduinobot_ws/src/install/arduinobot_msgs/include/arduinobot_msgs/arduinobot_msgs/srv
[3.444s] -- Up-to-date: /home/pbk/arduinobot_ws/src/install/arduinobot_msgs/include/arduinobot_msgs/arduinobot_msgs/srv/detail
[3.444s] -- Installing: /home/pbk/arduinobot_ws/src/install/arduinobot_msgs/include/arduinobot_msgs/arduinobot_msgs/srv/detail/add_two_ints__rosidl_typesupport_introspection_c.h
[3.444s] -- Installing: /home/pbk/arduinobot_ws/src/install/arduinobot_msgs/include/arduinobot_msgs/arduinobot_msgs/srv/detail/add_two_ints__type_support.c
[3.444s] -- Installing: /home/pbk/arduinobot_ws/src/install/arduinobot_msgs/lib/libarduinobot_msgs__rosidl_typesupport_introspection_c.so
[3.444s] -- Set runtime path of "/home/pbk/arduinobot_ws/src/install/arduinobot_msgs/lib/libarduinobot_msgs__rosidl_typesupport_introspection_c.so" to ""
[3.444s] -- Installing: /home/pbk/arduinobot_ws/src/install/arduinobot_msgs/lib/libarduinobot_msgs__rosidl_typesupport_c.so
[3.444s] -- Set runtime path of "/home/pbk/arduinobot_ws/src/install/arduinobot_msgs/lib/libarduinobot_msgs__rosidl_typesupport_c.so" to ""
[3.445s] -- Up-to-date: /home/pbk/arduinobot_ws/src/install/arduinobot_msgs/include/arduinobot_msgs/arduinobot_msgs
[3.445s] -- Up-to-date: /home/pbk/arduinobot_ws/src/install/arduinobot_msgs/include/arduinobot_msgs/arduinobot_msgs/srv
[3.445s] -- Up-to-date: /home/pbk/arduinobot_ws/src/install/arduinobot_msgs/include/arduinobot_msgs/arduinobot_msgs/srv/detail
[3.445s] -- Installing: /home/pbk/arduinobot_ws/src/install/arduinobot_msgs/include/arduinobot_msgs/arduinobot_msgs/srv/detail/add_two_ints__rosidl_typesupport_introspection_cpp.hpp
[3.445s] -- Installing: /home/pbk/arduinobot_ws/src/install/arduinobot_msgs/include/arduinobot_msgs/arduinobot_msgs/srv/detail/add_two_ints__type_support.cpp
[3.445s] -- Installing: /home/pbk/arduinobot_ws/src/install/arduinobot_msgs/lib/libarduinobot_msgs__rosidl_typesupport_introspection_cpp.so
[3.445s] -- Set runtime path of "/home/pbk/arduinobot_ws/src/install/arduinobot_msgs/lib/libarduinobot_msgs__rosidl_typesupport_introspection_cpp.so" to ""
[3.445s] -- Installing: /home/pbk/arduinobot_ws/src/install/arduinobot_msgs/lib/libarduinobot_msgs__rosidl_typesupport_cpp.so
[3.445s] -- Set runtime path of "/home/pbk/arduinobot_ws/src/install/arduinobot_msgs/lib/libarduinobot_msgs__rosidl_typesupport_cpp.so" to ""
[3.445s] -- Installing: /home/pbk/arduinobot_ws/src/install/arduinobot_msgs/share/arduinobot_msgs/environment/pythonpath.sh
[3.446s] -- Installing: /home/pbk/arduinobot_ws/src/install/arduinobot_msgs/share/arduinobot_msgs/environment/pythonpath.dsv
[3.446s] -- Installing: /home/pbk/arduinobot_ws/src/install/arduinobot_msgs/local/lib/python3.10/dist-packages/arduinobot_msgs-0.0.0-py3.10.egg-info
[3.446s] -- Installing: /home/pbk/arduinobot_ws/src/install/arduinobot_msgs/local/lib/python3.10/dist-packages/arduinobot_msgs-0.0.0-py3.10.egg-info/top_level.txt
[3.446s] -- Installing: /home/pbk/arduinobot_ws/src/install/arduinobot_msgs/local/lib/python3.10/dist-packages/arduinobot_msgs-0.0.0-py3.10.egg-info/PKG-INFO
[3.446s] -- Installing: /home/pbk/arduinobot_ws/src/install/arduinobot_msgs/local/lib/python3.10/dist-packages/arduinobot_msgs-0.0.0-py3.10.egg-info/SOURCES.txt
[3.446s] -- Installing: /home/pbk/arduinobot_ws/src/install/arduinobot_msgs/local/lib/python3.10/dist-packages/arduinobot_msgs-0.0.0-py3.10.egg-info/dependency_links.txt
[3.446s] -- Installing: /home/pbk/arduinobot_ws/src/install/arduinobot_msgs/local/lib/python3.10/dist-packages/arduinobot_msgs
[3.446s] -- Installing: /home/pbk/arduinobot_ws/src/install/arduinobot_msgs/local/lib/python3.10/dist-packages/arduinobot_msgs/_arduinobot_msgs_s.ep.rosidl_typesupport_c.c
[3.446s] -- Installing: /home/pbk/arduinobot_ws/src/install/arduinobot_msgs/local/lib/python3.10/dist-packages/arduinobot_msgs/libarduinobot_msgs__rosidl_generator_py.so
[3.446s] -- Installing: /home/pbk/arduinobot_ws/src/install/arduinobot_msgs/local/lib/python3.10/dist-packages/arduinobot_msgs/__init__.py
[3.446s] -- Installing: /home/pbk/arduinobot_ws/src/install/arduinobot_msgs/local/lib/python3.10/dist-packages/arduinobot_msgs/arduinobot_msgs_s__rosidl_typesupport_introspection_c.cpython-310-x86_64-linux-gnu.so
[3.447s] -- Installing: /home/pbk/arduinobot_ws/src/install/arduinobot_msgs/local/lib/python3.10/dist-packages/arduinobot_msgs/srv
[3.447s] -- Installing: /home/pbk/arduinobot_ws/src/install/arduinobot_msgs/local/lib/python3.10/dist-packages/arduinobot_msgs/srv/__init__.py
[3.447s] -- Installing: /home/pbk/arduinobot_ws/src/install/arduinobot_msgs/local/lib/python3.10/dist-packages/arduinobot_msgs/srv/_add_two_ints.py
[3.447s] -- Installing: /home/pbk/arduinobot_ws/src/install/arduinobot_msgs/local/lib/python3.10/dist-packages/arduinobot_msgs/srv/_add_two_ints_s.c
[3.447s] -- Installing: /home/pbk/arduinobot_ws/src/install/arduinobot_msgs/local/lib/python3.10/dist-packages/arduinobot_msgs/arduinobot_msgs_s__rosidl_typesupport_c.cpython-310-x86_64-linux-gnu.so
[3.447s] -- Installing: /home/pbk/arduinobot_ws/src/install/arduinobot_msgs/local/lib/python3.10/dist-packages/arduinobot_msgs/_arduinobot_msgs_s.ep.rosidl_typesupport_fastrtps_c.c
[3.447s] -- Installing: /home/pbk/arduinobot_ws/src/install/arduinobot_msgs/local/lib/python3.10/dist-packages/arduinobot_msgs/_arduinobot_msgs_s.ep.rosidl_typesupport_introspection_c.c
[3.447s] -- Installing: /home/pbk/arduinobot_ws/src/install/arduinobot_msgs/local/lib/python3.10/dist-packages/arduinobot_msgs/arduinobot_msgs_s__rosidl_typesupport_fastrtps_c.cpython-310-x86_64-linux-gnu.so
[3.467s] Listing '/home/pbk/arduinobot_ws/src/install/arduinobot_msgs/local/lib/python3.10/dist-packages/arduinobot_msgs'...
[3.467s] Compiling '/home/pbk/arduinobot_ws/src/install/arduinobot_msgs/local/lib/python3.10/dist-packages/arduinobot_msgs/__init__.py'...
[3.467s] Listing '/home/pbk/arduinobot_ws/src/install/arduinobot_msgs/local/lib/python3.10/dist-packages/arduinobot_msgs/srv'...
[3.467s] Compiling '/home/pbk/arduinobot_ws/src/install/arduinobot_msgs/local/lib/python3.10/dist-packages/arduinobot_msgs/srv/__init__.py'...
[3.467s] Compiling '/home/pbk/arduinobot_ws/src/install/arduinobot_msgs/local/lib/python3.10/dist-packages/arduinobot_msgs/srv/_add_two_ints.py'...
[3.470s] -- Installing: /home/pbk/arduinobot_ws/src/install/arduinobot_msgs/local/lib/python3.10/dist-packages/arduinobot_msgs/arduinobot_msgs_s__rosidl_typesupport_fastrtps_c.cpython-310-x86_64-linux-gnu.so
[3.470s] -- Set runtime path of "/home/pbk/arduinobot_ws/src/install/arduinobot_msgs/local/lib/python3.10/dist-packages/arduinobot_msgs/arduinobot_msgs_s__rosidl_typesupport_fastrtps_c.cpython-310-x86_64-linux-gnu.so" to ""
[3.471s] -- Installing: /home/pbk/arduinobot_ws/src/install/arduinobot_msgs/local/lib/python3.10/dist-packages/arduinobot_msgs/arduinobot_msgs_s__rosidl_typesupport_introspection_c.cpython-310-x86_64-linux-gnu.so
[3.471s] -- Set runtime path of "/home/pbk/arduinobot_ws/src/install/arduinobot_msgs/local/lib/python3.10/dist-packages/arduinobot_msgs/arduinobot_msgs_s__rosidl_typesupport_introspection_c.cpython-310-x86_64-linux-gnu.so" to ""
[3.471s] -- Installing: /home/pbk/arduinobot_ws/src/install/arduinobot_msgs/local/lib/python3.10/dist-packages/arduinobot_msgs/arduinobot_msgs_s__rosidl_typesupport_c.cpython-310-x86_64-linux-gnu.so
[3.471s] -- Set runtime path of "/home/pbk/arduinobot_ws/src/install/arduinobot_msgs/local/lib/python3.10/dist-packages/arduinobot_msgs/arduinobot_msgs_s__rosidl_typesupport_c.cpython-310-x86_64-linux-gnu.so" to ""
[3.471s] -- Installing: /home/pbk/arduinobot_ws/src/install/arduinobot_msgs/lib/libarduinobot_msgs__rosidl_generator_py.so
[3.472s] -- Set runtime path of "/home/pbk/arduinobot_ws/src/install/arduinobot_msgs/lib/libarduinobot_msgs__rosidl_generator_py.so" to ""
[3.472s] -- Installing: /home/pbk/arduinobot_ws/src/install/arduinobot_msgs/share/arduinobot_msgs/srv/AddTwoInts.idl
[3.472s] -- Installing: /home/pbk/arduinobot_ws/src/install/arduinobot_msgs/share/arduinobot_msgs/srv/AddTwoInts.srv
[3.472s] -- Installing: /home/pbk/arduinobot_ws/src/install/arduinobot_msgs/share/arduinobot_msgs/srv/AddTwoInts_Request.msg
[3.472s] -- Installing: /home/pbk/arduinobot_ws/src/install/arduinobot_msgs/share/arduinobot_msgs/srv/AddTwoInts_Response.msg
[3.472s] -- Installing: /home/pbk/arduinobot_ws/src/install/arduinobot_msgs/share/ament_index/resource_index/package_run_dependencies/arduinobot_msgs
[3.472s] -- Installing: /home/pbk/arduinobot_ws/src/install/arduinobot_msgs/share/ament_index/resource_index/parent_prefix_path/arduinobot_msgs
[3.473s] -- Installing: /home/pbk/arduinobot_ws/src/install/arduinobot_msgs/share/arduinobot_msgs/environment/ament_prefix_path.sh
[3.473s] -- Installing: /home/pbk/arduinobot_ws/src/install/arduinobot_msgs/share/arduinobot_msgs/environment/ament_prefix_path.dsv
[3.473s] -- Installing: /home/pbk/arduinobot_ws/src/install/arduinobot_msgs/share/arduinobot_msgs/environment/path.sh
[3.473s] -- Installing: /home/pbk/arduinobot_ws/src/install/arduinobot_msgs/share/arduinobot_msgs/environment/path.dsv
[3.473s] -- Installing: /home/pbk/arduinobot_ws/src/install/arduinobot_msgs/share/arduinobot_msgs/local_setup.bash
[3.473s] -- Installing: /home/pbk/arduinobot_ws/src/install/arduinobot_msgs/share/arduinobot_msgs/local_setup.sh
[3.473s] -- Installing: /home/pbk/arduinobot_ws/src/install/arduinobot_msgs/share/arduinobot_msgs/local_setup.zsh
[3.473s] -- Installing: /home/pbk/arduinobot_ws/src/install/arduinobot_msgs/share/arduinobot_msgs/local_setup.dsv
[3.473s] -- Installing: /home/pbk/arduinobot_ws/src/install/arduinobot_msgs/share/arduinobot_msgs/package.dsv
[3.474s] -- Installing: /home/pbk/arduinobot_ws/src/install/arduinobot_msgs/share/ament_index/resource_index/packages/arduinobot_msgs
[3.474s] -- Installing: /home/pbk/arduinobot_ws/src/install/arduinobot_msgs/share/arduinobot_msgs/cmake/export_arduinobot_msgs__rosidl_generator_cExport.cmake
[3.474s] -- Installing: /home/pbk/arduinobot_ws/src/install/arduinobot_msgs/share/arduinobot_msgs/cmake/export_arduinobot_msgs__rosidl_generator_cExport-noconfig.cmake
[3.474s] -- Installing: /home/pbk/arduinobot_ws/src/install/arduinobot_msgs/share/arduinobot_msgs/cmake/export_arduinobot_msgs__rosidl_typesupport_fastrtps_cExport.cmake
[3.474s] -- Installing: /home/pbk/arduinobot_ws/src/install/arduinobot_msgs/share/arduinobot_msgs/cmake/export_arduinobot_msgs__rosidl_typesupport_fastrtps_cExport-noconfig.cmake
[3.474s] -- Installing: /home/pbk/arduinobot_ws/src/install/arduinobot_msgs/share/arduinobot_msgs/cmake/export_arduinobot_msgs__rosidl_generator_cppExport.cmake
[3.474s] -- Installing: /home/pbk/arduinobot_ws/src/install/arduinobot_msgs/share/arduinobot_msgs/cmake/export_arduinobot_msgs__rosidl_typesupport_fastrtps_cppExport.cmake
[3.474s] -- Installing: /home/pbk/arduinobot_ws/src/install/arduinobot_msgs/share/arduinobot_msgs/cmake/export_arduinobot_msgs__rosidl_typesupport_fastrtps_cppExport-noconfig.cmake
[3.474s] -- Installing: /home/pbk/arduinobot_ws/src/install/arduinobot_msgs/share/arduinobot_msgs/cmake/arduinobot_msgs__rosidl_typesupport_introspection_cExport.cmake
[3.474s] -- Installing: /home/pbk/arduinobot_ws/src/install/arduinobot_msgs/share/arduinobot_msgs/cmake/arduinobot_msgs__rosidl_typesupport_introspection_cExport-noconfig.cmake
[3.475s] -- Installing: /home/pbk/arduinobot_ws/src/install/arduinobot_msgs/share/arduinobot_msgs/cmake/arduinobot_msgs__rosidl_typesupport_cExport.cmake
[3.475s] -- Installing: /home/pbk/arduinobot_ws/src/install/arduinobot_msgs/share/arduinobot_msgs/cmake/arduinobot_msgs__rosidl_typesupport_cExport-noconfig.cmake
[3.475s] -- Installing: /home/pbk/arduinobot_ws/src/install/arduinobot_msgs/share/arduinobot_msgs/cmake/arduinobot_msgs__rosidl_typesupport_introspection_cppExport.cmake
[3.475s] -- Installing: /home/pbk/arduinobot_ws/src/install/arduinobot_msgs/share/arduinobot_msgs/cmake/arduinobot_msgs__rosidl_typesupport_introspection_cppExport-noconfig.cmake
[3.475s] -- Installing: /home/pbk/arduinobot_ws/src/install/arduinobot_msgs/share/arduinobot_msgs/cmake/arduinobot_msgs__rosidl_typesupport_cppExport.cmake
[3.475s] -- Installing: /home/pbk/arduinobot_ws/src/install/arduinobot_msgs/share/arduinobot_msgs/cmake/arduinobot_msgs__rosidl_typesupport_cppExport-noconfig.cmake
[3.475s] -- Installing: /home/pbk/arduinobot_ws/src/install/arduinobot_msgs/share/arduinobot_msgs/cmake/export_arduinobot_msgs__rosidl_generator_pyExport.cmake
[3.475s] -- Installing: /home/pbk/arduinobot_ws/src/install/arduinobot_msgs/share/arduinobot_msgs/cmake/export_arduinobot_msgs__rosidl_generator_pyExport-noconfig.cmake
[3.475s] -- Installing: /home/pbk/arduinobot_ws/src/install/arduinobot_msgs/share/arduinobot_msgs/cmake/rosidl_cmake-extras.cmake
[3.475s] -- Installing: /home/pbk/arduinobot_ws/src/install/arduinobot_msgs/share/arduinobot_msgs/cmake/ament_cmake_export_include_directories-extras.cmake
[3.476s] -- Installing: /home/pbk/arduinobot_ws/src/install/arduinobot_msgs/share/arduinobot_msgs/cmake/ament_cmake_export_libraries-extras.cmake
[3.476s] -- Installing: /home/pbk/arduinobot_ws/src/install/arduinobot_msgs/share/arduinobot_msgs/cmake/ament_cmake_export_targets-extras.cmake
[3.476s] -- Installing: /home/pbk/arduinobot_ws/src/install/arduinobot_msgs/share/arduinobot_msgs/cmake/rosidl_cmake_export_typesupport_targets-extras.cmake
[3.476s] -- Installing: /home/pbk/arduinobot_ws/src/install/arduinobot_msgs/share/arduinobot_msgs/cmake/ament_cmake_export_dependencies-extras.cmake
[3.476s] -- Installing: /home/pbk/arduinobot_ws/src/install/arduinobot_msgs/share/arduinobot_msgs/cmake/rosidl_cmake_export_typesupport_libraries-extras.cmake
[3.476s] -- Installing: /home/pbk/arduinobot_ws/src/install/arduinobot_msgs/share/arduinobot_msgs/cmake/arduinobot_msgsConfig.cmake
[3.476s] -- Installing: /home/pbk/arduinobot_ws/src/install/arduinobot_msgs/share/arduinobot_msgs/cmake/arduinobot_msgsConfig-version.cmake
[3.476s] -- Installing: /home/pbk/arduinobot_ws/src/install/arduinobot_msgs/share/arduinobot_msgs/package.xml
[3.477s] Invoked command in '/home/pbk/arduinobot_ws/src/build/arduinobot_msgs' returned '0': CMAKE_PREFIX_PATH=${CMAKE_PREFIX_PATH}:/home/pbk/arduinobot_ws/install/arduinobot_py_examples:/opt/ros/humble /usr/bin/cmake --install /home/pbk/arduinobot_ws/src/build/arduinobot_msgs
