[0.654s] Invoking command in '/home/pbk/Robotic_Arm/arduinobot_ws/src/arduinobot_py_examples': CMAKE_PREFIX_PATH=/home/pbk/Robotic_Arm/arduinobot_ws/install/arduinobot_msgs:${CMAKE_PREFIX_PATH} LD_LIBRARY_PATH=/home/pbk/Robotic_Arm/arduinobot_ws/install/arduinobot_msgs/lib:${LD_LIBRARY_PATH} PYTHONPATH=/home/pbk/Robotic_Arm/arduinobot_ws/build/arduinobot_py_examples/prefix_override:/home/pbk/Robotic_Arm/arduinobot_ws/install/arduinobot_py_examples/lib/python3.10/site-packages:${PYTHONPATH} /usr/bin/python3 -W ignore:setup.py install is deprecated setup.py egg_info --egg-base ../../build/arduinobot_py_examples build --build-base /home/pbk/Robotic_Arm/arduinobot_ws/build/arduinobot_py_examples/build install --record /home/pbk/Robotic_Arm/arduinobot_ws/build/arduinobot_py_examples/install.log --single-version-externally-managed install_data
[0.918s] running egg_info
[0.919s] writing ../../build/arduinobot_py_examples/arduinobot_py_examples.egg-info/PKG-INFO
[0.920s] writing dependency_links to ../../build/arduinobot_py_examples/arduinobot_py_examples.egg-info/dependency_links.txt
[0.920s] writing entry points to ../../build/arduinobot_py_examples/arduinobot_py_examples.egg-info/entry_points.txt
[0.921s] writing requirements to ../../build/arduinobot_py_examples/arduinobot_py_examples.egg-info/requires.txt
[0.921s] writing top-level names to ../../build/arduinobot_py_examples/arduinobot_py_examples.egg-info/top_level.txt
[0.924s] reading manifest file '../../build/arduinobot_py_examples/arduinobot_py_examples.egg-info/SOURCES.txt'
[0.925s] writing manifest file '../../build/arduinobot_py_examples/arduinobot_py_examples.egg-info/SOURCES.txt'
[0.926s] running build
[0.926s] running build_py
[0.929s] running install
[0.929s] running install_lib
[0.934s] running install_data
[0.937s] running install_egg_info
[0.938s] removing '/home/pbk/Robotic_Arm/arduinobot_ws/install/arduinobot_py_examples/lib/python3.10/site-packages/arduinobot_py_examples-0.0.0-py3.10.egg-info' (and everything under it)
[0.941s] Copying ../../build/arduinobot_py_examples/arduinobot_py_examples.egg-info to /home/pbk/Robotic_Arm/arduinobot_ws/install/arduinobot_py_examples/lib/python3.10/site-packages/arduinobot_py_examples-0.0.0-py3.10.egg-info
[0.943s] running install_scripts
[0.971s] Installing simple_action_client script to /home/pbk/Robotic_Arm/arduinobot_ws/install/arduinobot_py_examples/lib/arduinobot_py_examples
[0.972s] Installing simple_action_server script to /home/pbk/Robotic_Arm/arduinobot_ws/install/arduinobot_py_examples/lib/arduinobot_py_examples
[0.972s] Installing simple_lifecycle_node script to /home/pbk/Robotic_Arm/arduinobot_ws/install/arduinobot_py_examples/lib/arduinobot_py_examples
[0.972s] Installing simple_parameter script to /home/pbk/Robotic_Arm/arduinobot_ws/install/arduinobot_py_examples/lib/arduinobot_py_examples
[0.972s] Installing simple_publisher script to /home/pbk/Robotic_Arm/arduinobot_ws/install/arduinobot_py_examples/lib/arduinobot_py_examples
[0.972s] Installing simple_service_client script to /home/pbk/Robotic_Arm/arduinobot_ws/install/arduinobot_py_examples/lib/arduinobot_py_examples
[0.973s] Installing simple_service_server script to /home/pbk/Robotic_Arm/arduinobot_ws/install/arduinobot_py_examples/lib/arduinobot_py_examples
[0.973s] Installing simple_subscriber script to /home/pbk/Robotic_Arm/arduinobot_ws/install/arduinobot_py_examples/lib/arduinobot_py_examples
[0.974s] writing list of installed files to '/home/pbk/Robotic_Arm/arduinobot_ws/build/arduinobot_py_examples/install.log'
[1.011s] Invoked command in '/home/pbk/Robotic_Arm/arduinobot_ws/src/arduinobot_py_examples' returned '0': CMAKE_PREFIX_PATH=/home/pbk/Robotic_Arm/arduinobot_ws/install/arduinobot_msgs:${CMAKE_PREFIX_PATH} LD_LIBRARY_PATH=/home/pbk/Robotic_Arm/arduinobot_ws/install/arduinobot_msgs/lib:${LD_LIBRARY_PATH} PYTHONPATH=/home/pbk/Robotic_Arm/arduinobot_ws/build/arduinobot_py_examples/prefix_override:/home/pbk/Robotic_Arm/arduinobot_ws/install/arduinobot_py_examples/lib/python3.10/site-packages:${PYTHONPATH} /usr/bin/python3 -W ignore:setup.py install is deprecated setup.py egg_info --egg-base ../../build/arduinobot_py_examples build --build-base /home/pbk/Robotic_Arm/arduinobot_ws/build/arduinobot_py_examples/build install --record /home/pbk/Robotic_Arm/arduinobot_ws/build/arduinobot_py_examples/install.log --single-version-externally-managed install_data
