[0.024s] Invoking command in '/home/pbk/arduinobot_ws/build/arduinobot_firmware': CMAKE_PREFIX_PATH=${CMAKE_PREFIX_PATH}:/home/pbk/arduinobot_ws/install/arduinobot_py_examples:/opt/ros/humble /usr/bin/cmake --build /home/pbk/arduinobot_ws/build/arduinobot_firmware -- -j20 -l20
[0.042s] -- Found ament_cmake: 1.3.8 (/opt/ros/humble/share/ament_cmake/cmake)
[0.159s] -- Found rclcpp: 16.0.8 (/opt/ros/humble/share/rclcpp/cmake)
[0.335s] -- Found rosidl_generator_c: 3.1.5 (/opt/ros/humble/share/rosidl_generator_c/cmake)
[0.337s] -- Found rosidl_adapter: 3.1.5 (/opt/ros/humble/share/rosidl_adapter/cmake)
[0.344s] -- Found rosidl_generator_cpp: 3.1.5 (/opt/ros/humble/share/rosidl_generator_cpp/cmake)
[0.357s] -- Using all available rosidl_typesupport_c: rosidl_typesupport_fastrtps_c;rosidl_typesupport_introspection_c
[0.376s] -- Using all available rosidl_typesupport_cpp: rosidl_typesupport_fastrtps_cpp;rosidl_typesupport_introspection_cpp
[0.433s] -- Found rmw_implementation_cmake: 6.1.1 (/opt/ros/humble/share/rmw_implementation_cmake/cmake)
[0.436s] -- Found rmw_cyclonedds_cpp: 1.3.4 (/opt/ros/humble/share/rmw_cyclonedds_cpp/cmake)
[0.468s] -- Using RMW implementation 'rmw_cyclonedds_cpp' as default
[0.587s] -- Found rclpy: 3.3.12 (/opt/ros/humble/share/rclpy/cmake)
[0.640s] -- Found ament_lint_auto: 0.12.10 (/opt/ros/humble/share/ament_lint_auto/cmake)
[0.708s] -- Added test 'cppcheck' to perform static code analysis on C / C++ code
[0.708s] -- Configured cppcheck include dirs: /home/pbk/arduinobot_ws/src/arduinobot_firmware/
[0.708s] -- Configured cppcheck exclude dirs and/or files: 
[0.709s] -- Added test 'flake8' to check Python code syntax and style conventions
[0.709s] -- Added test 'lint_cmake' to check CMake code style
[0.709s] -- Added test 'pep257' to check Python code against some of the docstring style conventions in PEP 257
[0.709s] -- Added test 'uncrustify' to check C / C++ code style
[0.710s] -- Configured uncrustify additional arguments: 
[0.710s] -- Added test 'xmllint' to check XML markup files
[0.711s] -- Configuring done
[0.720s] -- Generating done
[0.721s] -- Build files have been written to: /home/pbk/arduinobot_ws/build/arduinobot_firmware
[0.739s] [35m[1mConsolidate compiler generated dependencies of target simple_serial_transmitter[0m
[0.750s] [  0%] Built target ament_cmake_python_copy_arduinobot_firmware
[0.751s] [100%] Built target simple_serial_transmitter
[0.915s] running egg_info
[0.916s] writing arduinobot_firmware.egg-info/PKG-INFO
[0.916s] writing dependency_links to arduinobot_firmware.egg-info/dependency_links.txt
[0.916s] writing top-level names to arduinobot_firmware.egg-info/top_level.txt
[0.918s] reading manifest file 'arduinobot_firmware.egg-info/SOURCES.txt'
[0.919s] writing manifest file 'arduinobot_firmware.egg-info/SOURCES.txt'
[0.943s] [100%] Built target ament_cmake_python_build_arduinobot_firmware_egg
[0.956s] Invoked command in '/home/pbk/arduinobot_ws/build/arduinobot_firmware' returned '0': CMAKE_PREFIX_PATH=${CMAKE_PREFIX_PATH}:/home/pbk/arduinobot_ws/install/arduinobot_py_examples:/opt/ros/humble /usr/bin/cmake --build /home/pbk/arduinobot_ws/build/arduinobot_firmware -- -j20 -l20
[0.973s] Invoking command in '/home/pbk/arduinobot_ws/build/arduinobot_firmware': CMAKE_PREFIX_PATH=${CMAKE_PREFIX_PATH}:/home/pbk/arduinobot_ws/install/arduinobot_py_examples:/opt/ros/humble /usr/bin/cmake --install /home/pbk/arduinobot_ws/build/arduinobot_firmware
[0.977s] -- Install configuration: ""
[0.977s] -- Up-to-date: /home/pbk/arduinobot_ws/install/arduinobot_firmware/share/arduinobot_firmware/environment/pythonpath.sh
[0.977s] -- Installing: /home/pbk/arduinobot_ws/install/arduinobot_firmware/share/arduinobot_firmware/environment/pythonpath.dsv
[0.977s] -- Up-to-date: /home/pbk/arduinobot_ws/install/arduinobot_firmware/local/lib/python3.10/dist-packages/arduinobot_firmware-0.0.0-py3.10.egg-info
[0.978s] -- Installing: /home/pbk/arduinobot_ws/install/arduinobot_firmware/local/lib/python3.10/dist-packages/arduinobot_firmware-0.0.0-py3.10.egg-info/top_level.txt
[0.978s] -- Installing: /home/pbk/arduinobot_ws/install/arduinobot_firmware/local/lib/python3.10/dist-packages/arduinobot_firmware-0.0.0-py3.10.egg-info/PKG-INFO
[0.978s] -- Installing: /home/pbk/arduinobot_ws/install/arduinobot_firmware/local/lib/python3.10/dist-packages/arduinobot_firmware-0.0.0-py3.10.egg-info/SOURCES.txt
[0.978s] -- Installing: /home/pbk/arduinobot_ws/install/arduinobot_firmware/local/lib/python3.10/dist-packages/arduinobot_firmware-0.0.0-py3.10.egg-info/dependency_links.txt
[0.978s] -- Up-to-date: /home/pbk/arduinobot_ws/install/arduinobot_firmware/local/lib/python3.10/dist-packages/arduinobot_firmware
[0.978s] -- Installing: /home/pbk/arduinobot_ws/install/arduinobot_firmware/local/lib/python3.10/dist-packages/arduinobot_firmware/simple_serial_transmitter.py
[0.978s] -- Up-to-date: /home/pbk/arduinobot_ws/install/arduinobot_firmware/local/lib/python3.10/dist-packages/arduinobot_firmware/__init__.py
[1.000s] Listing '/home/pbk/arduinobot_ws/install/arduinobot_firmware/local/lib/python3.10/dist-packages/arduinobot_firmware'...
[1.000s] Compiling '/home/pbk/arduinobot_ws/install/arduinobot_firmware/local/lib/python3.10/dist-packages/arduinobot_firmware/simple_serial_transmitter.py'...
[1.003s] -- Up-to-date: /home/pbk/arduinobot_ws/install/arduinobot_firmware/lib/arduinobot_firmware/simple_serial_transmitter
[1.003s] -- Installing: /home/pbk/arduinobot_ws/install/arduinobot_firmware/lib/arduinobot_firmware/simple_serial_transmitter.py
[1.003s] -- Up-to-date: /home/pbk/arduinobot_ws/install/arduinobot_firmware/share/ament_index/resource_index/package_run_dependencies/arduinobot_firmware
[1.003s] -- Up-to-date: /home/pbk/arduinobot_ws/install/arduinobot_firmware/share/ament_index/resource_index/parent_prefix_path/arduinobot_firmware
[1.003s] -- Up-to-date: /home/pbk/arduinobot_ws/install/arduinobot_firmware/share/arduinobot_firmware/environment/ament_prefix_path.sh
[1.004s] -- Installing: /home/pbk/arduinobot_ws/install/arduinobot_firmware/share/arduinobot_firmware/environment/ament_prefix_path.dsv
[1.004s] -- Up-to-date: /home/pbk/arduinobot_ws/install/arduinobot_firmware/share/arduinobot_firmware/environment/path.sh
[1.004s] -- Installing: /home/pbk/arduinobot_ws/install/arduinobot_firmware/share/arduinobot_firmware/environment/path.dsv
[1.004s] -- Up-to-date: /home/pbk/arduinobot_ws/install/arduinobot_firmware/share/arduinobot_firmware/local_setup.bash
[1.004s] -- Up-to-date: /home/pbk/arduinobot_ws/install/arduinobot_firmware/share/arduinobot_firmware/local_setup.sh
[1.004s] -- Up-to-date: /home/pbk/arduinobot_ws/install/arduinobot_firmware/share/arduinobot_firmware/local_setup.zsh
[1.004s] -- Installing: /home/pbk/arduinobot_ws/install/arduinobot_firmware/share/arduinobot_firmware/local_setup.dsv
[1.004s] -- Installing: /home/pbk/arduinobot_ws/install/arduinobot_firmware/share/arduinobot_firmware/package.dsv
[1.004s] -- Up-to-date: /home/pbk/arduinobot_ws/install/arduinobot_firmware/share/ament_index/resource_index/packages/arduinobot_firmware
[1.004s] -- Up-to-date: /home/pbk/arduinobot_ws/install/arduinobot_firmware/share/arduinobot_firmware/cmake/arduinobot_firmwareConfig.cmake
[1.004s] -- Up-to-date: /home/pbk/arduinobot_ws/install/arduinobot_firmware/share/arduinobot_firmware/cmake/arduinobot_firmwareConfig-version.cmake
[1.004s] -- Up-to-date: /home/pbk/arduinobot_ws/install/arduinobot_firmware/share/arduinobot_firmware/package.xml
[1.005s] Invoked command in '/home/pbk/arduinobot_ws/build/arduinobot_firmware' returned '0': CMAKE_PREFIX_PATH=${CMAKE_PREFIX_PATH}:/home/pbk/arduinobot_ws/install/arduinobot_py_examples:/opt/ros/humble /usr/bin/cmake --install /home/pbk/arduinobot_ws/build/arduinobot_firmware
