[0.019s] Invoking command in '/home/pbk/arduinobot_ws/build/arduinobot_msgs': CMAKE_PREFIX_PATH=${CMAKE_PREFIX_PATH}:/home/pbk/arduinobot_ws/install/arduinobot_py_examples:/opt/ros/humble /usr/bin/cmake --build /home/pbk/arduinobot_ws/build/arduinobot_msgs -- -j20 -l20
[0.085s] [  9%] Built target arduinobot_msgs__rosidl_generator_c
[0.085s] [ 12%] Built target arduinobot_msgs__cpp
[0.094s] [ 12%] Built target ament_cmake_python_copy_arduinobot_msgs
[0.101s] [ 32%] Built target arduinobot_msgs__rosidl_typesupport_cpp
[0.101s] [ 32%] Built target arduinobot_msgs__rosidl_typesupport_c
[0.104s] [ 41%] Built target arduinobot_msgs__rosidl_typesupport_introspection_c
[0.104s] [ 61%] Built target arduinobot_msgs__rosidl_typesupport_fastrtps_cpp
[0.104s] [ 61%] Built target arduinobot_msgs__rosidl_typesupport_introspection_cpp
[0.104s] [ 70%] Built target arduinobot_msgs__rosidl_typesupport_fastrtps_c
[0.117s] [ 70%] Built target arduinobot_msgs
[0.131s] [ 74%] Built target arduinobot_msgs__py
[0.146s] [ 80%] Built target arduinobot_msgs__rosidl_generator_py
[0.161s] [ 90%] Built target arduinobot_msgs__rosidl_typesupport_introspection_c__pyext
[0.161s] [ 96%] Built target arduinobot_msgs__rosidl_typesupport_fastrtps_c__pyext
[0.161s] [100%] Built target arduinobot_msgs__rosidl_typesupport_c__pyext
[0.235s] running egg_info
[0.236s] writing arduinobot_msgs.egg-info/PKG-INFO
[0.236s] writing dependency_links to arduinobot_msgs.egg-info/dependency_links.txt
[0.236s] writing top-level names to arduinobot_msgs.egg-info/top_level.txt
[0.238s] reading manifest file 'arduinobot_msgs.egg-info/SOURCES.txt'
[0.239s] writing manifest file 'arduinobot_msgs.egg-info/SOURCES.txt'
[0.255s] [100%] Built target ament_cmake_python_build_arduinobot_msgs_egg
