[0.022s] Invoking command in '/home/pbk/arduinobot_ws/build/arduinobot_moveit': CMAKE_PREFIX_PATH=${CMAKE_PREFIX_PATH}:/home/pbk/arduinobot_ws/install/arduinobot_py_examples:/opt/ros/humble /usr/bin/cmake --build /home/pbk/arduinobot_ws/build/arduinobot_moveit -- -j20 -l20
[0.034s] -- Found ament_cmake: 1.3.8 (/opt/ros/humble/share/ament_cmake/cmake)
[0.130s] -- Found ament_lint_auto: 0.12.10 (/opt/ros/humble/share/ament_lint_auto/cmake)
[0.175s] -- Added test 'flake8' to check Python code syntax and style conventions
[0.175s] -- Added test 'lint_cmake' to check CMake code style
[0.175s] -- Added test 'pep257' to check Python code against some of the docstring style conventions in PEP 257
[0.176s] -- Added test 'xmllint' to check XML markup files
[0.177s] -- Configuring done
[0.181s] -- Generating done
[0.182s] -- Build files have been written to: /home/pbk/arduinobot_ws/build/arduinobot_moveit
[0.195s] Invoked command in '/home/pbk/arduinobot_ws/build/arduinobot_moveit' returned '0': CMAKE_PREFIX_PATH=${CMAKE_PREFIX_PATH}:/home/pbk/arduinobot_ws/install/arduinobot_py_examples:/opt/ros/humble /usr/bin/cmake --build /home/pbk/arduinobot_ws/build/arduinobot_moveit -- -j20 -l20
[0.207s] Invoking command in '/home/pbk/arduinobot_ws/build/arduinobot_moveit': CMAKE_PREFIX_PATH=${CMAKE_PREFIX_PATH}:/home/pbk/arduinobot_ws/install/arduinobot_py_examples:/opt/ros/humble /usr/bin/cmake --install /home/pbk/arduinobot_ws/build/arduinobot_moveit
[0.211s] -- Install configuration: ""
[0.212s] -- Installing: /home/pbk/arduinobot_ws/install/arduinobot_moveit/share/arduinobot_moveit/launch
[0.212s] -- Installing: /home/pbk/arduinobot_ws/install/arduinobot_moveit/share/arduinobot_moveit/launch/moveit.launch.py
[0.212s] -- Installing: /home/pbk/arduinobot_ws/install/arduinobot_moveit/share/arduinobot_moveit/config
[0.212s] -- Installing: /home/pbk/arduinobot_ws/install/arduinobot_moveit/share/arduinobot_moveit/config/moveit_controller.yaml
[0.212s] -- Installing: /home/pbk/arduinobot_ws/install/arduinobot_moveit/share/arduinobot_moveit/config/initial_positions.yaml
[0.212s] -- Installing: /home/pbk/arduinobot_ws/install/arduinobot_moveit/share/arduinobot_moveit/config/pliz_cartesian_limits.yaml
[0.212s] -- Installing: /home/pbk/arduinobot_ws/install/arduinobot_moveit/share/arduinobot_moveit/config/kinematic.yaml
[0.212s] -- Installing: /home/pbk/arduinobot_ws/install/arduinobot_moveit/share/arduinobot_moveit/config/arduinobot.srdf
[0.212s] -- Installing: /home/pbk/arduinobot_ws/install/arduinobot_moveit/share/arduinobot_moveit/config/joint_limits.yaml
[0.213s] -- Installing: /home/pbk/arduinobot_ws/install/arduinobot_moveit/share/ament_index/resource_index/package_run_dependencies/arduinobot_moveit
[0.213s] -- Up-to-date: /home/pbk/arduinobot_ws/install/arduinobot_moveit/share/ament_index/resource_index/parent_prefix_path/arduinobot_moveit
[0.213s] -- Up-to-date: /home/pbk/arduinobot_ws/install/arduinobot_moveit/share/arduinobot_moveit/environment/ament_prefix_path.sh
[0.213s] -- Installing: /home/pbk/arduinobot_ws/install/arduinobot_moveit/share/arduinobot_moveit/environment/ament_prefix_path.dsv
[0.213s] -- Up-to-date: /home/pbk/arduinobot_ws/install/arduinobot_moveit/share/arduinobot_moveit/environment/path.sh
[0.213s] -- Installing: /home/pbk/arduinobot_ws/install/arduinobot_moveit/share/arduinobot_moveit/environment/path.dsv
[0.213s] -- Up-to-date: /home/pbk/arduinobot_ws/install/arduinobot_moveit/share/arduinobot_moveit/local_setup.bash
[0.213s] -- Up-to-date: /home/pbk/arduinobot_ws/install/arduinobot_moveit/share/arduinobot_moveit/local_setup.sh
[0.214s] -- Up-to-date: /home/pbk/arduinobot_ws/install/arduinobot_moveit/share/arduinobot_moveit/local_setup.zsh
[0.214s] -- Installing: /home/pbk/arduinobot_ws/install/arduinobot_moveit/share/arduinobot_moveit/local_setup.dsv
[0.214s] -- Installing: /home/pbk/arduinobot_ws/install/arduinobot_moveit/share/arduinobot_moveit/package.dsv
[0.214s] -- Up-to-date: /home/pbk/arduinobot_ws/install/arduinobot_moveit/share/ament_index/resource_index/packages/arduinobot_moveit
[0.214s] -- Up-to-date: /home/pbk/arduinobot_ws/install/arduinobot_moveit/share/arduinobot_moveit/cmake/arduinobot_moveitConfig.cmake
[0.214s] -- Up-to-date: /home/pbk/arduinobot_ws/install/arduinobot_moveit/share/arduinobot_moveit/cmake/arduinobot_moveitConfig-version.cmake
[0.214s] -- Installing: /home/pbk/arduinobot_ws/install/arduinobot_moveit/share/arduinobot_moveit/package.xml
[0.216s] Invoked command in '/home/pbk/arduinobot_ws/build/arduinobot_moveit' returned '0': CMAKE_PREFIX_PATH=${CMAKE_PREFIX_PATH}:/home/pbk/arduinobot_ws/install/arduinobot_py_examples:/opt/ros/humble /usr/bin/cmake --install /home/pbk/arduinobot_ws/build/arduinobot_moveit
