[0.016s] Invoking command in '/home/pbk/arduinobot_ws/build/arduinobot_msgs': CMAKE_PREFIX_PATH=${CMAKE_PREFIX_PATH}:/home/pbk/arduinobot_ws/install/arduinobot_py_examples:/opt/ros/humble /usr/bin/cmake --build /home/pbk/arduinobot_ws/build/arduinobot_msgs -- -j20 -l20
[0.032s] -- Found ament_cmake: 1.3.8 (/opt/ros/humble/share/ament_cmake/cmake)
[0.117s] -- Found std_msgs: 4.2.3 (/opt/ros/humble/share/std_msgs/cmake)
[0.238s] -- Found rosidl_generator_c: 3.1.5 (/opt/ros/humble/share/rosidl_generator_c/cmake)
[0.239s] -- Found rosidl_adapter: 3.1.5 (/opt/ros/humble/share/rosidl_adapter/cmake)
[0.243s] -- Found rosidl_generator_cpp: 3.1.5 (/opt/ros/humble/share/rosidl_generator_cpp/cmake)
[0.251s] -- Using all available rosidl_typesupport_c: rosidl_typesupport_fastrtps_c;rosidl_typesupport_introspection_c
[0.260s] -- Using all available rosidl_typesupport_cpp: rosidl_typesupport_fastrtps_cpp;rosidl_typesupport_introspection_cpp
[0.292s] -- Found rosidl_default_generators: 1.2.0 (/opt/ros/humble/share/rosidl_default_generators/cmake)
[0.461s] -- Found ament_cmake_ros: 0.10.0 (/opt/ros/humble/share/ament_cmake_ros/cmake)
[0.654s] -- Using all available rosidl_typesupport_c: rosidl_typesupport_fastrtps_c;rosidl_typesupport_introspection_c
[0.735s] -- Using all available rosidl_typesupport_cpp: rosidl_typesupport_fastrtps_cpp;rosidl_typesupport_introspection_cpp
[0.751s] -- Found python_cmake_module: 0.10.0 (/opt/ros/humble/share/python_cmake_module/cmake)
[0.767s] -- Using PYTHON_EXECUTABLE: /usr/bin/python3
[0.767s] -- Using PYTHON_INCLUDE_DIRS: /usr/include/python3.10
[0.767s] -- Using PYTHON_LIBRARIES: /usr/lib/x86_64-linux-gnu/libpython3.10.so
[0.776s] -- Found ament_lint_auto: 0.12.10 (/opt/ros/humble/share/ament_lint_auto/cmake)
[0.785s] -- Added test 'lint_cmake' to check CMake code style
[0.786s] -- Added test 'xmllint' to check XML markup files
[0.789s] -- Configuring done
[0.815s] -- Generating done
[0.817s] -- Build files have been written to: /home/pbk/arduinobot_ws/build/arduinobot_msgs
[0.835s] [  2%] [34m[1mGenerating C code for ROS interfaces[0m
[0.841s] [  4%] [34m[1mGenerating C++ code for ROS interfaces[0m
[0.848s] [  4%] Built target ament_cmake_python_copy_arduinobot_msgs
[1.013s] running egg_info
[1.013s] writing arduinobot_msgs.egg-info/PKG-INFO
[1.014s] writing dependency_links to arduinobot_msgs.egg-info/dependency_links.txt
[1.014s] writing top-level names to arduinobot_msgs.egg-info/top_level.txt
[1.016s] reading manifest file 'arduinobot_msgs.egg-info/SOURCES.txt'
[1.017s] writing manifest file 'arduinobot_msgs.egg-info/SOURCES.txt'
[1.038s] [  4%] Built target ament_cmake_python_build_arduinobot_msgs_egg
[1.128s] [  4%] Built target arduinobot_msgs__cpp
[1.135s] [  8%] [34m[1mGenerating C++ type support for eProsima Fast-RTPS[0m
[1.135s] [  8%] [34m[1mGenerating C++ introspection for ROS interfaces[0m
[1.136s] [ 10%] [34m[1mGenerating C++ type support dispatch for ROS interfaces[0m
[1.157s] [35m[1mConsolidate compiler generated dependencies of target arduinobot_msgs__rosidl_generator_c[0m
[1.166s] [ 12%] [32mBuilding C object CMakeFiles/arduinobot_msgs__rosidl_generator_c.dir/rosidl_generator_c/arduinobot_msgs/srv/detail/euler_to_quaternion__functions.c.o[0m
[1.166s] [ 17%] [32mBuilding C object CMakeFiles/arduinobot_msgs__rosidl_generator_c.dir/rosidl_generator_c/arduinobot_msgs/srv/detail/add_two_ints__functions.c.o[0m
[1.166s] [ 17%] [32mBuilding C object CMakeFiles/arduinobot_msgs__rosidl_generator_c.dir/rosidl_generator_c/arduinobot_msgs/srv/detail/quaternion_to_euler__functions.c.o[0m
[1.219s] [ 19%] [32m[1mLinking C shared library libarduinobot_msgs__rosidl_generator_c.so[0m
[1.292s] [ 19%] Built target arduinobot_msgs__rosidl_generator_c
[1.298s] [ 21%] [34m[1mGenerating C type support for eProsima Fast-RTPS[0m
[1.298s] [ 23%] [34m[1mGenerating C type support dispatch for ROS interfaces[0m
[1.320s] [ 25%] [34m[1mGenerating C introspection for ROS interfaces[0m
[1.407s] [35m[1mConsolidate compiler generated dependencies of target arduinobot_msgs__rosidl_typesupport_cpp[0m
[1.428s] [ 27%] [32mBuilding CXX object CMakeFiles/arduinobot_msgs__rosidl_typesupport_cpp.dir/rosidl_typesupport_cpp/arduinobot_msgs/srv/euler_to_quaternion__type_support.cpp.o[0m
[1.428s] [ 31%] [32mBuilding CXX object CMakeFiles/arduinobot_msgs__rosidl_typesupport_cpp.dir/rosidl_typesupport_cpp/arduinobot_msgs/srv/add_two_ints__type_support.cpp.o[0m
[1.428s] [ 31%] [32mBuilding CXX object CMakeFiles/arduinobot_msgs__rosidl_typesupport_cpp.dir/rosidl_typesupport_cpp/arduinobot_msgs/srv/quaternion_to_euler__type_support.cpp.o[0m
[1.443s] [35m[1mConsolidate compiler generated dependencies of target arduinobot_msgs__rosidl_typesupport_introspection_cpp[0m
[1.455s] [ 34%] [32mBuilding CXX object CMakeFiles/arduinobot_msgs__rosidl_typesupport_introspection_cpp.dir/rosidl_typesupport_introspection_cpp/arduinobot_msgs/srv/detail/quaternion_to_euler__type_support.cpp.o[0m
[1.457s] [ 36%] [32mBuilding CXX object CMakeFiles/arduinobot_msgs__rosidl_typesupport_introspection_cpp.dir/rosidl_typesupport_introspection_cpp/arduinobot_msgs/srv/detail/euler_to_quaternion__type_support.cpp.o[0m
[1.458s] [ 38%] [32mBuilding CXX object CMakeFiles/arduinobot_msgs__rosidl_typesupport_introspection_cpp.dir/rosidl_typesupport_introspection_cpp/arduinobot_msgs/srv/detail/add_two_ints__type_support.cpp.o[0m
[1.479s] [35m[1mConsolidate compiler generated dependencies of target arduinobot_msgs__rosidl_typesupport_fastrtps_cpp[0m
[1.495s] [ 40%] [32mBuilding CXX object CMakeFiles/arduinobot_msgs__rosidl_typesupport_fastrtps_cpp.dir/rosidl_typesupport_fastrtps_cpp/arduinobot_msgs/srv/detail/dds_fastrtps/quaternion_to_euler__type_support.cpp.o[0m
[1.504s] [ 42%] [32mBuilding CXX object CMakeFiles/arduinobot_msgs__rosidl_typesupport_fastrtps_cpp.dir/rosidl_typesupport_fastrtps_cpp/arduinobot_msgs/srv/detail/dds_fastrtps/euler_to_quaternion__type_support.cpp.o[0m
[1.510s] [ 44%] [32mBuilding CXX object CMakeFiles/arduinobot_msgs__rosidl_typesupport_fastrtps_cpp.dir/rosidl_typesupport_fastrtps_cpp/arduinobot_msgs/srv/detail/dds_fastrtps/add_two_ints__type_support.cpp.o[0m
[1.717s] [35m[1mConsolidate compiler generated dependencies of target arduinobot_msgs__rosidl_typesupport_c[0m
[1.729s] [ 46%] [32mBuilding CXX object CMakeFiles/arduinobot_msgs__rosidl_typesupport_c.dir/rosidl_typesupport_c/arduinobot_msgs/srv/euler_to_quaternion__type_support.cpp.o[0m
[1.731s] [ 51%] [32mBuilding CXX object CMakeFiles/arduinobot_msgs__rosidl_typesupport_c.dir/rosidl_typesupport_c/arduinobot_msgs/srv/quaternion_to_euler__type_support.cpp.o[0m
[1.731s] [ 51%] [32mBuilding CXX object CMakeFiles/arduinobot_msgs__rosidl_typesupport_c.dir/rosidl_typesupport_c/arduinobot_msgs/srv/add_two_ints__type_support.cpp.o[0m
[1.761s] [35m[1mConsolidate compiler generated dependencies of target arduinobot_msgs__rosidl_typesupport_fastrtps_c[0m
[1.777s] [ 53%] [32mBuilding CXX object CMakeFiles/arduinobot_msgs__rosidl_typesupport_fastrtps_c.dir/rosidl_typesupport_fastrtps_c/arduinobot_msgs/srv/detail/add_two_ints__type_support_c.cpp.o[0m
[1.778s] [ 55%] [32mBuilding CXX object CMakeFiles/arduinobot_msgs__rosidl_typesupport_fastrtps_c.dir/rosidl_typesupport_fastrtps_c/arduinobot_msgs/srv/detail/quaternion_to_euler__type_support_c.cpp.o[0m
[1.781s] [ 57%] [32mBuilding CXX object CMakeFiles/arduinobot_msgs__rosidl_typesupport_fastrtps_c.dir/rosidl_typesupport_fastrtps_c/arduinobot_msgs/srv/detail/euler_to_quaternion__type_support_c.cpp.o[0m
[1.804s] [ 59%] [32m[1mLinking CXX shared library libarduinobot_msgs__rosidl_typesupport_c.so[0m
[1.853s] [35m[1mConsolidate compiler generated dependencies of target arduinobot_msgs__rosidl_typesupport_introspection_c[0m
[1.868s] [ 61%] [32mBuilding C object CMakeFiles/arduinobot_msgs__rosidl_typesupport_introspection_c.dir/rosidl_typesupport_introspection_c/arduinobot_msgs/srv/detail/add_two_ints__type_support.c.o[0m
[1.876s] [ 63%] [32mBuilding C object CMakeFiles/arduinobot_msgs__rosidl_typesupport_introspection_c.dir/rosidl_typesupport_introspection_c/arduinobot_msgs/srv/detail/euler_to_quaternion__type_support.c.o[0m
[1.880s] [ 65%] [32mBuilding C object CMakeFiles/arduinobot_msgs__rosidl_typesupport_introspection_c.dir/rosidl_typesupport_introspection_c/arduinobot_msgs/srv/detail/quaternion_to_euler__type_support.c.o[0m
[1.961s] [ 65%] Built target arduinobot_msgs__rosidl_typesupport_c
[1.963s] [ 68%] [32m[1mLinking C shared library libarduinobot_msgs__rosidl_typesupport_introspection_c.so[0m
[2.090s] [ 68%] Built target arduinobot_msgs__rosidl_typesupport_introspection_c
[2.111s] [ 70%] [32m[1mLinking CXX shared library libarduinobot_msgs__rosidl_typesupport_cpp.so[0m
[2.272s] [ 70%] Built target arduinobot_msgs__rosidl_typesupport_cpp
[2.338s] [ 72%] [32m[1mLinking CXX shared library libarduinobot_msgs__rosidl_typesupport_introspection_cpp.so[0m
[2.367s] [ 74%] [32m[1mLinking CXX shared library libarduinobot_msgs__rosidl_typesupport_fastrtps_cpp.so[0m
[2.405s] [ 76%] [32m[1mLinking CXX shared library libarduinobot_msgs__rosidl_typesupport_fastrtps_c.so[0m
[2.406s] [ 76%] Built target arduinobot_msgs__rosidl_typesupport_introspection_cpp
[2.461s] [ 76%] Built target arduinobot_msgs__rosidl_typesupport_fastrtps_cpp
[2.507s] [ 76%] Built target arduinobot_msgs__rosidl_typesupport_fastrtps_c
[2.520s] [ 76%] Built target arduinobot_msgs
[2.536s] [ 78%] [34m[1mGenerating Python code for ROS interfaces[0m
[2.981s] [ 78%] Built target arduinobot_msgs__py
[2.990s] [35m[1mConsolidate compiler generated dependencies of target arduinobot_msgs__rosidl_generator_py[0m
[3.000s] [ 85%] [32mBuilding C object CMakeFiles/arduinobot_msgs__rosidl_generator_py.dir/rosidl_generator_py/arduinobot_msgs/srv/_add_two_ints_s.c.o[0m
[3.000s] [ 85%] [32mBuilding C object CMakeFiles/arduinobot_msgs__rosidl_generator_py.dir/rosidl_generator_py/arduinobot_msgs/srv/_quaternion_to_euler_s.c.o[0m
[3.000s] [ 85%] [32mBuilding C object CMakeFiles/arduinobot_msgs__rosidl_generator_py.dir/rosidl_generator_py/arduinobot_msgs/srv/_euler_to_quaternion_s.c.o[0m
[3.070s] [ 87%] [32m[1mLinking C shared library rosidl_generator_py/arduinobot_msgs/libarduinobot_msgs__rosidl_generator_py.so[0m
[3.156s] [ 87%] Built target arduinobot_msgs__rosidl_generator_py
[3.163s] [35m[1mConsolidate compiler generated dependencies of target arduinobot_msgs__rosidl_typesupport_c__pyext[0m
[3.163s] [35m[1mConsolidate compiler generated dependencies of target arduinobot_msgs__rosidl_typesupport_introspection_c__pyext[0m
[3.164s] [35m[1mConsolidate compiler generated dependencies of target arduinobot_msgs__rosidl_typesupport_fastrtps_c__pyext[0m
[3.171s] [ 91%] [32mBuilding C object CMakeFiles/arduinobot_msgs__rosidl_typesupport_fastrtps_c__pyext.dir/rosidl_generator_py/arduinobot_msgs/_arduinobot_msgs_s.ep.rosidl_typesupport_fastrtps_c.c.o[0m
[3.171s] [ 91%] [32mBuilding C object CMakeFiles/arduinobot_msgs__rosidl_typesupport_introspection_c__pyext.dir/rosidl_generator_py/arduinobot_msgs/_arduinobot_msgs_s.ep.rosidl_typesupport_introspection_c.c.o[0m
[3.173s] [ 93%] [32mBuilding C object CMakeFiles/arduinobot_msgs__rosidl_typesupport_c__pyext.dir/rosidl_generator_py/arduinobot_msgs/_arduinobot_msgs_s.ep.rosidl_typesupport_c.c.o[0m
[3.246s] [ 95%] [32m[1mLinking C shared library rosidl_generator_py/arduinobot_msgs/arduinobot_msgs_s__rosidl_typesupport_introspection_c.cpython-310-x86_64-linux-gnu.so[0m
[3.248s] [ 97%] [32m[1mLinking C shared library rosidl_generator_py/arduinobot_msgs/arduinobot_msgs_s__rosidl_typesupport_c.cpython-310-x86_64-linux-gnu.so[0m
[3.255s] [100%] [32m[1mLinking C shared library rosidl_generator_py/arduinobot_msgs/arduinobot_msgs_s__rosidl_typesupport_fastrtps_c.cpython-310-x86_64-linux-gnu.so[0m
[3.294s] [100%] Built target arduinobot_msgs__rosidl_typesupport_c__pyext
[3.294s] [100%] Built target arduinobot_msgs__rosidl_typesupport_introspection_c__pyext
[3.319s] [100%] Built target arduinobot_msgs__rosidl_typesupport_fastrtps_c__pyext
[3.327s] Invoked command in '/home/pbk/arduinobot_ws/build/arduinobot_msgs' returned '0': CMAKE_PREFIX_PATH=${CMAKE_PREFIX_PATH}:/home/pbk/arduinobot_ws/install/arduinobot_py_examples:/opt/ros/humble /usr/bin/cmake --build /home/pbk/arduinobot_ws/build/arduinobot_msgs -- -j20 -l20
[3.381s] Invoking command in '/home/pbk/arduinobot_ws/build/arduinobot_msgs': CMAKE_PREFIX_PATH=${CMAKE_PREFIX_PATH}:/home/pbk/arduinobot_ws/install/arduinobot_py_examples:/opt/ros/humble /usr/bin/cmake --install /home/pbk/arduinobot_ws/build/arduinobot_msgs
[3.385s] -- Install configuration: ""
[3.385s] -- Installing: /home/pbk/arduinobot_ws/install/arduinobot_msgs/share/ament_index/resource_index/rosidl_interfaces/arduinobot_msgs
[3.386s] -- Up-to-date: /home/pbk/arduinobot_ws/install/arduinobot_msgs/include/arduinobot_msgs/arduinobot_msgs
[3.386s] -- Up-to-date: /home/pbk/arduinobot_ws/install/arduinobot_msgs/include/arduinobot_msgs/arduinobot_msgs/msg
[3.386s] -- Up-to-date: /home/pbk/arduinobot_ws/install/arduinobot_msgs/include/arduinobot_msgs/arduinobot_msgs/msg/rosidl_generator_c__visibility_control.h
[3.386s] -- Up-to-date: /home/pbk/arduinobot_ws/install/arduinobot_msgs/include/arduinobot_msgs/arduinobot_msgs/srv
[3.386s] -- Up-to-date: /home/pbk/arduinobot_ws/install/arduinobot_msgs/include/arduinobot_msgs/arduinobot_msgs/srv/detail
[3.387s] -- Installing: /home/pbk/arduinobot_ws/install/arduinobot_msgs/include/arduinobot_msgs/arduinobot_msgs/srv/detail/quaternion_to_euler__type_support.h
[3.387s] -- Installing: /home/pbk/arduinobot_ws/install/arduinobot_msgs/include/arduinobot_msgs/arduinobot_msgs/srv/detail/add_two_ints__functions.c
[3.387s] -- Installing: /home/pbk/arduinobot_ws/install/arduinobot_msgs/include/arduinobot_msgs/arduinobot_msgs/srv/detail/euler_to_quaternion__struct.h
[3.387s] -- Installing: /home/pbk/arduinobot_ws/install/arduinobot_msgs/include/arduinobot_msgs/arduinobot_msgs/srv/detail/quaternion_to_euler__functions.c
[3.387s] -- Installing: /home/pbk/arduinobot_ws/install/arduinobot_msgs/include/arduinobot_msgs/arduinobot_msgs/srv/detail/quaternion_to_euler__struct.h
[3.387s] -- Installing: /home/pbk/arduinobot_ws/install/arduinobot_msgs/include/arduinobot_msgs/arduinobot_msgs/srv/detail/euler_to_quaternion__functions.c
[3.387s] -- Installing: /home/pbk/arduinobot_ws/install/arduinobot_msgs/include/arduinobot_msgs/arduinobot_msgs/srv/detail/quaternion_to_euler__functions.h
[3.387s] -- Installing: /home/pbk/arduinobot_ws/install/arduinobot_msgs/include/arduinobot_msgs/arduinobot_msgs/srv/detail/euler_to_quaternion__functions.h
[3.387s] -- Installing: /home/pbk/arduinobot_ws/install/arduinobot_msgs/include/arduinobot_msgs/arduinobot_msgs/srv/detail/add_two_ints__struct.h
[3.388s] -- Installing: /home/pbk/arduinobot_ws/install/arduinobot_msgs/include/arduinobot_msgs/arduinobot_msgs/srv/detail/euler_to_quaternion__type_support.h
[3.388s] -- Installing: /home/pbk/arduinobot_ws/install/arduinobot_msgs/include/arduinobot_msgs/arduinobot_msgs/srv/detail/add_two_ints__functions.h
[3.388s] -- Installing: /home/pbk/arduinobot_ws/install/arduinobot_msgs/include/arduinobot_msgs/arduinobot_msgs/srv/detail/add_two_ints__type_support.h
[3.388s] -- Installing: /home/pbk/arduinobot_ws/install/arduinobot_msgs/include/arduinobot_msgs/arduinobot_msgs/srv/add_two_ints.h
[3.388s] -- Installing: /home/pbk/arduinobot_ws/install/arduinobot_msgs/include/arduinobot_msgs/arduinobot_msgs/srv/euler_to_quaternion.h
[3.388s] -- Installing: /home/pbk/arduinobot_ws/install/arduinobot_msgs/include/arduinobot_msgs/arduinobot_msgs/srv/quaternion_to_euler.h
[3.388s] -- Up-to-date: /home/pbk/arduinobot_ws/install/arduinobot_msgs/share/arduinobot_msgs/environment/library_path.sh
[3.388s] -- Installing: /home/pbk/arduinobot_ws/install/arduinobot_msgs/share/arduinobot_msgs/environment/library_path.dsv
[3.388s] -- Installing: /home/pbk/arduinobot_ws/install/arduinobot_msgs/lib/libarduinobot_msgs__rosidl_generator_c.so
[3.388s] -- Set runtime path of "/home/pbk/arduinobot_ws/install/arduinobot_msgs/lib/libarduinobot_msgs__rosidl_generator_c.so" to ""
[3.388s] -- Up-to-date: /home/pbk/arduinobot_ws/install/arduinobot_msgs/include/arduinobot_msgs/arduinobot_msgs
[3.389s] -- Up-to-date: /home/pbk/arduinobot_ws/install/arduinobot_msgs/include/arduinobot_msgs/arduinobot_msgs/msg
[3.389s] -- Up-to-date: /home/pbk/arduinobot_ws/install/arduinobot_msgs/include/arduinobot_msgs/arduinobot_msgs/msg/rosidl_typesupport_fastrtps_c__visibility_control.h
[3.389s] -- Up-to-date: /home/pbk/arduinobot_ws/install/arduinobot_msgs/include/arduinobot_msgs/arduinobot_msgs/srv
[3.389s] -- Up-to-date: /home/pbk/arduinobot_ws/install/arduinobot_msgs/include/arduinobot_msgs/arduinobot_msgs/srv/detail
[3.389s] -- Installing: /home/pbk/arduinobot_ws/install/arduinobot_msgs/include/arduinobot_msgs/arduinobot_msgs/srv/detail/euler_to_quaternion__rosidl_typesupport_fastrtps_c.h
[3.389s] -- Installing: /home/pbk/arduinobot_ws/install/arduinobot_msgs/include/arduinobot_msgs/arduinobot_msgs/srv/detail/quaternion_to_euler__rosidl_typesupport_fastrtps_c.h
[3.389s] -- Installing: /home/pbk/arduinobot_ws/install/arduinobot_msgs/include/arduinobot_msgs/arduinobot_msgs/srv/detail/add_two_ints__rosidl_typesupport_fastrtps_c.h
[3.389s] -- Installing: /home/pbk/arduinobot_ws/install/arduinobot_msgs/lib/libarduinobot_msgs__rosidl_typesupport_fastrtps_c.so
[3.389s] -- Set runtime path of "/home/pbk/arduinobot_ws/install/arduinobot_msgs/lib/libarduinobot_msgs__rosidl_typesupport_fastrtps_c.so" to ""
[3.389s] -- Up-to-date: /home/pbk/arduinobot_ws/install/arduinobot_msgs/include/arduinobot_msgs/arduinobot_msgs
[3.389s] -- Up-to-date: /home/pbk/arduinobot_ws/install/arduinobot_msgs/include/arduinobot_msgs/arduinobot_msgs/srv
[3.389s] -- Up-to-date: /home/pbk/arduinobot_ws/install/arduinobot_msgs/include/arduinobot_msgs/arduinobot_msgs/srv/detail
[3.389s] -- Installing: /home/pbk/arduinobot_ws/install/arduinobot_msgs/include/arduinobot_msgs/arduinobot_msgs/srv/detail/add_two_ints__struct.hpp
[3.389s] -- Installing: /home/pbk/arduinobot_ws/install/arduinobot_msgs/include/arduinobot_msgs/arduinobot_msgs/srv/detail/euler_to_quaternion__traits.hpp
[3.389s] -- Installing: /home/pbk/arduinobot_ws/install/arduinobot_msgs/include/arduinobot_msgs/arduinobot_msgs/srv/detail/euler_to_quaternion__builder.hpp
[3.390s] -- Installing: /home/pbk/arduinobot_ws/install/arduinobot_msgs/include/arduinobot_msgs/arduinobot_msgs/srv/detail/quaternion_to_euler__traits.hpp
[3.390s] -- Installing: /home/pbk/arduinobot_ws/install/arduinobot_msgs/include/arduinobot_msgs/arduinobot_msgs/srv/detail/quaternion_to_euler__builder.hpp
[3.390s] -- Installing: /home/pbk/arduinobot_ws/install/arduinobot_msgs/include/arduinobot_msgs/arduinobot_msgs/srv/detail/quaternion_to_euler__struct.hpp
[3.390s] -- Installing: /home/pbk/arduinobot_ws/install/arduinobot_msgs/include/arduinobot_msgs/arduinobot_msgs/srv/detail/add_two_ints__traits.hpp
[3.390s] -- Installing: /home/pbk/arduinobot_ws/install/arduinobot_msgs/include/arduinobot_msgs/arduinobot_msgs/srv/detail/add_two_ints__builder.hpp
[3.390s] -- Installing: /home/pbk/arduinobot_ws/install/arduinobot_msgs/include/arduinobot_msgs/arduinobot_msgs/srv/detail/euler_to_quaternion__struct.hpp
[3.390s] -- Installing: /home/pbk/arduinobot_ws/install/arduinobot_msgs/include/arduinobot_msgs/arduinobot_msgs/srv/add_two_ints.hpp
[3.390s] -- Installing: /home/pbk/arduinobot_ws/install/arduinobot_msgs/include/arduinobot_msgs/arduinobot_msgs/srv/euler_to_quaternion.hpp
[3.390s] -- Installing: /home/pbk/arduinobot_ws/install/arduinobot_msgs/include/arduinobot_msgs/arduinobot_msgs/srv/quaternion_to_euler.hpp
[3.390s] -- Up-to-date: /home/pbk/arduinobot_ws/install/arduinobot_msgs/include/arduinobot_msgs/arduinobot_msgs
[3.390s] -- Up-to-date: /home/pbk/arduinobot_ws/install/arduinobot_msgs/include/arduinobot_msgs/arduinobot_msgs/msg
[3.390s] -- Up-to-date: /home/pbk/arduinobot_ws/install/arduinobot_msgs/include/arduinobot_msgs/arduinobot_msgs/msg/rosidl_typesupport_fastrtps_cpp__visibility_control.h
[3.390s] -- Up-to-date: /home/pbk/arduinobot_ws/install/arduinobot_msgs/include/arduinobot_msgs/arduinobot_msgs/srv
[3.390s] -- Up-to-date: /home/pbk/arduinobot_ws/install/arduinobot_msgs/include/arduinobot_msgs/arduinobot_msgs/srv/detail
[3.390s] -- Installing: /home/pbk/arduinobot_ws/install/arduinobot_msgs/include/arduinobot_msgs/arduinobot_msgs/srv/detail/quaternion_to_euler__rosidl_typesupport_fastrtps_cpp.hpp
[3.391s] -- Installing: /home/pbk/arduinobot_ws/install/arduinobot_msgs/include/arduinobot_msgs/arduinobot_msgs/srv/detail/euler_to_quaternion__rosidl_typesupport_fastrtps_cpp.hpp
[3.391s] -- Up-to-date: /home/pbk/arduinobot_ws/install/arduinobot_msgs/include/arduinobot_msgs/arduinobot_msgs/srv/detail/dds_fastrtps
[3.391s] -- Installing: /home/pbk/arduinobot_ws/install/arduinobot_msgs/include/arduinobot_msgs/arduinobot_msgs/srv/detail/add_two_ints__rosidl_typesupport_fastrtps_cpp.hpp
[3.391s] -- Installing: /home/pbk/arduinobot_ws/install/arduinobot_msgs/lib/libarduinobot_msgs__rosidl_typesupport_fastrtps_cpp.so
[3.391s] -- Set runtime path of "/home/pbk/arduinobot_ws/install/arduinobot_msgs/lib/libarduinobot_msgs__rosidl_typesupport_fastrtps_cpp.so" to ""
[3.391s] -- Up-to-date: /home/pbk/arduinobot_ws/install/arduinobot_msgs/include/arduinobot_msgs/arduinobot_msgs
[3.391s] -- Up-to-date: /home/pbk/arduinobot_ws/install/arduinobot_msgs/include/arduinobot_msgs/arduinobot_msgs/msg
[3.391s] -- Up-to-date: /home/pbk/arduinobot_ws/install/arduinobot_msgs/include/arduinobot_msgs/arduinobot_msgs/msg/rosidl_typesupport_introspection_c__visibility_control.h
[3.391s] -- Up-to-date: /home/pbk/arduinobot_ws/install/arduinobot_msgs/include/arduinobot_msgs/arduinobot_msgs/srv
[3.391s] -- Up-to-date: /home/pbk/arduinobot_ws/install/arduinobot_msgs/include/arduinobot_msgs/arduinobot_msgs/srv/detail
[3.391s] -- Installing: /home/pbk/arduinobot_ws/install/arduinobot_msgs/include/arduinobot_msgs/arduinobot_msgs/srv/detail/add_two_ints__rosidl_typesupport_introspection_c.h
[3.391s] -- Installing: /home/pbk/arduinobot_ws/install/arduinobot_msgs/include/arduinobot_msgs/arduinobot_msgs/srv/detail/quaternion_to_euler__type_support.c
[3.391s] -- Installing: /home/pbk/arduinobot_ws/install/arduinobot_msgs/include/arduinobot_msgs/arduinobot_msgs/srv/detail/euler_to_quaternion__rosidl_typesupport_introspection_c.h
[3.392s] -- Installing: /home/pbk/arduinobot_ws/install/arduinobot_msgs/include/arduinobot_msgs/arduinobot_msgs/srv/detail/add_two_ints__type_support.c
[3.392s] -- Installing: /home/pbk/arduinobot_ws/install/arduinobot_msgs/include/arduinobot_msgs/arduinobot_msgs/srv/detail/euler_to_quaternion__type_support.c
[3.392s] -- Installing: /home/pbk/arduinobot_ws/install/arduinobot_msgs/include/arduinobot_msgs/arduinobot_msgs/srv/detail/quaternion_to_euler__rosidl_typesupport_introspection_c.h
[3.392s] -- Installing: /home/pbk/arduinobot_ws/install/arduinobot_msgs/lib/libarduinobot_msgs__rosidl_typesupport_introspection_c.so
[3.392s] -- Set runtime path of "/home/pbk/arduinobot_ws/install/arduinobot_msgs/lib/libarduinobot_msgs__rosidl_typesupport_introspection_c.so" to ""
[3.392s] -- Installing: /home/pbk/arduinobot_ws/install/arduinobot_msgs/lib/libarduinobot_msgs__rosidl_typesupport_c.so
[3.392s] -- Set runtime path of "/home/pbk/arduinobot_ws/install/arduinobot_msgs/lib/libarduinobot_msgs__rosidl_typesupport_c.so" to ""
[3.392s] -- Up-to-date: /home/pbk/arduinobot_ws/install/arduinobot_msgs/include/arduinobot_msgs/arduinobot_msgs
[3.392s] -- Up-to-date: /home/pbk/arduinobot_ws/install/arduinobot_msgs/include/arduinobot_msgs/arduinobot_msgs/srv
[3.392s] -- Up-to-date: /home/pbk/arduinobot_ws/install/arduinobot_msgs/include/arduinobot_msgs/arduinobot_msgs/srv/detail
[3.392s] -- Installing: /home/pbk/arduinobot_ws/install/arduinobot_msgs/include/arduinobot_msgs/arduinobot_msgs/srv/detail/add_two_ints__rosidl_typesupport_introspection_cpp.hpp
[3.392s] -- Installing: /home/pbk/arduinobot_ws/install/arduinobot_msgs/include/arduinobot_msgs/arduinobot_msgs/srv/detail/add_two_ints__type_support.cpp
[3.393s] -- Installing: /home/pbk/arduinobot_ws/install/arduinobot_msgs/include/arduinobot_msgs/arduinobot_msgs/srv/detail/euler_to_quaternion__rosidl_typesupport_introspection_cpp.hpp
[3.393s] -- Installing: /home/pbk/arduinobot_ws/install/arduinobot_msgs/include/arduinobot_msgs/arduinobot_msgs/srv/detail/quaternion_to_euler__rosidl_typesupport_introspection_cpp.hpp
[3.393s] -- Installing: /home/pbk/arduinobot_ws/install/arduinobot_msgs/include/arduinobot_msgs/arduinobot_msgs/srv/detail/euler_to_quaternion__type_support.cpp
[3.393s] -- Installing: /home/pbk/arduinobot_ws/install/arduinobot_msgs/include/arduinobot_msgs/arduinobot_msgs/srv/detail/quaternion_to_euler__type_support.cpp
[3.393s] -- Installing: /home/pbk/arduinobot_ws/install/arduinobot_msgs/lib/libarduinobot_msgs__rosidl_typesupport_introspection_cpp.so
[3.393s] -- Set runtime path of "/home/pbk/arduinobot_ws/install/arduinobot_msgs/lib/libarduinobot_msgs__rosidl_typesupport_introspection_cpp.so" to ""
[3.393s] -- Installing: /home/pbk/arduinobot_ws/install/arduinobot_msgs/lib/libarduinobot_msgs__rosidl_typesupport_cpp.so
[3.393s] -- Set runtime path of "/home/pbk/arduinobot_ws/install/arduinobot_msgs/lib/libarduinobot_msgs__rosidl_typesupport_cpp.so" to ""
[3.394s] -- Up-to-date: /home/pbk/arduinobot_ws/install/arduinobot_msgs/share/arduinobot_msgs/environment/pythonpath.sh
[3.394s] -- Installing: /home/pbk/arduinobot_ws/install/arduinobot_msgs/share/arduinobot_msgs/environment/pythonpath.dsv
[3.394s] -- Up-to-date: /home/pbk/arduinobot_ws/install/arduinobot_msgs/local/lib/python3.10/dist-packages/arduinobot_msgs-0.0.0-py3.10.egg-info
[3.394s] -- Installing: /home/pbk/arduinobot_ws/install/arduinobot_msgs/local/lib/python3.10/dist-packages/arduinobot_msgs-0.0.0-py3.10.egg-info/top_level.txt
[3.394s] -- Installing: /home/pbk/arduinobot_ws/install/arduinobot_msgs/local/lib/python3.10/dist-packages/arduinobot_msgs-0.0.0-py3.10.egg-info/PKG-INFO
[3.394s] -- Installing: /home/pbk/arduinobot_ws/install/arduinobot_msgs/local/lib/python3.10/dist-packages/arduinobot_msgs-0.0.0-py3.10.egg-info/SOURCES.txt
[3.394s] -- Installing: /home/pbk/arduinobot_ws/install/arduinobot_msgs/local/lib/python3.10/dist-packages/arduinobot_msgs-0.0.0-py3.10.egg-info/dependency_links.txt
[3.394s] -- Up-to-date: /home/pbk/arduinobot_ws/install/arduinobot_msgs/local/lib/python3.10/dist-packages/arduinobot_msgs
[3.394s] -- Installing: /home/pbk/arduinobot_ws/install/arduinobot_msgs/local/lib/python3.10/dist-packages/arduinobot_msgs/_arduinobot_msgs_s.ep.rosidl_typesupport_c.c
[3.394s] -- Installing: /home/pbk/arduinobot_ws/install/arduinobot_msgs/local/lib/python3.10/dist-packages/arduinobot_msgs/libarduinobot_msgs__rosidl_generator_py.so
[3.394s] -- Installing: /home/pbk/arduinobot_ws/install/arduinobot_msgs/local/lib/python3.10/dist-packages/arduinobot_msgs/__init__.py
[3.394s] -- Installing: /home/pbk/arduinobot_ws/install/arduinobot_msgs/local/lib/python3.10/dist-packages/arduinobot_msgs/arduinobot_msgs_s__rosidl_typesupport_introspection_c.cpython-310-x86_64-linux-gnu.so
[3.395s] -- Up-to-date: /home/pbk/arduinobot_ws/install/arduinobot_msgs/local/lib/python3.10/dist-packages/arduinobot_msgs/srv
[3.395s] -- Installing: /home/pbk/arduinobot_ws/install/arduinobot_msgs/local/lib/python3.10/dist-packages/arduinobot_msgs/srv/_euler_to_quaternion.py
[3.395s] -- Installing: /home/pbk/arduinobot_ws/install/arduinobot_msgs/local/lib/python3.10/dist-packages/arduinobot_msgs/srv/_quaternion_to_euler_s.c
[3.395s] -- Installing: /home/pbk/arduinobot_ws/install/arduinobot_msgs/local/lib/python3.10/dist-packages/arduinobot_msgs/srv/_quaternion_to_euler.py
[3.395s] -- Installing: /home/pbk/arduinobot_ws/install/arduinobot_msgs/local/lib/python3.10/dist-packages/arduinobot_msgs/srv/__init__.py
[3.395s] -- Installing: /home/pbk/arduinobot_ws/install/arduinobot_msgs/local/lib/python3.10/dist-packages/arduinobot_msgs/srv/_euler_to_quaternion_s.c
[3.395s] -- Installing: /home/pbk/arduinobot_ws/install/arduinobot_msgs/local/lib/python3.10/dist-packages/arduinobot_msgs/srv/_add_two_ints.py
[3.395s] -- Installing: /home/pbk/arduinobot_ws/install/arduinobot_msgs/local/lib/python3.10/dist-packages/arduinobot_msgs/srv/_add_two_ints_s.c
[3.395s] -- Installing: /home/pbk/arduinobot_ws/install/arduinobot_msgs/local/lib/python3.10/dist-packages/arduinobot_msgs/arduinobot_msgs_s__rosidl_typesupport_c.cpython-310-x86_64-linux-gnu.so
[3.395s] -- Installing: /home/pbk/arduinobot_ws/install/arduinobot_msgs/local/lib/python3.10/dist-packages/arduinobot_msgs/_arduinobot_msgs_s.ep.rosidl_typesupport_fastrtps_c.c
[3.395s] -- Installing: /home/pbk/arduinobot_ws/install/arduinobot_msgs/local/lib/python3.10/dist-packages/arduinobot_msgs/_arduinobot_msgs_s.ep.rosidl_typesupport_introspection_c.c
[3.395s] -- Installing: /home/pbk/arduinobot_ws/install/arduinobot_msgs/local/lib/python3.10/dist-packages/arduinobot_msgs/arduinobot_msgs_s__rosidl_typesupport_fastrtps_c.cpython-310-x86_64-linux-gnu.so
[3.419s] Listing '/home/pbk/arduinobot_ws/install/arduinobot_msgs/local/lib/python3.10/dist-packages/arduinobot_msgs'...
[3.419s] Compiling '/home/pbk/arduinobot_ws/install/arduinobot_msgs/local/lib/python3.10/dist-packages/arduinobot_msgs/__init__.py'...
[3.419s] Listing '/home/pbk/arduinobot_ws/install/arduinobot_msgs/local/lib/python3.10/dist-packages/arduinobot_msgs/srv'...
[3.419s] Compiling '/home/pbk/arduinobot_ws/install/arduinobot_msgs/local/lib/python3.10/dist-packages/arduinobot_msgs/srv/__init__.py'...
[3.419s] Compiling '/home/pbk/arduinobot_ws/install/arduinobot_msgs/local/lib/python3.10/dist-packages/arduinobot_msgs/srv/_add_two_ints.py'...
[3.419s] Compiling '/home/pbk/arduinobot_ws/install/arduinobot_msgs/local/lib/python3.10/dist-packages/arduinobot_msgs/srv/_euler_to_quaternion.py'...
[3.419s] Compiling '/home/pbk/arduinobot_ws/install/arduinobot_msgs/local/lib/python3.10/dist-packages/arduinobot_msgs/srv/_quaternion_to_euler.py'...
[3.422s] -- Installing: /home/pbk/arduinobot_ws/install/arduinobot_msgs/local/lib/python3.10/dist-packages/arduinobot_msgs/arduinobot_msgs_s__rosidl_typesupport_fastrtps_c.cpython-310-x86_64-linux-gnu.so
[3.422s] -- Set runtime path of "/home/pbk/arduinobot_ws/install/arduinobot_msgs/local/lib/python3.10/dist-packages/arduinobot_msgs/arduinobot_msgs_s__rosidl_typesupport_fastrtps_c.cpython-310-x86_64-linux-gnu.so" to ""
[3.423s] -- Installing: /home/pbk/arduinobot_ws/install/arduinobot_msgs/local/lib/python3.10/dist-packages/arduinobot_msgs/arduinobot_msgs_s__rosidl_typesupport_introspection_c.cpython-310-x86_64-linux-gnu.so
[3.423s] -- Set runtime path of "/home/pbk/arduinobot_ws/install/arduinobot_msgs/local/lib/python3.10/dist-packages/arduinobot_msgs/arduinobot_msgs_s__rosidl_typesupport_introspection_c.cpython-310-x86_64-linux-gnu.so" to ""
[3.423s] -- Installing: /home/pbk/arduinobot_ws/install/arduinobot_msgs/local/lib/python3.10/dist-packages/arduinobot_msgs/arduinobot_msgs_s__rosidl_typesupport_c.cpython-310-x86_64-linux-gnu.so
[3.423s] -- Set runtime path of "/home/pbk/arduinobot_ws/install/arduinobot_msgs/local/lib/python3.10/dist-packages/arduinobot_msgs/arduinobot_msgs_s__rosidl_typesupport_c.cpython-310-x86_64-linux-gnu.so" to ""
[3.423s] -- Installing: /home/pbk/arduinobot_ws/install/arduinobot_msgs/lib/libarduinobot_msgs__rosidl_generator_py.so
[3.423s] -- Set runtime path of "/home/pbk/arduinobot_ws/install/arduinobot_msgs/lib/libarduinobot_msgs__rosidl_generator_py.so" to ""
[3.423s] -- Up-to-date: /home/pbk/arduinobot_ws/install/arduinobot_msgs/share/arduinobot_msgs/srv/AddTwoInts.idl
[3.423s] -- Installing: /home/pbk/arduinobot_ws/install/arduinobot_msgs/share/arduinobot_msgs/srv/EulerToQuaternion.idl
[3.423s] -- Installing: /home/pbk/arduinobot_ws/install/arduinobot_msgs/share/arduinobot_msgs/srv/QuaternionToEuler.idl
[3.424s] -- Up-to-date: /home/pbk/arduinobot_ws/install/arduinobot_msgs/share/arduinobot_msgs/srv/AddTwoInts.srv
[3.424s] -- Up-to-date: /home/pbk/arduinobot_ws/install/arduinobot_msgs/share/arduinobot_msgs/srv/AddTwoInts_Request.msg
[3.424s] -- Up-to-date: /home/pbk/arduinobot_ws/install/arduinobot_msgs/share/arduinobot_msgs/srv/AddTwoInts_Response.msg
[3.424s] -- Installing: /home/pbk/arduinobot_ws/install/arduinobot_msgs/share/arduinobot_msgs/srv/EulerToQuaternion.srv
[3.424s] -- Installing: /home/pbk/arduinobot_ws/install/arduinobot_msgs/share/arduinobot_msgs/srv/EulerToQuaternion_Request.msg
[3.424s] -- Installing: /home/pbk/arduinobot_ws/install/arduinobot_msgs/share/arduinobot_msgs/srv/EulerToQuaternion_Response.msg
[3.424s] -- Installing: /home/pbk/arduinobot_ws/install/arduinobot_msgs/share/arduinobot_msgs/srv/QuaternionToEuler.srv
[3.424s] -- Installing: /home/pbk/arduinobot_ws/install/arduinobot_msgs/share/arduinobot_msgs/srv/QuaternionToEuler_Request.msg
[3.424s] -- Installing: /home/pbk/arduinobot_ws/install/arduinobot_msgs/share/arduinobot_msgs/srv/QuaternionToEuler_Response.msg
[3.425s] -- Up-to-date: /home/pbk/arduinobot_ws/install/arduinobot_msgs/share/ament_index/resource_index/package_run_dependencies/arduinobot_msgs
[3.425s] -- Installing: /home/pbk/arduinobot_ws/install/arduinobot_msgs/share/ament_index/resource_index/parent_prefix_path/arduinobot_msgs
[3.425s] -- Up-to-date: /home/pbk/arduinobot_ws/install/arduinobot_msgs/share/arduinobot_msgs/environment/ament_prefix_path.sh
[3.425s] -- Installing: /home/pbk/arduinobot_ws/install/arduinobot_msgs/share/arduinobot_msgs/environment/ament_prefix_path.dsv
[3.425s] -- Up-to-date: /home/pbk/arduinobot_ws/install/arduinobot_msgs/share/arduinobot_msgs/environment/path.sh
[3.425s] -- Installing: /home/pbk/arduinobot_ws/install/arduinobot_msgs/share/arduinobot_msgs/environment/path.dsv
[3.425s] -- Up-to-date: /home/pbk/arduinobot_ws/install/arduinobot_msgs/share/arduinobot_msgs/local_setup.bash
[3.425s] -- Up-to-date: /home/pbk/arduinobot_ws/install/arduinobot_msgs/share/arduinobot_msgs/local_setup.sh
[3.425s] -- Up-to-date: /home/pbk/arduinobot_ws/install/arduinobot_msgs/share/arduinobot_msgs/local_setup.zsh
[3.425s] -- Installing: /home/pbk/arduinobot_ws/install/arduinobot_msgs/share/arduinobot_msgs/local_setup.dsv
[3.425s] -- Installing: /home/pbk/arduinobot_ws/install/arduinobot_msgs/share/arduinobot_msgs/package.dsv
[3.425s] -- Up-to-date: /home/pbk/arduinobot_ws/install/arduinobot_msgs/share/ament_index/resource_index/packages/arduinobot_msgs
[3.426s] -- Up-to-date: /home/pbk/arduinobot_ws/install/arduinobot_msgs/share/arduinobot_msgs/cmake/export_arduinobot_msgs__rosidl_generator_cExport.cmake
[3.426s] -- Up-to-date: /home/pbk/arduinobot_ws/install/arduinobot_msgs/share/arduinobot_msgs/cmake/export_arduinobot_msgs__rosidl_generator_cExport-noconfig.cmake
[3.426s] -- Up-to-date: /home/pbk/arduinobot_ws/install/arduinobot_msgs/share/arduinobot_msgs/cmake/export_arduinobot_msgs__rosidl_typesupport_fastrtps_cExport.cmake
[3.426s] -- Up-to-date: /home/pbk/arduinobot_ws/install/arduinobot_msgs/share/arduinobot_msgs/cmake/export_arduinobot_msgs__rosidl_typesupport_fastrtps_cExport-noconfig.cmake
[3.426s] -- Up-to-date: /home/pbk/arduinobot_ws/install/arduinobot_msgs/share/arduinobot_msgs/cmake/export_arduinobot_msgs__rosidl_generator_cppExport.cmake
[3.426s] -- Up-to-date: /home/pbk/arduinobot_ws/install/arduinobot_msgs/share/arduinobot_msgs/cmake/export_arduinobot_msgs__rosidl_typesupport_fastrtps_cppExport.cmake
[3.426s] -- Up-to-date: /home/pbk/arduinobot_ws/install/arduinobot_msgs/share/arduinobot_msgs/cmake/export_arduinobot_msgs__rosidl_typesupport_fastrtps_cppExport-noconfig.cmake
[3.426s] -- Up-to-date: /home/pbk/arduinobot_ws/install/arduinobot_msgs/share/arduinobot_msgs/cmake/arduinobot_msgs__rosidl_typesupport_introspection_cExport.cmake
[3.426s] -- Up-to-date: /home/pbk/arduinobot_ws/install/arduinobot_msgs/share/arduinobot_msgs/cmake/arduinobot_msgs__rosidl_typesupport_introspection_cExport-noconfig.cmake
[3.426s] -- Up-to-date: /home/pbk/arduinobot_ws/install/arduinobot_msgs/share/arduinobot_msgs/cmake/arduinobot_msgs__rosidl_typesupport_cExport.cmake
[3.426s] -- Up-to-date: /home/pbk/arduinobot_ws/install/arduinobot_msgs/share/arduinobot_msgs/cmake/arduinobot_msgs__rosidl_typesupport_cExport-noconfig.cmake
[3.426s] -- Up-to-date: /home/pbk/arduinobot_ws/install/arduinobot_msgs/share/arduinobot_msgs/cmake/arduinobot_msgs__rosidl_typesupport_introspection_cppExport.cmake
[3.426s] -- Up-to-date: /home/pbk/arduinobot_ws/install/arduinobot_msgs/share/arduinobot_msgs/cmake/arduinobot_msgs__rosidl_typesupport_introspection_cppExport-noconfig.cmake
[3.426s] -- Up-to-date: /home/pbk/arduinobot_ws/install/arduinobot_msgs/share/arduinobot_msgs/cmake/arduinobot_msgs__rosidl_typesupport_cppExport.cmake
[3.427s] -- Up-to-date: /home/pbk/arduinobot_ws/install/arduinobot_msgs/share/arduinobot_msgs/cmake/arduinobot_msgs__rosidl_typesupport_cppExport-noconfig.cmake
[3.427s] -- Up-to-date: /home/pbk/arduinobot_ws/install/arduinobot_msgs/share/arduinobot_msgs/cmake/export_arduinobot_msgs__rosidl_generator_pyExport.cmake
[3.427s] -- Up-to-date: /home/pbk/arduinobot_ws/install/arduinobot_msgs/share/arduinobot_msgs/cmake/export_arduinobot_msgs__rosidl_generator_pyExport-noconfig.cmake
[3.428s] -- Installing: /home/pbk/arduinobot_ws/install/arduinobot_msgs/share/arduinobot_msgs/cmake/rosidl_cmake-extras.cmake
[3.428s] -- Up-to-date: /home/pbk/arduinobot_ws/install/arduinobot_msgs/share/arduinobot_msgs/cmake/ament_cmake_export_include_directories-extras.cmake
[3.428s] -- Up-to-date: /home/pbk/arduinobot_ws/install/arduinobot_msgs/share/arduinobot_msgs/cmake/ament_cmake_export_libraries-extras.cmake
[3.428s] -- Up-to-date: /home/pbk/arduinobot_ws/install/arduinobot_msgs/share/arduinobot_msgs/cmake/ament_cmake_export_targets-extras.cmake
[3.429s] -- Up-to-date: /home/pbk/arduinobot_ws/install/arduinobot_msgs/share/arduinobot_msgs/cmake/rosidl_cmake_export_typesupport_targets-extras.cmake
[3.429s] -- Up-to-date: /home/pbk/arduinobot_ws/install/arduinobot_msgs/share/arduinobot_msgs/cmake/ament_cmake_export_dependencies-extras.cmake
[3.429s] -- Up-to-date: /home/pbk/arduinobot_ws/install/arduinobot_msgs/share/arduinobot_msgs/cmake/rosidl_cmake_export_typesupport_libraries-extras.cmake
[3.429s] -- Up-to-date: /home/pbk/arduinobot_ws/install/arduinobot_msgs/share/arduinobot_msgs/cmake/arduinobot_msgsConfig.cmake
[3.429s] -- Up-to-date: /home/pbk/arduinobot_ws/install/arduinobot_msgs/share/arduinobot_msgs/cmake/arduinobot_msgsConfig-version.cmake
[3.429s] -- Up-to-date: /home/pbk/arduinobot_ws/install/arduinobot_msgs/share/arduinobot_msgs/package.xml
[3.429s] Invoked command in '/home/pbk/arduinobot_ws/build/arduinobot_msgs' returned '0': CMAKE_PREFIX_PATH=${CMAKE_PREFIX_PATH}:/home/pbk/arduinobot_ws/install/arduinobot_py_examples:/opt/ros/humble /usr/bin/cmake --install /home/pbk/arduinobot_ws/build/arduinobot_msgs
