[0.346s] Invoking command in '/home/pbk/arduinobot_ws/src/arduinobot_py_examples': PYTHONPATH=/home/pbk/arduinobot_ws/build/arduinobot_py_examples/prefix_override:/home/pbk/arduinobot_ws/install/arduinobot_py_examples/lib/python3.10/site-packages:${PYTHONPATH} /usr/bin/python3 -W ignore:setup.py install is deprecated setup.py egg_info --egg-base ../../build/arduinobot_py_examples build --build-base /home/pbk/arduinobot_ws/build/arduinobot_py_examples/build install --record /home/pbk/arduinobot_ws/build/arduinobot_py_examples/install.log --single-version-externally-managed install_data
[0.466s] running egg_info
[0.466s] writing ../../build/arduinobot_py_examples/arduinobot_py_examples.egg-info/PKG-INFO
[0.467s] writing dependency_links to ../../build/arduinobot_py_examples/arduinobot_py_examples.egg-info/dependency_links.txt
[0.467s] writing entry points to ../../build/arduinobot_py_examples/arduinobot_py_examples.egg-info/entry_points.txt
[0.467s] writing requirements to ../../build/arduinobot_py_examples/arduinobot_py_examples.egg-info/requires.txt
[0.467s] writing top-level names to ../../build/arduinobot_py_examples/arduinobot_py_examples.egg-info/top_level.txt
[0.468s] reading manifest file '../../build/arduinobot_py_examples/arduinobot_py_examples.egg-info/SOURCES.txt'
[0.469s] writing manifest file '../../build/arduinobot_py_examples/arduinobot_py_examples.egg-info/SOURCES.txt'
[0.469s] running build
[0.469s] running build_py
[0.469s] copying arduinobot_py_examples/simple_subscriber.py -> /home/pbk/arduinobot_ws/build/arduinobot_py_examples/build/lib/arduinobot_py_examples
[0.469s] running install
[0.469s] running install_lib
[0.470s] copying /home/pbk/arduinobot_ws/build/arduinobot_py_examples/build/lib/arduinobot_py_examples/simple_subscriber.py -> /home/pbk/arduinobot_ws/install/arduinobot_py_examples/lib/python3.10/site-packages/arduinobot_py_examples
[0.470s] byte-compiling /home/pbk/arduinobot_ws/install/arduinobot_py_examples/lib/python3.10/site-packages/arduinobot_py_examples/simple_subscriber.py to simple_subscriber.cpython-310.pyc
[0.470s] running install_data
[0.471s] running install_egg_info
[0.472s] removing '/home/pbk/arduinobot_ws/install/arduinobot_py_examples/lib/python3.10/site-packages/arduinobot_py_examples-0.0.0-py3.10.egg-info' (and everything under it)
[0.472s] Copying ../../build/arduinobot_py_examples/arduinobot_py_examples.egg-info to /home/pbk/arduinobot_ws/install/arduinobot_py_examples/lib/python3.10/site-packages/arduinobot_py_examples-0.0.0-py3.10.egg-info
[0.473s] running install_scripts
[0.486s] Installing simple_publisher script to /home/pbk/arduinobot_ws/install/arduinobot_py_examples/lib/arduinobot_py_examples
[0.486s] Installing simple_subscriber script to /home/pbk/arduinobot_ws/install/arduinobot_py_examples/lib/arduinobot_py_examples
[0.486s] writing list of installed files to '/home/pbk/arduinobot_ws/build/arduinobot_py_examples/install.log'
[0.501s] Invoked command in '/home/pbk/arduinobot_ws/src/arduinobot_py_examples' returned '0': PYTHONPATH=/home/pbk/arduinobot_ws/build/arduinobot_py_examples/prefix_override:/home/pbk/arduinobot_ws/install/arduinobot_py_examples/lib/python3.10/site-packages:${PYTHONPATH} /usr/bin/python3 -W ignore:setup.py install is deprecated setup.py egg_info --egg-base ../../build/arduinobot_py_examples build --build-base /home/pbk/arduinobot_ws/build/arduinobot_py_examples/build install --record /home/pbk/arduinobot_ws/build/arduinobot_py_examples/install.log --single-version-externally-managed install_data
