[0.046s] Invoking command in '/home/pbk/arduinobot_ws/build/arduinobot_moveit': CMAKE_PREFIX_PATH=${CMAKE_PREFIX_PATH}:/home/pbk/arduinobot_ws/install/arduinobot_py_examples:/opt/ros/humble /usr/bin/cmake --build /home/pbk/arduinobot_ws/build/arduinobot_moveit -- -j20 -l20
[0.169s] Invoked command in '/home/pbk/arduinobot_ws/build/arduinobot_moveit' returned '0': CMAKE_PREFIX_PATH=${CMAKE_PREFIX_PATH}:/home/pbk/arduinobot_ws/install/arduinobot_py_examples:/opt/ros/humble /usr/bin/cmake --build /home/pbk/arduinobot_ws/build/arduinobot_moveit -- -j20 -l20
[0.216s] Invoking command in '/home/pbk/arduinobot_ws/build/arduinobot_moveit': CMAKE_PREFIX_PATH=${CMAKE_PREFIX_PATH}:/home/pbk/arduinobot_ws/install/arduinobot_py_examples:/opt/ros/humble /usr/bin/cmake --install /home/pbk/arduinobot_ws/build/arduinobot_moveit
[0.227s] -- Install configuration: ""
[0.227s] -- Up-to-date: /home/pbk/arduinobot_ws/install/arduinobot_moveit/share/arduinobot_moveit/launch
[0.228s] -- Up-to-date: /home/pbk/arduinobot_ws/install/arduinobot_moveit/share/arduinobot_moveit/launch/moveit.launch.py
[0.229s] -- Up-to-date: /home/pbk/arduinobot_ws/install/arduinobot_moveit/share/arduinobot_moveit/config
[0.230s] -- Up-to-date: /home/pbk/arduinobot_ws/install/arduinobot_moveit/share/arduinobot_moveit/config/pilz_cartesian_limits.yaml
[0.230s] -- Up-to-date: /home/pbk/arduinobot_ws/install/arduinobot_moveit/share/arduinobot_moveit/config/moveit.rviz
[0.230s] -- Up-to-date: /home/pbk/arduinobot_ws/install/arduinobot_moveit/share/arduinobot_moveit/config/kinematics.yaml
[0.231s] -- Up-to-date: /home/pbk/arduinobot_ws/install/arduinobot_moveit/share/arduinobot_moveit/config/initial_positions.yaml
[0.231s] -- Up-to-date: /home/pbk/arduinobot_ws/install/arduinobot_moveit/share/arduinobot_moveit/config/arduinobot.srdf
[0.231s] -- Up-to-date: /home/pbk/arduinobot_ws/install/arduinobot_moveit/share/arduinobot_moveit/config/joint_limits.yaml
[0.232s] -- Up-to-date: /home/pbk/arduinobot_ws/install/arduinobot_moveit/share/arduinobot_moveit/config/moveit_controllers.yaml
[0.232s] -- Up-to-date: /home/pbk/arduinobot_ws/install/arduinobot_moveit/share/ament_index/resource_index/package_run_dependencies/arduinobot_moveit
[0.233s] -- Up-to-date: /home/pbk/arduinobot_ws/install/arduinobot_moveit/share/ament_index/resource_index/parent_prefix_path/arduinobot_moveit
[0.233s] -- Up-to-date: /home/pbk/arduinobot_ws/install/arduinobot_moveit/share/arduinobot_moveit/environment/ament_prefix_path.sh
[0.233s] -- Up-to-date: /home/pbk/arduinobot_ws/install/arduinobot_moveit/share/arduinobot_moveit/environment/ament_prefix_path.dsv
[0.233s] -- Up-to-date: /home/pbk/arduinobot_ws/install/arduinobot_moveit/share/arduinobot_moveit/environment/path.sh
[0.234s] -- Up-to-date: /home/pbk/arduinobot_ws/install/arduinobot_moveit/share/arduinobot_moveit/environment/path.dsv
[0.234s] -- Up-to-date: /home/pbk/arduinobot_ws/install/arduinobot_moveit/share/arduinobot_moveit/local_setup.bash
[0.234s] -- Up-to-date: /home/pbk/arduinobot_ws/install/arduinobot_moveit/share/arduinobot_moveit/local_setup.sh
[0.234s] -- Up-to-date: /home/pbk/arduinobot_ws/install/arduinobot_moveit/share/arduinobot_moveit/local_setup.zsh
[0.234s] -- Up-to-date: /home/pbk/arduinobot_ws/install/arduinobot_moveit/share/arduinobot_moveit/local_setup.dsv
[0.234s] -- Installing: /home/pbk/arduinobot_ws/install/arduinobot_moveit/share/arduinobot_moveit/package.dsv
[0.235s] -- Up-to-date: /home/pbk/arduinobot_ws/install/arduinobot_moveit/share/ament_index/resource_index/packages/arduinobot_moveit
[0.235s] -- Up-to-date: /home/pbk/arduinobot_ws/install/arduinobot_moveit/share/arduinobot_moveit/cmake/arduinobot_moveitConfig.cmake
[0.235s] -- Up-to-date: /home/pbk/arduinobot_ws/install/arduinobot_moveit/share/arduinobot_moveit/cmake/arduinobot_moveitConfig-version.cmake
[0.235s] -- Up-to-date: /home/pbk/arduinobot_ws/install/arduinobot_moveit/share/arduinobot_moveit/package.xml
[0.289s] Invoked command in '/home/pbk/arduinobot_ws/build/arduinobot_moveit' returned '0': CMAKE_PREFIX_PATH=${CMAKE_PREFIX_PATH}:/home/pbk/arduinobot_ws/install/arduinobot_py_examples:/opt/ros/humble /usr/bin/cmake --install /home/pbk/arduinobot_ws/build/arduinobot_moveit
