[0.029s] Invoking command in '/home/pbk/arduinobot_ws/build/arduinobot_firmware': CMAKE_PREFIX_PATH=${CMAKE_PREFIX_PATH}:/home/pbk/arduinobot_ws/install/arduinobot_py_examples:/opt/ros/humble /usr/bin/cmake --build /home/pbk/arduinobot_ws/build/arduinobot_firmware -- -j20 -l20
[0.099s] [100%] Built target simple_serial_transmitter
[0.100s] [100%] Built target simple_serial_receiver
[0.108s] [100%] Built target ament_cmake_python_copy_arduinobot_firmware
[0.270s] running egg_info
[0.271s] writing arduinobot_firmware.egg-info/PKG-INFO
[0.271s] writing dependency_links to arduinobot_firmware.egg-info/dependency_links.txt
[0.271s] writing top-level names to arduinobot_firmware.egg-info/top_level.txt
[0.274s] reading manifest file 'arduinobot_firmware.egg-info/SOURCES.txt'
[0.275s] writing manifest file 'arduinobot_firmware.egg-info/SOURCES.txt'
[0.295s] [100%] Built target ament_cmake_python_build_arduinobot_firmware_egg
[0.303s] Invoked command in '/home/pbk/arduinobot_ws/build/arduinobot_firmware' returned '0': CMAKE_PREFIX_PATH=${CMAKE_PREFIX_PATH}:/home/pbk/arduinobot_ws/install/arduinobot_py_examples:/opt/ros/humble /usr/bin/cmake --build /home/pbk/arduinobot_ws/build/arduinobot_firmware -- -j20 -l20
[0.322s] Invoking command in '/home/pbk/arduinobot_ws/build/arduinobot_firmware': CMAKE_PREFIX_PATH=${CMAKE_PREFIX_PATH}:/home/pbk/arduinobot_ws/install/arduinobot_py_examples:/opt/ros/humble /usr/bin/cmake --install /home/pbk/arduinobot_ws/build/arduinobot_firmware
[0.326s] -- Install configuration: ""
[0.327s] -- Up-to-date: /home/pbk/arduinobot_ws/install/arduinobot_firmware/share/arduinobot_firmware/environment/pythonpath.sh
[0.327s] -- Up-to-date: /home/pbk/arduinobot_ws/install/arduinobot_firmware/share/arduinobot_firmware/environment/pythonpath.dsv
[0.327s] -- Up-to-date: /home/pbk/arduinobot_ws/install/arduinobot_firmware/local/lib/python3.10/dist-packages/arduinobot_firmware-0.0.0-py3.10.egg-info
[0.327s] -- Installing: /home/pbk/arduinobot_ws/install/arduinobot_firmware/local/lib/python3.10/dist-packages/arduinobot_firmware-0.0.0-py3.10.egg-info/top_level.txt
[0.327s] -- Installing: /home/pbk/arduinobot_ws/install/arduinobot_firmware/local/lib/python3.10/dist-packages/arduinobot_firmware-0.0.0-py3.10.egg-info/PKG-INFO
[0.327s] -- Installing: /home/pbk/arduinobot_ws/install/arduinobot_firmware/local/lib/python3.10/dist-packages/arduinobot_firmware-0.0.0-py3.10.egg-info/SOURCES.txt
[0.327s] -- Installing: /home/pbk/arduinobot_ws/install/arduinobot_firmware/local/lib/python3.10/dist-packages/arduinobot_firmware-0.0.0-py3.10.egg-info/dependency_links.txt
[0.327s] -- Up-to-date: /home/pbk/arduinobot_ws/install/arduinobot_firmware/local/lib/python3.10/dist-packages/arduinobot_firmware
[0.327s] -- Up-to-date: /home/pbk/arduinobot_ws/install/arduinobot_firmware/local/lib/python3.10/dist-packages/arduinobot_firmware/simple_serial_transmitter.py
[0.327s] -- Up-to-date: /home/pbk/arduinobot_ws/install/arduinobot_firmware/local/lib/python3.10/dist-packages/arduinobot_firmware/__init__.py
[0.328s] -- Up-to-date: /home/pbk/arduinobot_ws/install/arduinobot_firmware/local/lib/python3.10/dist-packages/arduinobot_firmware/simple_serial_receiver.py
[0.348s] Listing '/home/pbk/arduinobot_ws/install/arduinobot_firmware/local/lib/python3.10/dist-packages/arduinobot_firmware'...
[0.352s] -- Up-to-date: /home/pbk/arduinobot_ws/install/arduinobot_firmware/lib/arduinobot_firmware/simple_serial_transmitter
[0.353s] -- Up-to-date: /home/pbk/arduinobot_ws/install/arduinobot_firmware/lib/arduinobot_firmware/simple_serial_receiver
[0.353s] -- Up-to-date: /home/pbk/arduinobot_ws/install/arduinobot_firmware/lib/arduinobot_firmware/simple_serial_transmitter.py
[0.353s] -- Up-to-date: /home/pbk/arduinobot_ws/install/arduinobot_firmware/lib/arduinobot_firmware/simple_serial_receiver.py
[0.353s] -- Up-to-date: /home/pbk/arduinobot_ws/install/arduinobot_firmware/share/ament_index/resource_index/package_run_dependencies/arduinobot_firmware
[0.353s] -- Up-to-date: /home/pbk/arduinobot_ws/install/arduinobot_firmware/share/ament_index/resource_index/parent_prefix_path/arduinobot_firmware
[0.354s] -- Up-to-date: /home/pbk/arduinobot_ws/install/arduinobot_firmware/share/arduinobot_firmware/environment/ament_prefix_path.sh
[0.354s] -- Up-to-date: /home/pbk/arduinobot_ws/install/arduinobot_firmware/share/arduinobot_firmware/environment/ament_prefix_path.dsv
[0.354s] -- Up-to-date: /home/pbk/arduinobot_ws/install/arduinobot_firmware/share/arduinobot_firmware/environment/path.sh
[0.354s] -- Up-to-date: /home/pbk/arduinobot_ws/install/arduinobot_firmware/share/arduinobot_firmware/environment/path.dsv
[0.354s] -- Up-to-date: /home/pbk/arduinobot_ws/install/arduinobot_firmware/share/arduinobot_firmware/local_setup.bash
[0.354s] -- Up-to-date: /home/pbk/arduinobot_ws/install/arduinobot_firmware/share/arduinobot_firmware/local_setup.sh
[0.354s] -- Up-to-date: /home/pbk/arduinobot_ws/install/arduinobot_firmware/share/arduinobot_firmware/local_setup.zsh
[0.354s] -- Up-to-date: /home/pbk/arduinobot_ws/install/arduinobot_firmware/share/arduinobot_firmware/local_setup.dsv
[0.355s] -- Installing: /home/pbk/arduinobot_ws/install/arduinobot_firmware/share/arduinobot_firmware/package.dsv
[0.355s] -- Up-to-date: /home/pbk/arduinobot_ws/install/arduinobot_firmware/share/ament_index/resource_index/packages/arduinobot_firmware
[0.355s] -- Up-to-date: /home/pbk/arduinobot_ws/install/arduinobot_firmware/share/arduinobot_firmware/cmake/arduinobot_firmwareConfig.cmake
[0.355s] -- Up-to-date: /home/pbk/arduinobot_ws/install/arduinobot_firmware/share/arduinobot_firmware/cmake/arduinobot_firmwareConfig-version.cmake
[0.356s] -- Up-to-date: /home/pbk/arduinobot_ws/install/arduinobot_firmware/share/arduinobot_firmware/package.xml
[0.356s] Invoked command in '/home/pbk/arduinobot_ws/build/arduinobot_firmware' returned '0': CMAKE_PREFIX_PATH=${CMAKE_PREFIX_PATH}:/home/pbk/arduinobot_ws/install/arduinobot_py_examples:/opt/ros/humble /usr/bin/cmake --install /home/pbk/arduinobot_ws/build/arduinobot_firmware
