[0.027s] Invoking command in '/home/pbk/arduinobot_ws/build/arduinobot_controller': CMAKE_PREFIX_PATH=${CMAKE_PREFIX_PATH}:/home/pbk/arduinobot_ws/install/arduinobot_py_examples:/opt/ros/humble /usr/bin/cmake --build /home/pbk/arduinobot_ws/build/arduinobot_controller -- -j20 -l20
[0.089s] [35m[1mConsolidate compiler generated dependencies of target arduinobot_controller[0m
[0.109s] [100%] Built target arduinobot_controller
[0.134s] Invoked command in '/home/pbk/arduinobot_ws/build/arduinobot_controller' returned '0': CMAKE_PREFIX_PATH=${CMAKE_PREFIX_PATH}:/home/pbk/arduinobot_ws/install/arduinobot_py_examples:/opt/ros/humble /usr/bin/cmake --build /home/pbk/arduinobot_ws/build/arduinobot_controller -- -j20 -l20
[0.182s] Invoking command in '/home/pbk/arduinobot_ws/build/arduinobot_controller': CMAKE_PREFIX_PATH=${CMAKE_PREFIX_PATH}:/home/pbk/arduinobot_ws/install/arduinobot_py_examples:/opt/ros/humble /usr/bin/cmake --install /home/pbk/arduinobot_ws/build/arduinobot_controller
[0.189s] -- Install configuration: ""
[0.190s] -- Up-to-date: /home/pbk/arduinobot_ws/install/arduinobot_controller/share/arduinobot_controller/arduinobot_controller.xml
[0.191s] -- Up-to-date: /home/pbk/arduinobot_ws/install/arduinobot_controller/share/arduinobot_controller/launch
[0.191s] -- Installing: /home/pbk/arduinobot_ws/install/arduinobot_controller/share/arduinobot_controller/launch/controller.launch.py
[0.192s] -- Up-to-date: /home/pbk/arduinobot_ws/install/arduinobot_controller/share/arduinobot_controller/config
[0.192s] -- Up-to-date: /home/pbk/arduinobot_ws/install/arduinobot_controller/share/arduinobot_controller/config/arduinobot_controllers.yaml
[0.193s] -- Up-to-date: /home/pbk/arduinobot_ws/install/arduinobot_controller/lib/libarduinobot_controller.so
[0.193s] -- Up-to-date: /home/pbk/arduinobot_ws/install/arduinobot_controller/include/include
[0.194s] -- Up-to-date: /home/pbk/arduinobot_ws/install/arduinobot_controller/include/include/arduinobot_controller
[0.194s] -- Up-to-date: /home/pbk/arduinobot_ws/install/arduinobot_controller/include/include/arduinobot_interface.hpp
[0.194s] -- Up-to-date: /home/pbk/arduinobot_ws/install/arduinobot_controller/share/arduinobot_controller/environment/library_path.sh
[0.195s] -- Up-to-date: /home/pbk/arduinobot_ws/install/arduinobot_controller/share/arduinobot_controller/environment/library_path.dsv
[0.195s] -- Up-to-date: /home/pbk/arduinobot_ws/install/arduinobot_controller/share/ament_index/resource_index/package_run_dependencies/arduinobot_controller
[0.196s] -- Up-to-date: /home/pbk/arduinobot_ws/install/arduinobot_controller/share/ament_index/resource_index/parent_prefix_path/arduinobot_controller
[0.196s] -- Up-to-date: /home/pbk/arduinobot_ws/install/arduinobot_controller/share/arduinobot_controller/environment/ament_prefix_path.sh
[0.196s] -- Up-to-date: /home/pbk/arduinobot_ws/install/arduinobot_controller/share/arduinobot_controller/environment/ament_prefix_path.dsv
[0.196s] -- Up-to-date: /home/pbk/arduinobot_ws/install/arduinobot_controller/share/arduinobot_controller/environment/path.sh
[0.196s] -- Up-to-date: /home/pbk/arduinobot_ws/install/arduinobot_controller/share/arduinobot_controller/environment/path.dsv
[0.197s] -- Up-to-date: /home/pbk/arduinobot_ws/install/arduinobot_controller/share/arduinobot_controller/local_setup.bash
[0.197s] -- Up-to-date: /home/pbk/arduinobot_ws/install/arduinobot_controller/share/arduinobot_controller/local_setup.sh
[0.197s] -- Up-to-date: /home/pbk/arduinobot_ws/install/arduinobot_controller/share/arduinobot_controller/local_setup.zsh
[0.197s] -- Up-to-date: /home/pbk/arduinobot_ws/install/arduinobot_controller/share/arduinobot_controller/local_setup.dsv
[0.198s] -- Installing: /home/pbk/arduinobot_ws/install/arduinobot_controller/share/arduinobot_controller/package.dsv
[0.198s] -- Up-to-date: /home/pbk/arduinobot_ws/install/arduinobot_controller/share/ament_index/resource_index/packages/arduinobot_controller
[0.198s] -- Up-to-date: /home/pbk/arduinobot_ws/install/arduinobot_controller/share/ament_index/resource_index/hardware_interface__pluginlib__plugin/arduinobot_controller
[0.198s] -- Up-to-date: /home/pbk/arduinobot_ws/install/arduinobot_controller/share/arduinobot_controller/cmake/ament_cmake_export_include_directories-extras.cmake
[0.199s] -- Up-to-date: /home/pbk/arduinobot_ws/install/arduinobot_controller/share/arduinobot_controller/cmake/ament_cmake_export_libraries-extras.cmake
[0.199s] -- Up-to-date: /home/pbk/arduinobot_ws/install/arduinobot_controller/share/arduinobot_controller/cmake/ament_cmake_export_dependencies-extras.cmake
[0.199s] -- Up-to-date: /home/pbk/arduinobot_ws/install/arduinobot_controller/share/arduinobot_controller/cmake/arduinobot_controllerConfig.cmake
[0.199s] -- Up-to-date: /home/pbk/arduinobot_ws/install/arduinobot_controller/share/arduinobot_controller/cmake/arduinobot_controllerConfig-version.cmake
[0.199s] -- Up-to-date: /home/pbk/arduinobot_ws/install/arduinobot_controller/share/arduinobot_controller/package.xml
[0.220s] Invoked command in '/home/pbk/arduinobot_ws/build/arduinobot_controller' returned '0': CMAKE_PREFIX_PATH=${CMAKE_PREFIX_PATH}:/home/pbk/arduinobot_ws/install/arduinobot_py_examples:/opt/ros/humble /usr/bin/cmake --install /home/pbk/arduinobot_ws/build/arduinobot_controller
