[0.025s] Invoking command in '/home/pbk/arduinobot_ws/build/arduinobot_description': CMAKE_PREFIX_PATH=${CMAKE_PREFIX_PATH}:/home/pbk/arduinobot_ws/install/arduinobot_py_examples:/opt/ros/humble /usr/bin/cmake --build /home/pbk/arduinobot_ws/build/arduinobot_description -- -j20 -l20
[0.062s] Invoked command in '/home/pbk/arduinobot_ws/build/arduinobot_description' returned '0': CMAKE_PREFIX_PATH=${CMAKE_PREFIX_PATH}:/home/pbk/arduinobot_ws/install/arduinobot_py_examples:/opt/ros/humble /usr/bin/cmake --build /home/pbk/arduinobot_ws/build/arduinobot_description -- -j20 -l20
[0.117s] Invoking command in '/home/pbk/arduinobot_ws/build/arduinobot_description': CMAKE_PREFIX_PATH=${CMAKE_PREFIX_PATH}:/home/pbk/arduinobot_ws/install/arduinobot_py_examples:/opt/ros/humble /usr/bin/cmake --install /home/pbk/arduinobot_ws/build/arduinobot_description
[0.131s] -- Install configuration: ""
[0.131s] -- Up-to-date: /home/pbk/arduinobot_ws/install/arduinobot_description/share/arduinobot_description/meshes
[0.131s] -- Up-to-date: /home/pbk/arduinobot_ws/install/arduinobot_description/share/arduinobot_description/meshes/basement.STL:Zone.Identifier
[0.131s] -- Up-to-date: /home/pbk/arduinobot_ws/install/arduinobot_description/share/arduinobot_description/meshes/plate.STL
[0.131s] -- Up-to-date: /home/pbk/arduinobot_ws/install/arduinobot_description/share/arduinobot_description/meshes/base_plate.STL:Zone.Identifier
[0.132s] -- Up-to-date: /home/pbk/arduinobot_ws/install/arduinobot_description/share/arduinobot_description/meshes/round_plate.STL:Zone.Identifier
[0.132s] -- Up-to-date: /home/pbk/arduinobot_ws/install/arduinobot_description/share/arduinobot_description/meshes/forward_drive_arm.STL
[0.132s] -- Up-to-date: /home/pbk/arduinobot_ws/install/arduinobot_description/share/arduinobot_description/meshes/left_finger.STL:Zone.Identifier
[0.133s] -- Up-to-date: /home/pbk/arduinobot_ws/install/arduinobot_description/share/arduinobot_description/meshes/left_finger.STL
[0.133s] -- Up-to-date: /home/pbk/arduinobot_ws/install/arduinobot_description/share/arduinobot_description/meshes/servo_plate.STL
[0.133s] -- Up-to-date: /home/pbk/arduinobot_ws/install/arduinobot_description/share/arduinobot_description/meshes/forward_drive_arm.STL:Zone.Identifier
[0.133s] -- Up-to-date: /home/pbk/arduinobot_ws/install/arduinobot_description/share/arduinobot_description/meshes/round_plate.STL
[0.133s] -- Up-to-date: /home/pbk/arduinobot_ws/install/arduinobot_description/share/arduinobot_description/meshes/plate.STL:Zone.Identifier
[0.134s] -- Up-to-date: /home/pbk/arduinobot_ws/install/arduinobot_description/share/arduinobot_description/meshes/link.STL:Zone.Identifier
[0.134s] -- Up-to-date: /home/pbk/arduinobot_ws/install/arduinobot_description/share/arduinobot_description/meshes/right_finger.STL:Zone.Identifier
[0.135s] -- Up-to-date: /home/pbk/arduinobot_ws/install/arduinobot_description/share/arduinobot_description/meshes/link.STL
[0.135s] -- Up-to-date: /home/pbk/arduinobot_ws/install/arduinobot_description/share/arduinobot_description/meshes/claw_support.STL
[0.135s] -- Up-to-date: /home/pbk/arduinobot_ws/install/arduinobot_description/share/arduinobot_description/meshes/base_plate.STL
[0.135s] -- Up-to-date: /home/pbk/arduinobot_ws/install/arduinobot_description/share/arduinobot_description/meshes/right_finger.STL
[0.135s] -- Up-to-date: /home/pbk/arduinobot_ws/install/arduinobot_description/share/arduinobot_description/meshes/triangular_link.STL:Zone.Identifier
[0.135s] -- Up-to-date: /home/pbk/arduinobot_ws/install/arduinobot_description/share/arduinobot_description/meshes/pi_camera.STL
[0.135s] -- Up-to-date: /home/pbk/arduinobot_ws/install/arduinobot_description/share/arduinobot_description/meshes/vertical_drive_arm.STL
[0.136s] -- Up-to-date: /home/pbk/arduinobot_ws/install/arduinobot_description/share/arduinobot_description/meshes/triangular_link.STL
[0.136s] -- Up-to-date: /home/pbk/arduinobot_ws/install/arduinobot_description/share/arduinobot_description/meshes/claw_support.STL:Zone.Identifier
[0.136s] -- Up-to-date: /home/pbk/arduinobot_ws/install/arduinobot_description/share/arduinobot_description/meshes/vertical_drive_arm.STL:Zone.Identifier
[0.136s] -- Up-to-date: /home/pbk/arduinobot_ws/install/arduinobot_description/share/arduinobot_description/meshes/horizontal_arm.STL
[0.136s] -- Up-to-date: /home/pbk/arduinobot_ws/install/arduinobot_description/share/arduinobot_description/meshes/basement.STL
[0.138s] -- Up-to-date: /home/pbk/arduinobot_ws/install/arduinobot_description/share/arduinobot_description/meshes/servo_plate.STL:Zone.Identifier
[0.138s] -- Up-to-date: /home/pbk/arduinobot_ws/install/arduinobot_description/share/arduinobot_description/meshes/horizontal_arm.STL:Zone.Identifier
[0.138s] -- Up-to-date: /home/pbk/arduinobot_ws/install/arduinobot_description/share/arduinobot_description/urdf
[0.138s] -- Up-to-date: /home/pbk/arduinobot_ws/install/arduinobot_description/share/arduinobot_description/urdf/arduinobot.urdf.xacro
[0.138s] -- Up-to-date: /home/pbk/arduinobot_ws/install/arduinobot_description/share/arduinobot_description/urdf/arduinobot_gazebo.xacro
[0.138s] -- Up-to-date: /home/pbk/arduinobot_ws/install/arduinobot_description/share/arduinobot_description/urdf/arduinobot_ros2_control.xacro
[0.138s] -- Up-to-date: /home/pbk/arduinobot_ws/install/arduinobot_description/share/arduinobot_description/launch
[0.139s] -- Up-to-date: /home/pbk/arduinobot_ws/install/arduinobot_description/share/arduinobot_description/launch/display.launch.py
[0.139s] -- Up-to-date: /home/pbk/arduinobot_ws/install/arduinobot_description/share/arduinobot_description/launch/gazebo.launch.py
[0.139s] -- Up-to-date: /home/pbk/arduinobot_ws/install/arduinobot_description/share/arduinobot_description/rviz
[0.139s] -- Up-to-date: /home/pbk/arduinobot_ws/install/arduinobot_description/share/arduinobot_description/rviz/display.rviz
[0.139s] -- Up-to-date: /home/pbk/arduinobot_ws/install/arduinobot_description/share/arduinobot_description/models
[0.139s] -- Up-to-date: /home/pbk/arduinobot_ws/install/arduinobot_description/share/arduinobot_description/models/ground_plane
[0.139s] -- Up-to-date: /home/pbk/arduinobot_ws/install/arduinobot_description/share/arduinobot_description/models/ground_plane/model-1_4.sdf
[0.140s] -- Up-to-date: /home/pbk/arduinobot_ws/install/arduinobot_description/share/arduinobot_description/models/ground_plane/model-1_3.sdf
[0.140s] -- Up-to-date: /home/pbk/arduinobot_ws/install/arduinobot_description/share/arduinobot_description/models/ground_plane/model.config:Zone.Identifier
[0.141s] -- Up-to-date: /home/pbk/arduinobot_ws/install/arduinobot_description/share/arduinobot_description/models/ground_plane/model-1_2.sdf
[0.141s] -- Up-to-date: /home/pbk/arduinobot_ws/install/arduinobot_description/share/arduinobot_description/models/ground_plane/model-1_4.sdf:Zone.Identifier
[0.141s] -- Up-to-date: /home/pbk/arduinobot_ws/install/arduinobot_description/share/arduinobot_description/models/ground_plane/model-1_3.sdf:Zone.Identifier
[0.141s] -- Up-to-date: /home/pbk/arduinobot_ws/install/arduinobot_description/share/arduinobot_description/models/ground_plane/model.sdf:Zone.Identifier
[0.142s] -- Up-to-date: /home/pbk/arduinobot_ws/install/arduinobot_description/share/arduinobot_description/models/ground_plane/model.sdf
[0.142s] -- Up-to-date: /home/pbk/arduinobot_ws/install/arduinobot_description/share/arduinobot_description/models/ground_plane/model-1_2.sdf:Zone.Identifier
[0.142s] -- Up-to-date: /home/pbk/arduinobot_ws/install/arduinobot_description/share/arduinobot_description/models/ground_plane/model.config
[0.142s] -- Up-to-date: /home/pbk/arduinobot_ws/install/arduinobot_description/share/arduinobot_description/models/sun
[0.142s] -- Up-to-date: /home/pbk/arduinobot_ws/install/arduinobot_description/share/arduinobot_description/models/sun/model-1_4.sdf
[0.143s] -- Up-to-date: /home/pbk/arduinobot_ws/install/arduinobot_description/share/arduinobot_description/models/sun/model-1_3.sdf
[0.143s] -- Up-to-date: /home/pbk/arduinobot_ws/install/arduinobot_description/share/arduinobot_description/models/sun/model.config:Zone.Identifier
[0.143s] -- Up-to-date: /home/pbk/arduinobot_ws/install/arduinobot_description/share/arduinobot_description/models/sun/model-1_2.sdf
[0.143s] -- Up-to-date: /home/pbk/arduinobot_ws/install/arduinobot_description/share/arduinobot_description/models/sun/model-1_4.sdf:Zone.Identifier
[0.144s] -- Up-to-date: /home/pbk/arduinobot_ws/install/arduinobot_description/share/arduinobot_description/models/sun/model-1_3.sdf:Zone.Identifier
[0.144s] -- Up-to-date: /home/pbk/arduinobot_ws/install/arduinobot_description/share/arduinobot_description/models/sun/model.sdf:Zone.Identifier
[0.144s] -- Up-to-date: /home/pbk/arduinobot_ws/install/arduinobot_description/share/arduinobot_description/models/sun/model.sdf
[0.144s] -- Up-to-date: /home/pbk/arduinobot_ws/install/arduinobot_description/share/arduinobot_description/models/sun/model-1_2.sdf:Zone.Identifier
[0.144s] -- Up-to-date: /home/pbk/arduinobot_ws/install/arduinobot_description/share/arduinobot_description/models/sun/model.config
[0.144s] -- Up-to-date: /home/pbk/arduinobot_ws/install/arduinobot_description/share/ament_index/resource_index/package_run_dependencies/arduinobot_description
[0.144s] -- Up-to-date: /home/pbk/arduinobot_ws/install/arduinobot_description/share/ament_index/resource_index/parent_prefix_path/arduinobot_description
[0.145s] -- Up-to-date: /home/pbk/arduinobot_ws/install/arduinobot_description/share/arduinobot_description/environment/ament_prefix_path.sh
[0.145s] -- Up-to-date: /home/pbk/arduinobot_ws/install/arduinobot_description/share/arduinobot_description/environment/ament_prefix_path.dsv
[0.145s] -- Up-to-date: /home/pbk/arduinobot_ws/install/arduinobot_description/share/arduinobot_description/environment/path.sh
[0.146s] -- Up-to-date: /home/pbk/arduinobot_ws/install/arduinobot_description/share/arduinobot_description/environment/path.dsv
[0.146s] -- Up-to-date: /home/pbk/arduinobot_ws/install/arduinobot_description/share/arduinobot_description/local_setup.bash
[0.146s] -- Up-to-date: /home/pbk/arduinobot_ws/install/arduinobot_description/share/arduinobot_description/local_setup.sh
[0.146s] -- Up-to-date: /home/pbk/arduinobot_ws/install/arduinobot_description/share/arduinobot_description/local_setup.zsh
[0.146s] -- Up-to-date: /home/pbk/arduinobot_ws/install/arduinobot_description/share/arduinobot_description/local_setup.dsv
[0.147s] -- Installing: /home/pbk/arduinobot_ws/install/arduinobot_description/share/arduinobot_description/package.dsv
[0.147s] -- Up-to-date: /home/pbk/arduinobot_ws/install/arduinobot_description/share/ament_index/resource_index/packages/arduinobot_description
[0.147s] -- Up-to-date: /home/pbk/arduinobot_ws/install/arduinobot_description/share/arduinobot_description/cmake/arduinobot_descriptionConfig.cmake
[0.147s] -- Up-to-date: /home/pbk/arduinobot_ws/install/arduinobot_description/share/arduinobot_description/cmake/arduinobot_descriptionConfig-version.cmake
[0.147s] -- Up-to-date: /home/pbk/arduinobot_ws/install/arduinobot_description/share/arduinobot_description/package.xml
[0.176s] Invoked command in '/home/pbk/arduinobot_ws/build/arduinobot_description' returned '0': CMAKE_PREFIX_PATH=${CMAKE_PREFIX_PATH}:/home/pbk/arduinobot_ws/install/arduinobot_py_examples:/opt/ros/humble /usr/bin/cmake --install /home/pbk/arduinobot_ws/build/arduinobot_description
