[0.019s] Invoking command in '/home/pbk/arduinobot_ws/build/arduinobot_msgs': CMAKE_PREFIX_PATH=${CMAKE_PREFIX_PATH}:/home/pbk/arduinobot_ws/install/arduinobot_py_examples:/opt/ros/humble /usr/bin/cmake --build /home/pbk/arduinobot_ws/build/arduinobot_msgs -- -j20 -l20
[0.051s] [  9%] Built target arduinobot_msgs__rosidl_generator_c
[0.051s] [ 12%] Built target arduinobot_msgs__cpp
[0.059s] [ 12%] Built target ament_cmake_python_copy_arduinobot_msgs
[0.067s] [ 41%] Built target arduinobot_msgs__rosidl_typesupport_introspection_c
[0.067s] [ 41%] Built target arduinobot_msgs__rosidl_typesupport_c
[0.067s] [ 41%] Built target arduinobot_msgs__rosidl_typesupport_fastrtps_c
[0.069s] [ 51%] Built target arduinobot_msgs__rosidl_typesupport_cpp
[0.070s] [ 61%] Built target arduinobot_msgs__rosidl_typesupport_introspection_cpp
[0.070s] [ 70%] Built target arduinobot_msgs__rosidl_typesupport_fastrtps_cpp
[0.080s] [ 70%] Built target arduinobot_msgs
[0.093s] [ 74%] Built target arduinobot_msgs__py
[0.106s] [ 80%] Built target arduinobot_msgs__rosidl_generator_py
[0.119s] [ 93%] Built target arduinobot_msgs__rosidl_typesupport_introspection_c__pyext
[0.120s] [ 93%] Built target arduinobot_msgs__rosidl_typesupport_c__pyext
[0.120s] [100%] Built target arduinobot_msgs__rosidl_typesupport_fastrtps_c__pyext
[0.198s] running egg_info
[0.198s] writing arduinobot_msgs.egg-info/PKG-INFO
[0.198s] writing dependency_links to arduinobot_msgs.egg-info/dependency_links.txt
[0.198s] writing top-level names to arduinobot_msgs.egg-info/top_level.txt
[0.199s] reading manifest file 'arduinobot_msgs.egg-info/SOURCES.txt'
[0.200s] writing manifest file 'arduinobot_msgs.egg-info/SOURCES.txt'
[0.218s] [100%] Built target ament_cmake_python_build_arduinobot_msgs_egg
