[0.027s] Invoking command in '/home/pbk/arduinobot_ws/build/arduinobot_remote': CMAKE_PREFIX_PATH=/opt/ros/humble /usr/bin/cmake /home/pbk/arduinobot_ws/src/arduinobot_remote -DCMAKE_INSTALL_PREFIX=/home/pbk/arduinobot_ws/install/arduinobot_remote
[0.119s] -- The C compiler identification is GNU 11.4.0
[0.440s] -- The CXX compiler identification is GNU 11.4.0
[0.692s] -- Detecting C compiler ABI info
[0.800s] -- Detecting C compiler ABI info - done
[0.805s] -- Check for working C compiler: /usr/bin/cc - skipped
[0.805s] -- Detecting C compile features
[0.805s] -- Detecting C compile features - done
[0.808s] -- Detecting CXX compiler ABI info
[0.906s] -- Detecting CXX compiler ABI info - done
[0.910s] -- Check for working CXX compiler: /usr/bin/c++ - skipped
[0.910s] -- Detecting CXX compile features
[0.910s] -- Detecting CXX compile features - done
[0.912s] -- Found ament_cmake: 1.3.8 (/opt/ros/humble/share/ament_cmake/cmake)
[1.001s] -- Found Python3: /usr/bin/python3 (found version "3.10.12") found components: Interpreter 
[1.052s] -- Found ament_lint_auto: 0.12.10 (/opt/ros/humble/share/ament_lint_auto/cmake)
[1.097s] -- Added test 'lint_cmake' to check CMake code style
[1.098s] -- Added test 'xmllint' to check XML markup files
[1.098s] -- Configuring done
[1.100s] -- Generating done
[1.101s] -- Build files have been written to: /home/pbk/arduinobot_ws/build/arduinobot_remote
[1.103s] Invoked command in '/home/pbk/arduinobot_ws/build/arduinobot_remote' returned '0': CMAKE_PREFIX_PATH=/opt/ros/humble /usr/bin/cmake /home/pbk/arduinobot_ws/src/arduinobot_remote -DCMAKE_INSTALL_PREFIX=/home/pbk/arduinobot_ws/install/arduinobot_remote
[1.105s] Invoking command in '/home/pbk/arduinobot_ws/build/arduinobot_remote': CMAKE_PREFIX_PATH=/opt/ros/humble /usr/bin/cmake --build /home/pbk/arduinobot_ws/build/arduinobot_remote -- -j20 -l20
[1.123s] Invoked command in '/home/pbk/arduinobot_ws/build/arduinobot_remote' returned '0': CMAKE_PREFIX_PATH=/opt/ros/humble /usr/bin/cmake --build /home/pbk/arduinobot_ws/build/arduinobot_remote -- -j20 -l20
[1.136s] Invoking command in '/home/pbk/arduinobot_ws/build/arduinobot_remote': CMAKE_PREFIX_PATH=/opt/ros/humble /usr/bin/cmake --install /home/pbk/arduinobot_ws/build/arduinobot_remote
[1.140s] -- Install configuration: ""
[1.140s] -- Installing: /home/pbk/arduinobot_ws/install/arduinobot_remote/share/ament_index/resource_index/package_run_dependencies/arduinobot_remote
[1.140s] -- Installing: /home/pbk/arduinobot_ws/install/arduinobot_remote/share/ament_index/resource_index/parent_prefix_path/arduinobot_remote
[1.140s] -- Installing: /home/pbk/arduinobot_ws/install/arduinobot_remote/share/arduinobot_remote/environment/ament_prefix_path.sh
[1.140s] -- Installing: /home/pbk/arduinobot_ws/install/arduinobot_remote/share/arduinobot_remote/environment/ament_prefix_path.dsv
[1.141s] -- Installing: /home/pbk/arduinobot_ws/install/arduinobot_remote/share/arduinobot_remote/environment/path.sh
[1.141s] -- Installing: /home/pbk/arduinobot_ws/install/arduinobot_remote/share/arduinobot_remote/environment/path.dsv
[1.141s] -- Installing: /home/pbk/arduinobot_ws/install/arduinobot_remote/share/arduinobot_remote/local_setup.bash
[1.141s] -- Installing: /home/pbk/arduinobot_ws/install/arduinobot_remote/share/arduinobot_remote/local_setup.sh
[1.141s] -- Installing: /home/pbk/arduinobot_ws/install/arduinobot_remote/share/arduinobot_remote/local_setup.zsh
[1.141s] -- Installing: /home/pbk/arduinobot_ws/install/arduinobot_remote/share/arduinobot_remote/local_setup.dsv
[1.141s] -- Installing: /home/pbk/arduinobot_ws/install/arduinobot_remote/share/arduinobot_remote/package.dsv
[1.141s] -- Installing: /home/pbk/arduinobot_ws/install/arduinobot_remote/share/ament_index/resource_index/packages/arduinobot_remote
[1.141s] -- Installing: /home/pbk/arduinobot_ws/install/arduinobot_remote/share/arduinobot_remote/cmake/arduinobot_remoteConfig.cmake
[1.141s] -- Installing: /home/pbk/arduinobot_ws/install/arduinobot_remote/share/arduinobot_remote/cmake/arduinobot_remoteConfig-version.cmake
[1.142s] -- Installing: /home/pbk/arduinobot_ws/install/arduinobot_remote/share/arduinobot_remote/package.xml
[1.142s] Invoked command in '/home/pbk/arduinobot_ws/build/arduinobot_remote' returned '0': CMAKE_PREFIX_PATH=/opt/ros/humble /usr/bin/cmake --install /home/pbk/arduinobot_ws/build/arduinobot_remote
