[0.189s] Invoking command in '/home/pbk/arduinobot_ws/src/build/arduinobot_utils': AMENT_PREFIX_PATH=/home/pbk/arduinobot_ws/src/install/arduinobot_msgs:${AMENT_PREFIX_PATH} CMAKE_PREFIX_PATH=/home/pbk/arduinobot_ws/src/install/arduinobot_msgs:/opt/ros/humble LD_LIBRARY_PATH=/home/pbk/arduinobot_ws/src/install/arduinobot_msgs/lib:${LD_LIBRARY_PATH} PYTHONPATH=/home/pbk/arduinobot_ws/src/install/arduinobot_msgs/local/lib/python3.10/dist-packages:${PYTHONPATH} /usr/bin/cmake --build /home/pbk/arduinobot_ws/src/build/arduinobot_utils -- -j20 -l20
[0.207s] -- Found ament_cmake: 1.3.8 (/opt/ros/humble/share/ament_cmake/cmake)
[0.284s] -- Found rclpy: 3.3.12 (/opt/ros/humble/share/rclpy/cmake)
[0.284s] -- Found rclcpp: 16.0.8 (/opt/ros/humble/share/rclcpp/cmake)
[0.385s] -- Found rosidl_generator_c: 3.1.5 (/opt/ros/humble/share/rosidl_generator_c/cmake)
[0.387s] -- Found rosidl_adapter: 3.1.5 (/opt/ros/humble/share/rosidl_adapter/cmake)
[0.391s] -- Found rosidl_generator_cpp: 3.1.5 (/opt/ros/humble/share/rosidl_generator_cpp/cmake)
[0.398s] -- Using all available rosidl_typesupport_c: rosidl_typesupport_fastrtps_c;rosidl_typesupport_introspection_c
[0.408s] -- Using all available rosidl_typesupport_cpp: rosidl_typesupport_fastrtps_cpp;rosidl_typesupport_introspection_cpp
[0.455s] -- Found rmw_implementation_cmake: 6.1.1 (/opt/ros/humble/share/rmw_implementation_cmake/cmake)
[0.458s] -- Found rmw_cyclonedds_cpp: 1.3.4 (/opt/ros/humble/share/rmw_cyclonedds_cpp/cmake)
[0.487s] -- Using RMW implementation 'rmw_cyclonedds_cpp' as default
[0.596s] -- Found arduinobot_msgs: 0.0.0 (/home/pbk/arduinobot_ws/src/install/arduinobot_msgs/share/arduinobot_msgs/cmake)
[0.676s] -- Found tf2: 0.25.6 (/opt/ros/humble/share/tf2/cmake)
[0.758s] -- Found ament_lint_auto: 0.12.10 (/opt/ros/humble/share/ament_lint_auto/cmake)
[0.806s] -- Added test 'cppcheck' to perform static code analysis on C / C++ code
[0.806s] -- Configured cppcheck include dirs: 
[0.806s] -- Configured cppcheck exclude dirs and/or files: 
[0.806s] -- Added test 'flake8' to check Python code syntax and style conventions
[0.807s] -- Added test 'lint_cmake' to check CMake code style
[0.807s] -- Added test 'pep257' to check Python code against some of the docstring style conventions in PEP 257
[0.807s] -- Added test 'uncrustify' to check C / C++ code style
[0.807s] -- Configured uncrustify additional arguments: 
[0.807s] -- Added test 'xmllint' to check XML markup files
[0.809s] -- Configuring done
[0.820s] -- Generating done
[0.821s] -- Build files have been written to: /home/pbk/arduinobot_ws/src/build/arduinobot_utils
[0.837s] [35m[1mConsolidate compiler generated dependencies of target angle_conversion[0m
[0.846s] [  0%] Built target ament_cmake_python_copy_arduinobot_utils
[0.856s] [ 50%] [32mBuilding CXX object CMakeFiles/angle_conversion.dir/src/angle_conversion.cpp.o[0m
[0.977s] running egg_info
[0.977s] writing arduinobot_utils.egg-info/PKG-INFO
[0.977s] writing dependency_links to arduinobot_utils.egg-info/dependency_links.txt
[0.978s] writing top-level names to arduinobot_utils.egg-info/top_level.txt
[0.979s] reading manifest file 'arduinobot_utils.egg-info/SOURCES.txt'
[0.979s] writing manifest file 'arduinobot_utils.egg-info/SOURCES.txt'
[0.995s] [ 50%] Built target ament_cmake_python_build_arduinobot_utils_egg
[3.418s] [100%] [32m[1mLinking CXX executable angle_conversion[0m
[3.595s] [100%] Built target angle_conversion
[3.601s] Invoked command in '/home/pbk/arduinobot_ws/src/build/arduinobot_utils' returned '0': AMENT_PREFIX_PATH=/home/pbk/arduinobot_ws/src/install/arduinobot_msgs:${AMENT_PREFIX_PATH} CMAKE_PREFIX_PATH=/home/pbk/arduinobot_ws/src/install/arduinobot_msgs:/opt/ros/humble LD_LIBRARY_PATH=/home/pbk/arduinobot_ws/src/install/arduinobot_msgs/lib:${LD_LIBRARY_PATH} PYTHONPATH=/home/pbk/arduinobot_ws/src/install/arduinobot_msgs/local/lib/python3.10/dist-packages:${PYTHONPATH} /usr/bin/cmake --build /home/pbk/arduinobot_ws/src/build/arduinobot_utils -- -j20 -l20
[3.615s] Invoking command in '/home/pbk/arduinobot_ws/src/build/arduinobot_utils': AMENT_PREFIX_PATH=/home/pbk/arduinobot_ws/src/install/arduinobot_msgs:${AMENT_PREFIX_PATH} CMAKE_PREFIX_PATH=/home/pbk/arduinobot_ws/src/install/arduinobot_msgs:/opt/ros/humble LD_LIBRARY_PATH=/home/pbk/arduinobot_ws/src/install/arduinobot_msgs/lib:${LD_LIBRARY_PATH} PYTHONPATH=/home/pbk/arduinobot_ws/src/install/arduinobot_msgs/local/lib/python3.10/dist-packages:${PYTHONPATH} /usr/bin/cmake --install /home/pbk/arduinobot_ws/src/build/arduinobot_utils
[3.617s] -- Install configuration: ""
[3.618s] -- Up-to-date: /home/pbk/arduinobot_ws/src/install/arduinobot_utils/share/arduinobot_utils/environment/pythonpath.sh
[3.618s] -- Installing: /home/pbk/arduinobot_ws/src/install/arduinobot_utils/share/arduinobot_utils/environment/pythonpath.dsv
[3.619s] -- Up-to-date: /home/pbk/arduinobot_ws/src/install/arduinobot_utils/local/lib/python3.10/dist-packages/arduinobot_utils-0.0.0-py3.10.egg-info
[3.619s] -- Installing: /home/pbk/arduinobot_ws/src/install/arduinobot_utils/local/lib/python3.10/dist-packages/arduinobot_utils-0.0.0-py3.10.egg-info/top_level.txt
[3.619s] -- Installing: /home/pbk/arduinobot_ws/src/install/arduinobot_utils/local/lib/python3.10/dist-packages/arduinobot_utils-0.0.0-py3.10.egg-info/PKG-INFO
[3.619s] -- Installing: /home/pbk/arduinobot_ws/src/install/arduinobot_utils/local/lib/python3.10/dist-packages/arduinobot_utils-0.0.0-py3.10.egg-info/SOURCES.txt
[3.619s] -- Installing: /home/pbk/arduinobot_ws/src/install/arduinobot_utils/local/lib/python3.10/dist-packages/arduinobot_utils-0.0.0-py3.10.egg-info/dependency_links.txt
[3.619s] -- Up-to-date: /home/pbk/arduinobot_ws/src/install/arduinobot_utils/local/lib/python3.10/dist-packages/arduinobot_utils
[3.619s] -- Up-to-date: /home/pbk/arduinobot_ws/src/install/arduinobot_utils/local/lib/python3.10/dist-packages/arduinobot_utils/angle_conversion.py
[3.619s] -- Up-to-date: /home/pbk/arduinobot_ws/src/install/arduinobot_utils/local/lib/python3.10/dist-packages/arduinobot_utils/__init__.py
[3.639s] Listing '/home/pbk/arduinobot_ws/src/install/arduinobot_utils/local/lib/python3.10/dist-packages/arduinobot_utils'...
[3.643s] -- Installing: /home/pbk/arduinobot_ws/src/install/arduinobot_utils/lib/arduinobot_utils/angle_conversion
[3.643s] -- Set runtime path of "/home/pbk/arduinobot_ws/src/install/arduinobot_utils/lib/arduinobot_utils/angle_conversion" to ""
[3.644s] -- Up-to-date: /home/pbk/arduinobot_ws/src/install/arduinobot_utils/lib/arduinobot_utils/angle_conversion.py
[3.644s] -- Up-to-date: /home/pbk/arduinobot_ws/src/install/arduinobot_utils/share/ament_index/resource_index/package_run_dependencies/arduinobot_utils
[3.644s] -- Installing: /home/pbk/arduinobot_ws/src/install/arduinobot_utils/share/ament_index/resource_index/parent_prefix_path/arduinobot_utils
[3.644s] -- Up-to-date: /home/pbk/arduinobot_ws/src/install/arduinobot_utils/share/arduinobot_utils/environment/ament_prefix_path.sh
[3.644s] -- Installing: /home/pbk/arduinobot_ws/src/install/arduinobot_utils/share/arduinobot_utils/environment/ament_prefix_path.dsv
[3.644s] -- Up-to-date: /home/pbk/arduinobot_ws/src/install/arduinobot_utils/share/arduinobot_utils/environment/path.sh
[3.644s] -- Installing: /home/pbk/arduinobot_ws/src/install/arduinobot_utils/share/arduinobot_utils/environment/path.dsv
[3.644s] -- Up-to-date: /home/pbk/arduinobot_ws/src/install/arduinobot_utils/share/arduinobot_utils/local_setup.bash
[3.644s] -- Up-to-date: /home/pbk/arduinobot_ws/src/install/arduinobot_utils/share/arduinobot_utils/local_setup.sh
[3.644s] -- Up-to-date: /home/pbk/arduinobot_ws/src/install/arduinobot_utils/share/arduinobot_utils/local_setup.zsh
[3.645s] -- Installing: /home/pbk/arduinobot_ws/src/install/arduinobot_utils/share/arduinobot_utils/local_setup.dsv
[3.645s] -- Installing: /home/pbk/arduinobot_ws/src/install/arduinobot_utils/share/arduinobot_utils/package.dsv
[3.645s] -- Up-to-date: /home/pbk/arduinobot_ws/src/install/arduinobot_utils/share/ament_index/resource_index/packages/arduinobot_utils
[3.645s] -- Up-to-date: /home/pbk/arduinobot_ws/src/install/arduinobot_utils/share/arduinobot_utils/cmake/arduinobot_utilsConfig.cmake
[3.645s] -- Up-to-date: /home/pbk/arduinobot_ws/src/install/arduinobot_utils/share/arduinobot_utils/cmake/arduinobot_utilsConfig-version.cmake
[3.645s] -- Up-to-date: /home/pbk/arduinobot_ws/src/install/arduinobot_utils/share/arduinobot_utils/package.xml
[3.647s] Invoked command in '/home/pbk/arduinobot_ws/src/build/arduinobot_utils' returned '0': AMENT_PREFIX_PATH=/home/pbk/arduinobot_ws/src/install/arduinobot_msgs:${AMENT_PREFIX_PATH} CMAKE_PREFIX_PATH=/home/pbk/arduinobot_ws/src/install/arduinobot_msgs:/opt/ros/humble LD_LIBRARY_PATH=/home/pbk/arduinobot_ws/src/install/arduinobot_msgs/lib:${LD_LIBRARY_PATH} PYTHONPATH=/home/pbk/arduinobot_ws/src/install/arduinobot_msgs/local/lib/python3.10/dist-packages:${PYTHONPATH} /usr/bin/cmake --install /home/pbk/arduinobot_ws/src/build/arduinobot_utils
