[0.018s] Invoking command in '/home/pbk/arduinobot_ws/build/arduinobot_description': CMAKE_PREFIX_PATH=${CMAKE_PREFIX_PATH}:/home/pbk/arduinobot_ws/install/arduinobot_py_examples:/opt/ros/humble /usr/bin/cmake --build /home/pbk/arduinobot_ws/build/arduinobot_description -- -j20 -l20
[0.041s] Invoked command in '/home/pbk/arduinobot_ws/build/arduinobot_description' returned '0': CMAKE_PREFIX_PATH=${CMAKE_PREFIX_PATH}:/home/pbk/arduinobot_ws/install/arduinobot_py_examples:/opt/ros/humble /usr/bin/cmake --build /home/pbk/arduinobot_ws/build/arduinobot_description -- -j20 -l20
[0.060s] Invoking command in '/home/pbk/arduinobot_ws/build/arduinobot_description': CMAKE_PREFIX_PATH=${CMAKE_PREFIX_PATH}:/home/pbk/arduinobot_ws/install/arduinobot_py_examples:/opt/ros/humble /usr/bin/cmake --install /home/pbk/arduinobot_ws/build/arduinobot_description
[0.066s] -- Install configuration: ""
[0.067s] -- Up-to-date: /home/pbk/arduinobot_ws/install/arduinobot_description/share/arduinobot_description/meshes
[0.067s] -- Up-to-date: /home/pbk/arduinobot_ws/install/arduinobot_description/share/arduinobot_description/meshes/basement.STL:Zone.Identifier
[0.068s] -- Up-to-date: /home/pbk/arduinobot_ws/install/arduinobot_description/share/arduinobot_description/meshes/plate.STL
[0.068s] -- Up-to-date: /home/pbk/arduinobot_ws/install/arduinobot_description/share/arduinobot_description/meshes/base_plate.STL:Zone.Identifier
[0.068s] -- Up-to-date: /home/pbk/arduinobot_ws/install/arduinobot_description/share/arduinobot_description/meshes/round_plate.STL:Zone.Identifier
[0.068s] -- Up-to-date: /home/pbk/arduinobot_ws/install/arduinobot_description/share/arduinobot_description/meshes/forward_drive_arm.STL
[0.068s] -- Up-to-date: /home/pbk/arduinobot_ws/install/arduinobot_description/share/arduinobot_description/meshes/left_finger.STL:Zone.Identifier
[0.069s] -- Up-to-date: /home/pbk/arduinobot_ws/install/arduinobot_description/share/arduinobot_description/meshes/left_finger.STL
[0.069s] -- Up-to-date: /home/pbk/arduinobot_ws/install/arduinobot_description/share/arduinobot_description/meshes/servo_plate.STL
[0.069s] -- Up-to-date: /home/pbk/arduinobot_ws/install/arduinobot_description/share/arduinobot_description/meshes/forward_drive_arm.STL:Zone.Identifier
[0.070s] -- Up-to-date: /home/pbk/arduinobot_ws/install/arduinobot_description/share/arduinobot_description/meshes/round_plate.STL
[0.070s] -- Up-to-date: /home/pbk/arduinobot_ws/install/arduinobot_description/share/arduinobot_description/meshes/plate.STL:Zone.Identifier
[0.070s] -- Up-to-date: /home/pbk/arduinobot_ws/install/arduinobot_description/share/arduinobot_description/meshes/link.STL:Zone.Identifier
[0.070s] -- Up-to-date: /home/pbk/arduinobot_ws/install/arduinobot_description/share/arduinobot_description/meshes/right_finger.STL:Zone.Identifier
[0.071s] -- Up-to-date: /home/pbk/arduinobot_ws/install/arduinobot_description/share/arduinobot_description/meshes/link.STL
[0.071s] -- Up-to-date: /home/pbk/arduinobot_ws/install/arduinobot_description/share/arduinobot_description/meshes/claw_support.STL
[0.072s] -- Up-to-date: /home/pbk/arduinobot_ws/install/arduinobot_description/share/arduinobot_description/meshes/base_plate.STL
[0.072s] -- Up-to-date: /home/pbk/arduinobot_ws/install/arduinobot_description/share/arduinobot_description/meshes/right_finger.STL
[0.072s] -- Up-to-date: /home/pbk/arduinobot_ws/install/arduinobot_description/share/arduinobot_description/meshes/triangular_link.STL:Zone.Identifier
[0.072s] -- Up-to-date: /home/pbk/arduinobot_ws/install/arduinobot_description/share/arduinobot_description/meshes/pi_camera.STL
[0.072s] -- Up-to-date: /home/pbk/arduinobot_ws/install/arduinobot_description/share/arduinobot_description/meshes/vertical_drive_arm.STL
[0.072s] -- Up-to-date: /home/pbk/arduinobot_ws/install/arduinobot_description/share/arduinobot_description/meshes/triangular_link.STL
[0.073s] -- Up-to-date: /home/pbk/arduinobot_ws/install/arduinobot_description/share/arduinobot_description/meshes/claw_support.STL:Zone.Identifier
[0.073s] -- Up-to-date: /home/pbk/arduinobot_ws/install/arduinobot_description/share/arduinobot_description/meshes/vertical_drive_arm.STL:Zone.Identifier
[0.073s] -- Up-to-date: /home/pbk/arduinobot_ws/install/arduinobot_description/share/arduinobot_description/meshes/horizontal_arm.STL
[0.073s] -- Up-to-date: /home/pbk/arduinobot_ws/install/arduinobot_description/share/arduinobot_description/meshes/basement.STL
[0.074s] -- Up-to-date: /home/pbk/arduinobot_ws/install/arduinobot_description/share/arduinobot_description/meshes/servo_plate.STL:Zone.Identifier
[0.074s] -- Up-to-date: /home/pbk/arduinobot_ws/install/arduinobot_description/share/arduinobot_description/meshes/horizontal_arm.STL:Zone.Identifier
[0.074s] -- Up-to-date: /home/pbk/arduinobot_ws/install/arduinobot_description/share/arduinobot_description/urdf
[0.074s] -- Up-to-date: /home/pbk/arduinobot_ws/install/arduinobot_description/share/arduinobot_description/urdf/arduinobot.urdf.xacro
[0.074s] -- Up-to-date: /home/pbk/arduinobot_ws/install/arduinobot_description/share/arduinobot_description/urdf/arduinobot_gazebo.xacro
[0.075s] -- Up-to-date: /home/pbk/arduinobot_ws/install/arduinobot_description/share/arduinobot_description/urdf/arduinobot_ros2_control.xacro
[0.075s] -- Up-to-date: /home/pbk/arduinobot_ws/install/arduinobot_description/share/arduinobot_description/launch
[0.075s] -- Up-to-date: /home/pbk/arduinobot_ws/install/arduinobot_description/share/arduinobot_description/launch/display.launch.py
[0.075s] -- Up-to-date: /home/pbk/arduinobot_ws/install/arduinobot_description/share/arduinobot_description/launch/gazebo.launch.py
[0.075s] -- Up-to-date: /home/pbk/arduinobot_ws/install/arduinobot_description/share/arduinobot_description/rviz
[0.075s] -- Up-to-date: /home/pbk/arduinobot_ws/install/arduinobot_description/share/arduinobot_description/rviz/display.rviz
[0.075s] -- Up-to-date: /home/pbk/arduinobot_ws/install/arduinobot_description/share/arduinobot_description/models
[0.075s] -- Up-to-date: /home/pbk/arduinobot_ws/install/arduinobot_description/share/arduinobot_description/models/ground_plane
[0.075s] -- Up-to-date: /home/pbk/arduinobot_ws/install/arduinobot_description/share/arduinobot_description/models/ground_plane/model-1_4.sdf
[0.075s] -- Up-to-date: /home/pbk/arduinobot_ws/install/arduinobot_description/share/arduinobot_description/models/ground_plane/model-1_3.sdf
[0.075s] -- Up-to-date: /home/pbk/arduinobot_ws/install/arduinobot_description/share/arduinobot_description/models/ground_plane/model.config:Zone.Identifier
[0.075s] -- Up-to-date: /home/pbk/arduinobot_ws/install/arduinobot_description/share/arduinobot_description/models/ground_plane/model-1_2.sdf
[0.075s] -- Up-to-date: /home/pbk/arduinobot_ws/install/arduinobot_description/share/arduinobot_description/models/ground_plane/model-1_4.sdf:Zone.Identifier
[0.075s] -- Up-to-date: /home/pbk/arduinobot_ws/install/arduinobot_description/share/arduinobot_description/models/ground_plane/model-1_3.sdf:Zone.Identifier
[0.076s] -- Up-to-date: /home/pbk/arduinobot_ws/install/arduinobot_description/share/arduinobot_description/models/ground_plane/model.sdf:Zone.Identifier
[0.076s] -- Up-to-date: /home/pbk/arduinobot_ws/install/arduinobot_description/share/arduinobot_description/models/ground_plane/model.sdf
[0.076s] -- Up-to-date: /home/pbk/arduinobot_ws/install/arduinobot_description/share/arduinobot_description/models/ground_plane/model-1_2.sdf:Zone.Identifier
[0.076s] -- Up-to-date: /home/pbk/arduinobot_ws/install/arduinobot_description/share/arduinobot_description/models/ground_plane/model.config
[0.076s] -- Up-to-date: /home/pbk/arduinobot_ws/install/arduinobot_description/share/arduinobot_description/models/sun
[0.076s] -- Up-to-date: /home/pbk/arduinobot_ws/install/arduinobot_description/share/arduinobot_description/models/sun/model-1_4.sdf
[0.076s] -- Up-to-date: /home/pbk/arduinobot_ws/install/arduinobot_description/share/arduinobot_description/models/sun/model-1_3.sdf
[0.076s] -- Up-to-date: /home/pbk/arduinobot_ws/install/arduinobot_description/share/arduinobot_description/models/sun/model.config:Zone.Identifier
[0.076s] -- Up-to-date: /home/pbk/arduinobot_ws/install/arduinobot_description/share/arduinobot_description/models/sun/model-1_2.sdf
[0.077s] -- Up-to-date: /home/pbk/arduinobot_ws/install/arduinobot_description/share/arduinobot_description/models/sun/model-1_4.sdf:Zone.Identifier
[0.077s] -- Up-to-date: /home/pbk/arduinobot_ws/install/arduinobot_description/share/arduinobot_description/models/sun/model-1_3.sdf:Zone.Identifier
[0.077s] -- Up-to-date: /home/pbk/arduinobot_ws/install/arduinobot_description/share/arduinobot_description/models/sun/model.sdf:Zone.Identifier
[0.077s] -- Up-to-date: /home/pbk/arduinobot_ws/install/arduinobot_description/share/arduinobot_description/models/sun/model.sdf
[0.077s] -- Up-to-date: /home/pbk/arduinobot_ws/install/arduinobot_description/share/arduinobot_description/models/sun/model-1_2.sdf:Zone.Identifier
[0.077s] -- Up-to-date: /home/pbk/arduinobot_ws/install/arduinobot_description/share/arduinobot_description/models/sun/model.config
[0.077s] -- Up-to-date: /home/pbk/arduinobot_ws/install/arduinobot_description/share/ament_index/resource_index/package_run_dependencies/arduinobot_description
[0.078s] -- Up-to-date: /home/pbk/arduinobot_ws/install/arduinobot_description/share/ament_index/resource_index/parent_prefix_path/arduinobot_description
[0.078s] -- Up-to-date: /home/pbk/arduinobot_ws/install/arduinobot_description/share/arduinobot_description/environment/ament_prefix_path.sh
[0.078s] -- Up-to-date: /home/pbk/arduinobot_ws/install/arduinobot_description/share/arduinobot_description/environment/ament_prefix_path.dsv
[0.078s] -- Up-to-date: /home/pbk/arduinobot_ws/install/arduinobot_description/share/arduinobot_description/environment/path.sh
[0.078s] -- Up-to-date: /home/pbk/arduinobot_ws/install/arduinobot_description/share/arduinobot_description/environment/path.dsv
[0.078s] -- Up-to-date: /home/pbk/arduinobot_ws/install/arduinobot_description/share/arduinobot_description/local_setup.bash
[0.078s] -- Up-to-date: /home/pbk/arduinobot_ws/install/arduinobot_description/share/arduinobot_description/local_setup.sh
[0.078s] -- Up-to-date: /home/pbk/arduinobot_ws/install/arduinobot_description/share/arduinobot_description/local_setup.zsh
[0.078s] -- Up-to-date: /home/pbk/arduinobot_ws/install/arduinobot_description/share/arduinobot_description/local_setup.dsv
[0.079s] -- Installing: /home/pbk/arduinobot_ws/install/arduinobot_description/share/arduinobot_description/package.dsv
[0.079s] -- Up-to-date: /home/pbk/arduinobot_ws/install/arduinobot_description/share/ament_index/resource_index/packages/arduinobot_description
[0.079s] -- Up-to-date: /home/pbk/arduinobot_ws/install/arduinobot_description/share/arduinobot_description/cmake/arduinobot_descriptionConfig.cmake
[0.079s] -- Up-to-date: /home/pbk/arduinobot_ws/install/arduinobot_description/share/arduinobot_description/cmake/arduinobot_descriptionConfig-version.cmake
[0.079s] -- Up-to-date: /home/pbk/arduinobot_ws/install/arduinobot_description/share/arduinobot_description/package.xml
[0.101s] Invoked command in '/home/pbk/arduinobot_ws/build/arduinobot_description' returned '0': CMAKE_PREFIX_PATH=${CMAKE_PREFIX_PATH}:/home/pbk/arduinobot_ws/install/arduinobot_py_examples:/opt/ros/humble /usr/bin/cmake --install /home/pbk/arduinobot_ws/build/arduinobot_description
