[0.023s] Invoking command in '/home/pbk/arduinobot_ws/build/arduinobot_controller': CMAKE_PREFIX_PATH=${CMAKE_PREFIX_PATH}:/home/pbk/arduinobot_ws/install/arduinobot_py_examples:/opt/ros/humble /usr/bin/cmake /home/pbk/arduinobot_ws/src/arduinobot_controller -DCMAKE_INSTALL_PREFIX=/home/pbk/arduinobot_ws/install/arduinobot_controller
[0.252s] -- The C compiler identification is GNU 11.4.0
[0.563s] -- The CXX compiler identification is GNU 11.4.0
[0.728s] -- Detecting C compiler ABI info
[0.821s] -- Detecting C compiler ABI info - done
[0.826s] -- Check for working C compiler: /usr/bin/cc - skipped
[0.826s] -- Detecting C compile features
[0.827s] -- Detecting C compile features - done
[0.829s] -- Detecting CXX compiler ABI info
[0.925s] -- Detecting CXX compiler ABI info - done
[0.929s] -- Check for working CXX compiler: /usr/bin/c++ - skipped
[0.930s] -- Detecting CXX compile features
[0.930s] -- Detecting CXX compile features - done
[0.944s] -- Found ament_cmake: 1.3.8 (/opt/ros/humble/share/ament_cmake/cmake)
[1.063s] -- Found Python3: /usr/bin/python3 (found version "3.10.12") found components: Interpreter 
[1.144s] -- Found ament_lint_auto: 0.12.10 (/opt/ros/humble/share/ament_lint_auto/cmake)
[1.203s] -- Added test 'lint_cmake' to check CMake code style
[1.204s] -- Added test 'xmllint' to check XML markup files
[1.206s] -- Configuring done
[1.212s] -- Generating done
[1.213s] -- Build files have been written to: /home/pbk/arduinobot_ws/build/arduinobot_controller
[1.216s] Invoked command in '/home/pbk/arduinobot_ws/build/arduinobot_controller' returned '0': CMAKE_PREFIX_PATH=${CMAKE_PREFIX_PATH}:/home/pbk/arduinobot_ws/install/arduinobot_py_examples:/opt/ros/humble /usr/bin/cmake /home/pbk/arduinobot_ws/src/arduinobot_controller -DCMAKE_INSTALL_PREFIX=/home/pbk/arduinobot_ws/install/arduinobot_controller
[1.218s] Invoking command in '/home/pbk/arduinobot_ws/build/arduinobot_controller': CMAKE_PREFIX_PATH=${CMAKE_PREFIX_PATH}:/home/pbk/arduinobot_ws/install/arduinobot_py_examples:/opt/ros/humble /usr/bin/cmake --build /home/pbk/arduinobot_ws/build/arduinobot_controller -- -j20 -l20
[1.238s] Invoked command in '/home/pbk/arduinobot_ws/build/arduinobot_controller' returned '0': CMAKE_PREFIX_PATH=${CMAKE_PREFIX_PATH}:/home/pbk/arduinobot_ws/install/arduinobot_py_examples:/opt/ros/humble /usr/bin/cmake --build /home/pbk/arduinobot_ws/build/arduinobot_controller -- -j20 -l20
[1.251s] Invoking command in '/home/pbk/arduinobot_ws/build/arduinobot_controller': CMAKE_PREFIX_PATH=${CMAKE_PREFIX_PATH}:/home/pbk/arduinobot_ws/install/arduinobot_py_examples:/opt/ros/humble /usr/bin/cmake --install /home/pbk/arduinobot_ws/build/arduinobot_controller
[1.255s] -- Install configuration: ""
[1.256s] -- Installing: /home/pbk/arduinobot_ws/install/arduinobot_controller/share/ament_index/resource_index/package_run_dependencies/arduinobot_controller
[1.256s] -- Installing: /home/pbk/arduinobot_ws/install/arduinobot_controller/share/ament_index/resource_index/parent_prefix_path/arduinobot_controller
[1.256s] -- Installing: /home/pbk/arduinobot_ws/install/arduinobot_controller/share/arduinobot_controller/environment/ament_prefix_path.sh
[1.257s] -- Installing: /home/pbk/arduinobot_ws/install/arduinobot_controller/share/arduinobot_controller/environment/ament_prefix_path.dsv
[1.257s] -- Installing: /home/pbk/arduinobot_ws/install/arduinobot_controller/share/arduinobot_controller/environment/path.sh
[1.257s] -- Installing: /home/pbk/arduinobot_ws/install/arduinobot_controller/share/arduinobot_controller/environment/path.dsv
[1.257s] -- Installing: /home/pbk/arduinobot_ws/install/arduinobot_controller/share/arduinobot_controller/local_setup.bash
[1.257s] -- Installing: /home/pbk/arduinobot_ws/install/arduinobot_controller/share/arduinobot_controller/local_setup.sh
[1.258s] -- Installing: /home/pbk/arduinobot_ws/install/arduinobot_controller/share/arduinobot_controller/local_setup.zsh
[1.258s] -- Installing: /home/pbk/arduinobot_ws/install/arduinobot_controller/share/arduinobot_controller/local_setup.dsv
[1.258s] -- Installing: /home/pbk/arduinobot_ws/install/arduinobot_controller/share/arduinobot_controller/package.dsv
[1.259s] -- Installing: /home/pbk/arduinobot_ws/install/arduinobot_controller/share/ament_index/resource_index/packages/arduinobot_controller
[1.259s] -- Installing: /home/pbk/arduinobot_ws/install/arduinobot_controller/share/arduinobot_controller/cmake/arduinobot_controllerConfig.cmake
[1.259s] -- Installing: /home/pbk/arduinobot_ws/install/arduinobot_controller/share/arduinobot_controller/cmake/arduinobot_controllerConfig-version.cmake
[1.259s] -- Installing: /home/pbk/arduinobot_ws/install/arduinobot_controller/share/arduinobot_controller/package.xml
[1.261s] Invoked command in '/home/pbk/arduinobot_ws/build/arduinobot_controller' returned '0': CMAKE_PREFIX_PATH=${CMAKE_PREFIX_PATH}:/home/pbk/arduinobot_ws/install/arduinobot_py_examples:/opt/ros/humble /usr/bin/cmake --install /home/pbk/arduinobot_ws/build/arduinobot_controller
