[0.220s] Invoking command in '/home/pbk/arduinobot_ws/build/arduinobot_remote': AMENT_PREFIX_PATH=/home/pbk/arduinobot_ws/install/arduinobot_msgs:${AMENT_PREFIX_PATH} CMAKE_PREFIX_PATH=/home/pbk/arduinobot_ws/install/arduinobot_msgs:/opt/ros/humble LD_LIBRARY_PATH=/home/pbk/arduinobot_ws/install/arduinobot_msgs/lib:${LD_LIBRARY_PATH} PYTHONPATH=/home/pbk/arduinobot_ws/install/arduinobot_msgs/local/lib/python3.10/dist-packages:${PYTHONPATH} /usr/bin/cmake --build /home/pbk/arduinobot_ws/build/arduinobot_remote -- -j20 -l20
[0.258s] [ 50%] Built target task_server_node
[0.262s] [ 50%] Built target ament_cmake_python_copy_arduinobot_remote
[0.265s] [100%] Built target task_server
[0.421s] running egg_info
[0.422s] writing arduinobot_remote.egg-info/PKG-INFO
[0.422s] writing dependency_links to arduinobot_remote.egg-info/dependency_links.txt
[0.422s] writing top-level names to arduinobot_remote.egg-info/top_level.txt
[0.424s] reading manifest file 'arduinobot_remote.egg-info/SOURCES.txt'
[0.425s] writing manifest file 'arduinobot_remote.egg-info/SOURCES.txt'
[0.452s] [100%] Built target ament_cmake_python_build_arduinobot_remote_egg
[0.462s] Invoked command in '/home/pbk/arduinobot_ws/build/arduinobot_remote' returned '0': AMENT_PREFIX_PATH=/home/pbk/arduinobot_ws/install/arduinobot_msgs:${AMENT_PREFIX_PATH} CMAKE_PREFIX_PATH=/home/pbk/arduinobot_ws/install/arduinobot_msgs:/opt/ros/humble LD_LIBRARY_PATH=/home/pbk/arduinobot_ws/install/arduinobot_msgs/lib:${LD_LIBRARY_PATH} PYTHONPATH=/home/pbk/arduinobot_ws/install/arduinobot_msgs/local/lib/python3.10/dist-packages:${PYTHONPATH} /usr/bin/cmake --build /home/pbk/arduinobot_ws/build/arduinobot_remote -- -j20 -l20
[0.484s] Invoking command in '/home/pbk/arduinobot_ws/build/arduinobot_remote': AMENT_PREFIX_PATH=/home/pbk/arduinobot_ws/install/arduinobot_msgs:${AMENT_PREFIX_PATH} CMAKE_PREFIX_PATH=/home/pbk/arduinobot_ws/install/arduinobot_msgs:/opt/ros/humble LD_LIBRARY_PATH=/home/pbk/arduinobot_ws/install/arduinobot_msgs/lib:${LD_LIBRARY_PATH} PYTHONPATH=/home/pbk/arduinobot_ws/install/arduinobot_msgs/local/lib/python3.10/dist-packages:${PYTHONPATH} /usr/bin/cmake --install /home/pbk/arduinobot_ws/build/arduinobot_remote
[0.488s] -- Install configuration: ""
[0.489s] -- Up-to-date: /home/pbk/arduinobot_ws/install/arduinobot_remote/lib/arduinobot_remote/task_server_node
[0.489s] -- Up-to-date: /home/pbk/arduinobot_ws/install/arduinobot_remote/share/arduinobot_remote/environment/pythonpath.sh
[0.489s] -- Up-to-date: /home/pbk/arduinobot_ws/install/arduinobot_remote/share/arduinobot_remote/environment/pythonpath.dsv
[0.489s] -- Up-to-date: /home/pbk/arduinobot_ws/install/arduinobot_remote/local/lib/python3.10/dist-packages/arduinobot_remote-0.0.0-py3.10.egg-info
[0.489s] -- Installing: /home/pbk/arduinobot_ws/install/arduinobot_remote/local/lib/python3.10/dist-packages/arduinobot_remote-0.0.0-py3.10.egg-info/top_level.txt
[0.489s] -- Installing: /home/pbk/arduinobot_ws/install/arduinobot_remote/local/lib/python3.10/dist-packages/arduinobot_remote-0.0.0-py3.10.egg-info/PKG-INFO
[0.489s] -- Installing: /home/pbk/arduinobot_ws/install/arduinobot_remote/local/lib/python3.10/dist-packages/arduinobot_remote-0.0.0-py3.10.egg-info/SOURCES.txt
[0.490s] -- Installing: /home/pbk/arduinobot_ws/install/arduinobot_remote/local/lib/python3.10/dist-packages/arduinobot_remote-0.0.0-py3.10.egg-info/dependency_links.txt
[0.490s] -- Up-to-date: /home/pbk/arduinobot_ws/install/arduinobot_remote/local/lib/python3.10/dist-packages/arduinobot_remote
[0.490s] -- Up-to-date: /home/pbk/arduinobot_ws/install/arduinobot_remote/local/lib/python3.10/dist-packages/arduinobot_remote/__init__.py
[0.490s] -- Up-to-date: /home/pbk/arduinobot_ws/install/arduinobot_remote/local/lib/python3.10/dist-packages/arduinobot_remote/alexa_interface.py
[0.520s] Listing '/home/pbk/arduinobot_ws/install/arduinobot_remote/local/lib/python3.10/dist-packages/arduinobot_remote'...
[0.526s] -- Up-to-date: /home/pbk/arduinobot_ws/install/arduinobot_remote/lib/libtask_server.so
[0.526s] -- Up-to-date: /home/pbk/arduinobot_ws/install/arduinobot_remote/lib/arduinobot_remote/alexa_interface.py
[0.526s] -- Up-to-date: /home/pbk/arduinobot_ws/install/arduinobot_remote/share/ament_index/resource_index/package_run_dependencies/arduinobot_remote
[0.527s] -- Up-to-date: /home/pbk/arduinobot_ws/install/arduinobot_remote/share/ament_index/resource_index/parent_prefix_path/arduinobot_remote
[0.527s] -- Up-to-date: /home/pbk/arduinobot_ws/install/arduinobot_remote/share/arduinobot_remote/environment/ament_prefix_path.sh
[0.527s] -- Up-to-date: /home/pbk/arduinobot_ws/install/arduinobot_remote/share/arduinobot_remote/environment/ament_prefix_path.dsv
[0.527s] -- Up-to-date: /home/pbk/arduinobot_ws/install/arduinobot_remote/share/arduinobot_remote/environment/path.sh
[0.527s] -- Up-to-date: /home/pbk/arduinobot_ws/install/arduinobot_remote/share/arduinobot_remote/environment/path.dsv
[0.527s] -- Up-to-date: /home/pbk/arduinobot_ws/install/arduinobot_remote/share/arduinobot_remote/local_setup.bash
[0.527s] -- Up-to-date: /home/pbk/arduinobot_ws/install/arduinobot_remote/share/arduinobot_remote/local_setup.sh
[0.528s] -- Up-to-date: /home/pbk/arduinobot_ws/install/arduinobot_remote/share/arduinobot_remote/local_setup.zsh
[0.529s] -- Up-to-date: /home/pbk/arduinobot_ws/install/arduinobot_remote/share/arduinobot_remote/local_setup.dsv
[0.529s] -- Up-to-date: /home/pbk/arduinobot_ws/install/arduinobot_remote/share/arduinobot_remote/package.dsv
[0.529s] -- Up-to-date: /home/pbk/arduinobot_ws/install/arduinobot_remote/share/ament_index/resource_index/packages/arduinobot_remote
[0.529s] -- Up-to-date: /home/pbk/arduinobot_ws/install/arduinobot_remote/share/ament_index/resource_index/rclcpp_components/arduinobot_remote
[0.529s] -- Up-to-date: /home/pbk/arduinobot_ws/install/arduinobot_remote/share/arduinobot_remote/cmake/arduinobot_remoteConfig.cmake
[0.529s] -- Up-to-date: /home/pbk/arduinobot_ws/install/arduinobot_remote/share/arduinobot_remote/cmake/arduinobot_remoteConfig-version.cmake
[0.529s] -- Up-to-date: /home/pbk/arduinobot_ws/install/arduinobot_remote/share/arduinobot_remote/package.xml
[0.536s] Invoked command in '/home/pbk/arduinobot_ws/build/arduinobot_remote' returned '0': AMENT_PREFIX_PATH=/home/pbk/arduinobot_ws/install/arduinobot_msgs:${AMENT_PREFIX_PATH} CMAKE_PREFIX_PATH=/home/pbk/arduinobot_ws/install/arduinobot_msgs:/opt/ros/humble LD_LIBRARY_PATH=/home/pbk/arduinobot_ws/install/arduinobot_msgs/lib:${LD_LIBRARY_PATH} PYTHONPATH=/home/pbk/arduinobot_ws/install/arduinobot_msgs/local/lib/python3.10/dist-packages:${PYTHONPATH} /usr/bin/cmake --install /home/pbk/arduinobot_ws/build/arduinobot_remote
