[0.472s] Invoking command in '/home/pbk/arduinobot_ws/src/arduinobot_py_examples': PYTHONPATH=/home/pbk/arduinobot_ws/build/arduinobot_py_examples/prefix_override:/home/pbk/arduinobot_ws/install/arduinobot_py_examples/lib/python3.10/site-packages:${PYTHONPATH} /usr/bin/python3 -W ignore:setup.py install is deprecated setup.py egg_info --egg-base ../../build/arduinobot_py_examples build --build-base /home/pbk/arduinobot_ws/build/arduinobot_py_examples/build install --record /home/pbk/arduinobot_ws/build/arduinobot_py_examples/install.log --single-version-externally-managed install_data
[0.597s] running egg_info
[0.598s] creating ../../build/arduinobot_py_examples/arduinobot_py_examples.egg-info
[0.598s] writing ../../build/arduinobot_py_examples/arduinobot_py_examples.egg-info/PKG-INFO
[0.598s] writing dependency_links to ../../build/arduinobot_py_examples/arduinobot_py_examples.egg-info/dependency_links.txt
[0.598s] writing entry points to ../../build/arduinobot_py_examples/arduinobot_py_examples.egg-info/entry_points.txt
[0.598s] writing requirements to ../../build/arduinobot_py_examples/arduinobot_py_examples.egg-info/requires.txt
[0.598s] writing top-level names to ../../build/arduinobot_py_examples/arduinobot_py_examples.egg-info/top_level.txt
[0.598s] writing manifest file '../../build/arduinobot_py_examples/arduinobot_py_examples.egg-info/SOURCES.txt'
[0.599s] reading manifest file '../../build/arduinobot_py_examples/arduinobot_py_examples.egg-info/SOURCES.txt'
[0.600s] writing manifest file '../../build/arduinobot_py_examples/arduinobot_py_examples.egg-info/SOURCES.txt'
[0.600s] running build
[0.600s] running build_py
[0.600s] creating /home/pbk/arduinobot_ws/build/arduinobot_py_examples/build
[0.600s] creating /home/pbk/arduinobot_ws/build/arduinobot_py_examples/build/lib
[0.600s] creating /home/pbk/arduinobot_ws/build/arduinobot_py_examples/build/lib/arduinobot_py_examples
[0.600s] copying arduinobot_py_examples/__init__.py -> /home/pbk/arduinobot_ws/build/arduinobot_py_examples/build/lib/arduinobot_py_examples
[0.601s] running install
[0.601s] running install_lib
[0.602s] creating /home/pbk/arduinobot_ws/install/arduinobot_py_examples/lib/python3.10/site-packages/arduinobot_py_examples
[0.602s] copying /home/pbk/arduinobot_ws/build/arduinobot_py_examples/build/lib/arduinobot_py_examples/__init__.py -> /home/pbk/arduinobot_ws/install/arduinobot_py_examples/lib/python3.10/site-packages/arduinobot_py_examples
[0.602s] byte-compiling /home/pbk/arduinobot_ws/install/arduinobot_py_examples/lib/python3.10/site-packages/arduinobot_py_examples/__init__.py to __init__.cpython-310.pyc
[0.602s] running install_data
[0.602s] creating /home/pbk/arduinobot_ws/install/arduinobot_py_examples/share/ament_index
[0.603s] creating /home/pbk/arduinobot_ws/install/arduinobot_py_examples/share/ament_index/resource_index
[0.603s] creating /home/pbk/arduinobot_ws/install/arduinobot_py_examples/share/ament_index/resource_index/packages
[0.603s] copying resource/arduinobot_py_examples -> /home/pbk/arduinobot_ws/install/arduinobot_py_examples/share/ament_index/resource_index/packages
[0.603s] copying package.xml -> /home/pbk/arduinobot_ws/install/arduinobot_py_examples/share/arduinobot_py_examples
[0.603s] running install_egg_info
[0.604s] Copying ../../build/arduinobot_py_examples/arduinobot_py_examples.egg-info to /home/pbk/arduinobot_ws/install/arduinobot_py_examples/lib/python3.10/site-packages/arduinobot_py_examples-0.0.0-py3.10.egg-info
[0.605s] running install_scripts
[0.618s] writing list of installed files to '/home/pbk/arduinobot_ws/build/arduinobot_py_examples/install.log'
[0.632s] Invoked command in '/home/pbk/arduinobot_ws/src/arduinobot_py_examples' returned '0': PYTHONPATH=/home/pbk/arduinobot_ws/build/arduinobot_py_examples/prefix_override:/home/pbk/arduinobot_ws/install/arduinobot_py_examples/lib/python3.10/site-packages:${PYTHONPATH} /usr/bin/python3 -W ignore:setup.py install is deprecated setup.py egg_info --egg-base ../../build/arduinobot_py_examples build --build-base /home/pbk/arduinobot_ws/build/arduinobot_py_examples/build install --record /home/pbk/arduinobot_ws/build/arduinobot_py_examples/install.log --single-version-externally-managed install_data
