[0.357s] Invoking command in '/home/pbk/arduinobot_ws/build/arduinobot_remote': CMAKE_PREFIX_PATH=/home/pbk/arduinobot_ws/install/arduinobot_msgs:/home/pbk/arduinobot_ws/install/arduinobot_utils:/home/pbk/arduinobot_ws/install/arduinobot_remote:/home/pbk/arduinobot_ws/install/arduinobot_cpp_examples:/home/pbk/arduinobot_ws/install/arduinobot_moveit:/home/pbk/arduinobot_ws/install/arduinobot_firmware:/home/pbk/arduinobot_ws/install/arduinobot_description:/home/pbk/arduinobot_ws/install/arduinobot_controller:/home/pbk/arduinobot_ws/install/arduinobot_bringup:/home/pbk/arduinobot_ws/install/arduinobot_py_examples:/opt/ros/humble LD_LIBRARY_PATH=/home/pbk/arduinobot_ws/install/arduinobot_msgs/lib:/home/pbk/arduinobot_ws/install/arduinobot_remote/lib:/home/pbk/arduinobot_ws/install/arduinobot_cpp_examples/lib:/usr/lib/x86_64-linux-gnu/gazebo-11/plugins:/opt/ros/humble/opt/rviz_ogre_vendor/lib:/opt/ros/humble/lib/x86_64-linux-gnu:/opt/ros/humble/lib /usr/bin/cmake --build /home/pbk/arduinobot_ws/build/arduinobot_remote -- -j20 -l20
[0.420s] [ 25%] [32m[1mLinking CXX executable task_server_node[0m
[0.424s] [ 25%] Built target ament_cmake_python_copy_arduinobot_remote
[0.425s] [ 50%] [32m[1mLinking CXX shared library libtask_server.so[0m
[0.609s] [ 75%] Built target task_server_node
[0.649s] running egg_info
[0.650s] writing arduinobot_remote.egg-info/PKG-INFO
[0.650s] writing dependency_links to arduinobot_remote.egg-info/dependency_links.txt
[0.650s] writing top-level names to arduinobot_remote.egg-info/top_level.txt
[0.654s] reading manifest file 'arduinobot_remote.egg-info/SOURCES.txt'
[0.655s] writing manifest file 'arduinobot_remote.egg-info/SOURCES.txt'
[0.697s] [ 75%] Built target ament_cmake_python_build_arduinobot_remote_egg
[0.742s] [100%] Built target task_server
[0.753s] Invoked command in '/home/pbk/arduinobot_ws/build/arduinobot_remote' returned '0': CMAKE_PREFIX_PATH=/home/pbk/arduinobot_ws/install/arduinobot_msgs:/home/pbk/arduinobot_ws/install/arduinobot_utils:/home/pbk/arduinobot_ws/install/arduinobot_remote:/home/pbk/arduinobot_ws/install/arduinobot_cpp_examples:/home/pbk/arduinobot_ws/install/arduinobot_moveit:/home/pbk/arduinobot_ws/install/arduinobot_firmware:/home/pbk/arduinobot_ws/install/arduinobot_description:/home/pbk/arduinobot_ws/install/arduinobot_controller:/home/pbk/arduinobot_ws/install/arduinobot_bringup:/home/pbk/arduinobot_ws/install/arduinobot_py_examples:/opt/ros/humble LD_LIBRARY_PATH=/home/pbk/arduinobot_ws/install/arduinobot_msgs/lib:/home/pbk/arduinobot_ws/install/arduinobot_remote/lib:/home/pbk/arduinobot_ws/install/arduinobot_cpp_examples/lib:/usr/lib/x86_64-linux-gnu/gazebo-11/plugins:/opt/ros/humble/opt/rviz_ogre_vendor/lib:/opt/ros/humble/lib/x86_64-linux-gnu:/opt/ros/humble/lib /usr/bin/cmake --build /home/pbk/arduinobot_ws/build/arduinobot_remote -- -j20 -l20
[0.783s] Invoking command in '/home/pbk/arduinobot_ws/build/arduinobot_remote': CMAKE_PREFIX_PATH=/home/pbk/arduinobot_ws/install/arduinobot_msgs:/home/pbk/arduinobot_ws/install/arduinobot_utils:/home/pbk/arduinobot_ws/install/arduinobot_remote:/home/pbk/arduinobot_ws/install/arduinobot_cpp_examples:/home/pbk/arduinobot_ws/install/arduinobot_moveit:/home/pbk/arduinobot_ws/install/arduinobot_firmware:/home/pbk/arduinobot_ws/install/arduinobot_description:/home/pbk/arduinobot_ws/install/arduinobot_controller:/home/pbk/arduinobot_ws/install/arduinobot_bringup:/home/pbk/arduinobot_ws/install/arduinobot_py_examples:/opt/ros/humble LD_LIBRARY_PATH=/home/pbk/arduinobot_ws/install/arduinobot_msgs/lib:/home/pbk/arduinobot_ws/install/arduinobot_remote/lib:/home/pbk/arduinobot_ws/install/arduinobot_cpp_examples/lib:/usr/lib/x86_64-linux-gnu/gazebo-11/plugins:/opt/ros/humble/opt/rviz_ogre_vendor/lib:/opt/ros/humble/lib/x86_64-linux-gnu:/opt/ros/humble/lib /usr/bin/cmake --install /home/pbk/arduinobot_ws/build/arduinobot_remote
[0.788s] -- Install configuration: ""
[0.789s] -- Installing: /home/pbk/arduinobot_ws/install/arduinobot_remote/lib/arduinobot_remote/task_server_node
[0.794s] -- Set runtime path of "/home/pbk/arduinobot_ws/install/arduinobot_remote/lib/arduinobot_remote/task_server_node" to ""
[0.794s] -- Up-to-date: /home/pbk/arduinobot_ws/install/arduinobot_remote/share/arduinobot_remote/environment/pythonpath.sh
[0.794s] -- Up-to-date: /home/pbk/arduinobot_ws/install/arduinobot_remote/share/arduinobot_remote/environment/pythonpath.dsv
[0.794s] -- Up-to-date: /home/pbk/arduinobot_ws/install/arduinobot_remote/local/lib/python3.10/dist-packages/arduinobot_remote-0.0.0-py3.10.egg-info
[0.795s] -- Installing: /home/pbk/arduinobot_ws/install/arduinobot_remote/local/lib/python3.10/dist-packages/arduinobot_remote-0.0.0-py3.10.egg-info/top_level.txt
[0.796s] -- Installing: /home/pbk/arduinobot_ws/install/arduinobot_remote/local/lib/python3.10/dist-packages/arduinobot_remote-0.0.0-py3.10.egg-info/PKG-INFO
[0.797s] -- Installing: /home/pbk/arduinobot_ws/install/arduinobot_remote/local/lib/python3.10/dist-packages/arduinobot_remote-0.0.0-py3.10.egg-info/SOURCES.txt
[0.797s] -- Installing: /home/pbk/arduinobot_ws/install/arduinobot_remote/local/lib/python3.10/dist-packages/arduinobot_remote-0.0.0-py3.10.egg-info/dependency_links.txt
[0.797s] -- Up-to-date: /home/pbk/arduinobot_ws/install/arduinobot_remote/local/lib/python3.10/dist-packages/arduinobot_remote
[0.797s] -- Up-to-date: /home/pbk/arduinobot_ws/install/arduinobot_remote/local/lib/python3.10/dist-packages/arduinobot_remote/__init__.py
[0.797s] -- Up-to-date: /home/pbk/arduinobot_ws/install/arduinobot_remote/local/lib/python3.10/dist-packages/arduinobot_remote/alexa_interface.py
[0.816s] Listing '/home/pbk/arduinobot_ws/install/arduinobot_remote/local/lib/python3.10/dist-packages/arduinobot_remote'...
[0.820s] -- Up-to-date: /home/pbk/arduinobot_ws/install/arduinobot_remote/share/arduinobot_remote/launch
[0.820s] -- Up-to-date: /home/pbk/arduinobot_ws/install/arduinobot_remote/share/arduinobot_remote/launch/remote_interface.launch.py
[0.821s] -- Installing: /home/pbk/arduinobot_ws/install/arduinobot_remote/lib/libtask_server.so
[0.823s] -- Set runtime path of "/home/pbk/arduinobot_ws/install/arduinobot_remote/lib/libtask_server.so" to ""
[0.823s] -- Up-to-date: /home/pbk/arduinobot_ws/install/arduinobot_remote/lib/arduinobot_remote/alexa_interface.py
[0.824s] -- Up-to-date: /home/pbk/arduinobot_ws/install/arduinobot_remote/share/ament_index/resource_index/package_run_dependencies/arduinobot_remote
[0.824s] -- Up-to-date: /home/pbk/arduinobot_ws/install/arduinobot_remote/share/ament_index/resource_index/parent_prefix_path/arduinobot_remote
[0.824s] -- Up-to-date: /home/pbk/arduinobot_ws/install/arduinobot_remote/share/arduinobot_remote/environment/ament_prefix_path.sh
[0.824s] -- Up-to-date: /home/pbk/arduinobot_ws/install/arduinobot_remote/share/arduinobot_remote/environment/ament_prefix_path.dsv
[0.824s] -- Up-to-date: /home/pbk/arduinobot_ws/install/arduinobot_remote/share/arduinobot_remote/environment/path.sh
[0.824s] -- Up-to-date: /home/pbk/arduinobot_ws/install/arduinobot_remote/share/arduinobot_remote/environment/path.dsv
[0.824s] -- Up-to-date: /home/pbk/arduinobot_ws/install/arduinobot_remote/share/arduinobot_remote/local_setup.bash
[0.824s] -- Up-to-date: /home/pbk/arduinobot_ws/install/arduinobot_remote/share/arduinobot_remote/local_setup.sh
[0.824s] -- Up-to-date: /home/pbk/arduinobot_ws/install/arduinobot_remote/share/arduinobot_remote/local_setup.zsh
[0.824s] -- Up-to-date: /home/pbk/arduinobot_ws/install/arduinobot_remote/share/arduinobot_remote/local_setup.dsv
[0.824s] -- Installing: /home/pbk/arduinobot_ws/install/arduinobot_remote/share/arduinobot_remote/package.dsv
[0.825s] -- Up-to-date: /home/pbk/arduinobot_ws/install/arduinobot_remote/share/ament_index/resource_index/packages/arduinobot_remote
[0.825s] -- Up-to-date: /home/pbk/arduinobot_ws/install/arduinobot_remote/share/ament_index/resource_index/rclcpp_components/arduinobot_remote
[0.825s] -- Up-to-date: /home/pbk/arduinobot_ws/install/arduinobot_remote/share/arduinobot_remote/cmake/arduinobot_remoteConfig.cmake
[0.825s] -- Up-to-date: /home/pbk/arduinobot_ws/install/arduinobot_remote/share/arduinobot_remote/cmake/arduinobot_remoteConfig-version.cmake
[0.826s] -- Up-to-date: /home/pbk/arduinobot_ws/install/arduinobot_remote/share/arduinobot_remote/package.xml
[0.829s] Invoked command in '/home/pbk/arduinobot_ws/build/arduinobot_remote' returned '0': CMAKE_PREFIX_PATH=/home/pbk/arduinobot_ws/install/arduinobot_msgs:/home/pbk/arduinobot_ws/install/arduinobot_utils:/home/pbk/arduinobot_ws/install/arduinobot_remote:/home/pbk/arduinobot_ws/install/arduinobot_cpp_examples:/home/pbk/arduinobot_ws/install/arduinobot_moveit:/home/pbk/arduinobot_ws/install/arduinobot_firmware:/home/pbk/arduinobot_ws/install/arduinobot_description:/home/pbk/arduinobot_ws/install/arduinobot_controller:/home/pbk/arduinobot_ws/install/arduinobot_bringup:/home/pbk/arduinobot_ws/install/arduinobot_py_examples:/opt/ros/humble LD_LIBRARY_PATH=/home/pbk/arduinobot_ws/install/arduinobot_msgs/lib:/home/pbk/arduinobot_ws/install/arduinobot_remote/lib:/home/pbk/arduinobot_ws/install/arduinobot_cpp_examples/lib:/usr/lib/x86_64-linux-gnu/gazebo-11/plugins:/opt/ros/humble/opt/rviz_ogre_vendor/lib:/opt/ros/humble/lib/x86_64-linux-gnu:/opt/ros/humble/lib /usr/bin/cmake --install /home/pbk/arduinobot_ws/build/arduinobot_remote
