[0.048s] Invoking command in '/home/pbk/arduinobot_ws/build/arduinobot_cpp_examples': CMAKE_PREFIX_PATH=/home/pbk/arduinobot_ws/install/arduinobot_msgs:/home/pbk/arduinobot_ws/install/arduinobot_utils:/home/pbk/arduinobot_ws/install/arduinobot_cpp_examples:/home/pbk/arduinobot_ws/install/arduinobot_moveit:/home/pbk/arduinobot_ws/install/arduinobot_description:/home/pbk/arduinobot_ws/install/arduinobot_controller:/home/pbk/arduinobot_ws/install/arduinobot_py_examples:/opt/ros/humble /usr/bin/cmake --build /home/pbk/arduinobot_ws/build/arduinobot_cpp_examples -- -j20 -l20
[0.197s] -- Found ament_cmake: 1.3.8 (/opt/ros/humble/share/ament_cmake/cmake)
[0.197s] -- Found rclcpp: 16.0.8 (/opt/ros/humble/share/rclcpp/cmake)
[0.265s] -- Found rosidl_generator_c: 3.1.5 (/opt/ros/humble/share/rosidl_generator_c/cmake)
[0.266s] -- Found rosidl_adapter: 3.1.5 (/opt/ros/humble/share/rosidl_adapter/cmake)
[0.271s] -- Found rosidl_generator_cpp: 3.1.5 (/opt/ros/humble/share/rosidl_generator_cpp/cmake)
[0.278s] -- Using all available rosidl_typesupport_c: rosidl_typesupport_fastrtps_c;rosidl_typesupport_introspection_c
[0.287s] -- Using all available rosidl_typesupport_cpp: rosidl_typesupport_fastrtps_cpp;rosidl_typesupport_introspection_cpp
[0.339s] -- Found rmw_implementation_cmake: 6.1.1 (/opt/ros/humble/share/rmw_implementation_cmake/cmake)
[0.345s] -- Found rmw_cyclonedds_cpp: 1.3.4 (/opt/ros/humble/share/rmw_cyclonedds_cpp/cmake)
[0.380s] -- Using RMW implementation 'rmw_cyclonedds_cpp' as default
[0.506s] -- Found arduinobot_msgs: 0.0.0 (/home/pbk/arduinobot_ws/install/arduinobot_msgs/share/arduinobot_msgs/cmake)
[0.600s] -- Found ament_lint_auto: 0.12.10 (/opt/ros/humble/share/ament_lint_auto/cmake)
[0.659s] -- Added test 'cppcheck' to perform static code analysis on C / C++ code
[0.659s] -- Configured cppcheck include dirs: 
[0.660s] -- Configured cppcheck exclude dirs and/or files: 
[0.660s] -- Added test 'lint_cmake' to check CMake code style
[0.660s] -- Added test 'uncrustify' to check C / C++ code style
[0.660s] -- Configured uncrustify additional arguments: 
[0.660s] -- Added test 'xmllint' to check XML markup files
[0.663s] -- Configuring done
[0.692s] -- Generating done
[0.694s] -- Build files have been written to: /home/pbk/arduinobot_ws/build/arduinobot_cpp_examples
[0.716s] [35m[1mConsolidate compiler generated dependencies of target simple_parameter[0m
[0.716s] [35m[1mConsolidate compiler generated dependencies of target simple_service_client[0m
[0.717s] [35m[1mConsolidate compiler generated dependencies of target simple_subscriber[0m
[0.718s] [35m[1mConsolidate compiler generated dependencies of target simple_publisher[0m
[0.718s] [35m[1mConsolidate compiler generated dependencies of target simple_service_server[0m
[0.729s] [ 20%] Built target simple_parameter
[0.729s] [ 40%] Built target simple_publisher
[0.730s] [ 50%] [32mBuilding CXX object CMakeFiles/simple_service_client.dir/src/simple_service_client.cpp.o[0m
[0.732s] [ 60%] [32mBuilding CXX object CMakeFiles/simple_service_server.dir/src/simple_service_server.cpp.o[0m
[0.733s] [ 80%] Built target simple_subscriber
[3.425s] [ 90%] [32m[1mLinking CXX executable simple_service_server[0m
[3.471s] [100%] [32m[1mLinking CXX executable simple_service_client[0m
[3.590s] [100%] Built target simple_service_server
[3.616s] [100%] Built target simple_service_client
[3.622s] Invoked command in '/home/pbk/arduinobot_ws/build/arduinobot_cpp_examples' returned '0': CMAKE_PREFIX_PATH=/home/pbk/arduinobot_ws/install/arduinobot_msgs:/home/pbk/arduinobot_ws/install/arduinobot_utils:/home/pbk/arduinobot_ws/install/arduinobot_cpp_examples:/home/pbk/arduinobot_ws/install/arduinobot_moveit:/home/pbk/arduinobot_ws/install/arduinobot_description:/home/pbk/arduinobot_ws/install/arduinobot_controller:/home/pbk/arduinobot_ws/install/arduinobot_py_examples:/opt/ros/humble /usr/bin/cmake --build /home/pbk/arduinobot_ws/build/arduinobot_cpp_examples -- -j20 -l20
[3.643s] Invoking command in '/home/pbk/arduinobot_ws/build/arduinobot_cpp_examples': CMAKE_PREFIX_PATH=/home/pbk/arduinobot_ws/install/arduinobot_msgs:/home/pbk/arduinobot_ws/install/arduinobot_utils:/home/pbk/arduinobot_ws/install/arduinobot_cpp_examples:/home/pbk/arduinobot_ws/install/arduinobot_moveit:/home/pbk/arduinobot_ws/install/arduinobot_description:/home/pbk/arduinobot_ws/install/arduinobot_controller:/home/pbk/arduinobot_ws/install/arduinobot_py_examples:/opt/ros/humble /usr/bin/cmake --install /home/pbk/arduinobot_ws/build/arduinobot_cpp_examples
[3.647s] -- Install configuration: ""
[3.648s] -- Up-to-date: /home/pbk/arduinobot_ws/install/arduinobot_cpp_examples/lib/arduinobot_cpp_examples/simple_publisher
[3.649s] -- Up-to-date: /home/pbk/arduinobot_ws/install/arduinobot_cpp_examples/lib/arduinobot_cpp_examples/simple_subscriber
[3.649s] -- Up-to-date: /home/pbk/arduinobot_ws/install/arduinobot_cpp_examples/lib/arduinobot_cpp_examples/simple_parameter
[3.650s] -- Installing: /home/pbk/arduinobot_ws/install/arduinobot_cpp_examples/lib/arduinobot_cpp_examples/simple_service_server
[3.650s] -- Set runtime path of "/home/pbk/arduinobot_ws/install/arduinobot_cpp_examples/lib/arduinobot_cpp_examples/simple_service_server" to ""
[3.651s] -- Installing: /home/pbk/arduinobot_ws/install/arduinobot_cpp_examples/lib/arduinobot_cpp_examples/simple_service_client
[3.652s] -- Set runtime path of "/home/pbk/arduinobot_ws/install/arduinobot_cpp_examples/lib/arduinobot_cpp_examples/simple_service_client" to ""
[3.652s] -- Up-to-date: /home/pbk/arduinobot_ws/install/arduinobot_cpp_examples/share/ament_index/resource_index/package_run_dependencies/arduinobot_cpp_examples
[3.652s] -- Installing: /home/pbk/arduinobot_ws/install/arduinobot_cpp_examples/share/ament_index/resource_index/parent_prefix_path/arduinobot_cpp_examples
[3.652s] -- Up-to-date: /home/pbk/arduinobot_ws/install/arduinobot_cpp_examples/share/arduinobot_cpp_examples/environment/ament_prefix_path.sh
[3.652s] -- Installing: /home/pbk/arduinobot_ws/install/arduinobot_cpp_examples/share/arduinobot_cpp_examples/environment/ament_prefix_path.dsv
[3.652s] -- Up-to-date: /home/pbk/arduinobot_ws/install/arduinobot_cpp_examples/share/arduinobot_cpp_examples/environment/path.sh
[3.652s] -- Installing: /home/pbk/arduinobot_ws/install/arduinobot_cpp_examples/share/arduinobot_cpp_examples/environment/path.dsv
[3.652s] -- Up-to-date: /home/pbk/arduinobot_ws/install/arduinobot_cpp_examples/share/arduinobot_cpp_examples/local_setup.bash
[3.653s] -- Up-to-date: /home/pbk/arduinobot_ws/install/arduinobot_cpp_examples/share/arduinobot_cpp_examples/local_setup.sh
[3.653s] -- Up-to-date: /home/pbk/arduinobot_ws/install/arduinobot_cpp_examples/share/arduinobot_cpp_examples/local_setup.zsh
[3.653s] -- Installing: /home/pbk/arduinobot_ws/install/arduinobot_cpp_examples/share/arduinobot_cpp_examples/local_setup.dsv
[3.653s] -- Installing: /home/pbk/arduinobot_ws/install/arduinobot_cpp_examples/share/arduinobot_cpp_examples/package.dsv
[3.653s] -- Up-to-date: /home/pbk/arduinobot_ws/install/arduinobot_cpp_examples/share/ament_index/resource_index/packages/arduinobot_cpp_examples
[3.653s] -- Up-to-date: /home/pbk/arduinobot_ws/install/arduinobot_cpp_examples/share/arduinobot_cpp_examples/cmake/arduinobot_cpp_examplesConfig.cmake
[3.653s] -- Up-to-date: /home/pbk/arduinobot_ws/install/arduinobot_cpp_examples/share/arduinobot_cpp_examples/cmake/arduinobot_cpp_examplesConfig-version.cmake
[3.653s] -- Up-to-date: /home/pbk/arduinobot_ws/install/arduinobot_cpp_examples/share/arduinobot_cpp_examples/package.xml
[3.654s] Invoked command in '/home/pbk/arduinobot_ws/build/arduinobot_cpp_examples' returned '0': CMAKE_PREFIX_PATH=/home/pbk/arduinobot_ws/install/arduinobot_msgs:/home/pbk/arduinobot_ws/install/arduinobot_utils:/home/pbk/arduinobot_ws/install/arduinobot_cpp_examples:/home/pbk/arduinobot_ws/install/arduinobot_moveit:/home/pbk/arduinobot_ws/install/arduinobot_description:/home/pbk/arduinobot_ws/install/arduinobot_controller:/home/pbk/arduinobot_ws/install/arduinobot_py_examples:/opt/ros/humble /usr/bin/cmake --install /home/pbk/arduinobot_ws/build/arduinobot_cpp_examples
