[0.020s] Invoking command in '/home/pbk/arduinobot_ws/src/build/arduinobot_controller': CMAKE_PREFIX_PATH=${CMAKE_PREFIX_PATH}:/home/pbk/arduinobot_ws/install/arduinobot_py_examples:/opt/ros/humble /usr/bin/cmake /home/pbk/arduinobot_ws/src/arduinobot_controller -DCMAKE_INSTALL_PREFIX=/home/pbk/arduinobot_ws/src/install/arduinobot_controller
[0.142s] -- The C compiler identification is GNU 11.4.0
[0.416s] -- The CXX compiler identification is GNU 11.4.0
[0.604s] -- Detecting C compiler ABI info
[0.672s] -- Detecting C compiler ABI info - done
[0.676s] -- Check for working C compiler: /usr/bin/cc - skipped
[0.676s] -- Detecting C compile features
[0.676s] -- Detecting C compile features - done
[0.678s] -- Detecting CXX compiler ABI info
[0.755s] -- Detecting CXX compiler ABI info - done
[0.759s] -- Check for working CXX compiler: /usr/bin/c++ - skipped
[0.759s] -- Detecting CXX compile features
[0.760s] -- Detecting CXX compile features - done
[0.766s] -- Found ament_cmake: 1.3.8 (/opt/ros/humble/share/ament_cmake/cmake)
[0.869s] -- Found Python3: /usr/bin/python3 (found version "3.10.12") found components: Interpreter 
[0.948s] -- Found ament_lint_auto: 0.12.10 (/opt/ros/humble/share/ament_lint_auto/cmake)
[1.008s] -- Added test 'flake8' to check Python code syntax and style conventions
[1.009s] -- Added test 'lint_cmake' to check CMake code style
[1.009s] -- Added test 'pep257' to check Python code against some of the docstring style conventions in PEP 257
[1.010s] -- Added test 'xmllint' to check XML markup files
[1.011s] -- Configuring done
[1.016s] -- Generating done
[1.016s] -- Build files have been written to: /home/pbk/arduinobot_ws/src/build/arduinobot_controller
[1.022s] Invoked command in '/home/pbk/arduinobot_ws/src/build/arduinobot_controller' returned '0': CMAKE_PREFIX_PATH=${CMAKE_PREFIX_PATH}:/home/pbk/arduinobot_ws/install/arduinobot_py_examples:/opt/ros/humble /usr/bin/cmake /home/pbk/arduinobot_ws/src/arduinobot_controller -DCMAKE_INSTALL_PREFIX=/home/pbk/arduinobot_ws/src/install/arduinobot_controller
[1.023s] Invoking command in '/home/pbk/arduinobot_ws/src/build/arduinobot_controller': CMAKE_PREFIX_PATH=${CMAKE_PREFIX_PATH}:/home/pbk/arduinobot_ws/install/arduinobot_py_examples:/opt/ros/humble /usr/bin/cmake --build /home/pbk/arduinobot_ws/src/build/arduinobot_controller -- -j20 -l20
[1.042s] Invoked command in '/home/pbk/arduinobot_ws/src/build/arduinobot_controller' returned '0': CMAKE_PREFIX_PATH=${CMAKE_PREFIX_PATH}:/home/pbk/arduinobot_ws/install/arduinobot_py_examples:/opt/ros/humble /usr/bin/cmake --build /home/pbk/arduinobot_ws/src/build/arduinobot_controller -- -j20 -l20
[1.058s] Invoking command in '/home/pbk/arduinobot_ws/src/build/arduinobot_controller': CMAKE_PREFIX_PATH=${CMAKE_PREFIX_PATH}:/home/pbk/arduinobot_ws/install/arduinobot_py_examples:/opt/ros/humble /usr/bin/cmake --install /home/pbk/arduinobot_ws/src/build/arduinobot_controller
[1.063s] -- Install configuration: ""
[1.063s] -- Installing: /home/pbk/arduinobot_ws/src/install/arduinobot_controller/share/arduinobot_controller/launch
[1.063s] -- Installing: /home/pbk/arduinobot_ws/src/install/arduinobot_controller/share/arduinobot_controller/launch/controller.launch.py
[1.063s] -- Installing: /home/pbk/arduinobot_ws/src/install/arduinobot_controller/share/arduinobot_controller/config
[1.065s] -- Installing: /home/pbk/arduinobot_ws/src/install/arduinobot_controller/share/arduinobot_controller/config/arduinobot_controllers.yaml
[1.065s] -- Installing: /home/pbk/arduinobot_ws/src/install/arduinobot_controller/share/ament_index/resource_index/package_run_dependencies/arduinobot_controller
[1.065s] -- Installing: /home/pbk/arduinobot_ws/src/install/arduinobot_controller/share/ament_index/resource_index/parent_prefix_path/arduinobot_controller
[1.065s] -- Installing: /home/pbk/arduinobot_ws/src/install/arduinobot_controller/share/arduinobot_controller/environment/ament_prefix_path.sh
[1.065s] -- Installing: /home/pbk/arduinobot_ws/src/install/arduinobot_controller/share/arduinobot_controller/environment/ament_prefix_path.dsv
[1.065s] -- Installing: /home/pbk/arduinobot_ws/src/install/arduinobot_controller/share/arduinobot_controller/environment/path.sh
[1.065s] -- Installing: /home/pbk/arduinobot_ws/src/install/arduinobot_controller/share/arduinobot_controller/environment/path.dsv
[1.065s] -- Installing: /home/pbk/arduinobot_ws/src/install/arduinobot_controller/share/arduinobot_controller/local_setup.bash
[1.065s] -- Installing: /home/pbk/arduinobot_ws/src/install/arduinobot_controller/share/arduinobot_controller/local_setup.sh
[1.066s] -- Installing: /home/pbk/arduinobot_ws/src/install/arduinobot_controller/share/arduinobot_controller/local_setup.zsh
[1.066s] -- Installing: /home/pbk/arduinobot_ws/src/install/arduinobot_controller/share/arduinobot_controller/local_setup.dsv
[1.066s] -- Installing: /home/pbk/arduinobot_ws/src/install/arduinobot_controller/share/arduinobot_controller/package.dsv
[1.066s] -- Installing: /home/pbk/arduinobot_ws/src/install/arduinobot_controller/share/ament_index/resource_index/packages/arduinobot_controller
[1.066s] -- Installing: /home/pbk/arduinobot_ws/src/install/arduinobot_controller/share/arduinobot_controller/cmake/arduinobot_controllerConfig.cmake
[1.066s] -- Installing: /home/pbk/arduinobot_ws/src/install/arduinobot_controller/share/arduinobot_controller/cmake/arduinobot_controllerConfig-version.cmake
[1.066s] -- Installing: /home/pbk/arduinobot_ws/src/install/arduinobot_controller/share/arduinobot_controller/package.xml
[1.079s] Invoked command in '/home/pbk/arduinobot_ws/src/build/arduinobot_controller' returned '0': CMAKE_PREFIX_PATH=${CMAKE_PREFIX_PATH}:/home/pbk/arduinobot_ws/install/arduinobot_py_examples:/opt/ros/humble /usr/bin/cmake --install /home/pbk/arduinobot_ws/src/build/arduinobot_controller
