[0.016s] Invoking command in '/home/pbk/arduinobot_ws/build/arduinobot_description': CMAKE_PREFIX_PATH=${CMAKE_PREFIX_PATH}:/home/pbk/arduinobot_ws/install/arduinobot_py_examples:/opt/ros/humble /usr/bin/cmake --build /home/pbk/arduinobot_ws/build/arduinobot_description -- -j20 -l20
[0.168s] Invoked command in '/home/pbk/arduinobot_ws/build/arduinobot_description' returned '0': CMAKE_PREFIX_PATH=${CMAKE_PREFIX_PATH}:/home/pbk/arduinobot_ws/install/arduinobot_py_examples:/opt/ros/humble /usr/bin/cmake --build /home/pbk/arduinobot_ws/build/arduinobot_description -- -j20 -l20
[0.184s] Invoking command in '/home/pbk/arduinobot_ws/build/arduinobot_description': CMAKE_PREFIX_PATH=${CMAKE_PREFIX_PATH}:/home/pbk/arduinobot_ws/install/arduinobot_py_examples:/opt/ros/humble /usr/bin/cmake --install /home/pbk/arduinobot_ws/build/arduinobot_description
[0.188s] -- Install configuration: ""
[0.188s] -- Up-to-date: /home/pbk/arduinobot_ws/install/arduinobot_description/share/arduinobot_description/meshes
[0.188s] -- Up-to-date: /home/pbk/arduinobot_ws/install/arduinobot_description/share/arduinobot_description/meshes/basement.STL:Zone.Identifier
[0.188s] -- Up-to-date: /home/pbk/arduinobot_ws/install/arduinobot_description/share/arduinobot_description/meshes/plate.STL
[0.188s] -- Up-to-date: /home/pbk/arduinobot_ws/install/arduinobot_description/share/arduinobot_description/meshes/base_plate.STL:Zone.Identifier
[0.189s] -- Up-to-date: /home/pbk/arduinobot_ws/install/arduinobot_description/share/arduinobot_description/meshes/round_plate.STL:Zone.Identifier
[0.189s] -- Up-to-date: /home/pbk/arduinobot_ws/install/arduinobot_description/share/arduinobot_description/meshes/forward_drive_arm.STL
[0.189s] -- Up-to-date: /home/pbk/arduinobot_ws/install/arduinobot_description/share/arduinobot_description/meshes/left_finger.STL:Zone.Identifier
[0.189s] -- Up-to-date: /home/pbk/arduinobot_ws/install/arduinobot_description/share/arduinobot_description/meshes/left_finger.STL
[0.189s] -- Up-to-date: /home/pbk/arduinobot_ws/install/arduinobot_description/share/arduinobot_description/meshes/servo_plate.STL
[0.189s] -- Up-to-date: /home/pbk/arduinobot_ws/install/arduinobot_description/share/arduinobot_description/meshes/forward_drive_arm.STL:Zone.Identifier
[0.189s] -- Up-to-date: /home/pbk/arduinobot_ws/install/arduinobot_description/share/arduinobot_description/meshes/round_plate.STL
[0.189s] -- Up-to-date: /home/pbk/arduinobot_ws/install/arduinobot_description/share/arduinobot_description/meshes/plate.STL:Zone.Identifier
[0.189s] -- Up-to-date: /home/pbk/arduinobot_ws/install/arduinobot_description/share/arduinobot_description/meshes/link.STL:Zone.Identifier
[0.189s] -- Up-to-date: /home/pbk/arduinobot_ws/install/arduinobot_description/share/arduinobot_description/meshes/right_finger.STL:Zone.Identifier
[0.189s] -- Up-to-date: /home/pbk/arduinobot_ws/install/arduinobot_description/share/arduinobot_description/meshes/link.STL
[0.189s] -- Up-to-date: /home/pbk/arduinobot_ws/install/arduinobot_description/share/arduinobot_description/meshes/claw_support.STL
[0.189s] -- Up-to-date: /home/pbk/arduinobot_ws/install/arduinobot_description/share/arduinobot_description/meshes/base_plate.STL
[0.189s] -- Up-to-date: /home/pbk/arduinobot_ws/install/arduinobot_description/share/arduinobot_description/meshes/right_finger.STL
[0.189s] -- Up-to-date: /home/pbk/arduinobot_ws/install/arduinobot_description/share/arduinobot_description/meshes/triangular_link.STL:Zone.Identifier
[0.189s] -- Up-to-date: /home/pbk/arduinobot_ws/install/arduinobot_description/share/arduinobot_description/meshes/vertical_drive_arm.STL
[0.189s] -- Up-to-date: /home/pbk/arduinobot_ws/install/arduinobot_description/share/arduinobot_description/meshes/triangular_link.STL
[0.189s] -- Up-to-date: /home/pbk/arduinobot_ws/install/arduinobot_description/share/arduinobot_description/meshes/claw_support.STL:Zone.Identifier
[0.190s] -- Up-to-date: /home/pbk/arduinobot_ws/install/arduinobot_description/share/arduinobot_description/meshes/vertical_drive_arm.STL:Zone.Identifier
[0.191s] -- Up-to-date: /home/pbk/arduinobot_ws/install/arduinobot_description/share/arduinobot_description/meshes/horizontal_arm.STL
[0.191s] -- Up-to-date: /home/pbk/arduinobot_ws/install/arduinobot_description/share/arduinobot_description/meshes/basement.STL
[0.191s] -- Up-to-date: /home/pbk/arduinobot_ws/install/arduinobot_description/share/arduinobot_description/meshes/servo_plate.STL:Zone.Identifier
[0.191s] -- Up-to-date: /home/pbk/arduinobot_ws/install/arduinobot_description/share/arduinobot_description/meshes/horizontal_arm.STL:Zone.Identifier
[0.191s] -- Up-to-date: /home/pbk/arduinobot_ws/install/arduinobot_description/share/arduinobot_description/urdf
[0.191s] -- Up-to-date: /home/pbk/arduinobot_ws/install/arduinobot_description/share/arduinobot_description/urdf/arduinobot.urdf.xacro
[0.192s] -- Up-to-date: /home/pbk/arduinobot_ws/install/arduinobot_description/share/ament_index/resource_index/package_run_dependencies/arduinobot_description
[0.192s] -- Up-to-date: /home/pbk/arduinobot_ws/install/arduinobot_description/share/ament_index/resource_index/parent_prefix_path/arduinobot_description
[0.192s] -- Up-to-date: /home/pbk/arduinobot_ws/install/arduinobot_description/share/arduinobot_description/environment/ament_prefix_path.sh
[0.192s] -- Up-to-date: /home/pbk/arduinobot_ws/install/arduinobot_description/share/arduinobot_description/environment/ament_prefix_path.dsv
[0.192s] -- Up-to-date: /home/pbk/arduinobot_ws/install/arduinobot_description/share/arduinobot_description/environment/path.sh
[0.192s] -- Up-to-date: /home/pbk/arduinobot_ws/install/arduinobot_description/share/arduinobot_description/environment/path.dsv
[0.192s] -- Up-to-date: /home/pbk/arduinobot_ws/install/arduinobot_description/share/arduinobot_description/local_setup.bash
[0.192s] -- Up-to-date: /home/pbk/arduinobot_ws/install/arduinobot_description/share/arduinobot_description/local_setup.sh
[0.193s] -- Up-to-date: /home/pbk/arduinobot_ws/install/arduinobot_description/share/arduinobot_description/local_setup.zsh
[0.193s] -- Up-to-date: /home/pbk/arduinobot_ws/install/arduinobot_description/share/arduinobot_description/local_setup.dsv
[0.193s] -- Installing: /home/pbk/arduinobot_ws/install/arduinobot_description/share/arduinobot_description/package.dsv
[0.193s] -- Up-to-date: /home/pbk/arduinobot_ws/install/arduinobot_description/share/ament_index/resource_index/packages/arduinobot_description
[0.193s] -- Up-to-date: /home/pbk/arduinobot_ws/install/arduinobot_description/share/arduinobot_description/cmake/arduinobot_descriptionConfig.cmake
[0.193s] -- Up-to-date: /home/pbk/arduinobot_ws/install/arduinobot_description/share/arduinobot_description/cmake/arduinobot_descriptionConfig-version.cmake
[0.193s] -- Up-to-date: /home/pbk/arduinobot_ws/install/arduinobot_description/share/arduinobot_description/package.xml
[0.193s] Invoked command in '/home/pbk/arduinobot_ws/build/arduinobot_description' returned '0': CMAKE_PREFIX_PATH=${CMAKE_PREFIX_PATH}:/home/pbk/arduinobot_ws/install/arduinobot_py_examples:/opt/ros/humble /usr/bin/cmake --install /home/pbk/arduinobot_ws/build/arduinobot_description
