[0.367s] Invoking command in '/home/pbk/arduinobot_ws/src/arduinobot_py_examples': PYTHONPATH=/home/pbk/arduinobot_ws/build/arduinobot_py_examples/prefix_override:/home/pbk/arduinobot_ws/install/arduinobot_py_examples/lib/python3.10/site-packages:${PYTHONPATH} /usr/bin/python3 -W ignore:setup.py install is deprecated setup.py egg_info --egg-base ../../build/arduinobot_py_examples build --build-base /home/pbk/arduinobot_ws/build/arduinobot_py_examples/build install --record /home/pbk/arduinobot_ws/build/arduinobot_py_examples/install.log --single-version-externally-managed install_data
[0.495s] running egg_info
[0.495s] writing ../../build/arduinobot_py_examples/arduinobot_py_examples.egg-info/PKG-INFO
[0.496s] writing dependency_links to ../../build/arduinobot_py_examples/arduinobot_py_examples.egg-info/dependency_links.txt
[0.496s] writing entry points to ../../build/arduinobot_py_examples/arduinobot_py_examples.egg-info/entry_points.txt
[0.496s] writing requirements to ../../build/arduinobot_py_examples/arduinobot_py_examples.egg-info/requires.txt
[0.496s] writing top-level names to ../../build/arduinobot_py_examples/arduinobot_py_examples.egg-info/top_level.txt
[0.498s] reading manifest file '../../build/arduinobot_py_examples/arduinobot_py_examples.egg-info/SOURCES.txt'
[0.498s] writing manifest file '../../build/arduinobot_py_examples/arduinobot_py_examples.egg-info/SOURCES.txt'
[0.499s] running build
[0.499s] running build_py
[0.499s] copying arduinobot_py_examples/simple_publisher.py -> /home/pbk/arduinobot_ws/build/arduinobot_py_examples/build/lib/arduinobot_py_examples
[0.499s] running install
[0.499s] running install_lib
[0.500s] copying /home/pbk/arduinobot_ws/build/arduinobot_py_examples/build/lib/arduinobot_py_examples/simple_publisher.py -> /home/pbk/arduinobot_ws/install/arduinobot_py_examples/lib/python3.10/site-packages/arduinobot_py_examples
[0.500s] byte-compiling /home/pbk/arduinobot_ws/install/arduinobot_py_examples/lib/python3.10/site-packages/arduinobot_py_examples/simple_publisher.py to simple_publisher.cpython-310.pyc
[0.501s] running install_data
[0.501s] copying package.xml -> /home/pbk/arduinobot_ws/install/arduinobot_py_examples/share/arduinobot_py_examples
[0.501s] running install_egg_info
[0.505s] removing '/home/pbk/arduinobot_ws/install/arduinobot_py_examples/lib/python3.10/site-packages/arduinobot_py_examples-0.0.0-py3.10.egg-info' (and everything under it)
[0.506s] Copying ../../build/arduinobot_py_examples/arduinobot_py_examples.egg-info to /home/pbk/arduinobot_ws/install/arduinobot_py_examples/lib/python3.10/site-packages/arduinobot_py_examples-0.0.0-py3.10.egg-info
[0.507s] running install_scripts
[0.520s] Installing simple_publisher script to /home/pbk/arduinobot_ws/install/arduinobot_py_examples/lib/arduinobot_py_examples
[0.520s] writing list of installed files to '/home/pbk/arduinobot_ws/build/arduinobot_py_examples/install.log'
[0.539s] Invoked command in '/home/pbk/arduinobot_ws/src/arduinobot_py_examples' returned '0': PYTHONPATH=/home/pbk/arduinobot_ws/build/arduinobot_py_examples/prefix_override:/home/pbk/arduinobot_ws/install/arduinobot_py_examples/lib/python3.10/site-packages:${PYTHONPATH} /usr/bin/python3 -W ignore:setup.py install is deprecated setup.py egg_info --egg-base ../../build/arduinobot_py_examples build --build-base /home/pbk/arduinobot_ws/build/arduinobot_py_examples/build install --record /home/pbk/arduinobot_ws/build/arduinobot_py_examples/install.log --single-version-externally-managed install_data
