[0.256s] Invoking command in '/home/pbk/arduinobot_ws/build/arduinobot_utils': CMAKE_PREFIX_PATH=/home/pbk/arduinobot_ws/install/arduinobot_msgs:/home/pbk/arduinobot_ws/install/arduinobot_utils:/home/pbk/arduinobot_ws/install/arduinobot_cpp_examples:/home/pbk/arduinobot_ws/install/arduinobot_moveit:/home/pbk/arduinobot_ws/install/arduinobot_description:/home/pbk/arduinobot_ws/install/arduinobot_controller:/home/pbk/arduinobot_ws/install/arduinobot_py_examples:/opt/ros/humble /usr/bin/cmake --build /home/pbk/arduinobot_ws/build/arduinobot_utils -- -j20 -l20
[0.294s] [100%] Built target angle_conversion
[0.296s] [100%] Built target ament_cmake_python_copy_arduinobot_utils
[0.486s] running egg_info
[0.486s] writing arduinobot_utils.egg-info/PKG-INFO
[0.486s] writing dependency_links to arduinobot_utils.egg-info/dependency_links.txt
[0.487s] writing top-level names to arduinobot_utils.egg-info/top_level.txt
[0.489s] reading manifest file 'arduinobot_utils.egg-info/SOURCES.txt'
[0.490s] writing manifest file 'arduinobot_utils.egg-info/SOURCES.txt'
[0.518s] [100%] Built target ament_cmake_python_build_arduinobot_utils_egg
[0.528s] Invoked command in '/home/pbk/arduinobot_ws/build/arduinobot_utils' returned '0': CMAKE_PREFIX_PATH=/home/pbk/arduinobot_ws/install/arduinobot_msgs:/home/pbk/arduinobot_ws/install/arduinobot_utils:/home/pbk/arduinobot_ws/install/arduinobot_cpp_examples:/home/pbk/arduinobot_ws/install/arduinobot_moveit:/home/pbk/arduinobot_ws/install/arduinobot_description:/home/pbk/arduinobot_ws/install/arduinobot_controller:/home/pbk/arduinobot_ws/install/arduinobot_py_examples:/opt/ros/humble /usr/bin/cmake --build /home/pbk/arduinobot_ws/build/arduinobot_utils -- -j20 -l20
[0.550s] Invoking command in '/home/pbk/arduinobot_ws/build/arduinobot_utils': CMAKE_PREFIX_PATH=/home/pbk/arduinobot_ws/install/arduinobot_msgs:/home/pbk/arduinobot_ws/install/arduinobot_utils:/home/pbk/arduinobot_ws/install/arduinobot_cpp_examples:/home/pbk/arduinobot_ws/install/arduinobot_moveit:/home/pbk/arduinobot_ws/install/arduinobot_description:/home/pbk/arduinobot_ws/install/arduinobot_controller:/home/pbk/arduinobot_ws/install/arduinobot_py_examples:/opt/ros/humble /usr/bin/cmake --install /home/pbk/arduinobot_ws/build/arduinobot_utils
[0.555s] -- Install configuration: ""
[0.555s] -- Up-to-date: /home/pbk/arduinobot_ws/install/arduinobot_utils/share/arduinobot_utils/environment/pythonpath.sh
[0.555s] -- Up-to-date: /home/pbk/arduinobot_ws/install/arduinobot_utils/share/arduinobot_utils/environment/pythonpath.dsv
[0.556s] -- Up-to-date: /home/pbk/arduinobot_ws/install/arduinobot_utils/local/lib/python3.10/dist-packages/arduinobot_utils-0.0.0-py3.10.egg-info
[0.556s] -- Installing: /home/pbk/arduinobot_ws/install/arduinobot_utils/local/lib/python3.10/dist-packages/arduinobot_utils-0.0.0-py3.10.egg-info/top_level.txt
[0.556s] -- Installing: /home/pbk/arduinobot_ws/install/arduinobot_utils/local/lib/python3.10/dist-packages/arduinobot_utils-0.0.0-py3.10.egg-info/PKG-INFO
[0.556s] -- Installing: /home/pbk/arduinobot_ws/install/arduinobot_utils/local/lib/python3.10/dist-packages/arduinobot_utils-0.0.0-py3.10.egg-info/SOURCES.txt
[0.556s] -- Installing: /home/pbk/arduinobot_ws/install/arduinobot_utils/local/lib/python3.10/dist-packages/arduinobot_utils-0.0.0-py3.10.egg-info/dependency_links.txt
[0.556s] -- Up-to-date: /home/pbk/arduinobot_ws/install/arduinobot_utils/local/lib/python3.10/dist-packages/arduinobot_utils
[0.556s] -- Up-to-date: /home/pbk/arduinobot_ws/install/arduinobot_utils/local/lib/python3.10/dist-packages/arduinobot_utils/angle_conversion.py
[0.556s] -- Up-to-date: /home/pbk/arduinobot_ws/install/arduinobot_utils/local/lib/python3.10/dist-packages/arduinobot_utils/__init__.py
[0.582s] Listing '/home/pbk/arduinobot_ws/install/arduinobot_utils/local/lib/python3.10/dist-packages/arduinobot_utils'...
[0.586s] -- Up-to-date: /home/pbk/arduinobot_ws/install/arduinobot_utils/lib/arduinobot_utils/angle_conversion
[0.586s] -- Up-to-date: /home/pbk/arduinobot_ws/install/arduinobot_utils/lib/arduinobot_utils/angle_conversion.py
[0.586s] -- Up-to-date: /home/pbk/arduinobot_ws/install/arduinobot_utils/share/ament_index/resource_index/package_run_dependencies/arduinobot_utils
[0.587s] -- Up-to-date: /home/pbk/arduinobot_ws/install/arduinobot_utils/share/ament_index/resource_index/parent_prefix_path/arduinobot_utils
[0.587s] -- Up-to-date: /home/pbk/arduinobot_ws/install/arduinobot_utils/share/arduinobot_utils/environment/ament_prefix_path.sh
[0.587s] -- Up-to-date: /home/pbk/arduinobot_ws/install/arduinobot_utils/share/arduinobot_utils/environment/ament_prefix_path.dsv
[0.587s] -- Up-to-date: /home/pbk/arduinobot_ws/install/arduinobot_utils/share/arduinobot_utils/environment/path.sh
[0.587s] -- Up-to-date: /home/pbk/arduinobot_ws/install/arduinobot_utils/share/arduinobot_utils/environment/path.dsv
[0.587s] -- Up-to-date: /home/pbk/arduinobot_ws/install/arduinobot_utils/share/arduinobot_utils/local_setup.bash
[0.587s] -- Up-to-date: /home/pbk/arduinobot_ws/install/arduinobot_utils/share/arduinobot_utils/local_setup.sh
[0.587s] -- Up-to-date: /home/pbk/arduinobot_ws/install/arduinobot_utils/share/arduinobot_utils/local_setup.zsh
[0.587s] -- Up-to-date: /home/pbk/arduinobot_ws/install/arduinobot_utils/share/arduinobot_utils/local_setup.dsv
[0.588s] -- Installing: /home/pbk/arduinobot_ws/install/arduinobot_utils/share/arduinobot_utils/package.dsv
[0.588s] -- Up-to-date: /home/pbk/arduinobot_ws/install/arduinobot_utils/share/ament_index/resource_index/packages/arduinobot_utils
[0.588s] -- Up-to-date: /home/pbk/arduinobot_ws/install/arduinobot_utils/share/arduinobot_utils/cmake/arduinobot_utilsConfig.cmake
[0.588s] -- Up-to-date: /home/pbk/arduinobot_ws/install/arduinobot_utils/share/arduinobot_utils/cmake/arduinobot_utilsConfig-version.cmake
[0.588s] -- Up-to-date: /home/pbk/arduinobot_ws/install/arduinobot_utils/share/arduinobot_utils/package.xml
[0.590s] Invoked command in '/home/pbk/arduinobot_ws/build/arduinobot_utils' returned '0': CMAKE_PREFIX_PATH=/home/pbk/arduinobot_ws/install/arduinobot_msgs:/home/pbk/arduinobot_ws/install/arduinobot_utils:/home/pbk/arduinobot_ws/install/arduinobot_cpp_examples:/home/pbk/arduinobot_ws/install/arduinobot_moveit:/home/pbk/arduinobot_ws/install/arduinobot_description:/home/pbk/arduinobot_ws/install/arduinobot_controller:/home/pbk/arduinobot_ws/install/arduinobot_py_examples:/opt/ros/humble /usr/bin/cmake --install /home/pbk/arduinobot_ws/build/arduinobot_utils
