[0.012s] Invoking command in '/home/pbk/arduinobot_ws/build/arduinobot_cpp_examples': CMAKE_PREFIX_PATH=${CMAKE_PREFIX_PATH}:/home/pbk/arduinobot_ws/install/arduinobot_py_examples:/opt/ros/humble /usr/bin/cmake --build /home/pbk/arduinobot_ws/build/arduinobot_cpp_examples -- -j20 -l20
[0.028s] -- Found ament_cmake: 1.3.8 (/opt/ros/humble/share/ament_cmake/cmake)
[0.118s] -- Found rclcpp: 16.0.8 (/opt/ros/humble/share/rclcpp/cmake)
[0.257s] -- Found rosidl_generator_c: 3.1.5 (/opt/ros/humble/share/rosidl_generator_c/cmake)
[0.262s] -- Found rosidl_adapter: 3.1.5 (/opt/ros/humble/share/rosidl_adapter/cmake)
[0.272s] -- Found rosidl_generator_cpp: 3.1.5 (/opt/ros/humble/share/rosidl_generator_cpp/cmake)
[0.287s] -- Using all available rosidl_typesupport_c: rosidl_typesupport_fastrtps_c;rosidl_typesupport_introspection_c
[0.306s] -- Using all available rosidl_typesupport_cpp: rosidl_typesupport_fastrtps_cpp;rosidl_typesupport_introspection_cpp
[0.374s] -- Found rmw_implementation_cmake: 6.1.1 (/opt/ros/humble/share/rmw_implementation_cmake/cmake)
[0.377s] -- Found rmw_fastrtps_cpp: 6.2.6 (/opt/ros/humble/share/rmw_fastrtps_cpp/cmake)
[1.124s] -- Found OpenSSL: /usr/lib/x86_64-linux-gnu/libcrypto.so (found version "3.0.2")  
[1.840s] -- Found FastRTPS: /opt/ros/humble/include  
[3.181s] -- Using RMW implementation 'rmw_fastrtps_cpp' as default
[3.192s] -- Looking for pthread.h
[3.307s] -- Looking for pthread.h - found
[3.308s] -- Performing Test CMAKE_HAVE_LIBC_PTHREAD
[3.382s] -- Performing Test CMAKE_HAVE_LIBC_PTHREAD - Success
[3.382s] -- Found Threads: TRUE  
[3.496s] -- Found ament_lint_auto: 0.12.10 (/opt/ros/humble/share/ament_lint_auto/cmake)
[3.497s] [31mCMake Error at CMakeLists.txt:19 (install):
[3.497s]   install does not recognize sub-command TARGET
[3.497s] 
[3.497s] [0m
[3.540s] -- Added test 'cppcheck' to perform static code analysis on C / C++ code
[3.540s] -- Configured cppcheck include dirs: 
[3.540s] -- Configured cppcheck exclude dirs and/or files: 
[3.540s] -- Added test 'lint_cmake' to check CMake code style
[3.541s] -- Added test 'uncrustify' to check C / C++ code style
[3.541s] -- Configured uncrustify additional arguments: 
[3.541s] -- Added test 'xmllint' to check XML markup files
[3.542s] -- Configuring incomplete, errors occurred!
[3.542s] See also "/home/pbk/arduinobot_ws/build/arduinobot_cpp_examples/CMakeFiles/CMakeOutput.log".
[3.548s] gmake: *** [Makefile:226: cmake_check_build_system] Error 1
[3.550s] Invoked command in '/home/pbk/arduinobot_ws/build/arduinobot_cpp_examples' returned '2': CMAKE_PREFIX_PATH=${CMAKE_PREFIX_PATH}:/home/pbk/arduinobot_ws/install/arduinobot_py_examples:/opt/ros/humble /usr/bin/cmake --build /home/pbk/arduinobot_ws/build/arduinobot_cpp_examples -- -j20 -l20
