[0.017s] Invoking command in '/home/pbk/arduinobot_ws/build/arduinobot_cpp_examples': CMAKE_PREFIX_PATH=${CMAKE_PREFIX_PATH}:/home/pbk/arduinobot_ws/install/arduinobot_py_examples:/opt/ros/humble /usr/bin/cmake --build /home/pbk/arduinobot_ws/build/arduinobot_cpp_examples -- -j20 -l20
[0.041s] -- Found ament_cmake: 1.3.8 (/opt/ros/humble/share/ament_cmake/cmake)
[0.157s] -- Found rclcpp: 16.0.8 (/opt/ros/humble/share/rclcpp/cmake)
[0.292s] -- Found rosidl_generator_c: 3.1.5 (/opt/ros/humble/share/rosidl_generator_c/cmake)
[0.295s] -- Found rosidl_adapter: 3.1.5 (/opt/ros/humble/share/rosidl_adapter/cmake)
[0.303s] -- Found rosidl_generator_cpp: 3.1.5 (/opt/ros/humble/share/rosidl_generator_cpp/cmake)
[0.315s] -- Using all available rosidl_typesupport_c: rosidl_typesupport_fastrtps_c;rosidl_typesupport_introspection_c
[0.332s] -- Using all available rosidl_typesupport_cpp: rosidl_typesupport_fastrtps_cpp;rosidl_typesupport_introspection_cpp
[0.390s] -- Found rmw_implementation_cmake: 6.1.1 (/opt/ros/humble/share/rmw_implementation_cmake/cmake)
[0.392s] -- Found rmw_fastrtps_cpp: 6.2.6 (/opt/ros/humble/share/rmw_fastrtps_cpp/cmake)
[3.615s] -- Using RMW implementation 'rmw_fastrtps_cpp' as default
[3.738s] -- Found ament_lint_auto: 0.12.10 (/opt/ros/humble/share/ament_lint_auto/cmake)
[3.791s] -- Added test 'cppcheck' to perform static code analysis on C / C++ code
[3.791s] -- Configured cppcheck include dirs: 
[3.791s] -- Configured cppcheck exclude dirs and/or files: 
[3.792s] -- Added test 'lint_cmake' to check CMake code style
[3.793s] -- Added test 'uncrustify' to check C / C++ code style
[3.793s] -- Configured uncrustify additional arguments: 
[3.793s] -- Added test 'xmllint' to check XML markup files
[3.794s] -- Configuring done
[3.811s] -- Generating done
[3.813s] -- Build files have been written to: /home/pbk/arduinobot_ws/build/arduinobot_cpp_examples
[3.831s] [35m[1mConsolidate compiler generated dependencies of target simple_subscriber[0m
[3.831s] [35m[1mConsolidate compiler generated dependencies of target simple_publisher[0m
[3.835s] [ 16%] [32mBuilding CXX object CMakeFiles/simple_parameter.dir/src/simple_parameter.cpp.o[0m
[3.840s] [ 50%] Built target simple_subscriber
[3.840s] [ 83%] Built target simple_publisher
[5.449s] [01m[K/home/pbk/arduinobot_ws/src/arduinobot_cpp_examples/src/simple_parameter.cpp:[m[K In constructor ‘[01m[KSimpleParameter::SimpleParameter()[m[K’:
[5.449s] [01m[K/home/pbk/arduinobot_ws/src/arduinobot_cpp_examples/src/simple_parameter.cpp:18:104:[m[K [01;35m[Kwarning: [m[Kignoring return value of ‘[01m[Krclcpp::node_interfaces::OnSetParametersCallbackHandle::SharedPtr rclcpp::Node::add_on_set_parameters_callback(rclcpp::Node::OnParametersSetCallbackType)[m[K’, declared with attribute ‘[01m[Kwarn_unused_result[m[K’ [[01;35m[K]8;;https://gcc.gnu.org/onlinedocs/gcc/Warning-Options.html#index-Wunused-result-Wunused-result]8;;[m[K]
[5.449s]    18 |             add_on_set_parameters_callback(std::bind(&SimpleParameter::paramChangeCallback, this, _1) )[01;35m[K;[m[K
[5.449s]       |                                                                                                        [01;35m[K^[m[K
[5.449s] In file included from [01m[K/opt/ros/humble/include/rclcpp/rclcpp/executors/single_threaded_executor.hpp:28[m[K,
[5.449s]                  from [01m[K/opt/ros/humble/include/rclcpp/rclcpp/executors.hpp:22[m[K,
[5.449s]                  from [01m[K/opt/ros/humble/include/rclcpp/rclcpp/rclcpp.hpp:155[m[K,
[5.449s]                  from [01m[K/home/pbk/arduinobot_ws/src/arduinobot_cpp_examples/src/simple_parameter.cpp:1[m[K:
[5.449s] [01m[K/opt/ros/humble/include/rclcpp/rclcpp/node.hpp:934:3:[m[K [01;36m[Knote: [m[Kdeclared here
[5.449s]   934 |   [01;36m[Kadd_on_set_parameters_callback[m[K(OnParametersSetCallbackType callback);
[5.449s]       |   [01;36m[K^~~~~~~~~~~~~~~~~~~~~~~~~~~~~~[m[K
[5.451s] [01m[K/home/pbk/arduinobot_ws/src/arduinobot_cpp_examples/src/simple_parameter.cpp:[m[K In member function ‘[01m[Krcl_interfaces::msg::SetParametersResult SimpleParameter::paramChangeCallback(const std::vector<rclcpp::Parameter>&)[m[K’:
[5.451s] [01m[K/home/pbk/arduinobot_ws/src/arduinobot_cpp_examples/src/simple_parameter.cpp:36:62:[m[K [01;31m[Kerror: [m[Klvalue required as left operand of assignment
[5.451s]    36 |                 if([01;31m[Kparam.get_name() == "simple_string_param" && param.get_type()[m[K = rclcpp::ParameterType::PARAMETER_STRING)
[5.451s]       |                    [01;31m[K~~~~~~~~~~~~~~~~~~~~~~~~~~~~~~~~~~~~~~~~~~^~~~~~~~~~~~~~~~~~~[m[K
[5.772s] gmake[2]: *** [CMakeFiles/simple_parameter.dir/build.make:76: CMakeFiles/simple_parameter.dir/src/simple_parameter.cpp.o] Error 1
[5.772s] gmake[1]: *** [CMakeFiles/Makefile2:193: CMakeFiles/simple_parameter.dir/all] Error 2
[5.773s] gmake: *** [Makefile:146: all] Error 2
[5.774s] Invoked command in '/home/pbk/arduinobot_ws/build/arduinobot_cpp_examples' returned '2': CMAKE_PREFIX_PATH=${CMAKE_PREFIX_PATH}:/home/pbk/arduinobot_ws/install/arduinobot_py_examples:/opt/ros/humble /usr/bin/cmake --build /home/pbk/arduinobot_ws/build/arduinobot_cpp_examples -- -j20 -l20
