[0mCMake Error: The current CMakeCache.txt directory /home/pbk/Robotic_Arm/arduinobot_ws/build/arduinobot_bringup/CMakeCache.txt is different than the directory /home/pbk/arduinobot_ws/build/arduinobot_bringup where CMakeCache.txt was created. This may result in binaries being created in the wrong place. If you are not sure, reedit the CMakeCache.txt[0m
-- Found ament_cmake: 1.3.8 (/opt/ros/humble/share/ament_cmake/cmake)
-- Found ament_lint_auto: 0.12.10 (/opt/ros/humble/share/ament_lint_auto/cmake)
-- Added test 'flake8' to check Python code syntax and style conventions
-- Added test 'lint_cmake' to check CMake code style
-- Added test 'pep257' to check Python code against some of the docstring style conventions in PEP 257
-- Added test 'xmllint' to check XML markup files
-- Configuring done
-- Generating done
-- Build files have been written to: /home/pbk/arduinobot_ws/build/arduinobot_bringup
-- Install configuration: ""
-- Up-to-date: /home/pbk/arduinobot_ws/install/arduinobot_bringup/share/arduinobot_bringup/launch
-- Up-to-date: /home/pbk/arduinobot_ws/install/arduinobot_bringup/share/arduinobot_bringup/launch/real_robot.launch.py
-- Up-to-date: /home/pbk/arduinobot_ws/install/arduinobot_bringup/share/arduinobot_bringup/launch/simulated_robot.launch.py
-- Up-to-date: /home/pbk/arduinobot_ws/install/arduinobot_bringup/share/ament_index/resource_index/package_run_dependencies/arduinobot_bringup
-- Installing: /home/pbk/arduinobot_ws/install/arduinobot_bringup/share/ament_index/resource_index/parent_prefix_path/arduinobot_bringup
-- Up-to-date: /home/pbk/arduinobot_ws/install/arduinobot_bringup/share/arduinobot_bringup/environment/ament_prefix_path.sh
-- Installing: /home/pbk/arduinobot_ws/install/arduinobot_bringup/share/arduinobot_bringup/environment/ament_prefix_path.dsv
-- Up-to-date: /home/pbk/arduinobot_ws/install/arduinobot_bringup/share/arduinobot_bringup/environment/path.sh
-- Installing: /home/pbk/arduinobot_ws/install/arduinobot_bringup/share/arduinobot_bringup/environment/path.dsv
-- Up-to-date: /home/pbk/arduinobot_ws/install/arduinobot_bringup/share/arduinobot_bringup/local_setup.bash
-- Up-to-date: /home/pbk/arduinobot_ws/install/arduinobot_bringup/share/arduinobot_bringup/local_setup.sh
-- Up-to-date: /home/pbk/arduinobot_ws/install/arduinobot_bringup/share/arduinobot_bringup/local_setup.zsh
-- Installing: /home/pbk/arduinobot_ws/install/arduinobot_bringup/share/arduinobot_bringup/local_setup.dsv
-- Installing: /home/pbk/arduinobot_ws/install/arduinobot_bringup/share/arduinobot_bringup/package.dsv
-- Up-to-date: /home/pbk/arduinobot_ws/install/arduinobot_bringup/share/ament_index/resource_index/packages/arduinobot_bringup
-- Up-to-date: /home/pbk/arduinobot_ws/install/arduinobot_bringup/share/arduinobot_bringup/cmake/arduinobot_bringupConfig.cmake
-- Up-to-date: /home/pbk/arduinobot_ws/install/arduinobot_bringup/share/arduinobot_bringup/cmake/arduinobot_bringupConfig-version.cmake
-- Up-to-date: /home/pbk/arduinobot_ws/install/arduinobot_bringup/share/arduinobot_bringup/package.xml
