[0.028s] Invoking command in '/home/pbk/Robotic_Arm/arduinobot_ws/build/arduinobot_bringup': CMAKE_PREFIX_PATH=${CMAKE_PREFIX_PATH}:/home/pbk/arduinobot_ws/install/arduinobot_py_examples:/opt/ros/humble /usr/bin/cmake --build /home/pbk/Robotic_Arm/arduinobot_ws/build/arduinobot_bringup -- -j20 -l20
[0.043s] [0mCMake Error: The current CMakeCache.txt directory /home/pbk/Robotic_Arm/arduinobot_ws/build/arduinobot_bringup/CMakeCache.txt is different than the directory /home/pbk/arduinobot_ws/build/arduinobot_bringup where CMakeCache.txt was created. This may result in binaries being created in the wrong place. If you are not sure, reedit the CMakeCache.txt[0m
[0.049s] -- Found ament_cmake: 1.3.8 (/opt/ros/humble/share/ament_cmake/cmake)
[0.194s] -- Found ament_lint_auto: 0.12.10 (/opt/ros/humble/share/ament_lint_auto/cmake)
[0.248s] -- Added test 'flake8' to check Python code syntax and style conventions
[0.248s] -- Added test 'lint_cmake' to check CMake code style
[0.248s] -- Added test 'pep257' to check Python code against some of the docstring style conventions in PEP 257
[0.249s] -- Added test 'xmllint' to check XML markup files
[0.250s] -- Configuring done
[0.255s] -- Generating done
[0.255s] -- Build files have been written to: /home/pbk/arduinobot_ws/build/arduinobot_bringup
[0.272s] Invoked command in '/home/pbk/Robotic_Arm/arduinobot_ws/build/arduinobot_bringup' returned '0': CMAKE_PREFIX_PATH=${CMAKE_PREFIX_PATH}:/home/pbk/arduinobot_ws/install/arduinobot_py_examples:/opt/ros/humble /usr/bin/cmake --build /home/pbk/Robotic_Arm/arduinobot_ws/build/arduinobot_bringup -- -j20 -l20
[0.292s] Invoking command in '/home/pbk/Robotic_Arm/arduinobot_ws/build/arduinobot_bringup': CMAKE_PREFIX_PATH=${CMAKE_PREFIX_PATH}:/home/pbk/arduinobot_ws/install/arduinobot_py_examples:/opt/ros/humble /usr/bin/cmake --install /home/pbk/Robotic_Arm/arduinobot_ws/build/arduinobot_bringup
[0.308s] -- Install configuration: ""
[0.308s] -- Up-to-date: /home/pbk/arduinobot_ws/install/arduinobot_bringup/share/arduinobot_bringup/launch
[0.308s] -- Up-to-date: /home/pbk/arduinobot_ws/install/arduinobot_bringup/share/arduinobot_bringup/launch/real_robot.launch.py
[0.308s] -- Up-to-date: /home/pbk/arduinobot_ws/install/arduinobot_bringup/share/arduinobot_bringup/launch/simulated_robot.launch.py
[0.308s] -- Up-to-date: /home/pbk/arduinobot_ws/install/arduinobot_bringup/share/ament_index/resource_index/package_run_dependencies/arduinobot_bringup
[0.308s] -- Installing: /home/pbk/arduinobot_ws/install/arduinobot_bringup/share/ament_index/resource_index/parent_prefix_path/arduinobot_bringup
[0.308s] -- Up-to-date: /home/pbk/arduinobot_ws/install/arduinobot_bringup/share/arduinobot_bringup/environment/ament_prefix_path.sh
[0.310s] -- Installing: /home/pbk/arduinobot_ws/install/arduinobot_bringup/share/arduinobot_bringup/environment/ament_prefix_path.dsv
[0.310s] -- Up-to-date: /home/pbk/arduinobot_ws/install/arduinobot_bringup/share/arduinobot_bringup/environment/path.sh
[0.311s] -- Installing: /home/pbk/arduinobot_ws/install/arduinobot_bringup/share/arduinobot_bringup/environment/path.dsv
[0.311s] -- Up-to-date: /home/pbk/arduinobot_ws/install/arduinobot_bringup/share/arduinobot_bringup/local_setup.bash
[0.311s] -- Up-to-date: /home/pbk/arduinobot_ws/install/arduinobot_bringup/share/arduinobot_bringup/local_setup.sh
[0.311s] -- Up-to-date: /home/pbk/arduinobot_ws/install/arduinobot_bringup/share/arduinobot_bringup/local_setup.zsh
[0.311s] -- Installing: /home/pbk/arduinobot_ws/install/arduinobot_bringup/share/arduinobot_bringup/local_setup.dsv
[0.311s] -- Installing: /home/pbk/arduinobot_ws/install/arduinobot_bringup/share/arduinobot_bringup/package.dsv
[0.311s] -- Up-to-date: /home/pbk/arduinobot_ws/install/arduinobot_bringup/share/ament_index/resource_index/packages/arduinobot_bringup
[0.312s] -- Up-to-date: /home/pbk/arduinobot_ws/install/arduinobot_bringup/share/arduinobot_bringup/cmake/arduinobot_bringupConfig.cmake
[0.312s] -- Up-to-date: /home/pbk/arduinobot_ws/install/arduinobot_bringup/share/arduinobot_bringup/cmake/arduinobot_bringupConfig-version.cmake
[0.312s] -- Up-to-date: /home/pbk/arduinobot_ws/install/arduinobot_bringup/share/arduinobot_bringup/package.xml
[0.322s] Invoked command in '/home/pbk/Robotic_Arm/arduinobot_ws/build/arduinobot_bringup' returned '0': CMAKE_PREFIX_PATH=${CMAKE_PREFIX_PATH}:/home/pbk/arduinobot_ws/install/arduinobot_py_examples:/opt/ros/humble /usr/bin/cmake --install /home/pbk/Robotic_Arm/arduinobot_ws/build/arduinobot_bringup
