[0.031s] Invoking command in '/home/pbk/Robotic_Arm/arduinobot_ws/build/arduinobot_firmware': CMAKE_PREFIX_PATH=${CMAKE_PREFIX_PATH}:/home/pbk/arduinobot_ws/install/arduinobot_py_examples:/opt/ros/humble /usr/bin/cmake --build /home/pbk/Robotic_Arm/arduinobot_ws/build/arduinobot_firmware -- -j20 -l20
[0.034s] [0mCMake Error: The current CMakeCache.txt directory /home/pbk/Robotic_Arm/arduinobot_ws/build/arduinobot_firmware/CMakeCache.txt is different than the directory /home/pbk/arduinobot_ws/build/arduinobot_firmware where CMakeCache.txt was created. This may result in binaries being created in the wrong place. If you are not sure, reedit the CMakeCache.txt[0m
[0.045s] -- Found ament_cmake: 1.3.8 (/opt/ros/humble/share/ament_cmake/cmake)
[0.185s] -- Found rclcpp: 16.0.8 (/opt/ros/humble/share/rclcpp/cmake)
[0.334s] -- Found rosidl_generator_c: 3.1.5 (/opt/ros/humble/share/rosidl_generator_c/cmake)
[0.335s] -- Found rosidl_adapter: 3.1.5 (/opt/ros/humble/share/rosidl_adapter/cmake)
[0.341s] -- Found rosidl_generator_cpp: 3.1.5 (/opt/ros/humble/share/rosidl_generator_cpp/cmake)
[0.351s] -- Using all available rosidl_typesupport_c: rosidl_typesupport_fastrtps_c;rosidl_typesupport_introspection_c
[0.363s] -- Using all available rosidl_typesupport_cpp: rosidl_typesupport_fastrtps_cpp;rosidl_typesupport_introspection_cpp
[0.401s] -- Found rmw_implementation_cmake: 6.1.1 (/opt/ros/humble/share/rmw_implementation_cmake/cmake)
[0.402s] -- Found rmw_cyclonedds_cpp: 1.3.4 (/opt/ros/humble/share/rmw_cyclonedds_cpp/cmake)
[0.425s] -- Using RMW implementation 'rmw_cyclonedds_cpp' as default
[0.542s] -- Found rclpy: 3.3.12 (/opt/ros/humble/share/rclpy/cmake)
[0.600s] -- Found ament_lint_auto: 0.12.10 (/opt/ros/humble/share/ament_lint_auto/cmake)
[0.651s] -- Added test 'cppcheck' to perform static code analysis on C / C++ code
[0.651s] -- Configured cppcheck include dirs: /home/pbk/arduinobot_ws/src/arduinobot_firmware/
[0.651s] -- Configured cppcheck exclude dirs and/or files: 
[0.651s] -- Added test 'flake8' to check Python code syntax and style conventions
[0.651s] -- Added test 'lint_cmake' to check CMake code style
[0.652s] -- Added test 'pep257' to check Python code against some of the docstring style conventions in PEP 257
[0.652s] -- Added test 'uncrustify' to check C / C++ code style
[0.652s] -- Configured uncrustify additional arguments: 
[0.652s] -- Added test 'xmllint' to check XML markup files
[0.655s] -- Configuring done
[0.668s] -- Generating done
[0.670s] -- Build files have been written to: /home/pbk/arduinobot_ws/build/arduinobot_firmware
[0.693s] [35m[1mConsolidate compiler generated dependencies of target simple_serial_receiver[0m
[0.696s] [35m[1mConsolidate compiler generated dependencies of target simple_serial_transmitter[0m
[0.705s] [  0%] Built target ament_cmake_python_copy_arduinobot_firmware
[0.705s] [ 50%] Built target simple_serial_receiver
[0.710s] [100%] Built target simple_serial_transmitter
[0.876s] running egg_info
[0.877s] writing arduinobot_firmware.egg-info/PKG-INFO
[0.877s] writing dependency_links to arduinobot_firmware.egg-info/dependency_links.txt
[0.878s] writing top-level names to arduinobot_firmware.egg-info/top_level.txt
[0.880s] reading manifest file 'arduinobot_firmware.egg-info/SOURCES.txt'
[0.881s] writing manifest file 'arduinobot_firmware.egg-info/SOURCES.txt'
[0.921s] [100%] Built target ament_cmake_python_build_arduinobot_firmware_egg
[0.930s] Invoked command in '/home/pbk/Robotic_Arm/arduinobot_ws/build/arduinobot_firmware' returned '0': CMAKE_PREFIX_PATH=${CMAKE_PREFIX_PATH}:/home/pbk/arduinobot_ws/install/arduinobot_py_examples:/opt/ros/humble /usr/bin/cmake --build /home/pbk/Robotic_Arm/arduinobot_ws/build/arduinobot_firmware -- -j20 -l20
[0.964s] Invoking command in '/home/pbk/Robotic_Arm/arduinobot_ws/build/arduinobot_firmware': CMAKE_PREFIX_PATH=${CMAKE_PREFIX_PATH}:/home/pbk/arduinobot_ws/install/arduinobot_py_examples:/opt/ros/humble /usr/bin/cmake --install /home/pbk/Robotic_Arm/arduinobot_ws/build/arduinobot_firmware
[0.971s] -- Install configuration: ""
[0.972s] -- Up-to-date: /home/pbk/arduinobot_ws/install/arduinobot_firmware/share/arduinobot_firmware/environment/pythonpath.sh
[0.972s] -- Installing: /home/pbk/arduinobot_ws/install/arduinobot_firmware/share/arduinobot_firmware/environment/pythonpath.dsv
[0.972s] -- Up-to-date: /home/pbk/arduinobot_ws/install/arduinobot_firmware/local/lib/python3.10/dist-packages/arduinobot_firmware-0.0.0-py3.10.egg-info
[0.972s] -- Installing: /home/pbk/arduinobot_ws/install/arduinobot_firmware/local/lib/python3.10/dist-packages/arduinobot_firmware-0.0.0-py3.10.egg-info/top_level.txt
[0.972s] -- Installing: /home/pbk/arduinobot_ws/install/arduinobot_firmware/local/lib/python3.10/dist-packages/arduinobot_firmware-0.0.0-py3.10.egg-info/PKG-INFO
[0.972s] -- Installing: /home/pbk/arduinobot_ws/install/arduinobot_firmware/local/lib/python3.10/dist-packages/arduinobot_firmware-0.0.0-py3.10.egg-info/SOURCES.txt
[0.972s] -- Installing: /home/pbk/arduinobot_ws/install/arduinobot_firmware/local/lib/python3.10/dist-packages/arduinobot_firmware-0.0.0-py3.10.egg-info/dependency_links.txt
[0.972s] -- Up-to-date: /home/pbk/arduinobot_ws/install/arduinobot_firmware/local/lib/python3.10/dist-packages/arduinobot_firmware
[0.972s] -- Up-to-date: /home/pbk/arduinobot_ws/install/arduinobot_firmware/local/lib/python3.10/dist-packages/arduinobot_firmware/simple_serial_transmitter.py
[0.972s] -- Up-to-date: /home/pbk/arduinobot_ws/install/arduinobot_firmware/local/lib/python3.10/dist-packages/arduinobot_firmware/__init__.py
[0.972s] -- Up-to-date: /home/pbk/arduinobot_ws/install/arduinobot_firmware/local/lib/python3.10/dist-packages/arduinobot_firmware/simple_serial_receiver.py
[0.999s] Listing '/home/pbk/arduinobot_ws/install/arduinobot_firmware/local/lib/python3.10/dist-packages/arduinobot_firmware'...
[1.003s] -- Up-to-date: /home/pbk/arduinobot_ws/install/arduinobot_firmware/lib/arduinobot_firmware/simple_serial_transmitter
[1.003s] -- Up-to-date: /home/pbk/arduinobot_ws/install/arduinobot_firmware/lib/arduinobot_firmware/simple_serial_receiver
[1.004s] -- Up-to-date: /home/pbk/arduinobot_ws/install/arduinobot_firmware/lib/arduinobot_firmware/simple_serial_transmitter.py
[1.004s] -- Up-to-date: /home/pbk/arduinobot_ws/install/arduinobot_firmware/lib/arduinobot_firmware/simple_serial_receiver.py
[1.004s] -- Up-to-date: /home/pbk/arduinobot_ws/install/arduinobot_firmware/share/ament_index/resource_index/package_run_dependencies/arduinobot_firmware
[1.004s] -- Up-to-date: /home/pbk/arduinobot_ws/install/arduinobot_firmware/share/ament_index/resource_index/parent_prefix_path/arduinobot_firmware
[1.004s] -- Up-to-date: /home/pbk/arduinobot_ws/install/arduinobot_firmware/share/arduinobot_firmware/environment/ament_prefix_path.sh
[1.004s] -- Installing: /home/pbk/arduinobot_ws/install/arduinobot_firmware/share/arduinobot_firmware/environment/ament_prefix_path.dsv
[1.004s] -- Up-to-date: /home/pbk/arduinobot_ws/install/arduinobot_firmware/share/arduinobot_firmware/environment/path.sh
[1.005s] -- Installing: /home/pbk/arduinobot_ws/install/arduinobot_firmware/share/arduinobot_firmware/environment/path.dsv
[1.005s] -- Up-to-date: /home/pbk/arduinobot_ws/install/arduinobot_firmware/share/arduinobot_firmware/local_setup.bash
[1.005s] -- Up-to-date: /home/pbk/arduinobot_ws/install/arduinobot_firmware/share/arduinobot_firmware/local_setup.sh
[1.005s] -- Up-to-date: /home/pbk/arduinobot_ws/install/arduinobot_firmware/share/arduinobot_firmware/local_setup.zsh
[1.005s] -- Installing: /home/pbk/arduinobot_ws/install/arduinobot_firmware/share/arduinobot_firmware/local_setup.dsv
[1.005s] -- Installing: /home/pbk/arduinobot_ws/install/arduinobot_firmware/share/arduinobot_firmware/package.dsv
[1.006s] -- Up-to-date: /home/pbk/arduinobot_ws/install/arduinobot_firmware/share/ament_index/resource_index/packages/arduinobot_firmware
[1.006s] -- Up-to-date: /home/pbk/arduinobot_ws/install/arduinobot_firmware/share/arduinobot_firmware/cmake/arduinobot_firmwareConfig.cmake
[1.006s] -- Up-to-date: /home/pbk/arduinobot_ws/install/arduinobot_firmware/share/arduinobot_firmware/cmake/arduinobot_firmwareConfig-version.cmake
[1.006s] -- Up-to-date: /home/pbk/arduinobot_ws/install/arduinobot_firmware/share/arduinobot_firmware/package.xml
[1.007s] Invoked command in '/home/pbk/Robotic_Arm/arduinobot_ws/build/arduinobot_firmware' returned '0': CMAKE_PREFIX_PATH=${CMAKE_PREFIX_PATH}:/home/pbk/arduinobot_ws/install/arduinobot_py_examples:/opt/ros/humble /usr/bin/cmake --install /home/pbk/Robotic_Arm/arduinobot_ws/build/arduinobot_firmware
