[31mCMake Error at CMakeLists.txt:49 (add_library):
  add_library cannot create target "simple_action_client" because another
  target with the same name already exists.  The existing target is a shared
  library created in source directory
  "/home/pbk/arduinobot_ws/src/arduinobot_cpp_examples".  See documentation
  for policy CMP0002 for more details.

[0m
[31mCMake Error at /opt/ros/humble/share/rclcpp_components/cmake/rclcpp_components_register_node.cmake:72 (add_executable):
  add_executable cannot create target "simple_action_client_node" because
  another target with the same name already exists.  The existing target is
  an executable created in source directory
  "/home/pbk/arduinobot_ws/src/arduinobot_cpp_examples".  See documentation
  for policy CMP0002 for more details.
Call Stack (most recent call first):
  CMakeLists.txt:61 (rclcpp_components_register_node)

[0m
[31mCMake Error at CMakeLists.txt:73 (install):
  install TARGETS given target "simple_action_server" which does not exist.

[0m
gmake: *** [Makefile:513: cmake_check_build_system] Error 1
