-- Found ament_cmake: 1.3.8 (/opt/ros/humble/share/ament_cmake/cmake)
-- Found rclcpp: 16.0.8 (/opt/ros/humble/share/rclcpp/cmake)
-- Found rosidl_generator_c: 3.1.5 (/opt/ros/humble/share/rosidl_generator_c/cmake)
-- Found rosidl_adapter: 3.1.5 (/opt/ros/humble/share/rosidl_adapter/cmake)
-- Found rosidl_generator_cpp: 3.1.5 (/opt/ros/humble/share/rosidl_generator_cpp/cmake)
-- Using all available rosidl_typesupport_c: rosidl_typesupport_fastrtps_c;rosidl_typesupport_introspection_c
-- Using all available rosidl_typesupport_cpp: rosidl_typesupport_fastrtps_cpp;rosidl_typesupport_introspection_cpp
-- Found rmw_implementation_cmake: 6.1.1 (/opt/ros/humble/share/rmw_implementation_cmake/cmake)
-- Found rmw_cyclonedds_cpp: 1.3.4 (/opt/ros/humble/share/rmw_cyclonedds_cpp/cmake)
-- Using RMW implementation 'rmw_cyclonedds_cpp' as default
-- Found arduinobot_msgs: 0.0.0 (/home/pbk/arduinobot_ws/install/arduinobot_msgs/share/arduinobot_msgs/cmake)
-- Found rclcpp_action: 16.0.8 (/opt/ros/humble/share/rclcpp_action/cmake)
-- Found rclcpp_components: 16.0.8 (/opt/ros/humble/share/rclcpp_components/cmake)
[31mCMake Error at CMakeLists.txt:49 (add_library):
  add_library cannot create target "simple_action_client" because another
  target with the same name already exists.  The existing target is a shared
  library created in source directory
  "/home/pbk/arduinobot_ws/src/arduinobot_cpp_examples".  See documentation
  for policy CMP0002 for more details.

[0m
[31mCMake Error at /opt/ros/humble/share/rclcpp_components/cmake/rclcpp_components_register_node.cmake:72 (add_executable):
  add_executable cannot create target "simple_action_client_node" because
  another target with the same name already exists.  The existing target is
  an executable created in source directory
  "/home/pbk/arduinobot_ws/src/arduinobot_cpp_examples".  See documentation
  for policy CMP0002 for more details.
Call Stack (most recent call first):
  CMakeLists.txt:61 (rclcpp_components_register_node)

[0m
[31mCMake Error at CMakeLists.txt:73 (install):
  install TARGETS given target "simple_action_server" which does not exist.

[0m
-- Found ament_lint_auto: 0.12.10 (/opt/ros/humble/share/ament_lint_auto/cmake)
-- Added test 'cppcheck' to perform static code analysis on C / C++ code
-- Configured cppcheck include dirs: $<BUILD_INTERFACE:/home/pbk/arduinobot_ws/src/arduinobot_cpp_examples/include>
-- Configured cppcheck exclude dirs and/or files: 
-- Added test 'lint_cmake' to check CMake code style
-- Added test 'uncrustify' to check C / C++ code style
-- Configured uncrustify additional arguments: 
-- Added test 'xmllint' to check XML markup files
-- Configuring incomplete, errors occurred!
See also "/home/pbk/arduinobot_ws/build/arduinobot_cpp_examples/CMakeFiles/CMakeOutput.log".
gmake: *** [Makefile:513: cmake_check_build_system] Error 1
