[ 50%] Built target task_server_node
[ 75%] [32mBuilding CXX object CMakeFiles/task_server.dir/src/task_server.cpp.o[0m
[01m[K/home/pbk/arduinobot_ws/src/arduinobot_remote/src/task_server.cpp:[m[K In member function ‘[01m[Krclcpp_action::GoalResponse arduinobot_remote::TaskServer::GoalCallback(rclcpp_action::GoalUUID, std::shared_ptr<const arduinobot_msgs::action::ArduinobotTask_Goal_<std::allocator<void> > >)[m[K’:
[01m[K/home/pbk/arduinobot_ws/src/arduinobot_remote/src/task_server.cpp:33:80:[m[K [01;35m[Kwarning: [m[Kunused parameter ‘[01m[Kuuid[m[K’ [[01;35m[K]8;;https://gcc.gnu.org/onlinedocs/gcc/Warning-Options.html#index-Wunused-parameter-Wunused-parameter]8;;[m[K]
   33 |         rclcpp_action::GoalResponse GoalCallback([01;35m[Kconst rclcpp_action::GoalUUID uuid[m[K, std::shared_ptr<const arduinobot_msgs::action::ArduinobotTask::Goal> goal){
      |                                                  [01;35m[K~~~~~~~~~~~~~~~~~~~~~~~~~~~~~~^~~~[m[K
[01m[K/home/pbk/arduinobot_ws/src/arduinobot_remote/src/task_server.cpp:[m[K In member function ‘[01m[Krclcpp_action::CancelResponse arduinobot_remote::TaskServer::CancelCallback(std::shared_ptr<rclcpp_action::ServerGoalHandle<arduinobot_msgs::action::ArduinobotTask> >)[m[K’:
[01m[K/home/pbk/arduinobot_ws/src/arduinobot_remote/src/task_server.cpp:102:150:[m[K [01;35m[Kwarning: [m[Kunused parameter ‘[01m[Kgoal_handle[m[K’ [[01;35m[K]8;;https://gcc.gnu.org/onlinedocs/gcc/Warning-Options.html#index-Wunused-parameter-Wunused-parameter]8;;[m[K]
  102 |    rclcpp_action::CancelResponse CancelCallback([01;35m[Kconst std::shared_ptr<rclcpp_action::ServerGoalHandle<arduinobot_msgs::action::ArduinobotTask>> goal_handle[m[K){
      |                                                 [01;35m[K~~~~~~~~~~~~~~~~~~~~~~~~~~~~~~~~~~~~~~~~~~~~~~~~~~~~~~~~~~~~~~~~~~~~~~~~~~~~~~~~~~~~~~~~~~~~~~~~^~~~~~~~~~~[m[K

[100%] [32m[1mLinking CXX shared library libtask_server.so[0m
[100%] Built target task_server
-- Install configuration: ""
-- Up-to-date: /home/pbk/arduinobot_ws/install/arduinobot_remote/lib/arduinobot_remote/task_server_node
-- Installing: /home/pbk/arduinobot_ws/install/arduinobot_remote/lib/libtask_server.so
-- Set runtime path of "/home/pbk/arduinobot_ws/install/arduinobot_remote/lib/libtask_server.so" to ""
-- Up-to-date: /home/pbk/arduinobot_ws/install/arduinobot_remote/share/ament_index/resource_index/package_run_dependencies/arduinobot_remote
-- Up-to-date: /home/pbk/arduinobot_ws/install/arduinobot_remote/share/ament_index/resource_index/parent_prefix_path/arduinobot_remote
-- Up-to-date: /home/pbk/arduinobot_ws/install/arduinobot_remote/share/arduinobot_remote/environment/ament_prefix_path.sh
-- Up-to-date: /home/pbk/arduinobot_ws/install/arduinobot_remote/share/arduinobot_remote/environment/ament_prefix_path.dsv
-- Up-to-date: /home/pbk/arduinobot_ws/install/arduinobot_remote/share/arduinobot_remote/environment/path.sh
-- Up-to-date: /home/pbk/arduinobot_ws/install/arduinobot_remote/share/arduinobot_remote/environment/path.dsv
-- Up-to-date: /home/pbk/arduinobot_ws/install/arduinobot_remote/share/arduinobot_remote/local_setup.bash
-- Up-to-date: /home/pbk/arduinobot_ws/install/arduinobot_remote/share/arduinobot_remote/local_setup.sh
-- Up-to-date: /home/pbk/arduinobot_ws/install/arduinobot_remote/share/arduinobot_remote/local_setup.zsh
-- Up-to-date: /home/pbk/arduinobot_ws/install/arduinobot_remote/share/arduinobot_remote/local_setup.dsv
-- Installing: /home/pbk/arduinobot_ws/install/arduinobot_remote/share/arduinobot_remote/package.dsv
-- Up-to-date: /home/pbk/arduinobot_ws/install/arduinobot_remote/share/ament_index/resource_index/packages/arduinobot_remote
-- Up-to-date: /home/pbk/arduinobot_ws/install/arduinobot_remote/share/ament_index/resource_index/rclcpp_components/arduinobot_remote
-- Up-to-date: /home/pbk/arduinobot_ws/install/arduinobot_remote/share/arduinobot_remote/cmake/arduinobot_remoteConfig.cmake
-- Up-to-date: /home/pbk/arduinobot_ws/install/arduinobot_remote/share/arduinobot_remote/cmake/arduinobot_remoteConfig-version.cmake
-- Up-to-date: /home/pbk/arduinobot_ws/install/arduinobot_remote/share/arduinobot_remote/package.xml
