[0.168s] DEBUG:colcon:Command line arguments: ['/usr/bin/colcon', 'build']
[0.168s] DEBUG:colcon:Parsed command line arguments: Namespace(log_base=None, log_level=None, verb_name='build', build_base='build', install_base='install', merge_install=False, symlink_install=False, test_result_base=None, continue_on_error=False, executor='parallel', parallel_workers=20, event_handlers=None, ignore_user_meta=False, metas=['./colcon.meta'], base_paths=['.'], packages_ignore=None, packages_ignore_regex=None, paths=None, packages_up_to=None, packages_up_to_regex=None, packages_above=None, packages_above_and_dependencies=None, packages_above_depth=None, packages_select_by_dep=None, packages_skip_by_dep=None, packages_skip_up_to=None, packages_select_build_failed=False, packages_skip_build_finished=False, packages_select_test_failures=False, packages_skip_test_passed=False, packages_select=None, packages_skip=None, packages_select_regex=None, packages_skip_regex=None, packages_start=None, packages_end=None, allow_overriding=[], cmake_args=None, cmake_target=None, cmake_target_skip_unavailable=False, cmake_clean_cache=False, cmake_clean_first=False, cmake_force_configure=False, ament_cmake_args=None, catkin_cmake_args=None, catkin_skip_building_tests=False, mixin_files=None, mixin=None, verb_parser=<colcon_mixin.mixin.mixin_argument.MixinArgumentDecorator object at 0x7f34f7425cf0>, verb_extension=<colcon_core.verb.build.BuildVerb object at 0x7f34f75fb760>, main=<bound method BuildVerb.main of <colcon_core.verb.build.BuildVerb object at 0x7f34f75fb760>>, mixin_verb=('build',))
[0.326s] Level 1:colcon.colcon_core.package_discovery:discover_packages(colcon_meta) check parameters
[0.327s] Level 1:colcon.colcon_core.package_discovery:discover_packages(recursive) check parameters
[0.327s] Level 1:colcon.colcon_core.package_discovery:discover_packages(ignore) check parameters
[0.327s] Level 1:colcon.colcon_core.package_discovery:discover_packages(path) check parameters
[0.327s] Level 1:colcon.colcon_core.package_discovery:discover_packages(colcon_meta) discover
[0.327s] Level 1:colcon.colcon_core.package_discovery:discover_packages(recursive) discover
[0.327s] INFO:colcon.colcon_core.package_discovery:Crawling recursively for packages in '/home/pbk/arduinobot_ws/src'
[0.327s] Level 1:colcon.colcon_core.package_identification:_identify(.) by extensions ['ignore', 'ignore_ament_install']
[0.327s] Level 1:colcon.colcon_core.package_identification:_identify(.) by extension 'ignore'
[0.327s] Level 1:colcon.colcon_core.package_identification:_identify(.) by extension 'ignore_ament_install'
[0.327s] Level 1:colcon.colcon_core.package_identification:_identify(.) by extensions ['colcon_pkg']
[0.327s] Level 1:colcon.colcon_core.package_identification:_identify(.) by extension 'colcon_pkg'
[0.327s] Level 1:colcon.colcon_core.package_identification:_identify(.) by extensions ['colcon_meta']
[0.327s] Level 1:colcon.colcon_core.package_identification:_identify(.) by extension 'colcon_meta'
[0.327s] Level 1:colcon.colcon_core.package_identification:_identify(.) by extensions ['ros']
[0.327s] Level 1:colcon.colcon_core.package_identification:_identify(.) by extension 'ros'
[0.334s] Level 1:colcon.colcon_core.package_identification:_identify(.) by extensions ['cmake', 'python']
[0.334s] Level 1:colcon.colcon_core.package_identification:_identify(.) by extension 'cmake'
[0.334s] Level 1:colcon.colcon_core.package_identification:_identify(.) by extension 'python'
[0.334s] Level 1:colcon.colcon_core.package_identification:_identify(.) by extensions ['python_setup_py']
[0.334s] Level 1:colcon.colcon_core.package_identification:_identify(.) by extension 'python_setup_py'
[0.334s] Level 1:colcon.colcon_core.package_identification:_identify(arduinobot_controller) by extensions ['ignore', 'ignore_ament_install']
[0.334s] Level 1:colcon.colcon_core.package_identification:_identify(arduinobot_controller) by extension 'ignore'
[0.335s] Level 1:colcon.colcon_core.package_identification:_identify(arduinobot_controller) by extension 'ignore_ament_install'
[0.335s] Level 1:colcon.colcon_core.package_identification:_identify(arduinobot_controller) by extensions ['colcon_pkg']
[0.335s] Level 1:colcon.colcon_core.package_identification:_identify(arduinobot_controller) by extension 'colcon_pkg'
[0.335s] Level 1:colcon.colcon_core.package_identification:_identify(arduinobot_controller) by extensions ['colcon_meta']
[0.335s] Level 1:colcon.colcon_core.package_identification:_identify(arduinobot_controller) by extension 'colcon_meta'
[0.335s] Level 1:colcon.colcon_core.package_identification:_identify(arduinobot_controller) by extensions ['ros']
[0.335s] Level 1:colcon.colcon_core.package_identification:_identify(arduinobot_controller) by extension 'ros'
[0.338s] DEBUG:colcon.colcon_core.package_identification:Package 'arduinobot_controller' with type 'ros.ament_cmake' and name 'arduinobot_controller'
[0.338s] Level 1:colcon.colcon_core.package_identification:_identify(arduinobot_cpp_examples) by extensions ['ignore', 'ignore_ament_install']
[0.338s] Level 1:colcon.colcon_core.package_identification:_identify(arduinobot_cpp_examples) by extension 'ignore'
[0.338s] Level 1:colcon.colcon_core.package_identification:_identify(arduinobot_cpp_examples) by extension 'ignore_ament_install'
[0.338s] Level 1:colcon.colcon_core.package_identification:_identify(arduinobot_cpp_examples) by extensions ['colcon_pkg']
[0.338s] Level 1:colcon.colcon_core.package_identification:_identify(arduinobot_cpp_examples) by extension 'colcon_pkg'
[0.338s] Level 1:colcon.colcon_core.package_identification:_identify(arduinobot_cpp_examples) by extensions ['colcon_meta']
[0.338s] Level 1:colcon.colcon_core.package_identification:_identify(arduinobot_cpp_examples) by extension 'colcon_meta'
[0.338s] Level 1:colcon.colcon_core.package_identification:_identify(arduinobot_cpp_examples) by extensions ['ros']
[0.338s] Level 1:colcon.colcon_core.package_identification:_identify(arduinobot_cpp_examples) by extension 'ros'
[0.339s] DEBUG:colcon.colcon_core.package_identification:Package 'arduinobot_cpp_examples' with type 'ros.ament_cmake' and name 'arduinobot_cpp_examples'
[0.339s] Level 1:colcon.colcon_core.package_identification:_identify(arduinobot_description) by extensions ['ignore', 'ignore_ament_install']
[0.340s] Level 1:colcon.colcon_core.package_identification:_identify(arduinobot_description) by extension 'ignore'
[0.340s] Level 1:colcon.colcon_core.package_identification:_identify(arduinobot_description) by extension 'ignore_ament_install'
[0.340s] Level 1:colcon.colcon_core.package_identification:_identify(arduinobot_description) by extensions ['colcon_pkg']
[0.340s] Level 1:colcon.colcon_core.package_identification:_identify(arduinobot_description) by extension 'colcon_pkg'
[0.340s] Level 1:colcon.colcon_core.package_identification:_identify(arduinobot_description) by extensions ['colcon_meta']
[0.340s] Level 1:colcon.colcon_core.package_identification:_identify(arduinobot_description) by extension 'colcon_meta'
[0.340s] Level 1:colcon.colcon_core.package_identification:_identify(arduinobot_description) by extensions ['ros']
[0.340s] Level 1:colcon.colcon_core.package_identification:_identify(arduinobot_description) by extension 'ros'
[0.341s] DEBUG:colcon.colcon_core.package_identification:Package 'arduinobot_description' with type 'ros.ament_cmake' and name 'arduinobot_description'
[0.341s] Level 1:colcon.colcon_core.package_identification:_identify(arduinobot_moveit) by extensions ['ignore', 'ignore_ament_install']
[0.341s] Level 1:colcon.colcon_core.package_identification:_identify(arduinobot_moveit) by extension 'ignore'
[0.341s] Level 1:colcon.colcon_core.package_identification:_identify(arduinobot_moveit) by extension 'ignore_ament_install'
[0.341s] Level 1:colcon.colcon_core.package_identification:_identify(arduinobot_moveit) by extensions ['colcon_pkg']
[0.341s] Level 1:colcon.colcon_core.package_identification:_identify(arduinobot_moveit) by extension 'colcon_pkg'
[0.341s] Level 1:colcon.colcon_core.package_identification:_identify(arduinobot_moveit) by extensions ['colcon_meta']
[0.341s] Level 1:colcon.colcon_core.package_identification:_identify(arduinobot_moveit) by extension 'colcon_meta'
[0.341s] Level 1:colcon.colcon_core.package_identification:_identify(arduinobot_moveit) by extensions ['ros']
[0.341s] Level 1:colcon.colcon_core.package_identification:_identify(arduinobot_moveit) by extension 'ros'
[0.341s] DEBUG:colcon.colcon_core.package_identification:Package 'arduinobot_moveit' with type 'ros.ament_cmake' and name 'arduinobot_moveit'
[0.342s] Level 1:colcon.colcon_core.package_identification:_identify(arduinobot_msgs) by extensions ['ignore', 'ignore_ament_install']
[0.342s] Level 1:colcon.colcon_core.package_identification:_identify(arduinobot_msgs) by extension 'ignore'
[0.342s] Level 1:colcon.colcon_core.package_identification:_identify(arduinobot_msgs) by extension 'ignore_ament_install'
[0.342s] Level 1:colcon.colcon_core.package_identification:_identify(arduinobot_msgs) by extensions ['colcon_pkg']
[0.342s] Level 1:colcon.colcon_core.package_identification:_identify(arduinobot_msgs) by extension 'colcon_pkg'
[0.342s] Level 1:colcon.colcon_core.package_identification:_identify(arduinobot_msgs) by extensions ['colcon_meta']
[0.342s] Level 1:colcon.colcon_core.package_identification:_identify(arduinobot_msgs) by extension 'colcon_meta'
[0.342s] Level 1:colcon.colcon_core.package_identification:_identify(arduinobot_msgs) by extensions ['ros']
[0.342s] Level 1:colcon.colcon_core.package_identification:_identify(arduinobot_msgs) by extension 'ros'
[0.342s] DEBUG:colcon.colcon_core.package_identification:Package 'arduinobot_msgs' with type 'ros.ament_cmake' and name 'arduinobot_msgs'
[0.343s] Level 1:colcon.colcon_core.package_identification:_identify(arduinobot_py_examples) by extensions ['ignore', 'ignore_ament_install']
[0.343s] Level 1:colcon.colcon_core.package_identification:_identify(arduinobot_py_examples) by extension 'ignore'
[0.343s] Level 1:colcon.colcon_core.package_identification:_identify(arduinobot_py_examples) by extension 'ignore_ament_install'
[0.343s] Level 1:colcon.colcon_core.package_identification:_identify(arduinobot_py_examples) by extensions ['colcon_pkg']
[0.343s] Level 1:colcon.colcon_core.package_identification:_identify(arduinobot_py_examples) by extension 'colcon_pkg'
[0.343s] Level 1:colcon.colcon_core.package_identification:_identify(arduinobot_py_examples) by extensions ['colcon_meta']
[0.343s] Level 1:colcon.colcon_core.package_identification:_identify(arduinobot_py_examples) by extension 'colcon_meta'
[0.343s] Level 1:colcon.colcon_core.package_identification:_identify(arduinobot_py_examples) by extensions ['ros']
[0.343s] Level 1:colcon.colcon_core.package_identification:_identify(arduinobot_py_examples) by extension 'ros'
[0.343s] DEBUG:colcon.colcon_core.package_identification:Package 'arduinobot_py_examples' with type 'ros.ament_python' and name 'arduinobot_py_examples'
[0.343s] Level 1:colcon.colcon_core.package_identification:_identify(arduinobot_remote) by extensions ['ignore', 'ignore_ament_install']
[0.344s] Level 1:colcon.colcon_core.package_identification:_identify(arduinobot_remote) by extension 'ignore'
[0.344s] Level 1:colcon.colcon_core.package_identification:_identify(arduinobot_remote) by extension 'ignore_ament_install'
[0.344s] Level 1:colcon.colcon_core.package_identification:_identify(arduinobot_remote) by extensions ['colcon_pkg']
[0.344s] Level 1:colcon.colcon_core.package_identification:_identify(arduinobot_remote) by extension 'colcon_pkg'
[0.344s] Level 1:colcon.colcon_core.package_identification:_identify(arduinobot_remote) by extensions ['colcon_meta']
[0.344s] Level 1:colcon.colcon_core.package_identification:_identify(arduinobot_remote) by extension 'colcon_meta'
[0.344s] Level 1:colcon.colcon_core.package_identification:_identify(arduinobot_remote) by extensions ['ros']
[0.344s] Level 1:colcon.colcon_core.package_identification:_identify(arduinobot_remote) by extension 'ros'
[0.344s] DEBUG:colcon.colcon_core.package_identification:Package 'arduinobot_remote' with type 'ros.ament_cmake' and name 'arduinobot_remote'
[0.344s] Level 1:colcon.colcon_core.package_identification:_identify(arduinobot_utils) by extensions ['ignore', 'ignore_ament_install']
[0.344s] Level 1:colcon.colcon_core.package_identification:_identify(arduinobot_utils) by extension 'ignore'
[0.344s] Level 1:colcon.colcon_core.package_identification:_identify(arduinobot_utils) by extension 'ignore_ament_install'
[0.344s] Level 1:colcon.colcon_core.package_identification:_identify(arduinobot_utils) by extensions ['colcon_pkg']
[0.344s] Level 1:colcon.colcon_core.package_identification:_identify(arduinobot_utils) by extension 'colcon_pkg'
[0.344s] Level 1:colcon.colcon_core.package_identification:_identify(arduinobot_utils) by extensions ['colcon_meta']
[0.344s] Level 1:colcon.colcon_core.package_identification:_identify(arduinobot_utils) by extension 'colcon_meta'
[0.344s] Level 1:colcon.colcon_core.package_identification:_identify(arduinobot_utils) by extensions ['ros']
[0.344s] Level 1:colcon.colcon_core.package_identification:_identify(arduinobot_utils) by extension 'ros'
[0.345s] DEBUG:colcon.colcon_core.package_identification:Package 'arduinobot_utils' with type 'ros.ament_cmake' and name 'arduinobot_utils'
[0.345s] Level 1:colcon.colcon_core.package_identification:_identify(build) by extensions ['ignore', 'ignore_ament_install']
[0.345s] Level 1:colcon.colcon_core.package_identification:_identify(build) by extension 'ignore'
[0.345s] Level 1:colcon.colcon_core.package_identification:_identify(build) ignored
[0.345s] Level 1:colcon.colcon_core.package_identification:_identify(install) by extensions ['ignore', 'ignore_ament_install']
[0.345s] Level 1:colcon.colcon_core.package_identification:_identify(install) by extension 'ignore'
[0.345s] Level 1:colcon.colcon_core.package_identification:_identify(install) ignored
[0.345s] Level 1:colcon.colcon_core.package_identification:_identify(log) by extensions ['ignore', 'ignore_ament_install']
[0.345s] Level 1:colcon.colcon_core.package_identification:_identify(log) by extension 'ignore'
[0.345s] Level 1:colcon.colcon_core.package_identification:_identify(log) ignored
[0.345s] Level 1:colcon.colcon_core.package_discovery:discover_packages(recursive) using defaults
[0.345s] Level 1:colcon.colcon_core.package_discovery:discover_packages(ignore) discover
[0.345s] Level 1:colcon.colcon_core.package_discovery:discover_packages(ignore) using defaults
[0.345s] Level 1:colcon.colcon_core.package_discovery:discover_packages(path) discover
[0.345s] Level 1:colcon.colcon_core.package_discovery:discover_packages(path) using defaults
[0.374s] Level 1:colcon.colcon_core.package_discovery:discover_packages(prefix_path) check parameters
[0.374s] Level 1:colcon.colcon_core.package_discovery:discover_packages(prefix_path) discover
[0.377s] DEBUG:colcon.colcon_installed_package_information.package_discovery:Found 360 installed packages in /opt/ros/humble
[0.378s] Level 1:colcon.colcon_core.package_discovery:discover_packages(prefix_path) using defaults
[0.403s] Level 5:colcon.colcon_core.verb:set package 'arduinobot_controller' build argument 'cmake_args' from command line to 'None'
[0.403s] Level 5:colcon.colcon_core.verb:set package 'arduinobot_controller' build argument 'cmake_target' from command line to 'None'
[0.403s] Level 5:colcon.colcon_core.verb:set package 'arduinobot_controller' build argument 'cmake_target_skip_unavailable' from command line to 'False'
[0.403s] Level 5:colcon.colcon_core.verb:set package 'arduinobot_controller' build argument 'cmake_clean_cache' from command line to 'False'
[0.403s] Level 5:colcon.colcon_core.verb:set package 'arduinobot_controller' build argument 'cmake_clean_first' from command line to 'False'
[0.403s] Level 5:colcon.colcon_core.verb:set package 'arduinobot_controller' build argument 'cmake_force_configure' from command line to 'False'
[0.403s] Level 5:colcon.colcon_core.verb:set package 'arduinobot_controller' build argument 'ament_cmake_args' from command line to 'None'
[0.403s] Level 5:colcon.colcon_core.verb:set package 'arduinobot_controller' build argument 'catkin_cmake_args' from command line to 'None'
[0.403s] Level 5:colcon.colcon_core.verb:set package 'arduinobot_controller' build argument 'catkin_skip_building_tests' from command line to 'False'
[0.403s] DEBUG:colcon.colcon_core.verb:Building package 'arduinobot_controller' with the following arguments: {'ament_cmake_args': None, 'build_base': '/home/pbk/arduinobot_ws/src/build/arduinobot_controller', 'catkin_cmake_args': None, 'catkin_skip_building_tests': False, 'cmake_args': None, 'cmake_clean_cache': False, 'cmake_clean_first': False, 'cmake_force_configure': False, 'cmake_target': None, 'cmake_target_skip_unavailable': False, 'install_base': '/home/pbk/arduinobot_ws/src/install/arduinobot_controller', 'merge_install': False, 'path': '/home/pbk/arduinobot_ws/src/arduinobot_controller', 'symlink_install': False, 'test_result_base': None}
[0.403s] Level 5:colcon.colcon_core.verb:set package 'arduinobot_description' build argument 'cmake_args' from command line to 'None'
[0.403s] Level 5:colcon.colcon_core.verb:set package 'arduinobot_description' build argument 'cmake_target' from command line to 'None'
[0.403s] Level 5:colcon.colcon_core.verb:set package 'arduinobot_description' build argument 'cmake_target_skip_unavailable' from command line to 'False'
[0.404s] Level 5:colcon.colcon_core.verb:set package 'arduinobot_description' build argument 'cmake_clean_cache' from command line to 'False'
[0.404s] Level 5:colcon.colcon_core.verb:set package 'arduinobot_description' build argument 'cmake_clean_first' from command line to 'False'
[0.404s] Level 5:colcon.colcon_core.verb:set package 'arduinobot_description' build argument 'cmake_force_configure' from command line to 'False'
[0.404s] Level 5:colcon.colcon_core.verb:set package 'arduinobot_description' build argument 'ament_cmake_args' from command line to 'None'
[0.404s] Level 5:colcon.colcon_core.verb:set package 'arduinobot_description' build argument 'catkin_cmake_args' from command line to 'None'
[0.404s] Level 5:colcon.colcon_core.verb:set package 'arduinobot_description' build argument 'catkin_skip_building_tests' from command line to 'False'
[0.404s] DEBUG:colcon.colcon_core.verb:Building package 'arduinobot_description' with the following arguments: {'ament_cmake_args': None, 'build_base': '/home/pbk/arduinobot_ws/src/build/arduinobot_description', 'catkin_cmake_args': None, 'catkin_skip_building_tests': False, 'cmake_args': None, 'cmake_clean_cache': False, 'cmake_clean_first': False, 'cmake_force_configure': False, 'cmake_target': None, 'cmake_target_skip_unavailable': False, 'install_base': '/home/pbk/arduinobot_ws/src/install/arduinobot_description', 'merge_install': False, 'path': '/home/pbk/arduinobot_ws/src/arduinobot_description', 'symlink_install': False, 'test_result_base': None}
[0.404s] Level 5:colcon.colcon_core.verb:set package 'arduinobot_moveit' build argument 'cmake_args' from command line to 'None'
[0.404s] Level 5:colcon.colcon_core.verb:set package 'arduinobot_moveit' build argument 'cmake_target' from command line to 'None'
[0.404s] Level 5:colcon.colcon_core.verb:set package 'arduinobot_moveit' build argument 'cmake_target_skip_unavailable' from command line to 'False'
[0.404s] Level 5:colcon.colcon_core.verb:set package 'arduinobot_moveit' build argument 'cmake_clean_cache' from command line to 'False'
[0.404s] Level 5:colcon.colcon_core.verb:set package 'arduinobot_moveit' build argument 'cmake_clean_first' from command line to 'False'
[0.404s] Level 5:colcon.colcon_core.verb:set package 'arduinobot_moveit' build argument 'cmake_force_configure' from command line to 'False'
[0.404s] Level 5:colcon.colcon_core.verb:set package 'arduinobot_moveit' build argument 'ament_cmake_args' from command line to 'None'
[0.404s] Level 5:colcon.colcon_core.verb:set package 'arduinobot_moveit' build argument 'catkin_cmake_args' from command line to 'None'
[0.404s] Level 5:colcon.colcon_core.verb:set package 'arduinobot_moveit' build argument 'catkin_skip_building_tests' from command line to 'False'
[0.404s] DEBUG:colcon.colcon_core.verb:Building package 'arduinobot_moveit' with the following arguments: {'ament_cmake_args': None, 'build_base': '/home/pbk/arduinobot_ws/src/build/arduinobot_moveit', 'catkin_cmake_args': None, 'catkin_skip_building_tests': False, 'cmake_args': None, 'cmake_clean_cache': False, 'cmake_clean_first': False, 'cmake_force_configure': False, 'cmake_target': None, 'cmake_target_skip_unavailable': False, 'install_base': '/home/pbk/arduinobot_ws/src/install/arduinobot_moveit', 'merge_install': False, 'path': '/home/pbk/arduinobot_ws/src/arduinobot_moveit', 'symlink_install': False, 'test_result_base': None}
[0.404s] Level 5:colcon.colcon_core.verb:set package 'arduinobot_msgs' build argument 'cmake_args' from command line to 'None'
[0.404s] Level 5:colcon.colcon_core.verb:set package 'arduinobot_msgs' build argument 'cmake_target' from command line to 'None'
[0.404s] Level 5:colcon.colcon_core.verb:set package 'arduinobot_msgs' build argument 'cmake_target_skip_unavailable' from command line to 'False'
[0.404s] Level 5:colcon.colcon_core.verb:set package 'arduinobot_msgs' build argument 'cmake_clean_cache' from command line to 'False'
[0.404s] Level 5:colcon.colcon_core.verb:set package 'arduinobot_msgs' build argument 'cmake_clean_first' from command line to 'False'
[0.404s] Level 5:colcon.colcon_core.verb:set package 'arduinobot_msgs' build argument 'cmake_force_configure' from command line to 'False'
[0.404s] Level 5:colcon.colcon_core.verb:set package 'arduinobot_msgs' build argument 'ament_cmake_args' from command line to 'None'
[0.404s] Level 5:colcon.colcon_core.verb:set package 'arduinobot_msgs' build argument 'catkin_cmake_args' from command line to 'None'
[0.404s] Level 5:colcon.colcon_core.verb:set package 'arduinobot_msgs' build argument 'catkin_skip_building_tests' from command line to 'False'
[0.404s] DEBUG:colcon.colcon_core.verb:Building package 'arduinobot_msgs' with the following arguments: {'ament_cmake_args': None, 'build_base': '/home/pbk/arduinobot_ws/src/build/arduinobot_msgs', 'catkin_cmake_args': None, 'catkin_skip_building_tests': False, 'cmake_args': None, 'cmake_clean_cache': False, 'cmake_clean_first': False, 'cmake_force_configure': False, 'cmake_target': None, 'cmake_target_skip_unavailable': False, 'install_base': '/home/pbk/arduinobot_ws/src/install/arduinobot_msgs', 'merge_install': False, 'path': '/home/pbk/arduinobot_ws/src/arduinobot_msgs', 'symlink_install': False, 'test_result_base': None}
[0.404s] Level 5:colcon.colcon_core.verb:set package 'arduinobot_remote' build argument 'cmake_args' from command line to 'None'
[0.404s] Level 5:colcon.colcon_core.verb:set package 'arduinobot_remote' build argument 'cmake_target' from command line to 'None'
[0.404s] Level 5:colcon.colcon_core.verb:set package 'arduinobot_remote' build argument 'cmake_target_skip_unavailable' from command line to 'False'
[0.404s] Level 5:colcon.colcon_core.verb:set package 'arduinobot_remote' build argument 'cmake_clean_cache' from command line to 'False'
[0.404s] Level 5:colcon.colcon_core.verb:set package 'arduinobot_remote' build argument 'cmake_clean_first' from command line to 'False'
[0.404s] Level 5:colcon.colcon_core.verb:set package 'arduinobot_remote' build argument 'cmake_force_configure' from command line to 'False'
[0.404s] Level 5:colcon.colcon_core.verb:set package 'arduinobot_remote' build argument 'ament_cmake_args' from command line to 'None'
[0.404s] Level 5:colcon.colcon_core.verb:set package 'arduinobot_remote' build argument 'catkin_cmake_args' from command line to 'None'
[0.404s] Level 5:colcon.colcon_core.verb:set package 'arduinobot_remote' build argument 'catkin_skip_building_tests' from command line to 'False'
[0.404s] DEBUG:colcon.colcon_core.verb:Building package 'arduinobot_remote' with the following arguments: {'ament_cmake_args': None, 'build_base': '/home/pbk/arduinobot_ws/src/build/arduinobot_remote', 'catkin_cmake_args': None, 'catkin_skip_building_tests': False, 'cmake_args': None, 'cmake_clean_cache': False, 'cmake_clean_first': False, 'cmake_force_configure': False, 'cmake_target': None, 'cmake_target_skip_unavailable': False, 'install_base': '/home/pbk/arduinobot_ws/src/install/arduinobot_remote', 'merge_install': False, 'path': '/home/pbk/arduinobot_ws/src/arduinobot_remote', 'symlink_install': False, 'test_result_base': None}
[0.405s] Level 5:colcon.colcon_core.verb:set package 'arduinobot_cpp_examples' build argument 'cmake_args' from command line to 'None'
[0.405s] Level 5:colcon.colcon_core.verb:set package 'arduinobot_cpp_examples' build argument 'cmake_target' from command line to 'None'
[0.405s] Level 5:colcon.colcon_core.verb:set package 'arduinobot_cpp_examples' build argument 'cmake_target_skip_unavailable' from command line to 'False'
[0.405s] Level 5:colcon.colcon_core.verb:set package 'arduinobot_cpp_examples' build argument 'cmake_clean_cache' from command line to 'False'
[0.405s] Level 5:colcon.colcon_core.verb:set package 'arduinobot_cpp_examples' build argument 'cmake_clean_first' from command line to 'False'
[0.405s] Level 5:colcon.colcon_core.verb:set package 'arduinobot_cpp_examples' build argument 'cmake_force_configure' from command line to 'False'
[0.405s] Level 5:colcon.colcon_core.verb:set package 'arduinobot_cpp_examples' build argument 'ament_cmake_args' from command line to 'None'
[0.405s] Level 5:colcon.colcon_core.verb:set package 'arduinobot_cpp_examples' build argument 'catkin_cmake_args' from command line to 'None'
[0.405s] Level 5:colcon.colcon_core.verb:set package 'arduinobot_cpp_examples' build argument 'catkin_skip_building_tests' from command line to 'False'
[0.405s] DEBUG:colcon.colcon_core.verb:Building package 'arduinobot_cpp_examples' with the following arguments: {'ament_cmake_args': None, 'build_base': '/home/pbk/arduinobot_ws/src/build/arduinobot_cpp_examples', 'catkin_cmake_args': None, 'catkin_skip_building_tests': False, 'cmake_args': None, 'cmake_clean_cache': False, 'cmake_clean_first': False, 'cmake_force_configure': False, 'cmake_target': None, 'cmake_target_skip_unavailable': False, 'install_base': '/home/pbk/arduinobot_ws/src/install/arduinobot_cpp_examples', 'merge_install': False, 'path': '/home/pbk/arduinobot_ws/src/arduinobot_cpp_examples', 'symlink_install': False, 'test_result_base': None}
[0.405s] Level 5:colcon.colcon_core.verb:set package 'arduinobot_py_examples' build argument 'cmake_args' from command line to 'None'
[0.405s] Level 5:colcon.colcon_core.verb:set package 'arduinobot_py_examples' build argument 'cmake_target' from command line to 'None'
[0.405s] Level 5:colcon.colcon_core.verb:set package 'arduinobot_py_examples' build argument 'cmake_target_skip_unavailable' from command line to 'False'
[0.405s] Level 5:colcon.colcon_core.verb:set package 'arduinobot_py_examples' build argument 'cmake_clean_cache' from command line to 'False'
[0.405s] Level 5:colcon.colcon_core.verb:set package 'arduinobot_py_examples' build argument 'cmake_clean_first' from command line to 'False'
[0.405s] Level 5:colcon.colcon_core.verb:set package 'arduinobot_py_examples' build argument 'cmake_force_configure' from command line to 'False'
[0.405s] Level 5:colcon.colcon_core.verb:set package 'arduinobot_py_examples' build argument 'ament_cmake_args' from command line to 'None'
[0.405s] Level 5:colcon.colcon_core.verb:set package 'arduinobot_py_examples' build argument 'catkin_cmake_args' from command line to 'None'
[0.405s] Level 5:colcon.colcon_core.verb:set package 'arduinobot_py_examples' build argument 'catkin_skip_building_tests' from command line to 'False'
[0.405s] DEBUG:colcon.colcon_core.verb:Building package 'arduinobot_py_examples' with the following arguments: {'ament_cmake_args': None, 'build_base': '/home/pbk/arduinobot_ws/src/build/arduinobot_py_examples', 'catkin_cmake_args': None, 'catkin_skip_building_tests': False, 'cmake_args': None, 'cmake_clean_cache': False, 'cmake_clean_first': False, 'cmake_force_configure': False, 'cmake_target': None, 'cmake_target_skip_unavailable': False, 'install_base': '/home/pbk/arduinobot_ws/src/install/arduinobot_py_examples', 'merge_install': False, 'path': '/home/pbk/arduinobot_ws/src/arduinobot_py_examples', 'symlink_install': False, 'test_result_base': None}
[0.405s] Level 5:colcon.colcon_core.verb:set package 'arduinobot_utils' build argument 'cmake_args' from command line to 'None'
[0.405s] Level 5:colcon.colcon_core.verb:set package 'arduinobot_utils' build argument 'cmake_target' from command line to 'None'
[0.405s] Level 5:colcon.colcon_core.verb:set package 'arduinobot_utils' build argument 'cmake_target_skip_unavailable' from command line to 'False'
[0.405s] Level 5:colcon.colcon_core.verb:set package 'arduinobot_utils' build argument 'cmake_clean_cache' from command line to 'False'
[0.405s] Level 5:colcon.colcon_core.verb:set package 'arduinobot_utils' build argument 'cmake_clean_first' from command line to 'False'
[0.405s] Level 5:colcon.colcon_core.verb:set package 'arduinobot_utils' build argument 'cmake_force_configure' from command line to 'False'
[0.405s] Level 5:colcon.colcon_core.verb:set package 'arduinobot_utils' build argument 'ament_cmake_args' from command line to 'None'
[0.405s] Level 5:colcon.colcon_core.verb:set package 'arduinobot_utils' build argument 'catkin_cmake_args' from command line to 'None'
[0.405s] Level 5:colcon.colcon_core.verb:set package 'arduinobot_utils' build argument 'catkin_skip_building_tests' from command line to 'False'
[0.405s] DEBUG:colcon.colcon_core.verb:Building package 'arduinobot_utils' with the following arguments: {'ament_cmake_args': None, 'build_base': '/home/pbk/arduinobot_ws/src/build/arduinobot_utils', 'catkin_cmake_args': None, 'catkin_skip_building_tests': False, 'cmake_args': None, 'cmake_clean_cache': False, 'cmake_clean_first': False, 'cmake_force_configure': False, 'cmake_target': None, 'cmake_target_skip_unavailable': False, 'install_base': '/home/pbk/arduinobot_ws/src/install/arduinobot_utils', 'merge_install': False, 'path': '/home/pbk/arduinobot_ws/src/arduinobot_utils', 'symlink_install': False, 'test_result_base': None}
[0.405s] INFO:colcon.colcon_core.executor:Executing jobs using 'parallel' executor
[0.406s] DEBUG:colcon.colcon_parallel_executor.executor.parallel:run_until_complete
[0.406s] INFO:colcon.colcon_ros.task.ament_cmake.build:Building ROS package in '/home/pbk/arduinobot_ws/src/arduinobot_msgs' with build type 'ament_cmake'
[0.406s] INFO:colcon.colcon_cmake.task.cmake.build:Building CMake package in '/home/pbk/arduinobot_ws/src/arduinobot_msgs'
[0.411s] INFO:colcon.colcon_core.plugin_system:Skipping extension 'colcon_core.shell.bat': Not used on non-Windows systems
[0.411s] INFO:colcon.colcon_core.shell:Skip shell extension 'powershell' for command environment: Not usable outside of PowerShell
[0.411s] DEBUG:colcon.colcon_core.shell:Skip shell extension 'dsv' for command environment
[0.413s] INFO:colcon.colcon_ros.task.ament_cmake.build:Building ROS package in '/home/pbk/arduinobot_ws/src/arduinobot_controller' with build type 'ament_cmake'
[0.413s] INFO:colcon.colcon_cmake.task.cmake.build:Building CMake package in '/home/pbk/arduinobot_ws/src/arduinobot_controller'
[0.414s] INFO:colcon.colcon_core.shell:Skip shell extension 'powershell' for command environment: Not usable outside of PowerShell
[0.414s] DEBUG:colcon.colcon_core.shell:Skip shell extension 'dsv' for command environment
[0.416s] INFO:colcon.colcon_ros.task.ament_cmake.build:Building ROS package in '/home/pbk/arduinobot_ws/src/arduinobot_description' with build type 'ament_cmake'
[0.416s] INFO:colcon.colcon_cmake.task.cmake.build:Building CMake package in '/home/pbk/arduinobot_ws/src/arduinobot_description'
[0.416s] INFO:colcon.colcon_core.shell:Skip shell extension 'powershell' for command environment: Not usable outside of PowerShell
[0.416s] DEBUG:colcon.colcon_core.shell:Skip shell extension 'dsv' for command environment
[0.419s] INFO:colcon.colcon_ros.task.ament_cmake.build:Building ROS package in '/home/pbk/arduinobot_ws/src/arduinobot_moveit' with build type 'ament_cmake'
[0.419s] INFO:colcon.colcon_cmake.task.cmake.build:Building CMake package in '/home/pbk/arduinobot_ws/src/arduinobot_moveit'
[0.419s] INFO:colcon.colcon_core.shell:Skip shell extension 'powershell' for command environment: Not usable outside of PowerShell
[0.419s] DEBUG:colcon.colcon_core.shell:Skip shell extension 'dsv' for command environment
[0.421s] INFO:colcon.colcon_ros.task.ament_cmake.build:Building ROS package in '/home/pbk/arduinobot_ws/src/arduinobot_remote' with build type 'ament_cmake'
[0.421s] INFO:colcon.colcon_cmake.task.cmake.build:Building CMake package in '/home/pbk/arduinobot_ws/src/arduinobot_remote'
[0.421s] INFO:colcon.colcon_core.shell:Skip shell extension 'powershell' for command environment: Not usable outside of PowerShell
[0.421s] DEBUG:colcon.colcon_core.shell:Skip shell extension 'dsv' for command environment
[0.426s] DEBUG:colcon.colcon_core.event_handler.log_command:Invoking command in '/home/pbk/arduinobot_ws/src/build/arduinobot_msgs': CMAKE_PREFIX_PATH=/opt/ros/humble /usr/bin/cmake --build /home/pbk/arduinobot_ws/src/build/arduinobot_msgs -- -j20 -l20
[0.431s] DEBUG:colcon.colcon_core.event_handler.log_command:Invoking command in '/home/pbk/arduinobot_ws/src/build/arduinobot_controller': CMAKE_PREFIX_PATH=/opt/ros/humble /usr/bin/cmake --build /home/pbk/arduinobot_ws/src/build/arduinobot_controller -- -j20 -l20
[0.433s] DEBUG:colcon.colcon_core.event_handler.log_command:Invoking command in '/home/pbk/arduinobot_ws/src/build/arduinobot_description': CMAKE_PREFIX_PATH=/opt/ros/humble /usr/bin/cmake --build /home/pbk/arduinobot_ws/src/build/arduinobot_description -- -j20 -l20
[0.440s] DEBUG:colcon.colcon_core.event_handler.log_command:Invoking command in '/home/pbk/arduinobot_ws/src/build/arduinobot_moveit': CMAKE_PREFIX_PATH=/opt/ros/humble /usr/bin/cmake --build /home/pbk/arduinobot_ws/src/build/arduinobot_moveit -- -j20 -l20
[0.441s] DEBUG:colcon.colcon_core.event_handler.log_command:Invoking command in '/home/pbk/arduinobot_ws/src/build/arduinobot_remote': CMAKE_PREFIX_PATH=/opt/ros/humble /usr/bin/cmake /home/pbk/arduinobot_ws/src/arduinobot_remote -DCMAKE_INSTALL_PREFIX=/home/pbk/arduinobot_ws/src/install/arduinobot_remote
[0.488s] DEBUG:colcon.colcon_core.event_handler.log_command:Invoked command in '/home/pbk/arduinobot_ws/src/build/arduinobot_controller' returned '0': CMAKE_PREFIX_PATH=/opt/ros/humble /usr/bin/cmake --build /home/pbk/arduinobot_ws/src/build/arduinobot_controller -- -j20 -l20
[0.489s] DEBUG:colcon.colcon_core.event_handler.log_command:Invoked command in '/home/pbk/arduinobot_ws/src/build/arduinobot_description' returned '0': CMAKE_PREFIX_PATH=/opt/ros/humble /usr/bin/cmake --build /home/pbk/arduinobot_ws/src/build/arduinobot_description -- -j20 -l20
[0.506s] DEBUG:colcon.colcon_core.event_handler.log_command:Invoking command in '/home/pbk/arduinobot_ws/src/build/arduinobot_controller': CMAKE_PREFIX_PATH=/opt/ros/humble /usr/bin/cmake --install /home/pbk/arduinobot_ws/src/build/arduinobot_controller
[0.507s] DEBUG:colcon.colcon_core.event_handler.log_command:Invoking command in '/home/pbk/arduinobot_ws/src/build/arduinobot_description': CMAKE_PREFIX_PATH=/opt/ros/humble /usr/bin/cmake --install /home/pbk/arduinobot_ws/src/build/arduinobot_description
[0.519s] Level 1:colcon.colcon_core.environment:create_environment_scripts_only(arduinobot_controller)
[0.523s] DEBUG:colcon.colcon_core.event_handler.log_command:Invoked command in '/home/pbk/arduinobot_ws/src/build/arduinobot_controller' returned '0': CMAKE_PREFIX_PATH=/opt/ros/humble /usr/bin/cmake --install /home/pbk/arduinobot_ws/src/build/arduinobot_controller
[0.530s] Level 1:colcon.colcon_core.environment:checking '/home/pbk/arduinobot_ws/src/install/arduinobot_controller' for CMake module files
[0.531s] Level 1:colcon.colcon_core.environment:checking '/home/pbk/arduinobot_ws/src/install/arduinobot_controller' for CMake config files
[0.531s] Level 1:colcon.colcon_core.shell:create_environment_hook('arduinobot_controller', 'cmake_prefix_path')
[0.531s] INFO:colcon.colcon_core.shell:Creating environment hook '/home/pbk/arduinobot_ws/src/install/arduinobot_controller/share/arduinobot_controller/hook/cmake_prefix_path.ps1'
[0.532s] INFO:colcon.colcon_core.shell:Creating environment descriptor '/home/pbk/arduinobot_ws/src/install/arduinobot_controller/share/arduinobot_controller/hook/cmake_prefix_path.dsv'
[0.533s] INFO:colcon.colcon_core.shell:Creating environment hook '/home/pbk/arduinobot_ws/src/install/arduinobot_controller/share/arduinobot_controller/hook/cmake_prefix_path.sh'
[0.533s] Level 1:colcon.colcon_core.environment:checking '/home/pbk/arduinobot_ws/src/install/arduinobot_controller/bin'
[0.533s] Level 1:colcon.colcon_core.environment:checking '/home/pbk/arduinobot_ws/src/install/arduinobot_controller/lib/pkgconfig/arduinobot_controller.pc'
[0.534s] Level 1:colcon.colcon_core.environment:checking '/home/pbk/arduinobot_ws/src/install/arduinobot_controller/lib/python3.10/site-packages'
[0.534s] Level 1:colcon.colcon_core.environment:checking '/home/pbk/arduinobot_ws/src/install/arduinobot_controller/bin'
[0.534s] INFO:colcon.colcon_core.shell:Creating package script '/home/pbk/arduinobot_ws/src/install/arduinobot_controller/share/arduinobot_controller/package.ps1'
[0.534s] INFO:colcon.colcon_core.shell:Creating package descriptor '/home/pbk/arduinobot_ws/src/install/arduinobot_controller/share/arduinobot_controller/package.dsv'
[0.536s] INFO:colcon.colcon_core.shell:Creating package script '/home/pbk/arduinobot_ws/src/install/arduinobot_controller/share/arduinobot_controller/package.sh'
[0.536s] INFO:colcon.colcon_core.shell:Creating package script '/home/pbk/arduinobot_ws/src/install/arduinobot_controller/share/arduinobot_controller/package.bash'
[0.537s] INFO:colcon.colcon_core.shell:Creating package script '/home/pbk/arduinobot_ws/src/install/arduinobot_controller/share/arduinobot_controller/package.zsh'
[0.538s] Level 1:colcon.colcon_core.environment:create_file_with_runtime_dependencies(/home/pbk/arduinobot_ws/src/install/arduinobot_controller/share/colcon-core/packages/arduinobot_controller)
[0.540s] Level 1:colcon.colcon_core.environment:create_environment_scripts_only(arduinobot_description)
[0.540s] DEBUG:colcon.colcon_core.event_handler.log_command:Invoked command in '/home/pbk/arduinobot_ws/src/build/arduinobot_description' returned '0': CMAKE_PREFIX_PATH=/opt/ros/humble /usr/bin/cmake --install /home/pbk/arduinobot_ws/src/build/arduinobot_description
[0.541s] Level 1:colcon.colcon_core.environment:checking '/home/pbk/arduinobot_ws/src/install/arduinobot_description' for CMake module files
[0.541s] Level 1:colcon.colcon_core.environment:checking '/home/pbk/arduinobot_ws/src/install/arduinobot_description' for CMake config files
[0.542s] Level 1:colcon.colcon_core.shell:create_environment_hook('arduinobot_description', 'cmake_prefix_path')
[0.542s] INFO:colcon.colcon_core.shell:Creating environment hook '/home/pbk/arduinobot_ws/src/install/arduinobot_description/share/arduinobot_description/hook/cmake_prefix_path.ps1'
[0.542s] INFO:colcon.colcon_core.shell:Creating environment descriptor '/home/pbk/arduinobot_ws/src/install/arduinobot_description/share/arduinobot_description/hook/cmake_prefix_path.dsv'
[0.542s] INFO:colcon.colcon_core.shell:Creating environment hook '/home/pbk/arduinobot_ws/src/install/arduinobot_description/share/arduinobot_description/hook/cmake_prefix_path.sh'
[0.543s] Level 1:colcon.colcon_core.environment:checking '/home/pbk/arduinobot_ws/src/install/arduinobot_description/bin'
[0.543s] Level 1:colcon.colcon_core.environment:checking '/home/pbk/arduinobot_ws/src/install/arduinobot_description/lib/pkgconfig/arduinobot_description.pc'
[0.543s] Level 1:colcon.colcon_core.environment:checking '/home/pbk/arduinobot_ws/src/install/arduinobot_description/lib/python3.10/site-packages'
[0.543s] Level 1:colcon.colcon_core.environment:checking '/home/pbk/arduinobot_ws/src/install/arduinobot_description/bin'
[0.543s] INFO:colcon.colcon_core.shell:Creating package script '/home/pbk/arduinobot_ws/src/install/arduinobot_description/share/arduinobot_description/package.ps1'
[0.544s] INFO:colcon.colcon_core.shell:Creating package descriptor '/home/pbk/arduinobot_ws/src/install/arduinobot_description/share/arduinobot_description/package.dsv'
[0.544s] INFO:colcon.colcon_core.shell:Creating package script '/home/pbk/arduinobot_ws/src/install/arduinobot_description/share/arduinobot_description/package.sh'
[0.544s] INFO:colcon.colcon_core.shell:Creating package script '/home/pbk/arduinobot_ws/src/install/arduinobot_description/share/arduinobot_description/package.bash'
[0.544s] INFO:colcon.colcon_core.shell:Creating package script '/home/pbk/arduinobot_ws/src/install/arduinobot_description/share/arduinobot_description/package.zsh'
[0.544s] Level 1:colcon.colcon_core.environment:create_file_with_runtime_dependencies(/home/pbk/arduinobot_ws/src/install/arduinobot_description/share/colcon-core/packages/arduinobot_description)
[0.550s] Level 1:colcon.colcon_core.environment:create_environment_scripts_only(arduinobot_controller)
[0.551s] Level 1:colcon.colcon_core.environment:checking '/home/pbk/arduinobot_ws/src/install/arduinobot_controller' for CMake module files
[0.551s] Level 1:colcon.colcon_core.environment:checking '/home/pbk/arduinobot_ws/src/install/arduinobot_controller' for CMake config files
[0.551s] Level 1:colcon.colcon_core.shell:create_environment_hook('arduinobot_controller', 'cmake_prefix_path')
[0.551s] INFO:colcon.colcon_core.shell:Creating environment hook '/home/pbk/arduinobot_ws/src/install/arduinobot_controller/share/arduinobot_controller/hook/cmake_prefix_path.ps1'
[0.552s] INFO:colcon.colcon_core.shell:Creating environment descriptor '/home/pbk/arduinobot_ws/src/install/arduinobot_controller/share/arduinobot_controller/hook/cmake_prefix_path.dsv'
[0.552s] INFO:colcon.colcon_core.shell:Creating environment hook '/home/pbk/arduinobot_ws/src/install/arduinobot_controller/share/arduinobot_controller/hook/cmake_prefix_path.sh'
[0.552s] Level 1:colcon.colcon_core.environment:checking '/home/pbk/arduinobot_ws/src/install/arduinobot_controller/bin'
[0.552s] Level 1:colcon.colcon_core.environment:checking '/home/pbk/arduinobot_ws/src/install/arduinobot_controller/lib/pkgconfig/arduinobot_controller.pc'
[0.553s] Level 1:colcon.colcon_core.environment:checking '/home/pbk/arduinobot_ws/src/install/arduinobot_controller/lib/python3.10/site-packages'
[0.553s] Level 1:colcon.colcon_core.environment:checking '/home/pbk/arduinobot_ws/src/install/arduinobot_controller/bin'
[0.553s] INFO:colcon.colcon_core.shell:Creating package script '/home/pbk/arduinobot_ws/src/install/arduinobot_controller/share/arduinobot_controller/package.ps1'
[0.553s] INFO:colcon.colcon_core.shell:Creating package descriptor '/home/pbk/arduinobot_ws/src/install/arduinobot_controller/share/arduinobot_controller/package.dsv'
[0.553s] INFO:colcon.colcon_core.shell:Creating package script '/home/pbk/arduinobot_ws/src/install/arduinobot_controller/share/arduinobot_controller/package.sh'
[0.554s] INFO:colcon.colcon_core.shell:Creating package script '/home/pbk/arduinobot_ws/src/install/arduinobot_controller/share/arduinobot_controller/package.bash'
[0.554s] INFO:colcon.colcon_core.shell:Creating package script '/home/pbk/arduinobot_ws/src/install/arduinobot_controller/share/arduinobot_controller/package.zsh'
[0.554s] Level 1:colcon.colcon_core.environment:create_file_with_runtime_dependencies(/home/pbk/arduinobot_ws/src/install/arduinobot_controller/share/colcon-core/packages/arduinobot_controller)
[0.556s] Level 1:colcon.colcon_core.environment:create_environment_scripts_only(arduinobot_description)
[0.557s] Level 1:colcon.colcon_core.environment:checking '/home/pbk/arduinobot_ws/src/install/arduinobot_description' for CMake module files
[0.557s] Level 1:colcon.colcon_core.environment:checking '/home/pbk/arduinobot_ws/src/install/arduinobot_description' for CMake config files
[0.557s] Level 1:colcon.colcon_core.shell:create_environment_hook('arduinobot_description', 'cmake_prefix_path')
[0.557s] INFO:colcon.colcon_core.shell:Creating environment hook '/home/pbk/arduinobot_ws/src/install/arduinobot_description/share/arduinobot_description/hook/cmake_prefix_path.ps1'
[0.557s] INFO:colcon.colcon_core.shell:Creating environment descriptor '/home/pbk/arduinobot_ws/src/install/arduinobot_description/share/arduinobot_description/hook/cmake_prefix_path.dsv'
[0.558s] INFO:colcon.colcon_core.shell:Creating environment hook '/home/pbk/arduinobot_ws/src/install/arduinobot_description/share/arduinobot_description/hook/cmake_prefix_path.sh'
[0.558s] Level 1:colcon.colcon_core.environment:checking '/home/pbk/arduinobot_ws/src/install/arduinobot_description/bin'
[0.558s] Level 1:colcon.colcon_core.environment:checking '/home/pbk/arduinobot_ws/src/install/arduinobot_description/lib/pkgconfig/arduinobot_description.pc'
[0.558s] Level 1:colcon.colcon_core.environment:checking '/home/pbk/arduinobot_ws/src/install/arduinobot_description/lib/python3.10/site-packages'
[0.558s] Level 1:colcon.colcon_core.environment:checking '/home/pbk/arduinobot_ws/src/install/arduinobot_description/bin'
[0.558s] INFO:colcon.colcon_core.shell:Creating package script '/home/pbk/arduinobot_ws/src/install/arduinobot_description/share/arduinobot_description/package.ps1'
[0.558s] INFO:colcon.colcon_core.shell:Creating package descriptor '/home/pbk/arduinobot_ws/src/install/arduinobot_description/share/arduinobot_description/package.dsv'
[0.559s] INFO:colcon.colcon_core.shell:Creating package script '/home/pbk/arduinobot_ws/src/install/arduinobot_description/share/arduinobot_description/package.sh'
[0.559s] INFO:colcon.colcon_core.shell:Creating package script '/home/pbk/arduinobot_ws/src/install/arduinobot_description/share/arduinobot_description/package.bash'
[0.559s] INFO:colcon.colcon_core.shell:Creating package script '/home/pbk/arduinobot_ws/src/install/arduinobot_description/share/arduinobot_description/package.zsh'
[0.559s] Level 1:colcon.colcon_core.environment:create_file_with_runtime_dependencies(/home/pbk/arduinobot_ws/src/install/arduinobot_description/share/colcon-core/packages/arduinobot_description)
[0.657s] DEBUG:colcon.colcon_core.event_handler.log_command:Invoked command in '/home/pbk/arduinobot_ws/src/build/arduinobot_moveit' returned '0': CMAKE_PREFIX_PATH=/opt/ros/humble /usr/bin/cmake --build /home/pbk/arduinobot_ws/src/build/arduinobot_moveit -- -j20 -l20
[0.669s] DEBUG:colcon.colcon_core.event_handler.log_command:Invoking command in '/home/pbk/arduinobot_ws/src/build/arduinobot_moveit': CMAKE_PREFIX_PATH=/opt/ros/humble /usr/bin/cmake --install /home/pbk/arduinobot_ws/src/build/arduinobot_moveit
[0.678s] Level 1:colcon.colcon_core.environment:create_environment_scripts_only(arduinobot_moveit)
[0.678s] Level 1:colcon.colcon_core.environment:checking '/home/pbk/arduinobot_ws/src/install/arduinobot_moveit' for CMake module files
[0.678s] DEBUG:colcon.colcon_core.event_handler.log_command:Invoked command in '/home/pbk/arduinobot_ws/src/build/arduinobot_moveit' returned '0': CMAKE_PREFIX_PATH=/opt/ros/humble /usr/bin/cmake --install /home/pbk/arduinobot_ws/src/build/arduinobot_moveit
[0.678s] Level 1:colcon.colcon_core.environment:checking '/home/pbk/arduinobot_ws/src/install/arduinobot_moveit' for CMake config files
[0.679s] Level 1:colcon.colcon_core.shell:create_environment_hook('arduinobot_moveit', 'cmake_prefix_path')
[0.679s] INFO:colcon.colcon_core.shell:Creating environment hook '/home/pbk/arduinobot_ws/src/install/arduinobot_moveit/share/arduinobot_moveit/hook/cmake_prefix_path.ps1'
[0.679s] INFO:colcon.colcon_core.shell:Creating environment descriptor '/home/pbk/arduinobot_ws/src/install/arduinobot_moveit/share/arduinobot_moveit/hook/cmake_prefix_path.dsv'
[0.679s] INFO:colcon.colcon_core.shell:Creating environment hook '/home/pbk/arduinobot_ws/src/install/arduinobot_moveit/share/arduinobot_moveit/hook/cmake_prefix_path.sh'
[0.679s] Level 1:colcon.colcon_core.environment:checking '/home/pbk/arduinobot_ws/src/install/arduinobot_moveit/bin'
[0.680s] Level 1:colcon.colcon_core.environment:checking '/home/pbk/arduinobot_ws/src/install/arduinobot_moveit/lib/pkgconfig/arduinobot_moveit.pc'
[0.680s] Level 1:colcon.colcon_core.environment:checking '/home/pbk/arduinobot_ws/src/install/arduinobot_moveit/lib/python3.10/site-packages'
[0.680s] Level 1:colcon.colcon_core.environment:checking '/home/pbk/arduinobot_ws/src/install/arduinobot_moveit/bin'
[0.680s] INFO:colcon.colcon_core.shell:Creating package script '/home/pbk/arduinobot_ws/src/install/arduinobot_moveit/share/arduinobot_moveit/package.ps1'
[0.680s] INFO:colcon.colcon_core.shell:Creating package descriptor '/home/pbk/arduinobot_ws/src/install/arduinobot_moveit/share/arduinobot_moveit/package.dsv'
[0.680s] INFO:colcon.colcon_core.shell:Creating package script '/home/pbk/arduinobot_ws/src/install/arduinobot_moveit/share/arduinobot_moveit/package.sh'
[0.680s] INFO:colcon.colcon_core.shell:Creating package script '/home/pbk/arduinobot_ws/src/install/arduinobot_moveit/share/arduinobot_moveit/package.bash'
[0.681s] INFO:colcon.colcon_core.shell:Creating package script '/home/pbk/arduinobot_ws/src/install/arduinobot_moveit/share/arduinobot_moveit/package.zsh'
[0.681s] Level 1:colcon.colcon_core.environment:create_file_with_runtime_dependencies(/home/pbk/arduinobot_ws/src/install/arduinobot_moveit/share/colcon-core/packages/arduinobot_moveit)
[0.693s] Level 1:colcon.colcon_core.environment:create_environment_scripts_only(arduinobot_moveit)
[0.693s] Level 1:colcon.colcon_core.environment:checking '/home/pbk/arduinobot_ws/src/install/arduinobot_moveit' for CMake module files
[0.693s] Level 1:colcon.colcon_core.environment:checking '/home/pbk/arduinobot_ws/src/install/arduinobot_moveit' for CMake config files
[0.693s] Level 1:colcon.colcon_core.shell:create_environment_hook('arduinobot_moveit', 'cmake_prefix_path')
[0.693s] INFO:colcon.colcon_core.shell:Creating environment hook '/home/pbk/arduinobot_ws/src/install/arduinobot_moveit/share/arduinobot_moveit/hook/cmake_prefix_path.ps1'
[0.694s] INFO:colcon.colcon_core.shell:Creating environment descriptor '/home/pbk/arduinobot_ws/src/install/arduinobot_moveit/share/arduinobot_moveit/hook/cmake_prefix_path.dsv'
[0.694s] INFO:colcon.colcon_core.shell:Creating environment hook '/home/pbk/arduinobot_ws/src/install/arduinobot_moveit/share/arduinobot_moveit/hook/cmake_prefix_path.sh'
[0.694s] Level 1:colcon.colcon_core.environment:checking '/home/pbk/arduinobot_ws/src/install/arduinobot_moveit/bin'
[0.694s] Level 1:colcon.colcon_core.environment:checking '/home/pbk/arduinobot_ws/src/install/arduinobot_moveit/lib/pkgconfig/arduinobot_moveit.pc'
[0.694s] Level 1:colcon.colcon_core.environment:checking '/home/pbk/arduinobot_ws/src/install/arduinobot_moveit/lib/python3.10/site-packages'
[0.694s] Level 1:colcon.colcon_core.environment:checking '/home/pbk/arduinobot_ws/src/install/arduinobot_moveit/bin'
[0.694s] INFO:colcon.colcon_core.shell:Creating package script '/home/pbk/arduinobot_ws/src/install/arduinobot_moveit/share/arduinobot_moveit/package.ps1'
[0.695s] INFO:colcon.colcon_core.shell:Creating package descriptor '/home/pbk/arduinobot_ws/src/install/arduinobot_moveit/share/arduinobot_moveit/package.dsv'
[0.695s] INFO:colcon.colcon_core.shell:Creating package script '/home/pbk/arduinobot_ws/src/install/arduinobot_moveit/share/arduinobot_moveit/package.sh'
[0.695s] INFO:colcon.colcon_core.shell:Creating package script '/home/pbk/arduinobot_ws/src/install/arduinobot_moveit/share/arduinobot_moveit/package.bash'
[0.695s] INFO:colcon.colcon_core.shell:Creating package script '/home/pbk/arduinobot_ws/src/install/arduinobot_moveit/share/arduinobot_moveit/package.zsh'
[0.695s] Level 1:colcon.colcon_core.environment:create_file_with_runtime_dependencies(/home/pbk/arduinobot_ws/src/install/arduinobot_moveit/share/colcon-core/packages/arduinobot_moveit)
[1.598s] DEBUG:colcon.colcon_core.event_handler.log_command:Invoked command in '/home/pbk/arduinobot_ws/src/build/arduinobot_remote' returned '0': CMAKE_PREFIX_PATH=/opt/ros/humble /usr/bin/cmake /home/pbk/arduinobot_ws/src/arduinobot_remote -DCMAKE_INSTALL_PREFIX=/home/pbk/arduinobot_ws/src/install/arduinobot_remote
[1.599s] DEBUG:colcon.colcon_core.event_handler.log_command:Invoking command in '/home/pbk/arduinobot_ws/src/build/arduinobot_remote': CMAKE_PREFIX_PATH=/opt/ros/humble /usr/bin/cmake --build /home/pbk/arduinobot_ws/src/build/arduinobot_remote -- -j20 -l20
[1.617s] DEBUG:colcon.colcon_core.event_handler.log_command:Invoked command in '/home/pbk/arduinobot_ws/src/build/arduinobot_remote' returned '0': CMAKE_PREFIX_PATH=/opt/ros/humble /usr/bin/cmake --build /home/pbk/arduinobot_ws/src/build/arduinobot_remote -- -j20 -l20
[1.629s] DEBUG:colcon.colcon_core.event_handler.log_command:Invoking command in '/home/pbk/arduinobot_ws/src/build/arduinobot_remote': CMAKE_PREFIX_PATH=/opt/ros/humble /usr/bin/cmake --install /home/pbk/arduinobot_ws/src/build/arduinobot_remote
[1.635s] Level 1:colcon.colcon_core.environment:create_environment_scripts_only(arduinobot_remote)
[1.635s] Level 1:colcon.colcon_core.environment:checking '/home/pbk/arduinobot_ws/src/install/arduinobot_remote' for CMake module files
[1.636s] DEBUG:colcon.colcon_core.event_handler.log_command:Invoked command in '/home/pbk/arduinobot_ws/src/build/arduinobot_remote' returned '0': CMAKE_PREFIX_PATH=/opt/ros/humble /usr/bin/cmake --install /home/pbk/arduinobot_ws/src/build/arduinobot_remote
[1.636s] Level 1:colcon.colcon_core.environment:checking '/home/pbk/arduinobot_ws/src/install/arduinobot_remote' for CMake config files
[1.636s] Level 1:colcon.colcon_core.shell:create_environment_hook('arduinobot_remote', 'cmake_prefix_path')
[1.636s] INFO:colcon.colcon_core.shell:Creating environment hook '/home/pbk/arduinobot_ws/src/install/arduinobot_remote/share/arduinobot_remote/hook/cmake_prefix_path.ps1'
[1.636s] INFO:colcon.colcon_core.shell:Creating environment descriptor '/home/pbk/arduinobot_ws/src/install/arduinobot_remote/share/arduinobot_remote/hook/cmake_prefix_path.dsv'
[1.636s] INFO:colcon.colcon_core.shell:Creating environment hook '/home/pbk/arduinobot_ws/src/install/arduinobot_remote/share/arduinobot_remote/hook/cmake_prefix_path.sh'
[1.637s] Level 1:colcon.colcon_core.environment:checking '/home/pbk/arduinobot_ws/src/install/arduinobot_remote/bin'
[1.637s] Level 1:colcon.colcon_core.environment:checking '/home/pbk/arduinobot_ws/src/install/arduinobot_remote/lib/pkgconfig/arduinobot_remote.pc'
[1.637s] Level 1:colcon.colcon_core.environment:checking '/home/pbk/arduinobot_ws/src/install/arduinobot_remote/lib/python3.10/site-packages'
[1.637s] Level 1:colcon.colcon_core.environment:checking '/home/pbk/arduinobot_ws/src/install/arduinobot_remote/bin'
[1.637s] INFO:colcon.colcon_core.shell:Creating package script '/home/pbk/arduinobot_ws/src/install/arduinobot_remote/share/arduinobot_remote/package.ps1'
[1.638s] INFO:colcon.colcon_core.shell:Creating package descriptor '/home/pbk/arduinobot_ws/src/install/arduinobot_remote/share/arduinobot_remote/package.dsv'
[1.638s] INFO:colcon.colcon_core.shell:Creating package script '/home/pbk/arduinobot_ws/src/install/arduinobot_remote/share/arduinobot_remote/package.sh'
[1.638s] INFO:colcon.colcon_core.shell:Creating package script '/home/pbk/arduinobot_ws/src/install/arduinobot_remote/share/arduinobot_remote/package.bash'
[1.638s] INFO:colcon.colcon_core.shell:Creating package script '/home/pbk/arduinobot_ws/src/install/arduinobot_remote/share/arduinobot_remote/package.zsh'
[1.638s] Level 1:colcon.colcon_core.environment:create_file_with_runtime_dependencies(/home/pbk/arduinobot_ws/src/install/arduinobot_remote/share/colcon-core/packages/arduinobot_remote)
[1.650s] Level 1:colcon.colcon_core.environment:create_environment_scripts_only(arduinobot_remote)
[1.650s] Level 1:colcon.colcon_core.environment:checking '/home/pbk/arduinobot_ws/src/install/arduinobot_remote' for CMake module files
[1.650s] Level 1:colcon.colcon_core.environment:checking '/home/pbk/arduinobot_ws/src/install/arduinobot_remote' for CMake config files
[1.650s] Level 1:colcon.colcon_core.shell:create_environment_hook('arduinobot_remote', 'cmake_prefix_path')
[1.650s] INFO:colcon.colcon_core.shell:Creating environment hook '/home/pbk/arduinobot_ws/src/install/arduinobot_remote/share/arduinobot_remote/hook/cmake_prefix_path.ps1'
[1.650s] INFO:colcon.colcon_core.shell:Creating environment descriptor '/home/pbk/arduinobot_ws/src/install/arduinobot_remote/share/arduinobot_remote/hook/cmake_prefix_path.dsv'
[1.651s] INFO:colcon.colcon_core.shell:Creating environment hook '/home/pbk/arduinobot_ws/src/install/arduinobot_remote/share/arduinobot_remote/hook/cmake_prefix_path.sh'
[1.651s] Level 1:colcon.colcon_core.environment:checking '/home/pbk/arduinobot_ws/src/install/arduinobot_remote/bin'
[1.651s] Level 1:colcon.colcon_core.environment:checking '/home/pbk/arduinobot_ws/src/install/arduinobot_remote/lib/pkgconfig/arduinobot_remote.pc'
[1.651s] Level 1:colcon.colcon_core.environment:checking '/home/pbk/arduinobot_ws/src/install/arduinobot_remote/lib/python3.10/site-packages'
[1.651s] Level 1:colcon.colcon_core.environment:checking '/home/pbk/arduinobot_ws/src/install/arduinobot_remote/bin'
[1.651s] INFO:colcon.colcon_core.shell:Creating package script '/home/pbk/arduinobot_ws/src/install/arduinobot_remote/share/arduinobot_remote/package.ps1'
[1.652s] INFO:colcon.colcon_core.shell:Creating package descriptor '/home/pbk/arduinobot_ws/src/install/arduinobot_remote/share/arduinobot_remote/package.dsv'
[1.652s] INFO:colcon.colcon_core.shell:Creating package script '/home/pbk/arduinobot_ws/src/install/arduinobot_remote/share/arduinobot_remote/package.sh'
[1.652s] INFO:colcon.colcon_core.shell:Creating package script '/home/pbk/arduinobot_ws/src/install/arduinobot_remote/share/arduinobot_remote/package.bash'
[1.652s] INFO:colcon.colcon_core.shell:Creating package script '/home/pbk/arduinobot_ws/src/install/arduinobot_remote/share/arduinobot_remote/package.zsh'
[1.653s] Level 1:colcon.colcon_core.environment:create_file_with_runtime_dependencies(/home/pbk/arduinobot_ws/src/install/arduinobot_remote/share/colcon-core/packages/arduinobot_remote)
[4.024s] DEBUG:colcon.colcon_core.event_handler.log_command:Invoked command in '/home/pbk/arduinobot_ws/src/build/arduinobot_msgs' returned '0': CMAKE_PREFIX_PATH=/opt/ros/humble /usr/bin/cmake --build /home/pbk/arduinobot_ws/src/build/arduinobot_msgs -- -j20 -l20
[4.082s] DEBUG:colcon.colcon_core.event_handler.log_command:Invoking command in '/home/pbk/arduinobot_ws/src/build/arduinobot_msgs': CMAKE_PREFIX_PATH=/opt/ros/humble /usr/bin/cmake --install /home/pbk/arduinobot_ws/src/build/arduinobot_msgs
[4.146s] Level 1:colcon.colcon_core.environment:create_environment_scripts_only(arduinobot_msgs)
[4.146s] DEBUG:colcon.colcon_core.event_handler.log_command:Invoked command in '/home/pbk/arduinobot_ws/src/build/arduinobot_msgs' returned '0': CMAKE_PREFIX_PATH=/opt/ros/humble /usr/bin/cmake --install /home/pbk/arduinobot_ws/src/build/arduinobot_msgs
[4.146s] Level 1:colcon.colcon_core.environment:checking '/home/pbk/arduinobot_ws/src/install/arduinobot_msgs' for CMake module files
[4.146s] Level 1:colcon.colcon_core.environment:checking '/home/pbk/arduinobot_ws/src/install/arduinobot_msgs' for CMake config files
[4.147s] Level 1:colcon.colcon_core.shell:create_environment_hook('arduinobot_msgs', 'cmake_prefix_path')
[4.147s] INFO:colcon.colcon_core.shell:Creating environment hook '/home/pbk/arduinobot_ws/src/install/arduinobot_msgs/share/arduinobot_msgs/hook/cmake_prefix_path.ps1'
[4.147s] INFO:colcon.colcon_core.shell:Creating environment descriptor '/home/pbk/arduinobot_ws/src/install/arduinobot_msgs/share/arduinobot_msgs/hook/cmake_prefix_path.dsv'
[4.148s] INFO:colcon.colcon_core.shell:Creating environment hook '/home/pbk/arduinobot_ws/src/install/arduinobot_msgs/share/arduinobot_msgs/hook/cmake_prefix_path.sh'
[4.148s] Level 1:colcon.colcon_core.environment:checking '/home/pbk/arduinobot_ws/src/install/arduinobot_msgs/lib'
[4.148s] Level 1:colcon.colcon_core.shell:create_environment_hook('arduinobot_msgs', 'ld_library_path_lib')
[4.148s] INFO:colcon.colcon_core.shell:Creating environment hook '/home/pbk/arduinobot_ws/src/install/arduinobot_msgs/share/arduinobot_msgs/hook/ld_library_path_lib.ps1'
[4.148s] INFO:colcon.colcon_core.shell:Creating environment descriptor '/home/pbk/arduinobot_ws/src/install/arduinobot_msgs/share/arduinobot_msgs/hook/ld_library_path_lib.dsv'
[4.149s] INFO:colcon.colcon_core.shell:Creating environment hook '/home/pbk/arduinobot_ws/src/install/arduinobot_msgs/share/arduinobot_msgs/hook/ld_library_path_lib.sh'
[4.149s] Level 1:colcon.colcon_core.environment:checking '/home/pbk/arduinobot_ws/src/install/arduinobot_msgs/bin'
[4.149s] Level 1:colcon.colcon_core.environment:checking '/home/pbk/arduinobot_ws/src/install/arduinobot_msgs/lib/pkgconfig/arduinobot_msgs.pc'
[4.149s] Level 1:colcon.colcon_core.environment:checking '/home/pbk/arduinobot_ws/src/install/arduinobot_msgs/lib/python3.10/site-packages'
[4.149s] Level 1:colcon.colcon_core.environment:checking '/home/pbk/arduinobot_ws/src/install/arduinobot_msgs/bin'
[4.149s] INFO:colcon.colcon_core.shell:Creating package script '/home/pbk/arduinobot_ws/src/install/arduinobot_msgs/share/arduinobot_msgs/package.ps1'
[4.149s] INFO:colcon.colcon_core.shell:Creating package descriptor '/home/pbk/arduinobot_ws/src/install/arduinobot_msgs/share/arduinobot_msgs/package.dsv'
[4.150s] INFO:colcon.colcon_core.shell:Creating package script '/home/pbk/arduinobot_ws/src/install/arduinobot_msgs/share/arduinobot_msgs/package.sh'
[4.150s] INFO:colcon.colcon_core.shell:Creating package script '/home/pbk/arduinobot_ws/src/install/arduinobot_msgs/share/arduinobot_msgs/package.bash'
[4.150s] INFO:colcon.colcon_core.shell:Creating package script '/home/pbk/arduinobot_ws/src/install/arduinobot_msgs/share/arduinobot_msgs/package.zsh'
[4.150s] Level 1:colcon.colcon_core.environment:create_file_with_runtime_dependencies(/home/pbk/arduinobot_ws/src/install/arduinobot_msgs/share/colcon-core/packages/arduinobot_msgs)
[4.208s] Level 1:colcon.colcon_core.environment:create_environment_scripts_only(arduinobot_msgs)
[4.208s] Level 1:colcon.colcon_core.environment:checking '/home/pbk/arduinobot_ws/src/install/arduinobot_msgs' for CMake module files
[4.209s] Level 1:colcon.colcon_core.environment:checking '/home/pbk/arduinobot_ws/src/install/arduinobot_msgs' for CMake config files
[4.209s] Level 1:colcon.colcon_core.shell:create_environment_hook('arduinobot_msgs', 'cmake_prefix_path')
[4.209s] INFO:colcon.colcon_core.shell:Creating environment hook '/home/pbk/arduinobot_ws/src/install/arduinobot_msgs/share/arduinobot_msgs/hook/cmake_prefix_path.ps1'
[4.209s] INFO:colcon.colcon_core.shell:Creating environment descriptor '/home/pbk/arduinobot_ws/src/install/arduinobot_msgs/share/arduinobot_msgs/hook/cmake_prefix_path.dsv'
[4.209s] INFO:colcon.colcon_core.shell:Creating environment hook '/home/pbk/arduinobot_ws/src/install/arduinobot_msgs/share/arduinobot_msgs/hook/cmake_prefix_path.sh'
[4.210s] Level 1:colcon.colcon_core.environment:checking '/home/pbk/arduinobot_ws/src/install/arduinobot_msgs/lib'
[4.210s] Level 1:colcon.colcon_core.shell:create_environment_hook('arduinobot_msgs', 'ld_library_path_lib')
[4.210s] INFO:colcon.colcon_core.shell:Creating environment hook '/home/pbk/arduinobot_ws/src/install/arduinobot_msgs/share/arduinobot_msgs/hook/ld_library_path_lib.ps1'
[4.210s] INFO:colcon.colcon_core.shell:Creating environment descriptor '/home/pbk/arduinobot_ws/src/install/arduinobot_msgs/share/arduinobot_msgs/hook/ld_library_path_lib.dsv'
[4.210s] INFO:colcon.colcon_core.shell:Creating environment hook '/home/pbk/arduinobot_ws/src/install/arduinobot_msgs/share/arduinobot_msgs/hook/ld_library_path_lib.sh'
[4.210s] Level 1:colcon.colcon_core.environment:checking '/home/pbk/arduinobot_ws/src/install/arduinobot_msgs/bin'
[4.210s] Level 1:colcon.colcon_core.environment:checking '/home/pbk/arduinobot_ws/src/install/arduinobot_msgs/lib/pkgconfig/arduinobot_msgs.pc'
[4.211s] Level 1:colcon.colcon_core.environment:checking '/home/pbk/arduinobot_ws/src/install/arduinobot_msgs/lib/python3.10/site-packages'
[4.211s] Level 1:colcon.colcon_core.environment:checking '/home/pbk/arduinobot_ws/src/install/arduinobot_msgs/bin'
[4.211s] INFO:colcon.colcon_core.shell:Creating package script '/home/pbk/arduinobot_ws/src/install/arduinobot_msgs/share/arduinobot_msgs/package.ps1'
[4.211s] INFO:colcon.colcon_core.shell:Creating package descriptor '/home/pbk/arduinobot_ws/src/install/arduinobot_msgs/share/arduinobot_msgs/package.dsv'
[4.211s] INFO:colcon.colcon_core.shell:Creating package script '/home/pbk/arduinobot_ws/src/install/arduinobot_msgs/share/arduinobot_msgs/package.sh'
[4.211s] INFO:colcon.colcon_core.shell:Creating package script '/home/pbk/arduinobot_ws/src/install/arduinobot_msgs/share/arduinobot_msgs/package.bash'
[4.212s] INFO:colcon.colcon_core.shell:Creating package script '/home/pbk/arduinobot_ws/src/install/arduinobot_msgs/share/arduinobot_msgs/package.zsh'
[4.212s] Level 1:colcon.colcon_core.environment:create_file_with_runtime_dependencies(/home/pbk/arduinobot_ws/src/install/arduinobot_msgs/share/colcon-core/packages/arduinobot_msgs)
[4.212s] INFO:colcon.colcon_ros.task.ament_cmake.build:Building ROS package in '/home/pbk/arduinobot_ws/src/arduinobot_cpp_examples' with build type 'ament_cmake'
[4.212s] INFO:colcon.colcon_cmake.task.cmake.build:Building CMake package in '/home/pbk/arduinobot_ws/src/arduinobot_cpp_examples'
[4.212s] INFO:colcon.colcon_core.shell:Skip shell extension 'powershell' for command environment: Not usable outside of PowerShell
[4.212s] DEBUG:colcon.colcon_core.shell:Skip shell extension 'dsv' for command environment
[4.215s] INFO:colcon.colcon_ros.task.ament_python.build:Building ROS package in '/home/pbk/arduinobot_ws/src/arduinobot_py_examples' with build type 'ament_python'
[4.215s] Level 1:colcon.colcon_core.shell:create_environment_hook('arduinobot_py_examples', 'ament_prefix_path')
[4.215s] INFO:colcon.colcon_core.shell:Creating environment hook '/home/pbk/arduinobot_ws/src/install/arduinobot_py_examples/share/arduinobot_py_examples/hook/ament_prefix_path.ps1'
[4.216s] INFO:colcon.colcon_core.shell:Creating environment descriptor '/home/pbk/arduinobot_ws/src/install/arduinobot_py_examples/share/arduinobot_py_examples/hook/ament_prefix_path.dsv'
[4.217s] INFO:colcon.colcon_core.shell:Creating environment hook '/home/pbk/arduinobot_ws/src/install/arduinobot_py_examples/share/arduinobot_py_examples/hook/ament_prefix_path.sh'
[4.217s] INFO:colcon.colcon_core.shell:Skip shell extension 'powershell' for command environment: Not usable outside of PowerShell
[4.217s] DEBUG:colcon.colcon_core.shell:Skip shell extension 'dsv' for command environment
[4.220s] INFO:colcon.colcon_ros.task.ament_cmake.build:Building ROS package in '/home/pbk/arduinobot_ws/src/arduinobot_utils' with build type 'ament_cmake'
[4.220s] INFO:colcon.colcon_cmake.task.cmake.build:Building CMake package in '/home/pbk/arduinobot_ws/src/arduinobot_utils'
[4.220s] INFO:colcon.colcon_core.shell:Skip shell extension 'powershell' for command environment: Not usable outside of PowerShell
[4.220s] DEBUG:colcon.colcon_core.shell:Skip shell extension 'dsv' for command environment
[4.399s] INFO:colcon.colcon_core.task.python.build:Building Python package in '/home/pbk/arduinobot_ws/src/arduinobot_py_examples'
[4.400s] INFO:colcon.colcon_core.shell:Skip shell extension 'powershell' for command environment: Not usable outside of PowerShell
[4.400s] DEBUG:colcon.colcon_core.shell:Skip shell extension 'dsv' for command environment
[4.406s] DEBUG:colcon.colcon_core.event_handler.log_command:Invoking command in '/home/pbk/arduinobot_ws/src/build/arduinobot_cpp_examples': AMENT_PREFIX_PATH=/home/pbk/arduinobot_ws/src/install/arduinobot_msgs:${AMENT_PREFIX_PATH} CMAKE_PREFIX_PATH=/home/pbk/arduinobot_ws/src/install/arduinobot_msgs:/opt/ros/humble LD_LIBRARY_PATH=/home/pbk/arduinobot_ws/src/install/arduinobot_msgs/lib:${LD_LIBRARY_PATH} PYTHONPATH=/home/pbk/arduinobot_ws/src/install/arduinobot_msgs/local/lib/python3.10/dist-packages:${PYTHONPATH} /usr/bin/cmake --build /home/pbk/arduinobot_ws/src/build/arduinobot_cpp_examples -- -j20 -l20
[4.409s] DEBUG:colcon.colcon_core.event_handler.log_command:Invoking command in '/home/pbk/arduinobot_ws/src/build/arduinobot_utils': AMENT_PREFIX_PATH=/home/pbk/arduinobot_ws/src/install/arduinobot_msgs:${AMENT_PREFIX_PATH} CMAKE_PREFIX_PATH=/home/pbk/arduinobot_ws/src/install/arduinobot_msgs:/opt/ros/humble LD_LIBRARY_PATH=/home/pbk/arduinobot_ws/src/install/arduinobot_msgs/lib:${LD_LIBRARY_PATH} PYTHONPATH=/home/pbk/arduinobot_ws/src/install/arduinobot_msgs/local/lib/python3.10/dist-packages:${PYTHONPATH} /usr/bin/cmake --build /home/pbk/arduinobot_ws/src/build/arduinobot_utils -- -j20 -l20
[4.777s] DEBUG:colcon.colcon_core.event_handler.log_command:Invoking command in '/home/pbk/arduinobot_ws/src/arduinobot_py_examples': AMENT_PREFIX_PATH=/home/pbk/arduinobot_ws/src/install/arduinobot_msgs:${AMENT_PREFIX_PATH} CMAKE_PREFIX_PATH=/home/pbk/arduinobot_ws/src/install/arduinobot_msgs LD_LIBRARY_PATH=/home/pbk/arduinobot_ws/src/install/arduinobot_msgs/lib:${LD_LIBRARY_PATH} PYTHONPATH=/home/pbk/arduinobot_ws/src/build/arduinobot_py_examples/prefix_override:/home/pbk/arduinobot_ws/src/install/arduinobot_py_examples/lib/python3.10/site-packages:/home/pbk/arduinobot_ws/src/install/arduinobot_msgs/local/lib/python3.10/dist-packages:${PYTHONPATH} /usr/bin/python3 -W ignore:setup.py install is deprecated setup.py egg_info --egg-base ../build/arduinobot_py_examples build --build-base /home/pbk/arduinobot_ws/src/build/arduinobot_py_examples/build install --record /home/pbk/arduinobot_ws/src/build/arduinobot_py_examples/install.log --single-version-externally-managed install_data
[4.941s] Level 1:colcon.colcon_core.environment:checking '/home/pbk/arduinobot_ws/src/install/arduinobot_py_examples' for CMake module files
[4.941s] DEBUG:colcon.colcon_core.event_handler.log_command:Invoked command in '/home/pbk/arduinobot_ws/src/arduinobot_py_examples' returned '0': AMENT_PREFIX_PATH=/home/pbk/arduinobot_ws/src/install/arduinobot_msgs:${AMENT_PREFIX_PATH} CMAKE_PREFIX_PATH=/home/pbk/arduinobot_ws/src/install/arduinobot_msgs LD_LIBRARY_PATH=/home/pbk/arduinobot_ws/src/install/arduinobot_msgs/lib:${LD_LIBRARY_PATH} PYTHONPATH=/home/pbk/arduinobot_ws/src/build/arduinobot_py_examples/prefix_override:/home/pbk/arduinobot_ws/src/install/arduinobot_py_examples/lib/python3.10/site-packages:/home/pbk/arduinobot_ws/src/install/arduinobot_msgs/local/lib/python3.10/dist-packages:${PYTHONPATH} /usr/bin/python3 -W ignore:setup.py install is deprecated setup.py egg_info --egg-base ../build/arduinobot_py_examples build --build-base /home/pbk/arduinobot_ws/src/build/arduinobot_py_examples/build install --record /home/pbk/arduinobot_ws/src/build/arduinobot_py_examples/install.log --single-version-externally-managed install_data
[4.942s] Level 1:colcon.colcon_core.environment:checking '/home/pbk/arduinobot_ws/src/install/arduinobot_py_examples' for CMake config files
[4.942s] Level 1:colcon.colcon_core.environment:checking '/home/pbk/arduinobot_ws/src/install/arduinobot_py_examples/lib'
[4.942s] Level 1:colcon.colcon_core.environment:checking '/home/pbk/arduinobot_ws/src/install/arduinobot_py_examples/bin'
[4.942s] Level 1:colcon.colcon_core.environment:checking '/home/pbk/arduinobot_ws/src/install/arduinobot_py_examples/lib/pkgconfig/arduinobot_py_examples.pc'
[4.942s] Level 1:colcon.colcon_core.environment:checking '/home/pbk/arduinobot_ws/src/install/arduinobot_py_examples/lib/python3.10/site-packages'
[4.943s] Level 1:colcon.colcon_core.shell:create_environment_hook('arduinobot_py_examples', 'pythonpath')
[4.943s] INFO:colcon.colcon_core.shell:Creating environment hook '/home/pbk/arduinobot_ws/src/install/arduinobot_py_examples/share/arduinobot_py_examples/hook/pythonpath.ps1'
[4.943s] INFO:colcon.colcon_core.shell:Creating environment descriptor '/home/pbk/arduinobot_ws/src/install/arduinobot_py_examples/share/arduinobot_py_examples/hook/pythonpath.dsv'
[4.943s] INFO:colcon.colcon_core.shell:Creating environment hook '/home/pbk/arduinobot_ws/src/install/arduinobot_py_examples/share/arduinobot_py_examples/hook/pythonpath.sh'
[4.943s] Level 1:colcon.colcon_core.environment:checking '/home/pbk/arduinobot_ws/src/install/arduinobot_py_examples/bin'
[4.944s] Level 1:colcon.colcon_core.environment:create_environment_scripts_only(arduinobot_py_examples)
[4.944s] INFO:colcon.colcon_core.shell:Creating package script '/home/pbk/arduinobot_ws/src/install/arduinobot_py_examples/share/arduinobot_py_examples/package.ps1'
[4.944s] INFO:colcon.colcon_core.shell:Creating package descriptor '/home/pbk/arduinobot_ws/src/install/arduinobot_py_examples/share/arduinobot_py_examples/package.dsv'
[4.944s] INFO:colcon.colcon_core.shell:Creating package script '/home/pbk/arduinobot_ws/src/install/arduinobot_py_examples/share/arduinobot_py_examples/package.sh'
[4.944s] INFO:colcon.colcon_core.shell:Creating package script '/home/pbk/arduinobot_ws/src/install/arduinobot_py_examples/share/arduinobot_py_examples/package.bash'
[4.944s] INFO:colcon.colcon_core.shell:Creating package script '/home/pbk/arduinobot_ws/src/install/arduinobot_py_examples/share/arduinobot_py_examples/package.zsh'
[4.945s] Level 1:colcon.colcon_core.environment:create_file_with_runtime_dependencies(/home/pbk/arduinobot_ws/src/install/arduinobot_py_examples/share/colcon-core/packages/arduinobot_py_examples)
[7.821s] DEBUG:colcon.colcon_core.event_handler.log_command:Invoked command in '/home/pbk/arduinobot_ws/src/build/arduinobot_utils' returned '0': AMENT_PREFIX_PATH=/home/pbk/arduinobot_ws/src/install/arduinobot_msgs:${AMENT_PREFIX_PATH} CMAKE_PREFIX_PATH=/home/pbk/arduinobot_ws/src/install/arduinobot_msgs:/opt/ros/humble LD_LIBRARY_PATH=/home/pbk/arduinobot_ws/src/install/arduinobot_msgs/lib:${LD_LIBRARY_PATH} PYTHONPATH=/home/pbk/arduinobot_ws/src/install/arduinobot_msgs/local/lib/python3.10/dist-packages:${PYTHONPATH} /usr/bin/cmake --build /home/pbk/arduinobot_ws/src/build/arduinobot_utils -- -j20 -l20
[7.835s] DEBUG:colcon.colcon_core.event_handler.log_command:Invoking command in '/home/pbk/arduinobot_ws/src/build/arduinobot_utils': AMENT_PREFIX_PATH=/home/pbk/arduinobot_ws/src/install/arduinobot_msgs:${AMENT_PREFIX_PATH} CMAKE_PREFIX_PATH=/home/pbk/arduinobot_ws/src/install/arduinobot_msgs:/opt/ros/humble LD_LIBRARY_PATH=/home/pbk/arduinobot_ws/src/install/arduinobot_msgs/lib:${LD_LIBRARY_PATH} PYTHONPATH=/home/pbk/arduinobot_ws/src/install/arduinobot_msgs/local/lib/python3.10/dist-packages:${PYTHONPATH} /usr/bin/cmake --install /home/pbk/arduinobot_ws/src/build/arduinobot_utils
[7.867s] Level 1:colcon.colcon_core.environment:create_environment_scripts_only(arduinobot_utils)
[7.867s] DEBUG:colcon.colcon_core.event_handler.log_command:Invoked command in '/home/pbk/arduinobot_ws/src/build/arduinobot_utils' returned '0': AMENT_PREFIX_PATH=/home/pbk/arduinobot_ws/src/install/arduinobot_msgs:${AMENT_PREFIX_PATH} CMAKE_PREFIX_PATH=/home/pbk/arduinobot_ws/src/install/arduinobot_msgs:/opt/ros/humble LD_LIBRARY_PATH=/home/pbk/arduinobot_ws/src/install/arduinobot_msgs/lib:${LD_LIBRARY_PATH} PYTHONPATH=/home/pbk/arduinobot_ws/src/install/arduinobot_msgs/local/lib/python3.10/dist-packages:${PYTHONPATH} /usr/bin/cmake --install /home/pbk/arduinobot_ws/src/build/arduinobot_utils
[7.867s] Level 1:colcon.colcon_core.environment:checking '/home/pbk/arduinobot_ws/src/install/arduinobot_utils' for CMake module files
[7.867s] Level 1:colcon.colcon_core.environment:checking '/home/pbk/arduinobot_ws/src/install/arduinobot_utils' for CMake config files
[7.868s] Level 1:colcon.colcon_core.shell:create_environment_hook('arduinobot_utils', 'cmake_prefix_path')
[7.868s] INFO:colcon.colcon_core.shell:Creating environment hook '/home/pbk/arduinobot_ws/src/install/arduinobot_utils/share/arduinobot_utils/hook/cmake_prefix_path.ps1'
[7.868s] INFO:colcon.colcon_core.shell:Creating environment descriptor '/home/pbk/arduinobot_ws/src/install/arduinobot_utils/share/arduinobot_utils/hook/cmake_prefix_path.dsv'
[7.868s] INFO:colcon.colcon_core.shell:Creating environment hook '/home/pbk/arduinobot_ws/src/install/arduinobot_utils/share/arduinobot_utils/hook/cmake_prefix_path.sh'
[7.869s] Level 1:colcon.colcon_core.environment:checking '/home/pbk/arduinobot_ws/src/install/arduinobot_utils/lib'
[7.869s] Level 1:colcon.colcon_core.environment:checking '/home/pbk/arduinobot_ws/src/install/arduinobot_utils/bin'
[7.869s] Level 1:colcon.colcon_core.environment:checking '/home/pbk/arduinobot_ws/src/install/arduinobot_utils/lib/pkgconfig/arduinobot_utils.pc'
[7.869s] Level 1:colcon.colcon_core.environment:checking '/home/pbk/arduinobot_ws/src/install/arduinobot_utils/lib/python3.10/site-packages'
[7.869s] Level 1:colcon.colcon_core.environment:checking '/home/pbk/arduinobot_ws/src/install/arduinobot_utils/bin'
[7.869s] INFO:colcon.colcon_core.shell:Creating package script '/home/pbk/arduinobot_ws/src/install/arduinobot_utils/share/arduinobot_utils/package.ps1'
[7.870s] INFO:colcon.colcon_core.shell:Creating package descriptor '/home/pbk/arduinobot_ws/src/install/arduinobot_utils/share/arduinobot_utils/package.dsv'
[7.870s] INFO:colcon.colcon_core.shell:Creating package script '/home/pbk/arduinobot_ws/src/install/arduinobot_utils/share/arduinobot_utils/package.sh'
[7.870s] INFO:colcon.colcon_core.shell:Creating package script '/home/pbk/arduinobot_ws/src/install/arduinobot_utils/share/arduinobot_utils/package.bash'
[7.870s] INFO:colcon.colcon_core.shell:Creating package script '/home/pbk/arduinobot_ws/src/install/arduinobot_utils/share/arduinobot_utils/package.zsh'
[7.870s] Level 1:colcon.colcon_core.environment:create_file_with_runtime_dependencies(/home/pbk/arduinobot_ws/src/install/arduinobot_utils/share/colcon-core/packages/arduinobot_utils)
[7.885s] Level 1:colcon.colcon_core.environment:create_environment_scripts_only(arduinobot_utils)
[7.885s] Level 1:colcon.colcon_core.environment:checking '/home/pbk/arduinobot_ws/src/install/arduinobot_utils' for CMake module files
[7.885s] Level 1:colcon.colcon_core.environment:checking '/home/pbk/arduinobot_ws/src/install/arduinobot_utils' for CMake config files
[7.886s] Level 1:colcon.colcon_core.shell:create_environment_hook('arduinobot_utils', 'cmake_prefix_path')
[7.886s] INFO:colcon.colcon_core.shell:Creating environment hook '/home/pbk/arduinobot_ws/src/install/arduinobot_utils/share/arduinobot_utils/hook/cmake_prefix_path.ps1'
[7.886s] INFO:colcon.colcon_core.shell:Creating environment descriptor '/home/pbk/arduinobot_ws/src/install/arduinobot_utils/share/arduinobot_utils/hook/cmake_prefix_path.dsv'
[7.886s] INFO:colcon.colcon_core.shell:Creating environment hook '/home/pbk/arduinobot_ws/src/install/arduinobot_utils/share/arduinobot_utils/hook/cmake_prefix_path.sh'
[7.887s] Level 1:colcon.colcon_core.environment:checking '/home/pbk/arduinobot_ws/src/install/arduinobot_utils/lib'
[7.887s] Level 1:colcon.colcon_core.environment:checking '/home/pbk/arduinobot_ws/src/install/arduinobot_utils/bin'
[7.887s] Level 1:colcon.colcon_core.environment:checking '/home/pbk/arduinobot_ws/src/install/arduinobot_utils/lib/pkgconfig/arduinobot_utils.pc'
[7.887s] Level 1:colcon.colcon_core.environment:checking '/home/pbk/arduinobot_ws/src/install/arduinobot_utils/lib/python3.10/site-packages'
[7.887s] Level 1:colcon.colcon_core.environment:checking '/home/pbk/arduinobot_ws/src/install/arduinobot_utils/bin'
[7.887s] INFO:colcon.colcon_core.shell:Creating package script '/home/pbk/arduinobot_ws/src/install/arduinobot_utils/share/arduinobot_utils/package.ps1'
[7.887s] INFO:colcon.colcon_core.shell:Creating package descriptor '/home/pbk/arduinobot_ws/src/install/arduinobot_utils/share/arduinobot_utils/package.dsv'
[7.887s] INFO:colcon.colcon_core.shell:Creating package script '/home/pbk/arduinobot_ws/src/install/arduinobot_utils/share/arduinobot_utils/package.sh'
[7.888s] INFO:colcon.colcon_core.shell:Creating package script '/home/pbk/arduinobot_ws/src/install/arduinobot_utils/share/arduinobot_utils/package.bash'
[7.888s] INFO:colcon.colcon_core.shell:Creating package script '/home/pbk/arduinobot_ws/src/install/arduinobot_utils/share/arduinobot_utils/package.zsh'
[7.888s] Level 1:colcon.colcon_core.environment:create_file_with_runtime_dependencies(/home/pbk/arduinobot_ws/src/install/arduinobot_utils/share/colcon-core/packages/arduinobot_utils)
[15.930s] DEBUG:colcon.colcon_core.event_handler.log_command:Invoked command in '/home/pbk/arduinobot_ws/src/build/arduinobot_cpp_examples' returned '0': AMENT_PREFIX_PATH=/home/pbk/arduinobot_ws/src/install/arduinobot_msgs:${AMENT_PREFIX_PATH} CMAKE_PREFIX_PATH=/home/pbk/arduinobot_ws/src/install/arduinobot_msgs:/opt/ros/humble LD_LIBRARY_PATH=/home/pbk/arduinobot_ws/src/install/arduinobot_msgs/lib:${LD_LIBRARY_PATH} PYTHONPATH=/home/pbk/arduinobot_ws/src/install/arduinobot_msgs/local/lib/python3.10/dist-packages:${PYTHONPATH} /usr/bin/cmake --build /home/pbk/arduinobot_ws/src/build/arduinobot_cpp_examples -- -j20 -l20
[15.957s] DEBUG:colcon.colcon_core.event_handler.log_command:Invoking command in '/home/pbk/arduinobot_ws/src/build/arduinobot_cpp_examples': AMENT_PREFIX_PATH=/home/pbk/arduinobot_ws/src/install/arduinobot_msgs:${AMENT_PREFIX_PATH} CMAKE_PREFIX_PATH=/home/pbk/arduinobot_ws/src/install/arduinobot_msgs:/opt/ros/humble LD_LIBRARY_PATH=/home/pbk/arduinobot_ws/src/install/arduinobot_msgs/lib:${LD_LIBRARY_PATH} PYTHONPATH=/home/pbk/arduinobot_ws/src/install/arduinobot_msgs/local/lib/python3.10/dist-packages:${PYTHONPATH} /usr/bin/cmake --install /home/pbk/arduinobot_ws/src/build/arduinobot_cpp_examples
[15.972s] Level 1:colcon.colcon_core.environment:create_environment_scripts_only(arduinobot_cpp_examples)
[15.972s] DEBUG:colcon.colcon_core.event_handler.log_command:Invoked command in '/home/pbk/arduinobot_ws/src/build/arduinobot_cpp_examples' returned '0': AMENT_PREFIX_PATH=/home/pbk/arduinobot_ws/src/install/arduinobot_msgs:${AMENT_PREFIX_PATH} CMAKE_PREFIX_PATH=/home/pbk/arduinobot_ws/src/install/arduinobot_msgs:/opt/ros/humble LD_LIBRARY_PATH=/home/pbk/arduinobot_ws/src/install/arduinobot_msgs/lib:${LD_LIBRARY_PATH} PYTHONPATH=/home/pbk/arduinobot_ws/src/install/arduinobot_msgs/local/lib/python3.10/dist-packages:${PYTHONPATH} /usr/bin/cmake --install /home/pbk/arduinobot_ws/src/build/arduinobot_cpp_examples
[15.972s] Level 1:colcon.colcon_core.environment:checking '/home/pbk/arduinobot_ws/src/install/arduinobot_cpp_examples' for CMake module files
[15.973s] Level 1:colcon.colcon_core.environment:checking '/home/pbk/arduinobot_ws/src/install/arduinobot_cpp_examples' for CMake config files
[15.973s] Level 1:colcon.colcon_core.shell:create_environment_hook('arduinobot_cpp_examples', 'cmake_prefix_path')
[15.973s] INFO:colcon.colcon_core.shell:Creating environment hook '/home/pbk/arduinobot_ws/src/install/arduinobot_cpp_examples/share/arduinobot_cpp_examples/hook/cmake_prefix_path.ps1'
[15.974s] INFO:colcon.colcon_core.shell:Creating environment descriptor '/home/pbk/arduinobot_ws/src/install/arduinobot_cpp_examples/share/arduinobot_cpp_examples/hook/cmake_prefix_path.dsv'
[15.974s] INFO:colcon.colcon_core.shell:Creating environment hook '/home/pbk/arduinobot_ws/src/install/arduinobot_cpp_examples/share/arduinobot_cpp_examples/hook/cmake_prefix_path.sh'
[15.974s] Level 1:colcon.colcon_core.environment:checking '/home/pbk/arduinobot_ws/src/install/arduinobot_cpp_examples/lib'
[15.974s] Level 1:colcon.colcon_core.shell:create_environment_hook('arduinobot_cpp_examples', 'ld_library_path_lib')
[15.974s] INFO:colcon.colcon_core.shell:Creating environment hook '/home/pbk/arduinobot_ws/src/install/arduinobot_cpp_examples/share/arduinobot_cpp_examples/hook/ld_library_path_lib.ps1'
[15.974s] INFO:colcon.colcon_core.shell:Creating environment descriptor '/home/pbk/arduinobot_ws/src/install/arduinobot_cpp_examples/share/arduinobot_cpp_examples/hook/ld_library_path_lib.dsv'
[15.974s] INFO:colcon.colcon_core.shell:Creating environment hook '/home/pbk/arduinobot_ws/src/install/arduinobot_cpp_examples/share/arduinobot_cpp_examples/hook/ld_library_path_lib.sh'
[15.975s] Level 1:colcon.colcon_core.environment:checking '/home/pbk/arduinobot_ws/src/install/arduinobot_cpp_examples/bin'
[15.975s] Level 1:colcon.colcon_core.environment:checking '/home/pbk/arduinobot_ws/src/install/arduinobot_cpp_examples/lib/pkgconfig/arduinobot_cpp_examples.pc'
[15.975s] Level 1:colcon.colcon_core.environment:checking '/home/pbk/arduinobot_ws/src/install/arduinobot_cpp_examples/lib/python3.10/site-packages'
[15.975s] Level 1:colcon.colcon_core.environment:checking '/home/pbk/arduinobot_ws/src/install/arduinobot_cpp_examples/bin'
[15.975s] INFO:colcon.colcon_core.shell:Creating package script '/home/pbk/arduinobot_ws/src/install/arduinobot_cpp_examples/share/arduinobot_cpp_examples/package.ps1'
[15.975s] INFO:colcon.colcon_core.shell:Creating package descriptor '/home/pbk/arduinobot_ws/src/install/arduinobot_cpp_examples/share/arduinobot_cpp_examples/package.dsv'
[15.975s] INFO:colcon.colcon_core.shell:Creating package script '/home/pbk/arduinobot_ws/src/install/arduinobot_cpp_examples/share/arduinobot_cpp_examples/package.sh'
[15.976s] INFO:colcon.colcon_core.shell:Creating package script '/home/pbk/arduinobot_ws/src/install/arduinobot_cpp_examples/share/arduinobot_cpp_examples/package.bash'
[15.976s] INFO:colcon.colcon_core.shell:Creating package script '/home/pbk/arduinobot_ws/src/install/arduinobot_cpp_examples/share/arduinobot_cpp_examples/package.zsh'
[15.976s] Level 1:colcon.colcon_core.environment:create_file_with_runtime_dependencies(/home/pbk/arduinobot_ws/src/install/arduinobot_cpp_examples/share/colcon-core/packages/arduinobot_cpp_examples)
[16.002s] Level 1:colcon.colcon_core.environment:create_environment_scripts_only(arduinobot_cpp_examples)
[16.002s] Level 1:colcon.colcon_core.environment:checking '/home/pbk/arduinobot_ws/src/install/arduinobot_cpp_examples' for CMake module files
[16.002s] Level 1:colcon.colcon_core.environment:checking '/home/pbk/arduinobot_ws/src/install/arduinobot_cpp_examples' for CMake config files
[16.002s] Level 1:colcon.colcon_core.shell:create_environment_hook('arduinobot_cpp_examples', 'cmake_prefix_path')
[16.003s] INFO:colcon.colcon_core.shell:Creating environment hook '/home/pbk/arduinobot_ws/src/install/arduinobot_cpp_examples/share/arduinobot_cpp_examples/hook/cmake_prefix_path.ps1'
[16.003s] INFO:colcon.colcon_core.shell:Creating environment descriptor '/home/pbk/arduinobot_ws/src/install/arduinobot_cpp_examples/share/arduinobot_cpp_examples/hook/cmake_prefix_path.dsv'
[16.003s] INFO:colcon.colcon_core.shell:Creating environment hook '/home/pbk/arduinobot_ws/src/install/arduinobot_cpp_examples/share/arduinobot_cpp_examples/hook/cmake_prefix_path.sh'
[16.003s] Level 1:colcon.colcon_core.environment:checking '/home/pbk/arduinobot_ws/src/install/arduinobot_cpp_examples/lib'
[16.003s] Level 1:colcon.colcon_core.shell:create_environment_hook('arduinobot_cpp_examples', 'ld_library_path_lib')
[16.003s] INFO:colcon.colcon_core.shell:Creating environment hook '/home/pbk/arduinobot_ws/src/install/arduinobot_cpp_examples/share/arduinobot_cpp_examples/hook/ld_library_path_lib.ps1'
[16.004s] INFO:colcon.colcon_core.shell:Creating environment descriptor '/home/pbk/arduinobot_ws/src/install/arduinobot_cpp_examples/share/arduinobot_cpp_examples/hook/ld_library_path_lib.dsv'
[16.004s] INFO:colcon.colcon_core.shell:Creating environment hook '/home/pbk/arduinobot_ws/src/install/arduinobot_cpp_examples/share/arduinobot_cpp_examples/hook/ld_library_path_lib.sh'
[16.004s] Level 1:colcon.colcon_core.environment:checking '/home/pbk/arduinobot_ws/src/install/arduinobot_cpp_examples/bin'
[16.004s] Level 1:colcon.colcon_core.environment:checking '/home/pbk/arduinobot_ws/src/install/arduinobot_cpp_examples/lib/pkgconfig/arduinobot_cpp_examples.pc'
[16.004s] Level 1:colcon.colcon_core.environment:checking '/home/pbk/arduinobot_ws/src/install/arduinobot_cpp_examples/lib/python3.10/site-packages'
[16.004s] Level 1:colcon.colcon_core.environment:checking '/home/pbk/arduinobot_ws/src/install/arduinobot_cpp_examples/bin'
[16.004s] INFO:colcon.colcon_core.shell:Creating package script '/home/pbk/arduinobot_ws/src/install/arduinobot_cpp_examples/share/arduinobot_cpp_examples/package.ps1'
[16.005s] INFO:colcon.colcon_core.shell:Creating package descriptor '/home/pbk/arduinobot_ws/src/install/arduinobot_cpp_examples/share/arduinobot_cpp_examples/package.dsv'
[16.005s] INFO:colcon.colcon_core.shell:Creating package script '/home/pbk/arduinobot_ws/src/install/arduinobot_cpp_examples/share/arduinobot_cpp_examples/package.sh'
[16.005s] INFO:colcon.colcon_core.shell:Creating package script '/home/pbk/arduinobot_ws/src/install/arduinobot_cpp_examples/share/arduinobot_cpp_examples/package.bash'
[16.005s] INFO:colcon.colcon_core.shell:Creating package script '/home/pbk/arduinobot_ws/src/install/arduinobot_cpp_examples/share/arduinobot_cpp_examples/package.zsh'
[16.005s] Level 1:colcon.colcon_core.environment:create_file_with_runtime_dependencies(/home/pbk/arduinobot_ws/src/install/arduinobot_cpp_examples/share/colcon-core/packages/arduinobot_cpp_examples)
[16.006s] DEBUG:colcon.colcon_parallel_executor.executor.parallel:closing loop
[16.006s] DEBUG:colcon.colcon_parallel_executor.executor.parallel:loop closed
[16.006s] DEBUG:colcon.colcon_parallel_executor.executor.parallel:run_until_complete finished with '0'
[16.006s] DEBUG:colcon.colcon_core.event_reactor:joining thread
[16.035s] INFO:colcon.colcon_core.plugin_system:Skipping extension 'colcon_notification.desktop_notification.notify_send': Could not find 'notify-send'
[16.035s] INFO:colcon.colcon_core.plugin_system:Skipping extension 'colcon_notification.desktop_notification.terminal_notifier': Not used on non-Darwin systems
[16.035s] INFO:colcon.colcon_core.plugin_system:Skipping extension 'colcon_notification.desktop_notification.win32': Not used on non-Windows systems
[16.035s] INFO:colcon.colcon_notification.desktop_notification:Sending desktop notification using 'notify2'
[16.035s] DEBUG:colcon.colcon_notification.desktop_notification.notify2:Failed to initialize notify2: org.freedesktop.DBus.Error.FileNotFound: Failed to connect to socket /run/user/1000/bus: No such file or directory
[16.035s] DEBUG:colcon.colcon_core.event_reactor:joined thread
[16.035s] INFO:colcon.colcon_core.shell:Creating prefix script '/home/pbk/arduinobot_ws/src/install/local_setup.ps1'
[16.036s] INFO:colcon.colcon_core.shell:Creating prefix util module '/home/pbk/arduinobot_ws/src/install/_local_setup_util_ps1.py'
[16.038s] INFO:colcon.colcon_core.shell:Creating prefix chain script '/home/pbk/arduinobot_ws/src/install/setup.ps1'
[16.038s] INFO:colcon.colcon_core.shell:Creating prefix script '/home/pbk/arduinobot_ws/src/install/local_setup.sh'
[16.039s] INFO:colcon.colcon_core.shell:Creating prefix util module '/home/pbk/arduinobot_ws/src/install/_local_setup_util_sh.py'
[16.039s] INFO:colcon.colcon_core.shell:Creating prefix chain script '/home/pbk/arduinobot_ws/src/install/setup.sh'
[16.040s] INFO:colcon.colcon_core.shell:Creating prefix script '/home/pbk/arduinobot_ws/src/install/local_setup.bash'
[16.040s] INFO:colcon.colcon_core.shell:Creating prefix chain script '/home/pbk/arduinobot_ws/src/install/setup.bash'
[16.041s] INFO:colcon.colcon_core.shell:Creating prefix script '/home/pbk/arduinobot_ws/src/install/local_setup.zsh'
[16.041s] INFO:colcon.colcon_core.shell:Creating prefix chain script '/home/pbk/arduinobot_ws/src/install/setup.zsh'
