[0.041s] Invoking command in '/home/pbk/arduinobot_ws/build/arduinobot_cpp_examples': CMAKE_PREFIX_PATH=/home/pbk/arduinobot_ws/install/arduinobot_msgs:/home/pbk/arduinobot_ws/install/arduinobot_utils:/home/pbk/arduinobot_ws/install/arduinobot_cpp_examples:/home/pbk/arduinobot_ws/install/arduinobot_moveit:/home/pbk/arduinobot_ws/install/arduinobot_description:/home/pbk/arduinobot_ws/install/arduinobot_controller:/home/pbk/arduinobot_ws/install/arduinobot_py_examples:/opt/ros/humble LD_LIBRARY_PATH=/home/pbk/arduinobot_ws/install/arduinobot_msgs/lib:/home/pbk/arduinobot_ws/install/arduinobot_cpp_examples/lib:/usr/lib/x86_64-linux-gnu/gazebo-11/plugins:/opt/ros/humble/opt/rviz_ogre_vendor/lib:/opt/ros/humble/lib/x86_64-linux-gnu:/opt/ros/humble/lib /usr/bin/cmake --build /home/pbk/arduinobot_ws/build/arduinobot_cpp_examples -- -j20 -l20
[0.207s] [35m[1mConsolidate compiler generated dependencies of target simple_action_client[0m
[0.207s] [35m[1mConsolidate compiler generated dependencies of target simple_action_client_node[0m
[0.208s] [ 11%] Built target simple_subscriber
[0.208s] [ 22%] Built target simple_publisher
[0.208s] [ 33%] Built target simple_service_client
[0.209s] [ 44%] Built target simple_parameter
[0.209s] [ 55%] Built target simple_service_server
[0.209s] [ 66%] Built target simple_action_server_node
[0.209s] [ 77%] Built target simple_action_server
[0.209s] [ 83%] [32mBuilding CXX object CMakeFiles/simple_action_client.dir/src/simple_action_client.cpp.o[0m
[0.209s] [ 94%] Built target simple_action_client_node
[2.197s] In file included from [01m[K/usr/include/x86_64-linux-gnu/c++/11/bits/c++allocator.h:33[m[K,
[2.197s]                  from [01m[K/usr/include/c++/11/bits/allocator.h:46[m[K,
[2.197s]                  from [01m[K/usr/include/c++/11/memory:64[m[K,
[2.197s]                  from [01m[K/opt/ros/humble/include/rclcpp/rclcpp/rclcpp.hpp:153[m[K,
[2.197s]                  from [01m[K/home/pbk/arduinobot_ws/src/arduinobot_cpp_examples/src/simple_action_client.cpp:1[m[K:
[2.197s] /usr/include/c++/11/ext/new_allocator.h: In instantiation of ‘[01m[Kvoid __gnu_cxx::new_allocator<_Tp>::construct(_Up*, _Args&& ...) [with _Up = arduinobot_cpp_examples::SimpleActionClient; _Args = {const rclcpp::NodeOptions&}; _Tp = arduinobot_cpp_examples::SimpleActionClient][m[K’:
[2.197s] [01m[K/usr/include/c++/11/bits/alloc_traits.h:516:17:[m[K   required from ‘[01m[Kstatic void std::allocator_traits<std::allocator<_Tp1> >::construct(std::allocator_traits<std::allocator<_Tp1> >::allocator_type&, _Up*, _Args&& ...) [with _Up = arduinobot_cpp_examples::SimpleActionClient; _Args = {const rclcpp::NodeOptions&}; _Tp = arduinobot_cpp_examples::SimpleActionClient; std::allocator_traits<std::allocator<_Tp1> >::allocator_type = std::allocator<arduinobot_cpp_examples::SimpleActionClient>][m[K’
[2.198s] [01m[K/usr/include/c++/11/bits/shared_ptr_base.h:519:39:[m[K   required from ‘[01m[Kstd::_Sp_counted_ptr_inplace<_Tp, _Alloc, _Lp>::_Sp_counted_ptr_inplace(_Alloc, _Args&& ...) [with _Args = {const rclcpp::NodeOptions&}; _Tp = arduinobot_cpp_examples::SimpleActionClient; _Alloc = std::allocator<arduinobot_cpp_examples::SimpleActionClient>; __gnu_cxx::_Lock_policy _Lp = __gnu_cxx::_S_atomic][m[K’
[2.198s] [01m[K/usr/include/c++/11/bits/shared_ptr_base.h:650:16:[m[K   required from ‘[01m[Kstd::__shared_count<_Lp>::__shared_count(_Tp*&, std::_Sp_alloc_shared_tag<_Alloc>, _Args&& ...) [with _Tp = arduinobot_cpp_examples::SimpleActionClient; _Alloc = std::allocator<arduinobot_cpp_examples::SimpleActionClient>; _Args = {const rclcpp::NodeOptions&}; __gnu_cxx::_Lock_policy _Lp = __gnu_cxx::_S_atomic][m[K’
[2.198s] [01m[K/usr/include/c++/11/bits/shared_ptr_base.h:1342:14:[m[K   required from ‘[01m[Kstd::__shared_ptr<_Tp, _Lp>::__shared_ptr(std::_Sp_alloc_shared_tag<_Tp>, _Args&& ...) [with _Alloc = std::allocator<arduinobot_cpp_examples::SimpleActionClient>; _Args = {const rclcpp::NodeOptions&}; _Tp = arduinobot_cpp_examples::SimpleActionClient; __gnu_cxx::_Lock_policy _Lp = __gnu_cxx::_S_atomic][m[K’
[2.198s] [01m[K/usr/include/c++/11/bits/shared_ptr.h:409:59:[m[K   required from ‘[01m[Kstd::shared_ptr<_Tp>::shared_ptr(std::_Sp_alloc_shared_tag<_Tp>, _Args&& ...) [with _Alloc = std::allocator<arduinobot_cpp_examples::SimpleActionClient>; _Args = {const rclcpp::NodeOptions&}; _Tp = arduinobot_cpp_examples::SimpleActionClient][m[K’
[2.198s] [01m[K/usr/include/c++/11/bits/shared_ptr.h:862:14:[m[K   required from ‘[01m[Kstd::shared_ptr<_Tp> std::allocate_shared(const _Alloc&, _Args&& ...) [with _Tp = arduinobot_cpp_examples::SimpleActionClient; _Alloc = std::allocator<arduinobot_cpp_examples::SimpleActionClient>; _Args = {const rclcpp::NodeOptions&}][m[K’
[2.198s] [01m[K/usr/include/c++/11/bits/shared_ptr.h:878:39:[m[K   required from ‘[01m[Kstd::shared_ptr<_Tp> std::make_shared(_Args&& ...) [with _Tp = arduinobot_cpp_examples::SimpleActionClient; _Args = {const rclcpp::NodeOptions&}][m[K’
[2.198s] [01m[K/opt/ros/humble/include/rclcpp_components/rclcpp_components/node_factory_template.hpp:45:40:[m[K   required from ‘[01m[Krclcpp_components::NodeInstanceWrapper rclcpp_components::NodeFactoryTemplate<NodeT>::create_node_instance(const rclcpp::NodeOptions&) [with NodeT = arduinobot_cpp_examples::SimpleActionClient][m[K’
[2.198s] [01m[K/opt/ros/humble/include/rclcpp_components/rclcpp_components/node_factory_template.hpp:43:3:[m[K   required from here
[2.198s] [01m[K/usr/include/c++/11/ext/new_allocator.h:162:11:[m[K [01;31m[Kerror: [m[Kbinding reference of type ‘[01m[Krclcpp::NodeOptions&[m[K’ to ‘[01m[Kconst rclcpp::NodeOptions[m[K’ discards qualifiers
[2.198s]   162 |         { [01;31m[K::new((void *)__p) _Up(std::forward<_Args>(__args)...)[m[K; }
[2.198s]       |           [01;31m[K^~~~~~~~~~~~~~~~~~~~~~~~~~~~~~~~~~~~~~~~~~~~~~~~~~~~~~[m[K
[2.198s] [01m[K/home/pbk/arduinobot_ws/src/arduinobot_cpp_examples/src/simple_action_client.cpp:15:58:[m[K [01;36m[Knote: [m[K  initializing argument 1 of ‘[01m[Karduinobot_cpp_examples::SimpleActionClient::SimpleActionClient(rclcpp::NodeOptions&)[m[K’
[2.198s]    15 |         explicit SimpleActionClient([01;36m[Krclcpp::NodeOptions& options[m[K) : Node("simple_action_client", options){
[2.198s]       |                                     [01;36m[K~~~~~~~~~~~~~~~~~~~~~^~~~~~~[m[K
[2.244s] gmake[2]: *** [CMakeFiles/simple_action_client.dir/build.make:76: CMakeFiles/simple_action_client.dir/src/simple_action_client.cpp.o] Error 1
[2.244s] gmake[1]: *** [CMakeFiles/Makefile2:335: CMakeFiles/simple_action_client.dir/all] Error 2
[2.245s] gmake: *** [Makefile:146: all] Error 2
[2.246s] Invoked command in '/home/pbk/arduinobot_ws/build/arduinobot_cpp_examples' returned '2': CMAKE_PREFIX_PATH=/home/pbk/arduinobot_ws/install/arduinobot_msgs:/home/pbk/arduinobot_ws/install/arduinobot_utils:/home/pbk/arduinobot_ws/install/arduinobot_cpp_examples:/home/pbk/arduinobot_ws/install/arduinobot_moveit:/home/pbk/arduinobot_ws/install/arduinobot_description:/home/pbk/arduinobot_ws/install/arduinobot_controller:/home/pbk/arduinobot_ws/install/arduinobot_py_examples:/opt/ros/humble LD_LIBRARY_PATH=/home/pbk/arduinobot_ws/install/arduinobot_msgs/lib:/home/pbk/arduinobot_ws/install/arduinobot_cpp_examples/lib:/usr/lib/x86_64-linux-gnu/gazebo-11/plugins:/opt/ros/humble/opt/rviz_ogre_vendor/lib:/opt/ros/humble/lib/x86_64-linux-gnu:/opt/ros/humble/lib /usr/bin/cmake --build /home/pbk/arduinobot_ws/build/arduinobot_cpp_examples -- -j20 -l20
