[0.022s] Invoking command in '/home/pbk/arduinobot_ws/build/arduinobot_firmware': CMAKE_PREFIX_PATH=${CMAKE_PREFIX_PATH}:/home/pbk/arduinobot_ws/install/arduinobot_py_examples:/opt/ros/humble /usr/bin/cmake --build /home/pbk/arduinobot_ws/build/arduinobot_firmware -- -j20 -l20
[0.037s] -- Found ament_cmake: 1.3.8 (/opt/ros/humble/share/ament_cmake/cmake)
[0.134s] -- Found rclcpp: 16.0.8 (/opt/ros/humble/share/rclcpp/cmake)
[0.278s] -- Found rosidl_generator_c: 3.1.5 (/opt/ros/humble/share/rosidl_generator_c/cmake)
[0.280s] -- Found rosidl_adapter: 3.1.5 (/opt/ros/humble/share/rosidl_adapter/cmake)
[0.284s] -- Found rosidl_generator_cpp: 3.1.5 (/opt/ros/humble/share/rosidl_generator_cpp/cmake)
[0.291s] -- Using all available rosidl_typesupport_c: rosidl_typesupport_fastrtps_c;rosidl_typesupport_introspection_c
[0.301s] -- Using all available rosidl_typesupport_cpp: rosidl_typesupport_fastrtps_cpp;rosidl_typesupport_introspection_cpp
[0.337s] -- Found rmw_implementation_cmake: 6.1.1 (/opt/ros/humble/share/rmw_implementation_cmake/cmake)
[0.337s] -- Found rmw_cyclonedds_cpp: 1.3.4 (/opt/ros/humble/share/rmw_cyclonedds_cpp/cmake)
[0.355s] -- Using RMW implementation 'rmw_cyclonedds_cpp' as default
[0.459s] -- Found rclpy: 3.3.12 (/opt/ros/humble/share/rclpy/cmake)
[0.506s] -- Found ament_lint_auto: 0.12.10 (/opt/ros/humble/share/ament_lint_auto/cmake)
[0.551s] -- Added test 'cppcheck' to perform static code analysis on C / C++ code
[0.551s] -- Configured cppcheck include dirs: /home/pbk/arduinobot_ws/src/arduinobot_firmware/
[0.551s] -- Configured cppcheck exclude dirs and/or files: 
[0.552s] -- Added test 'flake8' to check Python code syntax and style conventions
[0.552s] -- Added test 'lint_cmake' to check CMake code style
[0.552s] -- Added test 'pep257' to check Python code against some of the docstring style conventions in PEP 257
[0.552s] -- Added test 'uncrustify' to check C / C++ code style
[0.553s] -- Configured uncrustify additional arguments: 
[0.553s] -- Added test 'xmllint' to check XML markup files
[0.553s] -- Configuring done
[0.559s] -- Generating done
[0.560s] -- Build files have been written to: /home/pbk/arduinobot_ws/build/arduinobot_firmware
[0.577s] [35m[1mConsolidate compiler generated dependencies of target simple_serial_transmitter[0m
[0.586s] [100%] Built target simple_serial_transmitter
[0.588s] [100%] Built target ament_cmake_python_copy_arduinobot_firmware
[0.758s] running egg_info
[0.758s] writing arduinobot_firmware.egg-info/PKG-INFO
[0.759s] writing dependency_links to arduinobot_firmware.egg-info/dependency_links.txt
[0.759s] writing top-level names to arduinobot_firmware.egg-info/top_level.txt
[0.760s] reading manifest file 'arduinobot_firmware.egg-info/SOURCES.txt'
[0.760s] writing manifest file 'arduinobot_firmware.egg-info/SOURCES.txt'
[0.779s] [100%] Built target ament_cmake_python_build_arduinobot_firmware_egg
[0.787s] Invoked command in '/home/pbk/arduinobot_ws/build/arduinobot_firmware' returned '0': CMAKE_PREFIX_PATH=${CMAKE_PREFIX_PATH}:/home/pbk/arduinobot_ws/install/arduinobot_py_examples:/opt/ros/humble /usr/bin/cmake --build /home/pbk/arduinobot_ws/build/arduinobot_firmware -- -j20 -l20
[0.806s] Invoking command in '/home/pbk/arduinobot_ws/build/arduinobot_firmware': CMAKE_PREFIX_PATH=${CMAKE_PREFIX_PATH}:/home/pbk/arduinobot_ws/install/arduinobot_py_examples:/opt/ros/humble /usr/bin/cmake --install /home/pbk/arduinobot_ws/build/arduinobot_firmware
[0.810s] -- Install configuration: ""
[0.810s] -- Up-to-date: /home/pbk/arduinobot_ws/install/arduinobot_firmware/share/arduinobot_firmware/environment/pythonpath.sh
[0.810s] -- Installing: /home/pbk/arduinobot_ws/install/arduinobot_firmware/share/arduinobot_firmware/environment/pythonpath.dsv
[0.810s] -- Up-to-date: /home/pbk/arduinobot_ws/install/arduinobot_firmware/local/lib/python3.10/dist-packages/arduinobot_firmware-0.0.0-py3.10.egg-info
[0.810s] -- Installing: /home/pbk/arduinobot_ws/install/arduinobot_firmware/local/lib/python3.10/dist-packages/arduinobot_firmware-0.0.0-py3.10.egg-info/top_level.txt
[0.810s] -- Installing: /home/pbk/arduinobot_ws/install/arduinobot_firmware/local/lib/python3.10/dist-packages/arduinobot_firmware-0.0.0-py3.10.egg-info/PKG-INFO
[0.810s] -- Installing: /home/pbk/arduinobot_ws/install/arduinobot_firmware/local/lib/python3.10/dist-packages/arduinobot_firmware-0.0.0-py3.10.egg-info/SOURCES.txt
[0.810s] -- Installing: /home/pbk/arduinobot_ws/install/arduinobot_firmware/local/lib/python3.10/dist-packages/arduinobot_firmware-0.0.0-py3.10.egg-info/dependency_links.txt
[0.810s] -- Up-to-date: /home/pbk/arduinobot_ws/install/arduinobot_firmware/local/lib/python3.10/dist-packages/arduinobot_firmware
[0.811s] -- Up-to-date: /home/pbk/arduinobot_ws/install/arduinobot_firmware/local/lib/python3.10/dist-packages/arduinobot_firmware/simple_serial_transmitter.py
[0.811s] -- Up-to-date: /home/pbk/arduinobot_ws/install/arduinobot_firmware/local/lib/python3.10/dist-packages/arduinobot_firmware/__init__.py
[0.838s] Listing '/home/pbk/arduinobot_ws/install/arduinobot_firmware/local/lib/python3.10/dist-packages/arduinobot_firmware'...
[0.842s] -- Up-to-date: /home/pbk/arduinobot_ws/install/arduinobot_firmware/lib/arduinobot_firmware/simple_serial_transmitter
[0.842s] -- Up-to-date: /home/pbk/arduinobot_ws/install/arduinobot_firmware/lib/arduinobot_firmware/simple_serial_transmitter.py
[0.842s] -- Up-to-date: /home/pbk/arduinobot_ws/install/arduinobot_firmware/share/ament_index/resource_index/package_run_dependencies/arduinobot_firmware
[0.842s] -- Up-to-date: /home/pbk/arduinobot_ws/install/arduinobot_firmware/share/ament_index/resource_index/parent_prefix_path/arduinobot_firmware
[0.843s] -- Up-to-date: /home/pbk/arduinobot_ws/install/arduinobot_firmware/share/arduinobot_firmware/environment/ament_prefix_path.sh
[0.843s] -- Installing: /home/pbk/arduinobot_ws/install/arduinobot_firmware/share/arduinobot_firmware/environment/ament_prefix_path.dsv
[0.843s] -- Up-to-date: /home/pbk/arduinobot_ws/install/arduinobot_firmware/share/arduinobot_firmware/environment/path.sh
[0.843s] -- Installing: /home/pbk/arduinobot_ws/install/arduinobot_firmware/share/arduinobot_firmware/environment/path.dsv
[0.843s] -- Up-to-date: /home/pbk/arduinobot_ws/install/arduinobot_firmware/share/arduinobot_firmware/local_setup.bash
[0.843s] -- Up-to-date: /home/pbk/arduinobot_ws/install/arduinobot_firmware/share/arduinobot_firmware/local_setup.sh
[0.843s] -- Up-to-date: /home/pbk/arduinobot_ws/install/arduinobot_firmware/share/arduinobot_firmware/local_setup.zsh
[0.843s] -- Installing: /home/pbk/arduinobot_ws/install/arduinobot_firmware/share/arduinobot_firmware/local_setup.dsv
[0.843s] -- Installing: /home/pbk/arduinobot_ws/install/arduinobot_firmware/share/arduinobot_firmware/package.dsv
[0.843s] -- Up-to-date: /home/pbk/arduinobot_ws/install/arduinobot_firmware/share/ament_index/resource_index/packages/arduinobot_firmware
[0.843s] -- Up-to-date: /home/pbk/arduinobot_ws/install/arduinobot_firmware/share/arduinobot_firmware/cmake/arduinobot_firmwareConfig.cmake
[0.843s] -- Up-to-date: /home/pbk/arduinobot_ws/install/arduinobot_firmware/share/arduinobot_firmware/cmake/arduinobot_firmwareConfig-version.cmake
[0.844s] -- Installing: /home/pbk/arduinobot_ws/install/arduinobot_firmware/share/arduinobot_firmware/package.xml
[0.845s] Invoked command in '/home/pbk/arduinobot_ws/build/arduinobot_firmware' returned '0': CMAKE_PREFIX_PATH=${CMAKE_PREFIX_PATH}:/home/pbk/arduinobot_ws/install/arduinobot_py_examples:/opt/ros/humble /usr/bin/cmake --install /home/pbk/arduinobot_ws/build/arduinobot_firmware
