[0.551s] Invoking command in '/home/pbk/arduinobot_ws/build/arduinobot_remote': CMAKE_PREFIX_PATH=/home/pbk/arduinobot_ws/install/arduinobot_msgs:/home/pbk/arduinobot_ws/install/arduinobot_utils:/home/pbk/arduinobot_ws/install/arduinobot_remote:/home/pbk/arduinobot_ws/install/arduinobot_cpp_examples:/home/pbk/arduinobot_ws/install/arduinobot_moveit:/home/pbk/arduinobot_ws/install/arduinobot_description:/home/pbk/arduinobot_ws/install/arduinobot_controller:/home/pbk/arduinobot_ws/install/arduinobot_bringup:/home/pbk/arduinobot_ws/install/arduinobot_py_examples:/opt/ros/humble LD_LIBRARY_PATH=/home/pbk/arduinobot_ws/install/arduinobot_msgs/lib:/home/pbk/arduinobot_ws/install/arduinobot_remote/lib:/home/pbk/arduinobot_ws/install/arduinobot_cpp_examples/lib:/usr/lib/x86_64-linux-gnu/gazebo-11/plugins:/opt/ros/humble/opt/rviz_ogre_vendor/lib:/opt/ros/humble/lib/x86_64-linux-gnu:/opt/ros/humble/lib /usr/bin/cmake --build /home/pbk/arduinobot_ws/build/arduinobot_remote -- -j20 -l20
[0.660s] [  0%] Built target ament_cmake_python_copy_arduinobot_remote
[0.673s] [ 50%] Built target task_server_node
[0.690s] [100%] Built target task_server
[1.085s] running egg_info
[1.087s] writing arduinobot_remote.egg-info/PKG-INFO
[1.087s] writing dependency_links to arduinobot_remote.egg-info/dependency_links.txt
[1.088s] writing top-level names to arduinobot_remote.egg-info/top_level.txt
[1.094s] reading manifest file 'arduinobot_remote.egg-info/SOURCES.txt'
[1.096s] writing manifest file 'arduinobot_remote.egg-info/SOURCES.txt'
[1.192s] [100%] Built target ament_cmake_python_build_arduinobot_remote_egg
[1.221s] Invoked command in '/home/pbk/arduinobot_ws/build/arduinobot_remote' returned '0': CMAKE_PREFIX_PATH=/home/pbk/arduinobot_ws/install/arduinobot_msgs:/home/pbk/arduinobot_ws/install/arduinobot_utils:/home/pbk/arduinobot_ws/install/arduinobot_remote:/home/pbk/arduinobot_ws/install/arduinobot_cpp_examples:/home/pbk/arduinobot_ws/install/arduinobot_moveit:/home/pbk/arduinobot_ws/install/arduinobot_description:/home/pbk/arduinobot_ws/install/arduinobot_controller:/home/pbk/arduinobot_ws/install/arduinobot_bringup:/home/pbk/arduinobot_ws/install/arduinobot_py_examples:/opt/ros/humble LD_LIBRARY_PATH=/home/pbk/arduinobot_ws/install/arduinobot_msgs/lib:/home/pbk/arduinobot_ws/install/arduinobot_remote/lib:/home/pbk/arduinobot_ws/install/arduinobot_cpp_examples/lib:/usr/lib/x86_64-linux-gnu/gazebo-11/plugins:/opt/ros/humble/opt/rviz_ogre_vendor/lib:/opt/ros/humble/lib/x86_64-linux-gnu:/opt/ros/humble/lib /usr/bin/cmake --build /home/pbk/arduinobot_ws/build/arduinobot_remote -- -j20 -l20
[1.266s] Invoking command in '/home/pbk/arduinobot_ws/build/arduinobot_remote': CMAKE_PREFIX_PATH=/home/pbk/arduinobot_ws/install/arduinobot_msgs:/home/pbk/arduinobot_ws/install/arduinobot_utils:/home/pbk/arduinobot_ws/install/arduinobot_remote:/home/pbk/arduinobot_ws/install/arduinobot_cpp_examples:/home/pbk/arduinobot_ws/install/arduinobot_moveit:/home/pbk/arduinobot_ws/install/arduinobot_description:/home/pbk/arduinobot_ws/install/arduinobot_controller:/home/pbk/arduinobot_ws/install/arduinobot_bringup:/home/pbk/arduinobot_ws/install/arduinobot_py_examples:/opt/ros/humble LD_LIBRARY_PATH=/home/pbk/arduinobot_ws/install/arduinobot_msgs/lib:/home/pbk/arduinobot_ws/install/arduinobot_remote/lib:/home/pbk/arduinobot_ws/install/arduinobot_cpp_examples/lib:/usr/lib/x86_64-linux-gnu/gazebo-11/plugins:/opt/ros/humble/opt/rviz_ogre_vendor/lib:/opt/ros/humble/lib/x86_64-linux-gnu:/opt/ros/humble/lib /usr/bin/cmake --install /home/pbk/arduinobot_ws/build/arduinobot_remote
[1.281s] -- Install configuration: ""
[1.282s] -- Up-to-date: /home/pbk/arduinobot_ws/install/arduinobot_remote/lib/arduinobot_remote/task_server_node
[1.283s] -- Up-to-date: /home/pbk/arduinobot_ws/install/arduinobot_remote/share/arduinobot_remote/environment/pythonpath.sh
[1.283s] -- Up-to-date: /home/pbk/arduinobot_ws/install/arduinobot_remote/share/arduinobot_remote/environment/pythonpath.dsv
[1.283s] -- Up-to-date: /home/pbk/arduinobot_ws/install/arduinobot_remote/local/lib/python3.10/dist-packages/arduinobot_remote-0.0.0-py3.10.egg-info
[1.284s] -- Installing: /home/pbk/arduinobot_ws/install/arduinobot_remote/local/lib/python3.10/dist-packages/arduinobot_remote-0.0.0-py3.10.egg-info/top_level.txt
[1.284s] -- Installing: /home/pbk/arduinobot_ws/install/arduinobot_remote/local/lib/python3.10/dist-packages/arduinobot_remote-0.0.0-py3.10.egg-info/PKG-INFO
[1.284s] -- Installing: /home/pbk/arduinobot_ws/install/arduinobot_remote/local/lib/python3.10/dist-packages/arduinobot_remote-0.0.0-py3.10.egg-info/SOURCES.txt
[1.284s] -- Installing: /home/pbk/arduinobot_ws/install/arduinobot_remote/local/lib/python3.10/dist-packages/arduinobot_remote-0.0.0-py3.10.egg-info/dependency_links.txt
[1.285s] -- Up-to-date: /home/pbk/arduinobot_ws/install/arduinobot_remote/local/lib/python3.10/dist-packages/arduinobot_remote
[1.285s] -- Up-to-date: /home/pbk/arduinobot_ws/install/arduinobot_remote/local/lib/python3.10/dist-packages/arduinobot_remote/__init__.py
[1.285s] -- Installing: /home/pbk/arduinobot_ws/install/arduinobot_remote/local/lib/python3.10/dist-packages/arduinobot_remote/alexa_interface.py
[1.341s] Listing '/home/pbk/arduinobot_ws/install/arduinobot_remote/local/lib/python3.10/dist-packages/arduinobot_remote'...
[1.341s] Compiling '/home/pbk/arduinobot_ws/install/arduinobot_remote/local/lib/python3.10/dist-packages/arduinobot_remote/alexa_interface.py'...
[1.354s] -- Up-to-date: /home/pbk/arduinobot_ws/install/arduinobot_remote/share/arduinobot_remote/launch
[1.355s] -- Up-to-date: /home/pbk/arduinobot_ws/install/arduinobot_remote/share/arduinobot_remote/launch/remote_interface.launch.py
[1.356s] -- Up-to-date: /home/pbk/arduinobot_ws/install/arduinobot_remote/lib/libtask_server.so
[1.357s] -- Installing: /home/pbk/arduinobot_ws/install/arduinobot_remote/lib/arduinobot_remote/alexa_interface.py
[1.357s] -- Up-to-date: /home/pbk/arduinobot_ws/install/arduinobot_remote/share/ament_index/resource_index/package_run_dependencies/arduinobot_remote
[1.358s] -- Up-to-date: /home/pbk/arduinobot_ws/install/arduinobot_remote/share/ament_index/resource_index/parent_prefix_path/arduinobot_remote
[1.358s] -- Up-to-date: /home/pbk/arduinobot_ws/install/arduinobot_remote/share/arduinobot_remote/environment/ament_prefix_path.sh
[1.358s] -- Up-to-date: /home/pbk/arduinobot_ws/install/arduinobot_remote/share/arduinobot_remote/environment/ament_prefix_path.dsv
[1.358s] -- Up-to-date: /home/pbk/arduinobot_ws/install/arduinobot_remote/share/arduinobot_remote/environment/path.sh
[1.358s] -- Up-to-date: /home/pbk/arduinobot_ws/install/arduinobot_remote/share/arduinobot_remote/environment/path.dsv
[1.358s] -- Up-to-date: /home/pbk/arduinobot_ws/install/arduinobot_remote/share/arduinobot_remote/local_setup.bash
[1.358s] -- Up-to-date: /home/pbk/arduinobot_ws/install/arduinobot_remote/share/arduinobot_remote/local_setup.sh
[1.358s] -- Up-to-date: /home/pbk/arduinobot_ws/install/arduinobot_remote/share/arduinobot_remote/local_setup.zsh
[1.358s] -- Up-to-date: /home/pbk/arduinobot_ws/install/arduinobot_remote/share/arduinobot_remote/local_setup.dsv
[1.358s] -- Up-to-date: /home/pbk/arduinobot_ws/install/arduinobot_remote/share/arduinobot_remote/package.dsv
[1.358s] -- Up-to-date: /home/pbk/arduinobot_ws/install/arduinobot_remote/share/ament_index/resource_index/packages/arduinobot_remote
[1.359s] -- Up-to-date: /home/pbk/arduinobot_ws/install/arduinobot_remote/share/ament_index/resource_index/rclcpp_components/arduinobot_remote
[1.359s] -- Up-to-date: /home/pbk/arduinobot_ws/install/arduinobot_remote/share/arduinobot_remote/cmake/arduinobot_remoteConfig.cmake
[1.359s] -- Up-to-date: /home/pbk/arduinobot_ws/install/arduinobot_remote/share/arduinobot_remote/cmake/arduinobot_remoteConfig-version.cmake
[1.359s] -- Up-to-date: /home/pbk/arduinobot_ws/install/arduinobot_remote/share/arduinobot_remote/package.xml
[1.367s] Invoked command in '/home/pbk/arduinobot_ws/build/arduinobot_remote' returned '0': CMAKE_PREFIX_PATH=/home/pbk/arduinobot_ws/install/arduinobot_msgs:/home/pbk/arduinobot_ws/install/arduinobot_utils:/home/pbk/arduinobot_ws/install/arduinobot_remote:/home/pbk/arduinobot_ws/install/arduinobot_cpp_examples:/home/pbk/arduinobot_ws/install/arduinobot_moveit:/home/pbk/arduinobot_ws/install/arduinobot_description:/home/pbk/arduinobot_ws/install/arduinobot_controller:/home/pbk/arduinobot_ws/install/arduinobot_bringup:/home/pbk/arduinobot_ws/install/arduinobot_py_examples:/opt/ros/humble LD_LIBRARY_PATH=/home/pbk/arduinobot_ws/install/arduinobot_msgs/lib:/home/pbk/arduinobot_ws/install/arduinobot_remote/lib:/home/pbk/arduinobot_ws/install/arduinobot_cpp_examples/lib:/usr/lib/x86_64-linux-gnu/gazebo-11/plugins:/opt/ros/humble/opt/rviz_ogre_vendor/lib:/opt/ros/humble/lib/x86_64-linux-gnu:/opt/ros/humble/lib /usr/bin/cmake --install /home/pbk/arduinobot_ws/build/arduinobot_remote
