[0.017s] Invoking command in '/home/pbk/arduinobot_ws/src/build/arduinobot_controller': CMAKE_PREFIX_PATH=/opt/ros/humble /usr/bin/cmake --build /home/pbk/arduinobot_ws/src/build/arduinobot_controller -- -j20 -l20
[0.074s] Invoked command in '/home/pbk/arduinobot_ws/src/build/arduinobot_controller' returned '0': CMAKE_PREFIX_PATH=/opt/ros/humble /usr/bin/cmake --build /home/pbk/arduinobot_ws/src/build/arduinobot_controller -- -j20 -l20
[0.092s] Invoking command in '/home/pbk/arduinobot_ws/src/build/arduinobot_controller': CMAKE_PREFIX_PATH=/opt/ros/humble /usr/bin/cmake --install /home/pbk/arduinobot_ws/src/build/arduinobot_controller
[0.096s] -- Install configuration: ""
[0.097s] -- Up-to-date: /home/pbk/arduinobot_ws/src/install/arduinobot_controller/share/arduinobot_controller/launch
[0.098s] -- Up-to-date: /home/pbk/arduinobot_ws/src/install/arduinobot_controller/share/arduinobot_controller/launch/controller.launch.py
[0.098s] -- Up-to-date: /home/pbk/arduinobot_ws/src/install/arduinobot_controller/share/arduinobot_controller/config
[0.098s] -- Up-to-date: /home/pbk/arduinobot_ws/src/install/arduinobot_controller/share/arduinobot_controller/config/arduinobot_controllers.yaml
[0.099s] -- Up-to-date: /home/pbk/arduinobot_ws/src/install/arduinobot_controller/share/ament_index/resource_index/package_run_dependencies/arduinobot_controller
[0.099s] -- Up-to-date: /home/pbk/arduinobot_ws/src/install/arduinobot_controller/share/ament_index/resource_index/parent_prefix_path/arduinobot_controller
[0.099s] -- Up-to-date: /home/pbk/arduinobot_ws/src/install/arduinobot_controller/share/arduinobot_controller/environment/ament_prefix_path.sh
[0.100s] -- Up-to-date: /home/pbk/arduinobot_ws/src/install/arduinobot_controller/share/arduinobot_controller/environment/ament_prefix_path.dsv
[0.100s] -- Up-to-date: /home/pbk/arduinobot_ws/src/install/arduinobot_controller/share/arduinobot_controller/environment/path.sh
[0.100s] -- Up-to-date: /home/pbk/arduinobot_ws/src/install/arduinobot_controller/share/arduinobot_controller/environment/path.dsv
[0.100s] -- Up-to-date: /home/pbk/arduinobot_ws/src/install/arduinobot_controller/share/arduinobot_controller/local_setup.bash
[0.100s] -- Up-to-date: /home/pbk/arduinobot_ws/src/install/arduinobot_controller/share/arduinobot_controller/local_setup.sh
[0.100s] -- Up-to-date: /home/pbk/arduinobot_ws/src/install/arduinobot_controller/share/arduinobot_controller/local_setup.zsh
[0.100s] -- Up-to-date: /home/pbk/arduinobot_ws/src/install/arduinobot_controller/share/arduinobot_controller/local_setup.dsv
[0.101s] -- Installing: /home/pbk/arduinobot_ws/src/install/arduinobot_controller/share/arduinobot_controller/package.dsv
[0.105s] -- Up-to-date: /home/pbk/arduinobot_ws/src/install/arduinobot_controller/share/ament_index/resource_index/packages/arduinobot_controller
[0.105s] -- Up-to-date: /home/pbk/arduinobot_ws/src/install/arduinobot_controller/share/arduinobot_controller/cmake/arduinobot_controllerConfig.cmake
[0.105s] -- Up-to-date: /home/pbk/arduinobot_ws/src/install/arduinobot_controller/share/arduinobot_controller/cmake/arduinobot_controllerConfig-version.cmake
[0.106s] -- Up-to-date: /home/pbk/arduinobot_ws/src/install/arduinobot_controller/share/arduinobot_controller/package.xml
[0.109s] Invoked command in '/home/pbk/arduinobot_ws/src/build/arduinobot_controller' returned '0': CMAKE_PREFIX_PATH=/opt/ros/humble /usr/bin/cmake --install /home/pbk/arduinobot_ws/src/build/arduinobot_controller
