[0.205s] DEBUG:colcon:Command line arguments: ['/usr/bin/colcon', 'build']
[0.205s] DEBUG:colcon:Parsed command line arguments: Namespace(log_base=None, log_level=None, verb_name='build', build_base='build', install_base='install', merge_install=False, symlink_install=False, test_result_base=None, continue_on_error=False, executor='parallel', parallel_workers=20, event_handlers=None, ignore_user_meta=False, metas=['./colcon.meta'], base_paths=['.'], packages_ignore=None, packages_ignore_regex=None, paths=None, packages_up_to=None, packages_up_to_regex=None, packages_above=None, packages_above_and_dependencies=None, packages_above_depth=None, packages_select_by_dep=None, packages_skip_by_dep=None, packages_skip_up_to=None, packages_select_build_failed=False, packages_skip_build_finished=False, packages_select_test_failures=False, packages_skip_test_passed=False, packages_select=None, packages_skip=None, packages_select_regex=None, packages_skip_regex=None, packages_start=None, packages_end=None, allow_overriding=[], cmake_args=None, cmake_target=None, cmake_target_skip_unavailable=False, cmake_clean_cache=False, cmake_clean_first=False, cmake_force_configure=False, ament_cmake_args=None, catkin_cmake_args=None, catkin_skip_building_tests=False, mixin_files=None, mixin=None, verb_parser=<colcon_mixin.mixin.mixin_argument.MixinArgumentDecorator object at 0x7fecd29362f0>, verb_extension=<colcon_core.verb.build.BuildVerb object at 0x7fecd2b07d60>, main=<bound method BuildVerb.main of <colcon_core.verb.build.BuildVerb object at 0x7fecd2b07d60>>, mixin_verb=('build',))
[0.404s] Level 1:colcon.colcon_core.package_discovery:discover_packages(colcon_meta) check parameters
[0.404s] Level 1:colcon.colcon_core.package_discovery:discover_packages(recursive) check parameters
[0.404s] Level 1:colcon.colcon_core.package_discovery:discover_packages(ignore) check parameters
[0.404s] Level 1:colcon.colcon_core.package_discovery:discover_packages(path) check parameters
[0.404s] Level 1:colcon.colcon_core.package_discovery:discover_packages(colcon_meta) discover
[0.404s] Level 1:colcon.colcon_core.package_discovery:discover_packages(recursive) discover
[0.404s] INFO:colcon.colcon_core.package_discovery:Crawling recursively for packages in '/home/pbk/arduinobot_ws'
[0.404s] Level 1:colcon.colcon_core.package_identification:_identify(.) by extensions ['ignore', 'ignore_ament_install']
[0.404s] Level 1:colcon.colcon_core.package_identification:_identify(.) by extension 'ignore'
[0.404s] Level 1:colcon.colcon_core.package_identification:_identify(.) by extension 'ignore_ament_install'
[0.404s] Level 1:colcon.colcon_core.package_identification:_identify(.) by extensions ['colcon_pkg']
[0.404s] Level 1:colcon.colcon_core.package_identification:_identify(.) by extension 'colcon_pkg'
[0.404s] Level 1:colcon.colcon_core.package_identification:_identify(.) by extensions ['colcon_meta']
[0.404s] Level 1:colcon.colcon_core.package_identification:_identify(.) by extension 'colcon_meta'
[0.404s] Level 1:colcon.colcon_core.package_identification:_identify(.) by extensions ['ros']
[0.404s] Level 1:colcon.colcon_core.package_identification:_identify(.) by extension 'ros'
[0.414s] Level 1:colcon.colcon_core.package_identification:_identify(.) by extensions ['cmake', 'python']
[0.414s] Level 1:colcon.colcon_core.package_identification:_identify(.) by extension 'cmake'
[0.414s] Level 1:colcon.colcon_core.package_identification:_identify(.) by extension 'python'
[0.414s] Level 1:colcon.colcon_core.package_identification:_identify(.) by extensions ['python_setup_py']
[0.414s] Level 1:colcon.colcon_core.package_identification:_identify(.) by extension 'python_setup_py'
[0.414s] Level 1:colcon.colcon_core.package_identification:_identify(build) by extensions ['ignore', 'ignore_ament_install']
[0.414s] Level 1:colcon.colcon_core.package_identification:_identify(build) by extension 'ignore'
[0.414s] Level 1:colcon.colcon_core.package_identification:_identify(build) ignored
[0.414s] Level 1:colcon.colcon_core.package_identification:_identify(install) by extensions ['ignore', 'ignore_ament_install']
[0.414s] Level 1:colcon.colcon_core.package_identification:_identify(install) by extension 'ignore'
[0.414s] Level 1:colcon.colcon_core.package_identification:_identify(install) ignored
[0.414s] Level 1:colcon.colcon_core.package_identification:_identify(log) by extensions ['ignore', 'ignore_ament_install']
[0.414s] Level 1:colcon.colcon_core.package_identification:_identify(log) by extension 'ignore'
[0.414s] Level 1:colcon.colcon_core.package_identification:_identify(log) ignored
[0.414s] Level 1:colcon.colcon_core.package_identification:_identify(src) by extensions ['ignore', 'ignore_ament_install']
[0.415s] Level 1:colcon.colcon_core.package_identification:_identify(src) by extension 'ignore'
[0.415s] Level 1:colcon.colcon_core.package_identification:_identify(src) by extension 'ignore_ament_install'
[0.415s] Level 1:colcon.colcon_core.package_identification:_identify(src) by extensions ['colcon_pkg']
[0.415s] Level 1:colcon.colcon_core.package_identification:_identify(src) by extension 'colcon_pkg'
[0.415s] Level 1:colcon.colcon_core.package_identification:_identify(src) by extensions ['colcon_meta']
[0.415s] Level 1:colcon.colcon_core.package_identification:_identify(src) by extension 'colcon_meta'
[0.415s] Level 1:colcon.colcon_core.package_identification:_identify(src) by extensions ['ros']
[0.415s] Level 1:colcon.colcon_core.package_identification:_identify(src) by extension 'ros'
[0.415s] Level 1:colcon.colcon_core.package_identification:_identify(src) by extensions ['cmake', 'python']
[0.415s] Level 1:colcon.colcon_core.package_identification:_identify(src) by extension 'cmake'
[0.415s] Level 1:colcon.colcon_core.package_identification:_identify(src) by extension 'python'
[0.415s] Level 1:colcon.colcon_core.package_identification:_identify(src) by extensions ['python_setup_py']
[0.415s] Level 1:colcon.colcon_core.package_identification:_identify(src) by extension 'python_setup_py'
[0.415s] Level 1:colcon.colcon_core.package_identification:_identify(src/arduinobot_controller) by extensions ['ignore', 'ignore_ament_install']
[0.415s] Level 1:colcon.colcon_core.package_identification:_identify(src/arduinobot_controller) by extension 'ignore'
[0.415s] Level 1:colcon.colcon_core.package_identification:_identify(src/arduinobot_controller) by extension 'ignore_ament_install'
[0.415s] Level 1:colcon.colcon_core.package_identification:_identify(src/arduinobot_controller) by extensions ['colcon_pkg']
[0.415s] Level 1:colcon.colcon_core.package_identification:_identify(src/arduinobot_controller) by extension 'colcon_pkg'
[0.415s] Level 1:colcon.colcon_core.package_identification:_identify(src/arduinobot_controller) by extensions ['colcon_meta']
[0.415s] Level 1:colcon.colcon_core.package_identification:_identify(src/arduinobot_controller) by extension 'colcon_meta'
[0.415s] Level 1:colcon.colcon_core.package_identification:_identify(src/arduinobot_controller) by extensions ['ros']
[0.415s] Level 1:colcon.colcon_core.package_identification:_identify(src/arduinobot_controller) by extension 'ros'
[0.417s] DEBUG:colcon.colcon_core.package_identification:Package 'src/arduinobot_controller' with type 'ros.ament_cmake' and name 'arduinobot_controller'
[0.417s] Level 1:colcon.colcon_core.package_identification:_identify(src/arduinobot_cpp_examples) by extensions ['ignore', 'ignore_ament_install']
[0.417s] Level 1:colcon.colcon_core.package_identification:_identify(src/arduinobot_cpp_examples) by extension 'ignore'
[0.417s] Level 1:colcon.colcon_core.package_identification:_identify(src/arduinobot_cpp_examples) by extension 'ignore_ament_install'
[0.417s] Level 1:colcon.colcon_core.package_identification:_identify(src/arduinobot_cpp_examples) by extensions ['colcon_pkg']
[0.417s] Level 1:colcon.colcon_core.package_identification:_identify(src/arduinobot_cpp_examples) by extension 'colcon_pkg'
[0.417s] Level 1:colcon.colcon_core.package_identification:_identify(src/arduinobot_cpp_examples) by extensions ['colcon_meta']
[0.417s] Level 1:colcon.colcon_core.package_identification:_identify(src/arduinobot_cpp_examples) by extension 'colcon_meta'
[0.417s] Level 1:colcon.colcon_core.package_identification:_identify(src/arduinobot_cpp_examples) by extensions ['ros']
[0.417s] Level 1:colcon.colcon_core.package_identification:_identify(src/arduinobot_cpp_examples) by extension 'ros'
[0.418s] DEBUG:colcon.colcon_core.package_identification:Package 'src/arduinobot_cpp_examples' with type 'ros.ament_cmake' and name 'arduinobot_cpp_examples'
[0.418s] Level 1:colcon.colcon_core.package_identification:_identify(src/arduinobot_description) by extensions ['ignore', 'ignore_ament_install']
[0.418s] Level 1:colcon.colcon_core.package_identification:_identify(src/arduinobot_description) by extension 'ignore'
[0.418s] Level 1:colcon.colcon_core.package_identification:_identify(src/arduinobot_description) by extension 'ignore_ament_install'
[0.418s] Level 1:colcon.colcon_core.package_identification:_identify(src/arduinobot_description) by extensions ['colcon_pkg']
[0.418s] Level 1:colcon.colcon_core.package_identification:_identify(src/arduinobot_description) by extension 'colcon_pkg'
[0.418s] Level 1:colcon.colcon_core.package_identification:_identify(src/arduinobot_description) by extensions ['colcon_meta']
[0.418s] Level 1:colcon.colcon_core.package_identification:_identify(src/arduinobot_description) by extension 'colcon_meta'
[0.419s] Level 1:colcon.colcon_core.package_identification:_identify(src/arduinobot_description) by extensions ['ros']
[0.419s] Level 1:colcon.colcon_core.package_identification:_identify(src/arduinobot_description) by extension 'ros'
[0.419s] DEBUG:colcon.colcon_core.package_identification:Package 'src/arduinobot_description' with type 'ros.ament_cmake' and name 'arduinobot_description'
[0.419s] Level 1:colcon.colcon_core.package_identification:_identify(src/arduinobot_msgs) by extensions ['ignore', 'ignore_ament_install']
[0.419s] Level 1:colcon.colcon_core.package_identification:_identify(src/arduinobot_msgs) by extension 'ignore'
[0.419s] Level 1:colcon.colcon_core.package_identification:_identify(src/arduinobot_msgs) by extension 'ignore_ament_install'
[0.419s] Level 1:colcon.colcon_core.package_identification:_identify(src/arduinobot_msgs) by extensions ['colcon_pkg']
[0.419s] Level 1:colcon.colcon_core.package_identification:_identify(src/arduinobot_msgs) by extension 'colcon_pkg'
[0.419s] Level 1:colcon.colcon_core.package_identification:_identify(src/arduinobot_msgs) by extensions ['colcon_meta']
[0.419s] Level 1:colcon.colcon_core.package_identification:_identify(src/arduinobot_msgs) by extension 'colcon_meta'
[0.419s] Level 1:colcon.colcon_core.package_identification:_identify(src/arduinobot_msgs) by extensions ['ros']
[0.419s] Level 1:colcon.colcon_core.package_identification:_identify(src/arduinobot_msgs) by extension 'ros'
[0.420s] DEBUG:colcon.colcon_core.package_identification:Package 'src/arduinobot_msgs' with type 'ros.ament_cmake' and name 'arduinobot_msgs'
[0.420s] Level 1:colcon.colcon_core.package_identification:_identify(src/arduinobot_py_examples) by extensions ['ignore', 'ignore_ament_install']
[0.420s] Level 1:colcon.colcon_core.package_identification:_identify(src/arduinobot_py_examples) by extension 'ignore'
[0.420s] Level 1:colcon.colcon_core.package_identification:_identify(src/arduinobot_py_examples) by extension 'ignore_ament_install'
[0.420s] Level 1:colcon.colcon_core.package_identification:_identify(src/arduinobot_py_examples) by extensions ['colcon_pkg']
[0.420s] Level 1:colcon.colcon_core.package_identification:_identify(src/arduinobot_py_examples) by extension 'colcon_pkg'
[0.420s] Level 1:colcon.colcon_core.package_identification:_identify(src/arduinobot_py_examples) by extensions ['colcon_meta']
[0.420s] Level 1:colcon.colcon_core.package_identification:_identify(src/arduinobot_py_examples) by extension 'colcon_meta'
[0.420s] Level 1:colcon.colcon_core.package_identification:_identify(src/arduinobot_py_examples) by extensions ['ros']
[0.420s] Level 1:colcon.colcon_core.package_identification:_identify(src/arduinobot_py_examples) by extension 'ros'
[0.421s] DEBUG:colcon.colcon_core.package_identification:Package 'src/arduinobot_py_examples' with type 'ros.ament_python' and name 'arduinobot_py_examples'
[0.421s] Level 1:colcon.colcon_core.package_identification:_identify(src/arduinobot_utils) by extensions ['ignore', 'ignore_ament_install']
[0.421s] Level 1:colcon.colcon_core.package_identification:_identify(src/arduinobot_utils) by extension 'ignore'
[0.421s] Level 1:colcon.colcon_core.package_identification:_identify(src/arduinobot_utils) by extension 'ignore_ament_install'
[0.421s] Level 1:colcon.colcon_core.package_identification:_identify(src/arduinobot_utils) by extensions ['colcon_pkg']
[0.421s] Level 1:colcon.colcon_core.package_identification:_identify(src/arduinobot_utils) by extension 'colcon_pkg'
[0.421s] Level 1:colcon.colcon_core.package_identification:_identify(src/arduinobot_utils) by extensions ['colcon_meta']
[0.421s] Level 1:colcon.colcon_core.package_identification:_identify(src/arduinobot_utils) by extension 'colcon_meta'
[0.421s] Level 1:colcon.colcon_core.package_identification:_identify(src/arduinobot_utils) by extensions ['ros']
[0.421s] Level 1:colcon.colcon_core.package_identification:_identify(src/arduinobot_utils) by extension 'ros'
[0.421s] DEBUG:colcon.colcon_core.package_identification:Package 'src/arduinobot_utils' with type 'ros.ament_cmake' and name 'arduinobot_utils'
[0.421s] Level 1:colcon.colcon_core.package_identification:_identify(src/build) by extensions ['ignore', 'ignore_ament_install']
[0.421s] Level 1:colcon.colcon_core.package_identification:_identify(src/build) by extension 'ignore'
[0.421s] Level 1:colcon.colcon_core.package_identification:_identify(src/build) ignored
[0.422s] Level 1:colcon.colcon_core.package_identification:_identify(src/install) by extensions ['ignore', 'ignore_ament_install']
[0.422s] Level 1:colcon.colcon_core.package_identification:_identify(src/install) by extension 'ignore'
[0.422s] Level 1:colcon.colcon_core.package_identification:_identify(src/install) ignored
[0.422s] Level 1:colcon.colcon_core.package_identification:_identify(src/log) by extensions ['ignore', 'ignore_ament_install']
[0.422s] Level 1:colcon.colcon_core.package_identification:_identify(src/log) by extension 'ignore'
[0.422s] Level 1:colcon.colcon_core.package_identification:_identify(src/log) ignored
[0.422s] Level 1:colcon.colcon_core.package_discovery:discover_packages(recursive) using defaults
[0.422s] Level 1:colcon.colcon_core.package_discovery:discover_packages(ignore) discover
[0.422s] Level 1:colcon.colcon_core.package_discovery:discover_packages(ignore) using defaults
[0.422s] Level 1:colcon.colcon_core.package_discovery:discover_packages(path) discover
[0.422s] Level 1:colcon.colcon_core.package_discovery:discover_packages(path) using defaults
[0.447s] Level 1:colcon.colcon_core.package_discovery:discover_packages(prefix_path) check parameters
[0.447s] Level 1:colcon.colcon_core.package_discovery:discover_packages(prefix_path) discover
[0.450s] DEBUG:colcon.colcon_installed_package_information.package_discovery:Found 6 installed packages in /home/pbk/arduinobot_ws/install
[0.451s] DEBUG:colcon.colcon_installed_package_information.package_discovery:Found 359 installed packages in /opt/ros/humble
[0.452s] Level 1:colcon.colcon_core.package_discovery:discover_packages(prefix_path) using defaults
[0.516s] Level 5:colcon.colcon_core.verb:set package 'arduinobot_controller' build argument 'cmake_args' from command line to 'None'
[0.516s] Level 5:colcon.colcon_core.verb:set package 'arduinobot_controller' build argument 'cmake_target' from command line to 'None'
[0.516s] Level 5:colcon.colcon_core.verb:set package 'arduinobot_controller' build argument 'cmake_target_skip_unavailable' from command line to 'False'
[0.516s] Level 5:colcon.colcon_core.verb:set package 'arduinobot_controller' build argument 'cmake_clean_cache' from command line to 'False'
[0.516s] Level 5:colcon.colcon_core.verb:set package 'arduinobot_controller' build argument 'cmake_clean_first' from command line to 'False'
[0.516s] Level 5:colcon.colcon_core.verb:set package 'arduinobot_controller' build argument 'cmake_force_configure' from command line to 'False'
[0.516s] Level 5:colcon.colcon_core.verb:set package 'arduinobot_controller' build argument 'ament_cmake_args' from command line to 'None'
[0.516s] Level 5:colcon.colcon_core.verb:set package 'arduinobot_controller' build argument 'catkin_cmake_args' from command line to 'None'
[0.516s] Level 5:colcon.colcon_core.verb:set package 'arduinobot_controller' build argument 'catkin_skip_building_tests' from command line to 'False'
[0.516s] DEBUG:colcon.colcon_core.verb:Building package 'arduinobot_controller' with the following arguments: {'ament_cmake_args': None, 'build_base': '/home/pbk/arduinobot_ws/build/arduinobot_controller', 'catkin_cmake_args': None, 'catkin_skip_building_tests': False, 'cmake_args': None, 'cmake_clean_cache': False, 'cmake_clean_first': False, 'cmake_force_configure': False, 'cmake_target': None, 'cmake_target_skip_unavailable': False, 'install_base': '/home/pbk/arduinobot_ws/install/arduinobot_controller', 'merge_install': False, 'path': '/home/pbk/arduinobot_ws/src/arduinobot_controller', 'symlink_install': False, 'test_result_base': None}
[0.516s] Level 5:colcon.colcon_core.verb:set package 'arduinobot_description' build argument 'cmake_args' from command line to 'None'
[0.516s] Level 5:colcon.colcon_core.verb:set package 'arduinobot_description' build argument 'cmake_target' from command line to 'None'
[0.516s] Level 5:colcon.colcon_core.verb:set package 'arduinobot_description' build argument 'cmake_target_skip_unavailable' from command line to 'False'
[0.516s] Level 5:colcon.colcon_core.verb:set package 'arduinobot_description' build argument 'cmake_clean_cache' from command line to 'False'
[0.516s] Level 5:colcon.colcon_core.verb:set package 'arduinobot_description' build argument 'cmake_clean_first' from command line to 'False'
[0.516s] Level 5:colcon.colcon_core.verb:set package 'arduinobot_description' build argument 'cmake_force_configure' from command line to 'False'
[0.516s] Level 5:colcon.colcon_core.verb:set package 'arduinobot_description' build argument 'ament_cmake_args' from command line to 'None'
[0.516s] Level 5:colcon.colcon_core.verb:set package 'arduinobot_description' build argument 'catkin_cmake_args' from command line to 'None'
[0.516s] Level 5:colcon.colcon_core.verb:set package 'arduinobot_description' build argument 'catkin_skip_building_tests' from command line to 'False'
[0.516s] DEBUG:colcon.colcon_core.verb:Building package 'arduinobot_description' with the following arguments: {'ament_cmake_args': None, 'build_base': '/home/pbk/arduinobot_ws/build/arduinobot_description', 'catkin_cmake_args': None, 'catkin_skip_building_tests': False, 'cmake_args': None, 'cmake_clean_cache': False, 'cmake_clean_first': False, 'cmake_force_configure': False, 'cmake_target': None, 'cmake_target_skip_unavailable': False, 'install_base': '/home/pbk/arduinobot_ws/install/arduinobot_description', 'merge_install': False, 'path': '/home/pbk/arduinobot_ws/src/arduinobot_description', 'symlink_install': False, 'test_result_base': None}
[0.516s] Level 5:colcon.colcon_core.verb:set package 'arduinobot_msgs' build argument 'cmake_args' from command line to 'None'
[0.516s] Level 5:colcon.colcon_core.verb:set package 'arduinobot_msgs' build argument 'cmake_target' from command line to 'None'
[0.516s] Level 5:colcon.colcon_core.verb:set package 'arduinobot_msgs' build argument 'cmake_target_skip_unavailable' from command line to 'False'
[0.517s] Level 5:colcon.colcon_core.verb:set package 'arduinobot_msgs' build argument 'cmake_clean_cache' from command line to 'False'
[0.517s] Level 5:colcon.colcon_core.verb:set package 'arduinobot_msgs' build argument 'cmake_clean_first' from command line to 'False'
[0.517s] Level 5:colcon.colcon_core.verb:set package 'arduinobot_msgs' build argument 'cmake_force_configure' from command line to 'False'
[0.517s] Level 5:colcon.colcon_core.verb:set package 'arduinobot_msgs' build argument 'ament_cmake_args' from command line to 'None'
[0.517s] Level 5:colcon.colcon_core.verb:set package 'arduinobot_msgs' build argument 'catkin_cmake_args' from command line to 'None'
[0.517s] Level 5:colcon.colcon_core.verb:set package 'arduinobot_msgs' build argument 'catkin_skip_building_tests' from command line to 'False'
[0.517s] DEBUG:colcon.colcon_core.verb:Building package 'arduinobot_msgs' with the following arguments: {'ament_cmake_args': None, 'build_base': '/home/pbk/arduinobot_ws/build/arduinobot_msgs', 'catkin_cmake_args': None, 'catkin_skip_building_tests': False, 'cmake_args': None, 'cmake_clean_cache': False, 'cmake_clean_first': False, 'cmake_force_configure': False, 'cmake_target': None, 'cmake_target_skip_unavailable': False, 'install_base': '/home/pbk/arduinobot_ws/install/arduinobot_msgs', 'merge_install': False, 'path': '/home/pbk/arduinobot_ws/src/arduinobot_msgs', 'symlink_install': False, 'test_result_base': None}
[0.517s] Level 5:colcon.colcon_core.verb:set package 'arduinobot_cpp_examples' build argument 'cmake_args' from command line to 'None'
[0.517s] Level 5:colcon.colcon_core.verb:set package 'arduinobot_cpp_examples' build argument 'cmake_target' from command line to 'None'
[0.517s] Level 5:colcon.colcon_core.verb:set package 'arduinobot_cpp_examples' build argument 'cmake_target_skip_unavailable' from command line to 'False'
[0.517s] Level 5:colcon.colcon_core.verb:set package 'arduinobot_cpp_examples' build argument 'cmake_clean_cache' from command line to 'False'
[0.517s] Level 5:colcon.colcon_core.verb:set package 'arduinobot_cpp_examples' build argument 'cmake_clean_first' from command line to 'False'
[0.517s] Level 5:colcon.colcon_core.verb:set package 'arduinobot_cpp_examples' build argument 'cmake_force_configure' from command line to 'False'
[0.517s] Level 5:colcon.colcon_core.verb:set package 'arduinobot_cpp_examples' build argument 'ament_cmake_args' from command line to 'None'
[0.517s] Level 5:colcon.colcon_core.verb:set package 'arduinobot_cpp_examples' build argument 'catkin_cmake_args' from command line to 'None'
[0.517s] Level 5:colcon.colcon_core.verb:set package 'arduinobot_cpp_examples' build argument 'catkin_skip_building_tests' from command line to 'False'
[0.517s] DEBUG:colcon.colcon_core.verb:Building package 'arduinobot_cpp_examples' with the following arguments: {'ament_cmake_args': None, 'build_base': '/home/pbk/arduinobot_ws/build/arduinobot_cpp_examples', 'catkin_cmake_args': None, 'catkin_skip_building_tests': False, 'cmake_args': None, 'cmake_clean_cache': False, 'cmake_clean_first': False, 'cmake_force_configure': False, 'cmake_target': None, 'cmake_target_skip_unavailable': False, 'install_base': '/home/pbk/arduinobot_ws/install/arduinobot_cpp_examples', 'merge_install': False, 'path': '/home/pbk/arduinobot_ws/src/arduinobot_cpp_examples', 'symlink_install': False, 'test_result_base': None}
[0.517s] Level 5:colcon.colcon_core.verb:set package 'arduinobot_py_examples' build argument 'cmake_args' from command line to 'None'
[0.517s] Level 5:colcon.colcon_core.verb:set package 'arduinobot_py_examples' build argument 'cmake_target' from command line to 'None'
[0.517s] Level 5:colcon.colcon_core.verb:set package 'arduinobot_py_examples' build argument 'cmake_target_skip_unavailable' from command line to 'False'
[0.517s] Level 5:colcon.colcon_core.verb:set package 'arduinobot_py_examples' build argument 'cmake_clean_cache' from command line to 'False'
[0.517s] Level 5:colcon.colcon_core.verb:set package 'arduinobot_py_examples' build argument 'cmake_clean_first' from command line to 'False'
[0.517s] Level 5:colcon.colcon_core.verb:set package 'arduinobot_py_examples' build argument 'cmake_force_configure' from command line to 'False'
[0.517s] Level 5:colcon.colcon_core.verb:set package 'arduinobot_py_examples' build argument 'ament_cmake_args' from command line to 'None'
[0.517s] Level 5:colcon.colcon_core.verb:set package 'arduinobot_py_examples' build argument 'catkin_cmake_args' from command line to 'None'
[0.517s] Level 5:colcon.colcon_core.verb:set package 'arduinobot_py_examples' build argument 'catkin_skip_building_tests' from command line to 'False'
[0.517s] DEBUG:colcon.colcon_core.verb:Building package 'arduinobot_py_examples' with the following arguments: {'ament_cmake_args': None, 'build_base': '/home/pbk/arduinobot_ws/build/arduinobot_py_examples', 'catkin_cmake_args': None, 'catkin_skip_building_tests': False, 'cmake_args': None, 'cmake_clean_cache': False, 'cmake_clean_first': False, 'cmake_force_configure': False, 'cmake_target': None, 'cmake_target_skip_unavailable': False, 'install_base': '/home/pbk/arduinobot_ws/install/arduinobot_py_examples', 'merge_install': False, 'path': '/home/pbk/arduinobot_ws/src/arduinobot_py_examples', 'symlink_install': False, 'test_result_base': None}
[0.517s] Level 5:colcon.colcon_core.verb:set package 'arduinobot_utils' build argument 'cmake_args' from command line to 'None'
[0.517s] Level 5:colcon.colcon_core.verb:set package 'arduinobot_utils' build argument 'cmake_target' from command line to 'None'
[0.517s] Level 5:colcon.colcon_core.verb:set package 'arduinobot_utils' build argument 'cmake_target_skip_unavailable' from command line to 'False'
[0.517s] Level 5:colcon.colcon_core.verb:set package 'arduinobot_utils' build argument 'cmake_clean_cache' from command line to 'False'
[0.517s] Level 5:colcon.colcon_core.verb:set package 'arduinobot_utils' build argument 'cmake_clean_first' from command line to 'False'
[0.517s] Level 5:colcon.colcon_core.verb:set package 'arduinobot_utils' build argument 'cmake_force_configure' from command line to 'False'
[0.517s] Level 5:colcon.colcon_core.verb:set package 'arduinobot_utils' build argument 'ament_cmake_args' from command line to 'None'
[0.517s] Level 5:colcon.colcon_core.verb:set package 'arduinobot_utils' build argument 'catkin_cmake_args' from command line to 'None'
[0.517s] Level 5:colcon.colcon_core.verb:set package 'arduinobot_utils' build argument 'catkin_skip_building_tests' from command line to 'False'
[0.518s] DEBUG:colcon.colcon_core.verb:Building package 'arduinobot_utils' with the following arguments: {'ament_cmake_args': None, 'build_base': '/home/pbk/arduinobot_ws/build/arduinobot_utils', 'catkin_cmake_args': None, 'catkin_skip_building_tests': False, 'cmake_args': None, 'cmake_clean_cache': False, 'cmake_clean_first': False, 'cmake_force_configure': False, 'cmake_target': None, 'cmake_target_skip_unavailable': False, 'install_base': '/home/pbk/arduinobot_ws/install/arduinobot_utils', 'merge_install': False, 'path': '/home/pbk/arduinobot_ws/src/arduinobot_utils', 'symlink_install': False, 'test_result_base': None}
[0.518s] INFO:colcon.colcon_core.executor:Executing jobs using 'parallel' executor
[0.518s] DEBUG:colcon.colcon_parallel_executor.executor.parallel:run_until_complete
[0.519s] INFO:colcon.colcon_ros.task.ament_cmake.build:Building ROS package in '/home/pbk/arduinobot_ws/src/arduinobot_msgs' with build type 'ament_cmake'
[0.519s] INFO:colcon.colcon_cmake.task.cmake.build:Building CMake package in '/home/pbk/arduinobot_ws/src/arduinobot_msgs'
[0.523s] INFO:colcon.colcon_core.plugin_system:Skipping extension 'colcon_core.shell.bat': Not used on non-Windows systems
[0.523s] INFO:colcon.colcon_core.shell:Skip shell extension 'powershell' for command environment: Not usable outside of PowerShell
[0.523s] DEBUG:colcon.colcon_core.shell:Skip shell extension 'dsv' for command environment
[0.526s] INFO:colcon.colcon_ros.task.ament_cmake.build:Building ROS package in '/home/pbk/arduinobot_ws/src/arduinobot_controller' with build type 'ament_cmake'
[0.526s] INFO:colcon.colcon_cmake.task.cmake.build:Building CMake package in '/home/pbk/arduinobot_ws/src/arduinobot_controller'
[0.526s] INFO:colcon.colcon_core.shell:Skip shell extension 'powershell' for command environment: Not usable outside of PowerShell
[0.526s] DEBUG:colcon.colcon_core.shell:Skip shell extension 'dsv' for command environment
[0.529s] INFO:colcon.colcon_ros.task.ament_cmake.build:Building ROS package in '/home/pbk/arduinobot_ws/src/arduinobot_description' with build type 'ament_cmake'
[0.529s] INFO:colcon.colcon_cmake.task.cmake.build:Building CMake package in '/home/pbk/arduinobot_ws/src/arduinobot_description'
[0.529s] INFO:colcon.colcon_core.shell:Skip shell extension 'powershell' for command environment: Not usable outside of PowerShell
[0.530s] DEBUG:colcon.colcon_core.shell:Skip shell extension 'dsv' for command environment
[0.537s] DEBUG:colcon.colcon_core.event_handler.log_command:Invoking command in '/home/pbk/arduinobot_ws/build/arduinobot_msgs': CMAKE_PREFIX_PATH=${CMAKE_PREFIX_PATH}:/home/pbk/arduinobot_ws/install/arduinobot_py_examples:/opt/ros/humble /usr/bin/cmake --build /home/pbk/arduinobot_ws/build/arduinobot_msgs -- -j20 -l20
[0.544s] DEBUG:colcon.colcon_core.event_handler.log_command:Invoking command in '/home/pbk/arduinobot_ws/build/arduinobot_controller': CMAKE_PREFIX_PATH=${CMAKE_PREFIX_PATH}:/home/pbk/arduinobot_ws/install/arduinobot_py_examples:/opt/ros/humble /usr/bin/cmake --build /home/pbk/arduinobot_ws/build/arduinobot_controller -- -j20 -l20
[0.550s] DEBUG:colcon.colcon_core.event_handler.log_command:Invoking command in '/home/pbk/arduinobot_ws/build/arduinobot_description': CMAKE_PREFIX_PATH=${CMAKE_PREFIX_PATH}:/home/pbk/arduinobot_ws/install/arduinobot_py_examples:/opt/ros/humble /usr/bin/cmake --build /home/pbk/arduinobot_ws/build/arduinobot_description -- -j20 -l20
[0.566s] DEBUG:colcon.colcon_core.event_handler.log_command:Invoked command in '/home/pbk/arduinobot_ws/build/arduinobot_controller' returned '0': CMAKE_PREFIX_PATH=${CMAKE_PREFIX_PATH}:/home/pbk/arduinobot_ws/install/arduinobot_py_examples:/opt/ros/humble /usr/bin/cmake --build /home/pbk/arduinobot_ws/build/arduinobot_controller -- -j20 -l20
[0.569s] DEBUG:colcon.colcon_core.event_handler.log_command:Invoked command in '/home/pbk/arduinobot_ws/build/arduinobot_description' returned '0': CMAKE_PREFIX_PATH=${CMAKE_PREFIX_PATH}:/home/pbk/arduinobot_ws/install/arduinobot_py_examples:/opt/ros/humble /usr/bin/cmake --build /home/pbk/arduinobot_ws/build/arduinobot_description -- -j20 -l20
[0.587s] DEBUG:colcon.colcon_core.event_handler.log_command:Invoking command in '/home/pbk/arduinobot_ws/build/arduinobot_controller': CMAKE_PREFIX_PATH=${CMAKE_PREFIX_PATH}:/home/pbk/arduinobot_ws/install/arduinobot_py_examples:/opt/ros/humble /usr/bin/cmake --install /home/pbk/arduinobot_ws/build/arduinobot_controller
[0.590s] DEBUG:colcon.colcon_core.event_handler.log_command:Invoking command in '/home/pbk/arduinobot_ws/build/arduinobot_description': CMAKE_PREFIX_PATH=${CMAKE_PREFIX_PATH}:/home/pbk/arduinobot_ws/install/arduinobot_py_examples:/opt/ros/humble /usr/bin/cmake --install /home/pbk/arduinobot_ws/build/arduinobot_description
[0.597s] Level 1:colcon.colcon_core.environment:create_environment_scripts_only(arduinobot_controller)
[0.602s] DEBUG:colcon.colcon_core.event_handler.log_command:Invoked command in '/home/pbk/arduinobot_ws/build/arduinobot_controller' returned '0': CMAKE_PREFIX_PATH=${CMAKE_PREFIX_PATH}:/home/pbk/arduinobot_ws/install/arduinobot_py_examples:/opt/ros/humble /usr/bin/cmake --install /home/pbk/arduinobot_ws/build/arduinobot_controller
[0.606s] Level 1:colcon.colcon_core.environment:checking '/home/pbk/arduinobot_ws/install/arduinobot_controller' for CMake module files
[0.607s] Level 1:colcon.colcon_core.environment:checking '/home/pbk/arduinobot_ws/install/arduinobot_controller' for CMake config files
[0.607s] Level 1:colcon.colcon_core.shell:create_environment_hook('arduinobot_controller', 'cmake_prefix_path')
[0.607s] INFO:colcon.colcon_core.shell:Creating environment hook '/home/pbk/arduinobot_ws/install/arduinobot_controller/share/arduinobot_controller/hook/cmake_prefix_path.ps1'
[0.608s] INFO:colcon.colcon_core.shell:Creating environment descriptor '/home/pbk/arduinobot_ws/install/arduinobot_controller/share/arduinobot_controller/hook/cmake_prefix_path.dsv'
[0.608s] INFO:colcon.colcon_core.shell:Creating environment hook '/home/pbk/arduinobot_ws/install/arduinobot_controller/share/arduinobot_controller/hook/cmake_prefix_path.sh'
[0.609s] Level 1:colcon.colcon_core.environment:checking '/home/pbk/arduinobot_ws/install/arduinobot_controller/bin'
[0.609s] Level 1:colcon.colcon_core.environment:checking '/home/pbk/arduinobot_ws/install/arduinobot_controller/lib/pkgconfig/arduinobot_controller.pc'
[0.609s] Level 1:colcon.colcon_core.environment:checking '/home/pbk/arduinobot_ws/install/arduinobot_controller/lib/python3.10/site-packages'
[0.609s] Level 1:colcon.colcon_core.environment:checking '/home/pbk/arduinobot_ws/install/arduinobot_controller/bin'
[0.609s] INFO:colcon.colcon_core.shell:Creating package script '/home/pbk/arduinobot_ws/install/arduinobot_controller/share/arduinobot_controller/package.ps1'
[0.610s] INFO:colcon.colcon_core.shell:Creating package descriptor '/home/pbk/arduinobot_ws/install/arduinobot_controller/share/arduinobot_controller/package.dsv'
[0.611s] INFO:colcon.colcon_core.shell:Creating package script '/home/pbk/arduinobot_ws/install/arduinobot_controller/share/arduinobot_controller/package.sh'
[0.612s] INFO:colcon.colcon_core.shell:Creating package script '/home/pbk/arduinobot_ws/install/arduinobot_controller/share/arduinobot_controller/package.bash'
[0.612s] INFO:colcon.colcon_core.shell:Creating package script '/home/pbk/arduinobot_ws/install/arduinobot_controller/share/arduinobot_controller/package.zsh'
[0.613s] Level 1:colcon.colcon_core.environment:create_file_with_runtime_dependencies(/home/pbk/arduinobot_ws/install/arduinobot_controller/share/colcon-core/packages/arduinobot_controller)
[0.615s] Level 1:colcon.colcon_core.environment:create_environment_scripts_only(arduinobot_description)
[0.615s] DEBUG:colcon.colcon_core.event_handler.log_command:Invoked command in '/home/pbk/arduinobot_ws/build/arduinobot_description' returned '0': CMAKE_PREFIX_PATH=${CMAKE_PREFIX_PATH}:/home/pbk/arduinobot_ws/install/arduinobot_py_examples:/opt/ros/humble /usr/bin/cmake --install /home/pbk/arduinobot_ws/build/arduinobot_description
[0.615s] Level 1:colcon.colcon_core.environment:checking '/home/pbk/arduinobot_ws/install/arduinobot_description' for CMake module files
[0.615s] Level 1:colcon.colcon_core.environment:checking '/home/pbk/arduinobot_ws/install/arduinobot_description' for CMake config files
[0.616s] Level 1:colcon.colcon_core.shell:create_environment_hook('arduinobot_description', 'cmake_prefix_path')
[0.616s] INFO:colcon.colcon_core.shell:Creating environment hook '/home/pbk/arduinobot_ws/install/arduinobot_description/share/arduinobot_description/hook/cmake_prefix_path.ps1'
[0.616s] INFO:colcon.colcon_core.shell:Creating environment descriptor '/home/pbk/arduinobot_ws/install/arduinobot_description/share/arduinobot_description/hook/cmake_prefix_path.dsv'
[0.616s] INFO:colcon.colcon_core.shell:Creating environment hook '/home/pbk/arduinobot_ws/install/arduinobot_description/share/arduinobot_description/hook/cmake_prefix_path.sh'
[0.616s] Level 1:colcon.colcon_core.environment:checking '/home/pbk/arduinobot_ws/install/arduinobot_description/bin'
[0.616s] Level 1:colcon.colcon_core.environment:checking '/home/pbk/arduinobot_ws/install/arduinobot_description/lib/pkgconfig/arduinobot_description.pc'
[0.617s] Level 1:colcon.colcon_core.environment:checking '/home/pbk/arduinobot_ws/install/arduinobot_description/lib/python3.10/site-packages'
[0.617s] Level 1:colcon.colcon_core.environment:checking '/home/pbk/arduinobot_ws/install/arduinobot_description/bin'
[0.617s] INFO:colcon.colcon_core.shell:Creating package script '/home/pbk/arduinobot_ws/install/arduinobot_description/share/arduinobot_description/package.ps1'
[0.617s] INFO:colcon.colcon_core.shell:Creating package descriptor '/home/pbk/arduinobot_ws/install/arduinobot_description/share/arduinobot_description/package.dsv'
[0.617s] INFO:colcon.colcon_core.shell:Creating package script '/home/pbk/arduinobot_ws/install/arduinobot_description/share/arduinobot_description/package.sh'
[0.618s] INFO:colcon.colcon_core.shell:Creating package script '/home/pbk/arduinobot_ws/install/arduinobot_description/share/arduinobot_description/package.bash'
[0.618s] INFO:colcon.colcon_core.shell:Creating package script '/home/pbk/arduinobot_ws/install/arduinobot_description/share/arduinobot_description/package.zsh'
[0.618s] Level 1:colcon.colcon_core.environment:create_file_with_runtime_dependencies(/home/pbk/arduinobot_ws/install/arduinobot_description/share/colcon-core/packages/arduinobot_description)
[0.628s] Level 1:colcon.colcon_core.environment:create_environment_scripts_only(arduinobot_controller)
[0.628s] Level 1:colcon.colcon_core.environment:checking '/home/pbk/arduinobot_ws/install/arduinobot_controller' for CMake module files
[0.628s] Level 1:colcon.colcon_core.environment:checking '/home/pbk/arduinobot_ws/install/arduinobot_controller' for CMake config files
[0.628s] Level 1:colcon.colcon_core.shell:create_environment_hook('arduinobot_controller', 'cmake_prefix_path')
[0.628s] INFO:colcon.colcon_core.shell:Creating environment hook '/home/pbk/arduinobot_ws/install/arduinobot_controller/share/arduinobot_controller/hook/cmake_prefix_path.ps1'
[0.629s] INFO:colcon.colcon_core.shell:Creating environment descriptor '/home/pbk/arduinobot_ws/install/arduinobot_controller/share/arduinobot_controller/hook/cmake_prefix_path.dsv'
[0.629s] INFO:colcon.colcon_core.shell:Creating environment hook '/home/pbk/arduinobot_ws/install/arduinobot_controller/share/arduinobot_controller/hook/cmake_prefix_path.sh'
[0.629s] Level 1:colcon.colcon_core.environment:checking '/home/pbk/arduinobot_ws/install/arduinobot_controller/bin'
[0.629s] Level 1:colcon.colcon_core.environment:checking '/home/pbk/arduinobot_ws/install/arduinobot_controller/lib/pkgconfig/arduinobot_controller.pc'
[0.630s] Level 1:colcon.colcon_core.environment:checking '/home/pbk/arduinobot_ws/install/arduinobot_controller/lib/python3.10/site-packages'
[0.630s] Level 1:colcon.colcon_core.environment:checking '/home/pbk/arduinobot_ws/install/arduinobot_controller/bin'
[0.630s] INFO:colcon.colcon_core.shell:Creating package script '/home/pbk/arduinobot_ws/install/arduinobot_controller/share/arduinobot_controller/package.ps1'
[0.630s] INFO:colcon.colcon_core.shell:Creating package descriptor '/home/pbk/arduinobot_ws/install/arduinobot_controller/share/arduinobot_controller/package.dsv'
[0.630s] INFO:colcon.colcon_core.shell:Creating package script '/home/pbk/arduinobot_ws/install/arduinobot_controller/share/arduinobot_controller/package.sh'
[0.631s] INFO:colcon.colcon_core.shell:Creating package script '/home/pbk/arduinobot_ws/install/arduinobot_controller/share/arduinobot_controller/package.bash'
[0.631s] INFO:colcon.colcon_core.shell:Creating package script '/home/pbk/arduinobot_ws/install/arduinobot_controller/share/arduinobot_controller/package.zsh'
[0.631s] Level 1:colcon.colcon_core.environment:create_file_with_runtime_dependencies(/home/pbk/arduinobot_ws/install/arduinobot_controller/share/colcon-core/packages/arduinobot_controller)
[0.632s] Level 1:colcon.colcon_core.environment:create_environment_scripts_only(arduinobot_description)
[0.632s] Level 1:colcon.colcon_core.environment:checking '/home/pbk/arduinobot_ws/install/arduinobot_description' for CMake module files
[0.633s] Level 1:colcon.colcon_core.environment:checking '/home/pbk/arduinobot_ws/install/arduinobot_description' for CMake config files
[0.633s] Level 1:colcon.colcon_core.shell:create_environment_hook('arduinobot_description', 'cmake_prefix_path')
[0.634s] INFO:colcon.colcon_core.shell:Creating environment hook '/home/pbk/arduinobot_ws/install/arduinobot_description/share/arduinobot_description/hook/cmake_prefix_path.ps1'
[0.634s] INFO:colcon.colcon_core.shell:Creating environment descriptor '/home/pbk/arduinobot_ws/install/arduinobot_description/share/arduinobot_description/hook/cmake_prefix_path.dsv'
[0.634s] INFO:colcon.colcon_core.shell:Creating environment hook '/home/pbk/arduinobot_ws/install/arduinobot_description/share/arduinobot_description/hook/cmake_prefix_path.sh'
[0.635s] Level 1:colcon.colcon_core.environment:checking '/home/pbk/arduinobot_ws/install/arduinobot_description/bin'
[0.635s] Level 1:colcon.colcon_core.environment:checking '/home/pbk/arduinobot_ws/install/arduinobot_description/lib/pkgconfig/arduinobot_description.pc'
[0.635s] Level 1:colcon.colcon_core.environment:checking '/home/pbk/arduinobot_ws/install/arduinobot_description/lib/python3.10/site-packages'
[0.636s] Level 1:colcon.colcon_core.environment:checking '/home/pbk/arduinobot_ws/install/arduinobot_description/bin'
[0.636s] INFO:colcon.colcon_core.shell:Creating package script '/home/pbk/arduinobot_ws/install/arduinobot_description/share/arduinobot_description/package.ps1'
[0.637s] INFO:colcon.colcon_core.shell:Creating package descriptor '/home/pbk/arduinobot_ws/install/arduinobot_description/share/arduinobot_description/package.dsv'
[0.637s] INFO:colcon.colcon_core.shell:Creating package script '/home/pbk/arduinobot_ws/install/arduinobot_description/share/arduinobot_description/package.sh'
[0.637s] INFO:colcon.colcon_core.shell:Creating package script '/home/pbk/arduinobot_ws/install/arduinobot_description/share/arduinobot_description/package.bash'
[0.638s] INFO:colcon.colcon_core.shell:Creating package script '/home/pbk/arduinobot_ws/install/arduinobot_description/share/arduinobot_description/package.zsh'
[0.638s] Level 1:colcon.colcon_core.environment:create_file_with_runtime_dependencies(/home/pbk/arduinobot_ws/install/arduinobot_description/share/colcon-core/packages/arduinobot_description)
[0.756s] DEBUG:colcon.colcon_core.event_handler.log_command:Invoked command in '/home/pbk/arduinobot_ws/build/arduinobot_msgs' returned '0': CMAKE_PREFIX_PATH=${CMAKE_PREFIX_PATH}:/home/pbk/arduinobot_ws/install/arduinobot_py_examples:/opt/ros/humble /usr/bin/cmake --build /home/pbk/arduinobot_ws/build/arduinobot_msgs -- -j20 -l20
[0.808s] DEBUG:colcon.colcon_core.event_handler.log_command:Invoking command in '/home/pbk/arduinobot_ws/build/arduinobot_msgs': CMAKE_PREFIX_PATH=${CMAKE_PREFIX_PATH}:/home/pbk/arduinobot_ws/install/arduinobot_py_examples:/opt/ros/humble /usr/bin/cmake --install /home/pbk/arduinobot_ws/build/arduinobot_msgs
[0.863s] Level 1:colcon.colcon_core.environment:create_environment_scripts_only(arduinobot_msgs)
[0.864s] Level 1:colcon.colcon_core.environment:checking '/home/pbk/arduinobot_ws/install/arduinobot_msgs' for CMake module files
[0.864s] DEBUG:colcon.colcon_core.event_handler.log_command:Invoked command in '/home/pbk/arduinobot_ws/build/arduinobot_msgs' returned '0': CMAKE_PREFIX_PATH=${CMAKE_PREFIX_PATH}:/home/pbk/arduinobot_ws/install/arduinobot_py_examples:/opt/ros/humble /usr/bin/cmake --install /home/pbk/arduinobot_ws/build/arduinobot_msgs
[0.865s] Level 1:colcon.colcon_core.environment:checking '/home/pbk/arduinobot_ws/install/arduinobot_msgs' for CMake config files
[0.865s] Level 1:colcon.colcon_core.shell:create_environment_hook('arduinobot_msgs', 'cmake_prefix_path')
[0.866s] INFO:colcon.colcon_core.shell:Creating environment hook '/home/pbk/arduinobot_ws/install/arduinobot_msgs/share/arduinobot_msgs/hook/cmake_prefix_path.ps1'
[0.866s] INFO:colcon.colcon_core.shell:Creating environment descriptor '/home/pbk/arduinobot_ws/install/arduinobot_msgs/share/arduinobot_msgs/hook/cmake_prefix_path.dsv'
[0.866s] INFO:colcon.colcon_core.shell:Creating environment hook '/home/pbk/arduinobot_ws/install/arduinobot_msgs/share/arduinobot_msgs/hook/cmake_prefix_path.sh'
[0.867s] Level 1:colcon.colcon_core.environment:checking '/home/pbk/arduinobot_ws/install/arduinobot_msgs/lib'
[0.867s] Level 1:colcon.colcon_core.shell:create_environment_hook('arduinobot_msgs', 'ld_library_path_lib')
[0.867s] INFO:colcon.colcon_core.shell:Creating environment hook '/home/pbk/arduinobot_ws/install/arduinobot_msgs/share/arduinobot_msgs/hook/ld_library_path_lib.ps1'
[0.868s] INFO:colcon.colcon_core.shell:Creating environment descriptor '/home/pbk/arduinobot_ws/install/arduinobot_msgs/share/arduinobot_msgs/hook/ld_library_path_lib.dsv'
[0.868s] INFO:colcon.colcon_core.shell:Creating environment hook '/home/pbk/arduinobot_ws/install/arduinobot_msgs/share/arduinobot_msgs/hook/ld_library_path_lib.sh'
[0.868s] Level 1:colcon.colcon_core.environment:checking '/home/pbk/arduinobot_ws/install/arduinobot_msgs/bin'
[0.868s] Level 1:colcon.colcon_core.environment:checking '/home/pbk/arduinobot_ws/install/arduinobot_msgs/lib/pkgconfig/arduinobot_msgs.pc'
[0.868s] Level 1:colcon.colcon_core.environment:checking '/home/pbk/arduinobot_ws/install/arduinobot_msgs/lib/python3.10/site-packages'
[0.868s] Level 1:colcon.colcon_core.environment:checking '/home/pbk/arduinobot_ws/install/arduinobot_msgs/bin'
[0.869s] INFO:colcon.colcon_core.shell:Creating package script '/home/pbk/arduinobot_ws/install/arduinobot_msgs/share/arduinobot_msgs/package.ps1'
[0.869s] INFO:colcon.colcon_core.shell:Creating package descriptor '/home/pbk/arduinobot_ws/install/arduinobot_msgs/share/arduinobot_msgs/package.dsv'
[0.869s] INFO:colcon.colcon_core.shell:Creating package script '/home/pbk/arduinobot_ws/install/arduinobot_msgs/share/arduinobot_msgs/package.sh'
[0.870s] INFO:colcon.colcon_core.shell:Creating package script '/home/pbk/arduinobot_ws/install/arduinobot_msgs/share/arduinobot_msgs/package.bash'
[0.870s] INFO:colcon.colcon_core.shell:Creating package script '/home/pbk/arduinobot_ws/install/arduinobot_msgs/share/arduinobot_msgs/package.zsh'
[0.870s] Level 1:colcon.colcon_core.environment:create_file_with_runtime_dependencies(/home/pbk/arduinobot_ws/install/arduinobot_msgs/share/colcon-core/packages/arduinobot_msgs)
[0.927s] Level 1:colcon.colcon_core.environment:create_environment_scripts_only(arduinobot_msgs)
[0.927s] Level 1:colcon.colcon_core.environment:checking '/home/pbk/arduinobot_ws/install/arduinobot_msgs' for CMake module files
[0.927s] Level 1:colcon.colcon_core.environment:checking '/home/pbk/arduinobot_ws/install/arduinobot_msgs' for CMake config files
[0.928s] Level 1:colcon.colcon_core.shell:create_environment_hook('arduinobot_msgs', 'cmake_prefix_path')
[0.928s] INFO:colcon.colcon_core.shell:Creating environment hook '/home/pbk/arduinobot_ws/install/arduinobot_msgs/share/arduinobot_msgs/hook/cmake_prefix_path.ps1'
[0.928s] INFO:colcon.colcon_core.shell:Creating environment descriptor '/home/pbk/arduinobot_ws/install/arduinobot_msgs/share/arduinobot_msgs/hook/cmake_prefix_path.dsv'
[0.928s] INFO:colcon.colcon_core.shell:Creating environment hook '/home/pbk/arduinobot_ws/install/arduinobot_msgs/share/arduinobot_msgs/hook/cmake_prefix_path.sh'
[0.929s] Level 1:colcon.colcon_core.environment:checking '/home/pbk/arduinobot_ws/install/arduinobot_msgs/lib'
[0.929s] Level 1:colcon.colcon_core.shell:create_environment_hook('arduinobot_msgs', 'ld_library_path_lib')
[0.929s] INFO:colcon.colcon_core.shell:Creating environment hook '/home/pbk/arduinobot_ws/install/arduinobot_msgs/share/arduinobot_msgs/hook/ld_library_path_lib.ps1'
[0.929s] INFO:colcon.colcon_core.shell:Creating environment descriptor '/home/pbk/arduinobot_ws/install/arduinobot_msgs/share/arduinobot_msgs/hook/ld_library_path_lib.dsv'
[0.929s] INFO:colcon.colcon_core.shell:Creating environment hook '/home/pbk/arduinobot_ws/install/arduinobot_msgs/share/arduinobot_msgs/hook/ld_library_path_lib.sh'
[0.930s] Level 1:colcon.colcon_core.environment:checking '/home/pbk/arduinobot_ws/install/arduinobot_msgs/bin'
[0.930s] Level 1:colcon.colcon_core.environment:checking '/home/pbk/arduinobot_ws/install/arduinobot_msgs/lib/pkgconfig/arduinobot_msgs.pc'
[0.930s] Level 1:colcon.colcon_core.environment:checking '/home/pbk/arduinobot_ws/install/arduinobot_msgs/lib/python3.10/site-packages'
[0.930s] Level 1:colcon.colcon_core.environment:checking '/home/pbk/arduinobot_ws/install/arduinobot_msgs/bin'
[0.930s] INFO:colcon.colcon_core.shell:Creating package script '/home/pbk/arduinobot_ws/install/arduinobot_msgs/share/arduinobot_msgs/package.ps1'
[0.930s] INFO:colcon.colcon_core.shell:Creating package descriptor '/home/pbk/arduinobot_ws/install/arduinobot_msgs/share/arduinobot_msgs/package.dsv'
[0.931s] INFO:colcon.colcon_core.shell:Creating package script '/home/pbk/arduinobot_ws/install/arduinobot_msgs/share/arduinobot_msgs/package.sh'
[0.931s] INFO:colcon.colcon_core.shell:Creating package script '/home/pbk/arduinobot_ws/install/arduinobot_msgs/share/arduinobot_msgs/package.bash'
[0.931s] INFO:colcon.colcon_core.shell:Creating package script '/home/pbk/arduinobot_ws/install/arduinobot_msgs/share/arduinobot_msgs/package.zsh'
[0.931s] Level 1:colcon.colcon_core.environment:create_file_with_runtime_dependencies(/home/pbk/arduinobot_ws/install/arduinobot_msgs/share/colcon-core/packages/arduinobot_msgs)
[0.932s] INFO:colcon.colcon_ros.task.ament_cmake.build:Building ROS package in '/home/pbk/arduinobot_ws/src/arduinobot_cpp_examples' with build type 'ament_cmake'
[0.932s] INFO:colcon.colcon_cmake.task.cmake.build:Building CMake package in '/home/pbk/arduinobot_ws/src/arduinobot_cpp_examples'
[0.932s] INFO:colcon.colcon_core.shell:Skip shell extension 'powershell' for command environment: Not usable outside of PowerShell
[0.932s] DEBUG:colcon.colcon_core.shell:Skip shell extension 'dsv' for command environment
[0.936s] INFO:colcon.colcon_ros.task.ament_python.build:Building ROS package in '/home/pbk/arduinobot_ws/src/arduinobot_py_examples' with build type 'ament_python'
[0.936s] Level 1:colcon.colcon_core.shell:create_environment_hook('arduinobot_py_examples', 'ament_prefix_path')
[0.936s] INFO:colcon.colcon_core.shell:Creating environment hook '/home/pbk/arduinobot_ws/install/arduinobot_py_examples/share/arduinobot_py_examples/hook/ament_prefix_path.ps1'
[0.937s] INFO:colcon.colcon_core.shell:Creating environment descriptor '/home/pbk/arduinobot_ws/install/arduinobot_py_examples/share/arduinobot_py_examples/hook/ament_prefix_path.dsv'
[0.937s] INFO:colcon.colcon_core.shell:Creating environment hook '/home/pbk/arduinobot_ws/install/arduinobot_py_examples/share/arduinobot_py_examples/hook/ament_prefix_path.sh'
[0.937s] INFO:colcon.colcon_core.shell:Skip shell extension 'powershell' for command environment: Not usable outside of PowerShell
[0.937s] DEBUG:colcon.colcon_core.shell:Skip shell extension 'dsv' for command environment
[0.940s] INFO:colcon.colcon_ros.task.ament_cmake.build:Building ROS package in '/home/pbk/arduinobot_ws/src/arduinobot_utils' with build type 'ament_cmake'
[0.940s] INFO:colcon.colcon_cmake.task.cmake.build:Building CMake package in '/home/pbk/arduinobot_ws/src/arduinobot_utils'
[0.940s] INFO:colcon.colcon_core.shell:Skip shell extension 'powershell' for command environment: Not usable outside of PowerShell
[0.940s] DEBUG:colcon.colcon_core.shell:Skip shell extension 'dsv' for command environment
[1.130s] INFO:colcon.colcon_core.task.python.build:Building Python package in '/home/pbk/arduinobot_ws/src/arduinobot_py_examples'
[1.131s] INFO:colcon.colcon_core.shell:Skip shell extension 'powershell' for command environment: Not usable outside of PowerShell
[1.131s] DEBUG:colcon.colcon_core.shell:Skip shell extension 'dsv' for command environment
[1.137s] DEBUG:colcon.colcon_core.event_handler.log_command:Invoking command in '/home/pbk/arduinobot_ws/build/arduinobot_cpp_examples': CMAKE_PREFIX_PATH=/home/pbk/arduinobot_ws/install/arduinobot_msgs:/home/pbk/arduinobot_ws/install/arduinobot_utils:/home/pbk/arduinobot_ws/install/arduinobot_cpp_examples:/home/pbk/arduinobot_ws/install/arduinobot_description:/home/pbk/arduinobot_ws/install/arduinobot_controller:/home/pbk/arduinobot_ws/install/arduinobot_py_examples:/opt/ros/humble /usr/bin/cmake --build /home/pbk/arduinobot_ws/build/arduinobot_cpp_examples -- -j20 -l20
[1.141s] DEBUG:colcon.colcon_core.event_handler.log_command:Invoking command in '/home/pbk/arduinobot_ws/build/arduinobot_utils': CMAKE_PREFIX_PATH=/home/pbk/arduinobot_ws/install/arduinobot_msgs:/home/pbk/arduinobot_ws/install/arduinobot_utils:/home/pbk/arduinobot_ws/install/arduinobot_cpp_examples:/home/pbk/arduinobot_ws/install/arduinobot_description:/home/pbk/arduinobot_ws/install/arduinobot_controller:/home/pbk/arduinobot_ws/install/arduinobot_py_examples:/opt/ros/humble /usr/bin/cmake --build /home/pbk/arduinobot_ws/build/arduinobot_utils -- -j20 -l20
[1.185s] DEBUG:colcon.colcon_core.event_handler.log_command:Invoked command in '/home/pbk/arduinobot_ws/build/arduinobot_cpp_examples' returned '0': CMAKE_PREFIX_PATH=/home/pbk/arduinobot_ws/install/arduinobot_msgs:/home/pbk/arduinobot_ws/install/arduinobot_utils:/home/pbk/arduinobot_ws/install/arduinobot_cpp_examples:/home/pbk/arduinobot_ws/install/arduinobot_description:/home/pbk/arduinobot_ws/install/arduinobot_controller:/home/pbk/arduinobot_ws/install/arduinobot_py_examples:/opt/ros/humble /usr/bin/cmake --build /home/pbk/arduinobot_ws/build/arduinobot_cpp_examples -- -j20 -l20
[1.209s] DEBUG:colcon.colcon_core.event_handler.log_command:Invoking command in '/home/pbk/arduinobot_ws/build/arduinobot_cpp_examples': CMAKE_PREFIX_PATH=/home/pbk/arduinobot_ws/install/arduinobot_msgs:/home/pbk/arduinobot_ws/install/arduinobot_utils:/home/pbk/arduinobot_ws/install/arduinobot_cpp_examples:/home/pbk/arduinobot_ws/install/arduinobot_description:/home/pbk/arduinobot_ws/install/arduinobot_controller:/home/pbk/arduinobot_ws/install/arduinobot_py_examples:/opt/ros/humble /usr/bin/cmake --install /home/pbk/arduinobot_ws/build/arduinobot_cpp_examples
[1.221s] Level 1:colcon.colcon_core.environment:create_environment_scripts_only(arduinobot_cpp_examples)
[1.221s] Level 1:colcon.colcon_core.environment:checking '/home/pbk/arduinobot_ws/install/arduinobot_cpp_examples' for CMake module files
[1.221s] DEBUG:colcon.colcon_core.event_handler.log_command:Invoked command in '/home/pbk/arduinobot_ws/build/arduinobot_cpp_examples' returned '0': CMAKE_PREFIX_PATH=/home/pbk/arduinobot_ws/install/arduinobot_msgs:/home/pbk/arduinobot_ws/install/arduinobot_utils:/home/pbk/arduinobot_ws/install/arduinobot_cpp_examples:/home/pbk/arduinobot_ws/install/arduinobot_description:/home/pbk/arduinobot_ws/install/arduinobot_controller:/home/pbk/arduinobot_ws/install/arduinobot_py_examples:/opt/ros/humble /usr/bin/cmake --install /home/pbk/arduinobot_ws/build/arduinobot_cpp_examples
[1.222s] Level 1:colcon.colcon_core.environment:checking '/home/pbk/arduinobot_ws/install/arduinobot_cpp_examples' for CMake config files
[1.222s] Level 1:colcon.colcon_core.shell:create_environment_hook('arduinobot_cpp_examples', 'cmake_prefix_path')
[1.222s] INFO:colcon.colcon_core.shell:Creating environment hook '/home/pbk/arduinobot_ws/install/arduinobot_cpp_examples/share/arduinobot_cpp_examples/hook/cmake_prefix_path.ps1'
[1.223s] INFO:colcon.colcon_core.shell:Creating environment descriptor '/home/pbk/arduinobot_ws/install/arduinobot_cpp_examples/share/arduinobot_cpp_examples/hook/cmake_prefix_path.dsv'
[1.223s] INFO:colcon.colcon_core.shell:Creating environment hook '/home/pbk/arduinobot_ws/install/arduinobot_cpp_examples/share/arduinobot_cpp_examples/hook/cmake_prefix_path.sh'
[1.224s] Level 1:colcon.colcon_core.environment:checking '/home/pbk/arduinobot_ws/install/arduinobot_cpp_examples/lib'
[1.224s] Level 1:colcon.colcon_core.environment:checking '/home/pbk/arduinobot_ws/install/arduinobot_cpp_examples/bin'
[1.224s] Level 1:colcon.colcon_core.environment:checking '/home/pbk/arduinobot_ws/install/arduinobot_cpp_examples/lib/pkgconfig/arduinobot_cpp_examples.pc'
[1.224s] Level 1:colcon.colcon_core.environment:checking '/home/pbk/arduinobot_ws/install/arduinobot_cpp_examples/lib/python3.10/site-packages'
[1.224s] Level 1:colcon.colcon_core.environment:checking '/home/pbk/arduinobot_ws/install/arduinobot_cpp_examples/bin'
[1.224s] INFO:colcon.colcon_core.shell:Creating package script '/home/pbk/arduinobot_ws/install/arduinobot_cpp_examples/share/arduinobot_cpp_examples/package.ps1'
[1.225s] INFO:colcon.colcon_core.shell:Creating package descriptor '/home/pbk/arduinobot_ws/install/arduinobot_cpp_examples/share/arduinobot_cpp_examples/package.dsv'
[1.225s] INFO:colcon.colcon_core.shell:Creating package script '/home/pbk/arduinobot_ws/install/arduinobot_cpp_examples/share/arduinobot_cpp_examples/package.sh'
[1.225s] INFO:colcon.colcon_core.shell:Creating package script '/home/pbk/arduinobot_ws/install/arduinobot_cpp_examples/share/arduinobot_cpp_examples/package.bash'
[1.225s] INFO:colcon.colcon_core.shell:Creating package script '/home/pbk/arduinobot_ws/install/arduinobot_cpp_examples/share/arduinobot_cpp_examples/package.zsh'
[1.225s] Level 1:colcon.colcon_core.environment:create_file_with_runtime_dependencies(/home/pbk/arduinobot_ws/install/arduinobot_cpp_examples/share/colcon-core/packages/arduinobot_cpp_examples)
[1.250s] Level 1:colcon.colcon_core.environment:create_environment_scripts_only(arduinobot_cpp_examples)
[1.250s] Level 1:colcon.colcon_core.environment:checking '/home/pbk/arduinobot_ws/install/arduinobot_cpp_examples' for CMake module files
[1.251s] Level 1:colcon.colcon_core.environment:checking '/home/pbk/arduinobot_ws/install/arduinobot_cpp_examples' for CMake config files
[1.251s] Level 1:colcon.colcon_core.shell:create_environment_hook('arduinobot_cpp_examples', 'cmake_prefix_path')
[1.251s] INFO:colcon.colcon_core.shell:Creating environment hook '/home/pbk/arduinobot_ws/install/arduinobot_cpp_examples/share/arduinobot_cpp_examples/hook/cmake_prefix_path.ps1'
[1.251s] INFO:colcon.colcon_core.shell:Creating environment descriptor '/home/pbk/arduinobot_ws/install/arduinobot_cpp_examples/share/arduinobot_cpp_examples/hook/cmake_prefix_path.dsv'
[1.251s] INFO:colcon.colcon_core.shell:Creating environment hook '/home/pbk/arduinobot_ws/install/arduinobot_cpp_examples/share/arduinobot_cpp_examples/hook/cmake_prefix_path.sh'
[1.252s] Level 1:colcon.colcon_core.environment:checking '/home/pbk/arduinobot_ws/install/arduinobot_cpp_examples/lib'
[1.252s] Level 1:colcon.colcon_core.environment:checking '/home/pbk/arduinobot_ws/install/arduinobot_cpp_examples/bin'
[1.252s] Level 1:colcon.colcon_core.environment:checking '/home/pbk/arduinobot_ws/install/arduinobot_cpp_examples/lib/pkgconfig/arduinobot_cpp_examples.pc'
[1.252s] Level 1:colcon.colcon_core.environment:checking '/home/pbk/arduinobot_ws/install/arduinobot_cpp_examples/lib/python3.10/site-packages'
[1.252s] Level 1:colcon.colcon_core.environment:checking '/home/pbk/arduinobot_ws/install/arduinobot_cpp_examples/bin'
[1.252s] INFO:colcon.colcon_core.shell:Creating package script '/home/pbk/arduinobot_ws/install/arduinobot_cpp_examples/share/arduinobot_cpp_examples/package.ps1'
[1.253s] INFO:colcon.colcon_core.shell:Creating package descriptor '/home/pbk/arduinobot_ws/install/arduinobot_cpp_examples/share/arduinobot_cpp_examples/package.dsv'
[1.253s] INFO:colcon.colcon_core.shell:Creating package script '/home/pbk/arduinobot_ws/install/arduinobot_cpp_examples/share/arduinobot_cpp_examples/package.sh'
[1.253s] INFO:colcon.colcon_core.shell:Creating package script '/home/pbk/arduinobot_ws/install/arduinobot_cpp_examples/share/arduinobot_cpp_examples/package.bash'
[1.253s] INFO:colcon.colcon_core.shell:Creating package script '/home/pbk/arduinobot_ws/install/arduinobot_cpp_examples/share/arduinobot_cpp_examples/package.zsh'
[1.254s] Level 1:colcon.colcon_core.environment:create_file_with_runtime_dependencies(/home/pbk/arduinobot_ws/install/arduinobot_cpp_examples/share/colcon-core/packages/arduinobot_cpp_examples)
[1.528s] DEBUG:colcon.colcon_core.event_handler.log_command:Invoking command in '/home/pbk/arduinobot_ws/src/arduinobot_py_examples': CMAKE_PREFIX_PATH=/home/pbk/arduinobot_ws/install/arduinobot_msgs:/home/pbk/arduinobot_ws/install/arduinobot_utils:/home/pbk/arduinobot_ws/install/arduinobot_cpp_examples:/home/pbk/arduinobot_ws/install/arduinobot_description:/home/pbk/arduinobot_ws/install/arduinobot_controller PYTHONPATH=/home/pbk/arduinobot_ws/build/arduinobot_py_examples/prefix_override:/home/pbk/arduinobot_ws/install/arduinobot_py_examples/lib/python3.10/site-packages:${PYTHONPATH} /usr/bin/python3 -W ignore:setup.py install is deprecated setup.py egg_info --egg-base ../../build/arduinobot_py_examples build --build-base /home/pbk/arduinobot_ws/build/arduinobot_py_examples/build install --record /home/pbk/arduinobot_ws/build/arduinobot_py_examples/install.log --single-version-externally-managed install_data
[1.704s] Level 1:colcon.colcon_core.environment:checking '/home/pbk/arduinobot_ws/install/arduinobot_py_examples' for CMake module files
[1.704s] DEBUG:colcon.colcon_core.event_handler.log_command:Invoked command in '/home/pbk/arduinobot_ws/src/arduinobot_py_examples' returned '0': CMAKE_PREFIX_PATH=/home/pbk/arduinobot_ws/install/arduinobot_msgs:/home/pbk/arduinobot_ws/install/arduinobot_utils:/home/pbk/arduinobot_ws/install/arduinobot_cpp_examples:/home/pbk/arduinobot_ws/install/arduinobot_description:/home/pbk/arduinobot_ws/install/arduinobot_controller PYTHONPATH=/home/pbk/arduinobot_ws/build/arduinobot_py_examples/prefix_override:/home/pbk/arduinobot_ws/install/arduinobot_py_examples/lib/python3.10/site-packages:${PYTHONPATH} /usr/bin/python3 -W ignore:setup.py install is deprecated setup.py egg_info --egg-base ../../build/arduinobot_py_examples build --build-base /home/pbk/arduinobot_ws/build/arduinobot_py_examples/build install --record /home/pbk/arduinobot_ws/build/arduinobot_py_examples/install.log --single-version-externally-managed install_data
[1.705s] Level 1:colcon.colcon_core.environment:checking '/home/pbk/arduinobot_ws/install/arduinobot_py_examples' for CMake config files
[1.705s] Level 1:colcon.colcon_core.environment:checking '/home/pbk/arduinobot_ws/install/arduinobot_py_examples/lib'
[1.705s] Level 1:colcon.colcon_core.environment:checking '/home/pbk/arduinobot_ws/install/arduinobot_py_examples/bin'
[1.705s] Level 1:colcon.colcon_core.environment:checking '/home/pbk/arduinobot_ws/install/arduinobot_py_examples/lib/pkgconfig/arduinobot_py_examples.pc'
[1.705s] Level 1:colcon.colcon_core.environment:checking '/home/pbk/arduinobot_ws/install/arduinobot_py_examples/lib/python3.10/site-packages'
[1.705s] Level 1:colcon.colcon_core.shell:create_environment_hook('arduinobot_py_examples', 'pythonpath')
[1.706s] INFO:colcon.colcon_core.shell:Creating environment hook '/home/pbk/arduinobot_ws/install/arduinobot_py_examples/share/arduinobot_py_examples/hook/pythonpath.ps1'
[1.706s] INFO:colcon.colcon_core.shell:Creating environment descriptor '/home/pbk/arduinobot_ws/install/arduinobot_py_examples/share/arduinobot_py_examples/hook/pythonpath.dsv'
[1.706s] INFO:colcon.colcon_core.shell:Creating environment hook '/home/pbk/arduinobot_ws/install/arduinobot_py_examples/share/arduinobot_py_examples/hook/pythonpath.sh'
[1.706s] Level 1:colcon.colcon_core.environment:checking '/home/pbk/arduinobot_ws/install/arduinobot_py_examples/bin'
[1.706s] Level 1:colcon.colcon_core.environment:create_environment_scripts_only(arduinobot_py_examples)
[1.707s] INFO:colcon.colcon_core.shell:Creating package script '/home/pbk/arduinobot_ws/install/arduinobot_py_examples/share/arduinobot_py_examples/package.ps1'
[1.707s] INFO:colcon.colcon_core.shell:Creating package descriptor '/home/pbk/arduinobot_ws/install/arduinobot_py_examples/share/arduinobot_py_examples/package.dsv'
[1.707s] INFO:colcon.colcon_core.shell:Creating package script '/home/pbk/arduinobot_ws/install/arduinobot_py_examples/share/arduinobot_py_examples/package.sh'
[1.707s] INFO:colcon.colcon_core.shell:Creating package script '/home/pbk/arduinobot_ws/install/arduinobot_py_examples/share/arduinobot_py_examples/package.bash'
[1.708s] INFO:colcon.colcon_core.shell:Creating package script '/home/pbk/arduinobot_ws/install/arduinobot_py_examples/share/arduinobot_py_examples/package.zsh'
[1.708s] Level 1:colcon.colcon_core.environment:create_file_with_runtime_dependencies(/home/pbk/arduinobot_ws/install/arduinobot_py_examples/share/colcon-core/packages/arduinobot_py_examples)
[8.341s] DEBUG:colcon.colcon_core.event_handler.log_command:Invoked command in '/home/pbk/arduinobot_ws/build/arduinobot_utils' returned '0': CMAKE_PREFIX_PATH=/home/pbk/arduinobot_ws/install/arduinobot_msgs:/home/pbk/arduinobot_ws/install/arduinobot_utils:/home/pbk/arduinobot_ws/install/arduinobot_cpp_examples:/home/pbk/arduinobot_ws/install/arduinobot_description:/home/pbk/arduinobot_ws/install/arduinobot_controller:/home/pbk/arduinobot_ws/install/arduinobot_py_examples:/opt/ros/humble /usr/bin/cmake --build /home/pbk/arduinobot_ws/build/arduinobot_utils -- -j20 -l20
[8.356s] DEBUG:colcon.colcon_core.event_handler.log_command:Invoking command in '/home/pbk/arduinobot_ws/build/arduinobot_utils': CMAKE_PREFIX_PATH=/home/pbk/arduinobot_ws/install/arduinobot_msgs:/home/pbk/arduinobot_ws/install/arduinobot_utils:/home/pbk/arduinobot_ws/install/arduinobot_cpp_examples:/home/pbk/arduinobot_ws/install/arduinobot_description:/home/pbk/arduinobot_ws/install/arduinobot_controller:/home/pbk/arduinobot_ws/install/arduinobot_py_examples:/opt/ros/humble /usr/bin/cmake --install /home/pbk/arduinobot_ws/build/arduinobot_utils
[8.385s] Level 1:colcon.colcon_core.environment:create_environment_scripts_only(arduinobot_utils)
[8.385s] Level 1:colcon.colcon_core.environment:checking '/home/pbk/arduinobot_ws/install/arduinobot_utils' for CMake module files
[8.385s] DEBUG:colcon.colcon_core.event_handler.log_command:Invoked command in '/home/pbk/arduinobot_ws/build/arduinobot_utils' returned '0': CMAKE_PREFIX_PATH=/home/pbk/arduinobot_ws/install/arduinobot_msgs:/home/pbk/arduinobot_ws/install/arduinobot_utils:/home/pbk/arduinobot_ws/install/arduinobot_cpp_examples:/home/pbk/arduinobot_ws/install/arduinobot_description:/home/pbk/arduinobot_ws/install/arduinobot_controller:/home/pbk/arduinobot_ws/install/arduinobot_py_examples:/opt/ros/humble /usr/bin/cmake --install /home/pbk/arduinobot_ws/build/arduinobot_utils
[8.386s] Level 1:colcon.colcon_core.environment:checking '/home/pbk/arduinobot_ws/install/arduinobot_utils' for CMake config files
[8.386s] Level 1:colcon.colcon_core.shell:create_environment_hook('arduinobot_utils', 'cmake_prefix_path')
[8.386s] INFO:colcon.colcon_core.shell:Creating environment hook '/home/pbk/arduinobot_ws/install/arduinobot_utils/share/arduinobot_utils/hook/cmake_prefix_path.ps1'
[8.386s] INFO:colcon.colcon_core.shell:Creating environment descriptor '/home/pbk/arduinobot_ws/install/arduinobot_utils/share/arduinobot_utils/hook/cmake_prefix_path.dsv'
[8.386s] INFO:colcon.colcon_core.shell:Creating environment hook '/home/pbk/arduinobot_ws/install/arduinobot_utils/share/arduinobot_utils/hook/cmake_prefix_path.sh'
[8.387s] Level 1:colcon.colcon_core.environment:checking '/home/pbk/arduinobot_ws/install/arduinobot_utils/lib'
[8.387s] Level 1:colcon.colcon_core.environment:checking '/home/pbk/arduinobot_ws/install/arduinobot_utils/bin'
[8.387s] Level 1:colcon.colcon_core.environment:checking '/home/pbk/arduinobot_ws/install/arduinobot_utils/lib/pkgconfig/arduinobot_utils.pc'
[8.387s] Level 1:colcon.colcon_core.environment:checking '/home/pbk/arduinobot_ws/install/arduinobot_utils/lib/python3.10/site-packages'
[8.387s] Level 1:colcon.colcon_core.environment:checking '/home/pbk/arduinobot_ws/install/arduinobot_utils/bin'
[8.387s] INFO:colcon.colcon_core.shell:Creating package script '/home/pbk/arduinobot_ws/install/arduinobot_utils/share/arduinobot_utils/package.ps1'
[8.388s] INFO:colcon.colcon_core.shell:Creating package descriptor '/home/pbk/arduinobot_ws/install/arduinobot_utils/share/arduinobot_utils/package.dsv'
[8.388s] INFO:colcon.colcon_core.shell:Creating package script '/home/pbk/arduinobot_ws/install/arduinobot_utils/share/arduinobot_utils/package.sh'
[8.388s] INFO:colcon.colcon_core.shell:Creating package script '/home/pbk/arduinobot_ws/install/arduinobot_utils/share/arduinobot_utils/package.bash'
[8.388s] INFO:colcon.colcon_core.shell:Creating package script '/home/pbk/arduinobot_ws/install/arduinobot_utils/share/arduinobot_utils/package.zsh'
[8.388s] Level 1:colcon.colcon_core.environment:create_file_with_runtime_dependencies(/home/pbk/arduinobot_ws/install/arduinobot_utils/share/colcon-core/packages/arduinobot_utils)
[8.403s] Level 1:colcon.colcon_core.environment:create_environment_scripts_only(arduinobot_utils)
[8.403s] Level 1:colcon.colcon_core.environment:checking '/home/pbk/arduinobot_ws/install/arduinobot_utils' for CMake module files
[8.403s] Level 1:colcon.colcon_core.environment:checking '/home/pbk/arduinobot_ws/install/arduinobot_utils' for CMake config files
[8.403s] Level 1:colcon.colcon_core.shell:create_environment_hook('arduinobot_utils', 'cmake_prefix_path')
[8.404s] INFO:colcon.colcon_core.shell:Creating environment hook '/home/pbk/arduinobot_ws/install/arduinobot_utils/share/arduinobot_utils/hook/cmake_prefix_path.ps1'
[8.404s] INFO:colcon.colcon_core.shell:Creating environment descriptor '/home/pbk/arduinobot_ws/install/arduinobot_utils/share/arduinobot_utils/hook/cmake_prefix_path.dsv'
[8.404s] INFO:colcon.colcon_core.shell:Creating environment hook '/home/pbk/arduinobot_ws/install/arduinobot_utils/share/arduinobot_utils/hook/cmake_prefix_path.sh'
[8.404s] Level 1:colcon.colcon_core.environment:checking '/home/pbk/arduinobot_ws/install/arduinobot_utils/lib'
[8.404s] Level 1:colcon.colcon_core.environment:checking '/home/pbk/arduinobot_ws/install/arduinobot_utils/bin'
[8.405s] Level 1:colcon.colcon_core.environment:checking '/home/pbk/arduinobot_ws/install/arduinobot_utils/lib/pkgconfig/arduinobot_utils.pc'
[8.405s] Level 1:colcon.colcon_core.environment:checking '/home/pbk/arduinobot_ws/install/arduinobot_utils/lib/python3.10/site-packages'
[8.405s] Level 1:colcon.colcon_core.environment:checking '/home/pbk/arduinobot_ws/install/arduinobot_utils/bin'
[8.405s] INFO:colcon.colcon_core.shell:Creating package script '/home/pbk/arduinobot_ws/install/arduinobot_utils/share/arduinobot_utils/package.ps1'
[8.405s] INFO:colcon.colcon_core.shell:Creating package descriptor '/home/pbk/arduinobot_ws/install/arduinobot_utils/share/arduinobot_utils/package.dsv'
[8.405s] INFO:colcon.colcon_core.shell:Creating package script '/home/pbk/arduinobot_ws/install/arduinobot_utils/share/arduinobot_utils/package.sh'
[8.406s] INFO:colcon.colcon_core.shell:Creating package script '/home/pbk/arduinobot_ws/install/arduinobot_utils/share/arduinobot_utils/package.bash'
[8.406s] INFO:colcon.colcon_core.shell:Creating package script '/home/pbk/arduinobot_ws/install/arduinobot_utils/share/arduinobot_utils/package.zsh'
[8.406s] Level 1:colcon.colcon_core.environment:create_file_with_runtime_dependencies(/home/pbk/arduinobot_ws/install/arduinobot_utils/share/colcon-core/packages/arduinobot_utils)
[8.406s] DEBUG:colcon.colcon_parallel_executor.executor.parallel:closing loop
[8.407s] DEBUG:colcon.colcon_parallel_executor.executor.parallel:loop closed
[8.407s] DEBUG:colcon.colcon_parallel_executor.executor.parallel:run_until_complete finished with '0'
[8.407s] DEBUG:colcon.colcon_core.event_reactor:joining thread
[8.429s] INFO:colcon.colcon_core.plugin_system:Skipping extension 'colcon_notification.desktop_notification.notify_send': Could not find 'notify-send'
[8.429s] INFO:colcon.colcon_core.plugin_system:Skipping extension 'colcon_notification.desktop_notification.terminal_notifier': Not used on non-Darwin systems
[8.429s] INFO:colcon.colcon_core.plugin_system:Skipping extension 'colcon_notification.desktop_notification.win32': Not used on non-Windows systems
[8.429s] INFO:colcon.colcon_notification.desktop_notification:Sending desktop notification using 'notify2'
[8.430s] DEBUG:colcon.colcon_notification.desktop_notification.notify2:Failed to initialize notify2: org.freedesktop.DBus.Error.FileNotFound: Failed to connect to socket /run/user/1000/bus: No such file or directory
[8.430s] DEBUG:colcon.colcon_core.event_reactor:joined thread
[8.430s] INFO:colcon.colcon_core.shell:Creating prefix script '/home/pbk/arduinobot_ws/install/local_setup.ps1'
[8.431s] INFO:colcon.colcon_core.shell:Creating prefix util module '/home/pbk/arduinobot_ws/install/_local_setup_util_ps1.py'
[8.432s] INFO:colcon.colcon_core.shell:Creating prefix chain script '/home/pbk/arduinobot_ws/install/setup.ps1'
[8.433s] INFO:colcon.colcon_core.shell:Creating prefix script '/home/pbk/arduinobot_ws/install/local_setup.sh'
[8.433s] INFO:colcon.colcon_core.shell:Creating prefix util module '/home/pbk/arduinobot_ws/install/_local_setup_util_sh.py'
[8.434s] INFO:colcon.colcon_core.shell:Creating prefix chain script '/home/pbk/arduinobot_ws/install/setup.sh'
[8.434s] INFO:colcon.colcon_core.shell:Creating prefix script '/home/pbk/arduinobot_ws/install/local_setup.bash'
[8.435s] INFO:colcon.colcon_core.shell:Creating prefix chain script '/home/pbk/arduinobot_ws/install/setup.bash'
[8.435s] INFO:colcon.colcon_core.shell:Creating prefix script '/home/pbk/arduinobot_ws/install/local_setup.zsh'
[8.436s] INFO:colcon.colcon_core.shell:Creating prefix chain script '/home/pbk/arduinobot_ws/install/setup.zsh'
