[0.032s] Invoking command in '/home/pbk/arduinobot_ws/build/arduinobot_firmware': CMAKE_PREFIX_PATH=${CMAKE_PREFIX_PATH}:/home/pbk/arduinobot_ws/install/arduinobot_py_examples:/opt/ros/humble /usr/bin/cmake --build /home/pbk/arduinobot_ws/build/arduinobot_firmware -- -j20 -l20
[0.072s] -- Found ament_cmake: 1.3.8 (/opt/ros/humble/share/ament_cmake/cmake)
[0.223s] -- Found rclpy: 3.3.12 (/opt/ros/humble/share/rclpy/cmake)
[0.283s] -- Found ament_lint_auto: 0.12.10 (/opt/ros/humble/share/ament_lint_auto/cmake)
[0.337s] -- Added test 'flake8' to check Python code syntax and style conventions
[0.338s] -- Added test 'lint_cmake' to check CMake code style
[0.338s] -- Added test 'pep257' to check Python code against some of the docstring style conventions in PEP 257
[0.339s] -- Added test 'xmllint' to check XML markup files
[0.342s] -- Configuring done
[0.351s] -- Generating done
[0.352s] -- Build files have been written to: /home/pbk/arduinobot_ws/build/arduinobot_firmware
[0.373s] Built target ament_cmake_python_copy_arduinobot_firmware
[0.530s] running egg_info
[0.531s] creating arduinobot_firmware.egg-info
[0.532s] writing arduinobot_firmware.egg-info/PKG-INFO
[0.532s] writing dependency_links to arduinobot_firmware.egg-info/dependency_links.txt
[0.533s] writing top-level names to arduinobot_firmware.egg-info/top_level.txt
[0.533s] writing manifest file 'arduinobot_firmware.egg-info/SOURCES.txt'
[0.533s] reading manifest file 'arduinobot_firmware.egg-info/SOURCES.txt'
[0.533s] writing manifest file 'arduinobot_firmware.egg-info/SOURCES.txt'
[0.556s] Built target ament_cmake_python_build_arduinobot_firmware_egg
[0.562s] Invoked command in '/home/pbk/arduinobot_ws/build/arduinobot_firmware' returned '0': CMAKE_PREFIX_PATH=${CMAKE_PREFIX_PATH}:/home/pbk/arduinobot_ws/install/arduinobot_py_examples:/opt/ros/humble /usr/bin/cmake --build /home/pbk/arduinobot_ws/build/arduinobot_firmware -- -j20 -l20
[0.584s] Invoking command in '/home/pbk/arduinobot_ws/build/arduinobot_firmware': CMAKE_PREFIX_PATH=${CMAKE_PREFIX_PATH}:/home/pbk/arduinobot_ws/install/arduinobot_py_examples:/opt/ros/humble /usr/bin/cmake --install /home/pbk/arduinobot_ws/build/arduinobot_firmware
[0.586s] -- Install configuration: ""
[0.587s] -- Installing: /home/pbk/arduinobot_ws/install/arduinobot_firmware/share/arduinobot_firmware/environment/pythonpath.sh
[0.587s] -- Installing: /home/pbk/arduinobot_ws/install/arduinobot_firmware/share/arduinobot_firmware/environment/pythonpath.dsv
[0.587s] -- Installing: /home/pbk/arduinobot_ws/install/arduinobot_firmware/local/lib/python3.10/dist-packages/arduinobot_firmware-0.0.0-py3.10.egg-info
[0.587s] -- Installing: /home/pbk/arduinobot_ws/install/arduinobot_firmware/local/lib/python3.10/dist-packages/arduinobot_firmware-0.0.0-py3.10.egg-info/top_level.txt
[0.588s] -- Installing: /home/pbk/arduinobot_ws/install/arduinobot_firmware/local/lib/python3.10/dist-packages/arduinobot_firmware-0.0.0-py3.10.egg-info/PKG-INFO
[0.588s] -- Installing: /home/pbk/arduinobot_ws/install/arduinobot_firmware/local/lib/python3.10/dist-packages/arduinobot_firmware-0.0.0-py3.10.egg-info/SOURCES.txt
[0.588s] -- Installing: /home/pbk/arduinobot_ws/install/arduinobot_firmware/local/lib/python3.10/dist-packages/arduinobot_firmware-0.0.0-py3.10.egg-info/dependency_links.txt
[0.588s] -- Installing: /home/pbk/arduinobot_ws/install/arduinobot_firmware/local/lib/python3.10/dist-packages/arduinobot_firmware
[0.588s] -- Installing: /home/pbk/arduinobot_ws/install/arduinobot_firmware/local/lib/python3.10/dist-packages/arduinobot_firmware/simple_serial_transmitter.py
[0.588s] -- Installing: /home/pbk/arduinobot_ws/install/arduinobot_firmware/local/lib/python3.10/dist-packages/arduinobot_firmware/__init__.py
[0.610s] Listing '/home/pbk/arduinobot_ws/install/arduinobot_firmware/local/lib/python3.10/dist-packages/arduinobot_firmware'...
[0.610s] Compiling '/home/pbk/arduinobot_ws/install/arduinobot_firmware/local/lib/python3.10/dist-packages/arduinobot_firmware/__init__.py'...
[0.610s] Compiling '/home/pbk/arduinobot_ws/install/arduinobot_firmware/local/lib/python3.10/dist-packages/arduinobot_firmware/simple_serial_transmitter.py'...
[0.614s] -- Installing: /home/pbk/arduinobot_ws/install/arduinobot_firmware/lib/arduinobot_firmware/simple_serial_transmitter.py
[0.614s] -- Installing: /home/pbk/arduinobot_ws/install/arduinobot_firmware/share/ament_index/resource_index/package_run_dependencies/arduinobot_firmware
[0.614s] -- Installing: /home/pbk/arduinobot_ws/install/arduinobot_firmware/share/ament_index/resource_index/parent_prefix_path/arduinobot_firmware
[0.614s] -- Up-to-date: /home/pbk/arduinobot_ws/install/arduinobot_firmware/share/arduinobot_firmware/environment/ament_prefix_path.sh
[0.614s] -- Installing: /home/pbk/arduinobot_ws/install/arduinobot_firmware/share/arduinobot_firmware/environment/ament_prefix_path.dsv
[0.614s] -- Up-to-date: /home/pbk/arduinobot_ws/install/arduinobot_firmware/share/arduinobot_firmware/environment/path.sh
[0.615s] -- Installing: /home/pbk/arduinobot_ws/install/arduinobot_firmware/share/arduinobot_firmware/environment/path.dsv
[0.615s] -- Up-to-date: /home/pbk/arduinobot_ws/install/arduinobot_firmware/share/arduinobot_firmware/local_setup.bash
[0.615s] -- Installing: /home/pbk/arduinobot_ws/install/arduinobot_firmware/share/arduinobot_firmware/local_setup.sh
[0.615s] -- Up-to-date: /home/pbk/arduinobot_ws/install/arduinobot_firmware/share/arduinobot_firmware/local_setup.zsh
[0.615s] -- Installing: /home/pbk/arduinobot_ws/install/arduinobot_firmware/share/arduinobot_firmware/local_setup.dsv
[0.615s] -- Installing: /home/pbk/arduinobot_ws/install/arduinobot_firmware/share/arduinobot_firmware/package.dsv
[0.615s] -- Up-to-date: /home/pbk/arduinobot_ws/install/arduinobot_firmware/share/ament_index/resource_index/packages/arduinobot_firmware
[0.615s] -- Up-to-date: /home/pbk/arduinobot_ws/install/arduinobot_firmware/share/arduinobot_firmware/cmake/arduinobot_firmwareConfig.cmake
[0.615s] -- Up-to-date: /home/pbk/arduinobot_ws/install/arduinobot_firmware/share/arduinobot_firmware/cmake/arduinobot_firmwareConfig-version.cmake
[0.615s] -- Installing: /home/pbk/arduinobot_ws/install/arduinobot_firmware/share/arduinobot_firmware/package.xml
[0.798s] Invoked command in '/home/pbk/arduinobot_ws/build/arduinobot_firmware' returned '0': CMAKE_PREFIX_PATH=${CMAKE_PREFIX_PATH}:/home/pbk/arduinobot_ws/install/arduinobot_py_examples:/opt/ros/humble /usr/bin/cmake --install /home/pbk/arduinobot_ws/build/arduinobot_firmware
