[0.040s] Invoking command in '/home/pbk/arduinobot_ws/src/build/arduinobot_utils': AMENT_PREFIX_PATH=/home/pbk/arduinobot_ws/src/install/arduinobot_msgs:${AMENT_PREFIX_PATH} CMAKE_PREFIX_PATH=/home/pbk/arduinobot_ws/src/install/arduinobot_msgs:/home/pbk/arduinobot_ws/install/arduinobot_utils:/home/pbk/arduinobot_ws/install/arduinobot_cpp_examples:/home/pbk/arduinobot_ws/install/arduinobot_msgs:/home/pbk/arduinobot_ws/install/arduinobot_description:/home/pbk/arduinobot_ws/install/arduinobot_controller:/home/pbk/arduinobot_ws/install/arduinobot_py_examples:/opt/ros/humble LD_LIBRARY_PATH=/home/pbk/arduinobot_ws/src/install/arduinobot_msgs/lib:${LD_LIBRARY_PATH} PYTHONPATH=/home/pbk/arduinobot_ws/src/install/arduinobot_msgs/local/lib/python3.10/dist-packages:${PYTHONPATH} /usr/bin/cmake --build /home/pbk/arduinobot_ws/src/build/arduinobot_utils -- -j20 -l20
[0.191s] -- Found ament_cmake: 1.3.8 (/opt/ros/humble/share/ament_cmake/cmake)
[0.191s] -- Found rclpy: 3.3.12 (/opt/ros/humble/share/rclpy/cmake)
[0.191s] -- Found rclcpp: 16.0.8 (/opt/ros/humble/share/rclcpp/cmake)
[0.286s] -- Found rosidl_generator_c: 3.1.5 (/opt/ros/humble/share/rosidl_generator_c/cmake)
[0.292s] -- Found rosidl_adapter: 3.1.5 (/opt/ros/humble/share/rosidl_adapter/cmake)
[0.300s] -- Found rosidl_generator_cpp: 3.1.5 (/opt/ros/humble/share/rosidl_generator_cpp/cmake)
[0.313s] -- Using all available rosidl_typesupport_c: rosidl_typesupport_fastrtps_c;rosidl_typesupport_introspection_c
[0.328s] -- Using all available rosidl_typesupport_cpp: rosidl_typesupport_fastrtps_cpp;rosidl_typesupport_introspection_cpp
[0.403s] -- Found rmw_implementation_cmake: 6.1.1 (/opt/ros/humble/share/rmw_implementation_cmake/cmake)
[0.408s] -- Found rmw_fastrtps_cpp: 6.2.6 (/opt/ros/humble/share/rmw_fastrtps_cpp/cmake)
[1.070s] -- Found OpenSSL: /usr/lib/x86_64-linux-gnu/libcrypto.so (found version "3.0.2")  
[1.808s] -- Found FastRTPS: /opt/ros/humble/include  
[2.927s] -- Using RMW implementation 'rmw_fastrtps_cpp' as default
[2.935s] -- Looking for pthread.h
[3.029s] -- Looking for pthread.h - found
[3.029s] -- Performing Test CMAKE_HAVE_LIBC_PTHREAD
[3.121s] -- Performing Test CMAKE_HAVE_LIBC_PTHREAD - Success
[3.122s] -- Found Threads: TRUE  
[3.225s] -- Found arduinobot_msgs: 0.0.0 (/home/pbk/arduinobot_ws/src/install/arduinobot_msgs/share/arduinobot_msgs/cmake)
[3.238s] -- Found tf2: 0.25.6 (/opt/ros/humble/share/tf2/cmake)
[3.343s] -- Found ament_lint_auto: 0.12.10 (/opt/ros/humble/share/ament_lint_auto/cmake)
[3.392s] -- Added test 'cppcheck' to perform static code analysis on C / C++ code
[3.392s] -- Configured cppcheck include dirs: 
[3.392s] -- Configured cppcheck exclude dirs and/or files: 
[3.392s] -- Added test 'flake8' to check Python code syntax and style conventions
[3.393s] -- Added test 'lint_cmake' to check CMake code style
[3.393s] -- Added test 'pep257' to check Python code against some of the docstring style conventions in PEP 257
[3.393s] -- Added test 'uncrustify' to check C / C++ code style
[3.393s] -- Configured uncrustify additional arguments: 
[3.394s] -- Added test 'xmllint' to check XML markup files
[3.396s] -- Configuring done
[3.408s] -- Generating done
[3.412s] -- Build files have been written to: /home/pbk/arduinobot_ws/src/build/arduinobot_utils
[3.436s] [ 50%] [32mBuilding CXX object CMakeFiles/angle_conversion.dir/src/angle_conversion.cpp.o[0m
[3.445s] [ 50%] Built target ament_cmake_python_copy_arduinobot_utils
[3.601s] running egg_info
[3.602s] creating arduinobot_utils.egg-info
[3.602s] writing arduinobot_utils.egg-info/PKG-INFO
[3.603s] writing dependency_links to arduinobot_utils.egg-info/dependency_links.txt
[3.603s] writing top-level names to arduinobot_utils.egg-info/top_level.txt
[3.603s] writing manifest file 'arduinobot_utils.egg-info/SOURCES.txt'
[3.604s] reading manifest file 'arduinobot_utils.egg-info/SOURCES.txt'
[3.604s] writing manifest file 'arduinobot_utils.egg-info/SOURCES.txt'
[3.625s] [ 50%] Built target ament_cmake_python_build_arduinobot_utils_egg
[6.513s] [100%] [32m[1mLinking CXX executable angle_conversion[0m
[6.684s] [100%] Built target angle_conversion
[6.691s] Invoked command in '/home/pbk/arduinobot_ws/src/build/arduinobot_utils' returned '0': AMENT_PREFIX_PATH=/home/pbk/arduinobot_ws/src/install/arduinobot_msgs:${AMENT_PREFIX_PATH} CMAKE_PREFIX_PATH=/home/pbk/arduinobot_ws/src/install/arduinobot_msgs:/home/pbk/arduinobot_ws/install/arduinobot_utils:/home/pbk/arduinobot_ws/install/arduinobot_cpp_examples:/home/pbk/arduinobot_ws/install/arduinobot_msgs:/home/pbk/arduinobot_ws/install/arduinobot_description:/home/pbk/arduinobot_ws/install/arduinobot_controller:/home/pbk/arduinobot_ws/install/arduinobot_py_examples:/opt/ros/humble LD_LIBRARY_PATH=/home/pbk/arduinobot_ws/src/install/arduinobot_msgs/lib:${LD_LIBRARY_PATH} PYTHONPATH=/home/pbk/arduinobot_ws/src/install/arduinobot_msgs/local/lib/python3.10/dist-packages:${PYTHONPATH} /usr/bin/cmake --build /home/pbk/arduinobot_ws/src/build/arduinobot_utils -- -j20 -l20
[6.708s] Invoking command in '/home/pbk/arduinobot_ws/src/build/arduinobot_utils': AMENT_PREFIX_PATH=/home/pbk/arduinobot_ws/src/install/arduinobot_msgs:${AMENT_PREFIX_PATH} CMAKE_PREFIX_PATH=/home/pbk/arduinobot_ws/src/install/arduinobot_msgs:/home/pbk/arduinobot_ws/install/arduinobot_utils:/home/pbk/arduinobot_ws/install/arduinobot_cpp_examples:/home/pbk/arduinobot_ws/install/arduinobot_msgs:/home/pbk/arduinobot_ws/install/arduinobot_description:/home/pbk/arduinobot_ws/install/arduinobot_controller:/home/pbk/arduinobot_ws/install/arduinobot_py_examples:/opt/ros/humble LD_LIBRARY_PATH=/home/pbk/arduinobot_ws/src/install/arduinobot_msgs/lib:${LD_LIBRARY_PATH} PYTHONPATH=/home/pbk/arduinobot_ws/src/install/arduinobot_msgs/local/lib/python3.10/dist-packages:${PYTHONPATH} /usr/bin/cmake --install /home/pbk/arduinobot_ws/src/build/arduinobot_utils
[6.712s] -- Install configuration: ""
[6.712s] -- Installing: /home/pbk/arduinobot_ws/src/install/arduinobot_utils/share/arduinobot_utils/environment/pythonpath.sh
[6.713s] -- Installing: /home/pbk/arduinobot_ws/src/install/arduinobot_utils/share/arduinobot_utils/environment/pythonpath.dsv
[6.713s] -- Installing: /home/pbk/arduinobot_ws/src/install/arduinobot_utils/local/lib/python3.10/dist-packages/arduinobot_utils-0.0.0-py3.10.egg-info
[6.714s] -- Installing: /home/pbk/arduinobot_ws/src/install/arduinobot_utils/local/lib/python3.10/dist-packages/arduinobot_utils-0.0.0-py3.10.egg-info/top_level.txt
[6.714s] -- Installing: /home/pbk/arduinobot_ws/src/install/arduinobot_utils/local/lib/python3.10/dist-packages/arduinobot_utils-0.0.0-py3.10.egg-info/PKG-INFO
[6.714s] -- Installing: /home/pbk/arduinobot_ws/src/install/arduinobot_utils/local/lib/python3.10/dist-packages/arduinobot_utils-0.0.0-py3.10.egg-info/SOURCES.txt
[6.714s] -- Installing: /home/pbk/arduinobot_ws/src/install/arduinobot_utils/local/lib/python3.10/dist-packages/arduinobot_utils-0.0.0-py3.10.egg-info/dependency_links.txt
[6.715s] -- Installing: /home/pbk/arduinobot_ws/src/install/arduinobot_utils/local/lib/python3.10/dist-packages/arduinobot_utils
[6.715s] -- Installing: /home/pbk/arduinobot_ws/src/install/arduinobot_utils/local/lib/python3.10/dist-packages/arduinobot_utils/angle_conversion.py
[6.715s] -- Installing: /home/pbk/arduinobot_ws/src/install/arduinobot_utils/local/lib/python3.10/dist-packages/arduinobot_utils/__init__.py
[6.735s] Listing '/home/pbk/arduinobot_ws/src/install/arduinobot_utils/local/lib/python3.10/dist-packages/arduinobot_utils'...
[6.735s] Compiling '/home/pbk/arduinobot_ws/src/install/arduinobot_utils/local/lib/python3.10/dist-packages/arduinobot_utils/__init__.py'...
[6.735s] Compiling '/home/pbk/arduinobot_ws/src/install/arduinobot_utils/local/lib/python3.10/dist-packages/arduinobot_utils/angle_conversion.py'...
[6.738s] -- Installing: /home/pbk/arduinobot_ws/src/install/arduinobot_utils/lib/arduinobot_utils/angle_conversion
[6.739s] -- Set runtime path of "/home/pbk/arduinobot_ws/src/install/arduinobot_utils/lib/arduinobot_utils/angle_conversion" to ""
[6.739s] -- Installing: /home/pbk/arduinobot_ws/src/install/arduinobot_utils/lib/arduinobot_utils/angle_conversion.py
[6.739s] -- Installing: /home/pbk/arduinobot_ws/src/install/arduinobot_utils/share/ament_index/resource_index/package_run_dependencies/arduinobot_utils
[6.739s] -- Installing: /home/pbk/arduinobot_ws/src/install/arduinobot_utils/share/ament_index/resource_index/parent_prefix_path/arduinobot_utils
[6.739s] -- Up-to-date: /home/pbk/arduinobot_ws/src/install/arduinobot_utils/share/arduinobot_utils/environment/ament_prefix_path.sh
[6.739s] -- Installing: /home/pbk/arduinobot_ws/src/install/arduinobot_utils/share/arduinobot_utils/environment/ament_prefix_path.dsv
[6.739s] -- Up-to-date: /home/pbk/arduinobot_ws/src/install/arduinobot_utils/share/arduinobot_utils/environment/path.sh
[6.740s] -- Installing: /home/pbk/arduinobot_ws/src/install/arduinobot_utils/share/arduinobot_utils/environment/path.dsv
[6.740s] -- Up-to-date: /home/pbk/arduinobot_ws/src/install/arduinobot_utils/share/arduinobot_utils/local_setup.bash
[6.740s] -- Installing: /home/pbk/arduinobot_ws/src/install/arduinobot_utils/share/arduinobot_utils/local_setup.sh
[6.740s] -- Up-to-date: /home/pbk/arduinobot_ws/src/install/arduinobot_utils/share/arduinobot_utils/local_setup.zsh
[6.740s] -- Installing: /home/pbk/arduinobot_ws/src/install/arduinobot_utils/share/arduinobot_utils/local_setup.dsv
[6.740s] -- Installing: /home/pbk/arduinobot_ws/src/install/arduinobot_utils/share/arduinobot_utils/package.dsv
[6.740s] -- Up-to-date: /home/pbk/arduinobot_ws/src/install/arduinobot_utils/share/ament_index/resource_index/packages/arduinobot_utils
[6.740s] -- Up-to-date: /home/pbk/arduinobot_ws/src/install/arduinobot_utils/share/arduinobot_utils/cmake/arduinobot_utilsConfig.cmake
[6.740s] -- Up-to-date: /home/pbk/arduinobot_ws/src/install/arduinobot_utils/share/arduinobot_utils/cmake/arduinobot_utilsConfig-version.cmake
[6.740s] -- Installing: /home/pbk/arduinobot_ws/src/install/arduinobot_utils/share/arduinobot_utils/package.xml
[6.742s] Invoked command in '/home/pbk/arduinobot_ws/src/build/arduinobot_utils' returned '0': AMENT_PREFIX_PATH=/home/pbk/arduinobot_ws/src/install/arduinobot_msgs:${AMENT_PREFIX_PATH} CMAKE_PREFIX_PATH=/home/pbk/arduinobot_ws/src/install/arduinobot_msgs:/home/pbk/arduinobot_ws/install/arduinobot_utils:/home/pbk/arduinobot_ws/install/arduinobot_cpp_examples:/home/pbk/arduinobot_ws/install/arduinobot_msgs:/home/pbk/arduinobot_ws/install/arduinobot_description:/home/pbk/arduinobot_ws/install/arduinobot_controller:/home/pbk/arduinobot_ws/install/arduinobot_py_examples:/opt/ros/humble LD_LIBRARY_PATH=/home/pbk/arduinobot_ws/src/install/arduinobot_msgs/lib:${LD_LIBRARY_PATH} PYTHONPATH=/home/pbk/arduinobot_ws/src/install/arduinobot_msgs/local/lib/python3.10/dist-packages:${PYTHONPATH} /usr/bin/cmake --install /home/pbk/arduinobot_ws/src/build/arduinobot_utils
