[0.608s] Invoking command in '/home/pbk/arduinobot_ws/src/arduinobot_py_examples': CMAKE_PREFIX_PATH=/home/pbk/arduinobot_ws/install/arduinobot_msgs:/home/pbk/arduinobot_ws/install/arduinobot_utils:/home/pbk/arduinobot_ws/install/arduinobot_cpp_examples:/home/pbk/arduinobot_ws/install/arduinobot_moveit:/home/pbk/arduinobot_ws/install/arduinobot_description:/home/pbk/arduinobot_ws/install/arduinobot_controller PYTHONPATH=/home/pbk/arduinobot_ws/build/arduinobot_py_examples/prefix_override:/home/pbk/arduinobot_ws/install/arduinobot_py_examples/lib/python3.10/site-packages:${PYTHONPATH} /usr/bin/python3 -W ignore:setup.py install is deprecated setup.py egg_info --egg-base ../../build/arduinobot_py_examples build --build-base /home/pbk/arduinobot_ws/build/arduinobot_py_examples/build install --record /home/pbk/arduinobot_ws/build/arduinobot_py_examples/install.log --single-version-externally-managed install_data
[0.781s] running egg_info
[0.781s] writing ../../build/arduinobot_py_examples/arduinobot_py_examples.egg-info/PKG-INFO
[0.782s] writing dependency_links to ../../build/arduinobot_py_examples/arduinobot_py_examples.egg-info/dependency_links.txt
[0.782s] writing entry points to ../../build/arduinobot_py_examples/arduinobot_py_examples.egg-info/entry_points.txt
[0.782s] writing requirements to ../../build/arduinobot_py_examples/arduinobot_py_examples.egg-info/requires.txt
[0.782s] writing top-level names to ../../build/arduinobot_py_examples/arduinobot_py_examples.egg-info/top_level.txt
[0.784s] reading manifest file '../../build/arduinobot_py_examples/arduinobot_py_examples.egg-info/SOURCES.txt'
[0.786s] writing manifest file '../../build/arduinobot_py_examples/arduinobot_py_examples.egg-info/SOURCES.txt'
[0.786s] running build
[0.786s] running build_py
[0.786s] copying arduinobot_py_examples/simple_action_server.py -> /home/pbk/arduinobot_ws/build/arduinobot_py_examples/build/lib/arduinobot_py_examples
[0.787s] running install
[0.787s] running install_lib
[0.788s] copying /home/pbk/arduinobot_ws/build/arduinobot_py_examples/build/lib/arduinobot_py_examples/simple_action_server.py -> /home/pbk/arduinobot_ws/install/arduinobot_py_examples/lib/python3.10/site-packages/arduinobot_py_examples
[0.789s] byte-compiling /home/pbk/arduinobot_ws/install/arduinobot_py_examples/lib/python3.10/site-packages/arduinobot_py_examples/simple_action_server.py to simple_action_server.cpython-310.pyc
[0.789s] running install_data
[0.789s] running install_egg_info
[0.791s] removing '/home/pbk/arduinobot_ws/install/arduinobot_py_examples/lib/python3.10/site-packages/arduinobot_py_examples-0.0.0-py3.10.egg-info' (and everything under it)
[0.792s] Copying ../../build/arduinobot_py_examples/arduinobot_py_examples.egg-info to /home/pbk/arduinobot_ws/install/arduinobot_py_examples/lib/python3.10/site-packages/arduinobot_py_examples-0.0.0-py3.10.egg-info
[0.793s] running install_scripts
[0.810s] Installing simple_parameter script to /home/pbk/arduinobot_ws/install/arduinobot_py_examples/lib/arduinobot_py_examples
[0.810s] Installing simple_publisher script to /home/pbk/arduinobot_ws/install/arduinobot_py_examples/lib/arduinobot_py_examples
[0.811s] Installing simple_service_client script to /home/pbk/arduinobot_ws/install/arduinobot_py_examples/lib/arduinobot_py_examples
[0.811s] Installing simple_service_server script to /home/pbk/arduinobot_ws/install/arduinobot_py_examples/lib/arduinobot_py_examples
[0.811s] Installing simple_subscriber script to /home/pbk/arduinobot_ws/install/arduinobot_py_examples/lib/arduinobot_py_examples
[0.811s] writing list of installed files to '/home/pbk/arduinobot_ws/build/arduinobot_py_examples/install.log'
[0.839s] Invoked command in '/home/pbk/arduinobot_ws/src/arduinobot_py_examples' returned '0': CMAKE_PREFIX_PATH=/home/pbk/arduinobot_ws/install/arduinobot_msgs:/home/pbk/arduinobot_ws/install/arduinobot_utils:/home/pbk/arduinobot_ws/install/arduinobot_cpp_examples:/home/pbk/arduinobot_ws/install/arduinobot_moveit:/home/pbk/arduinobot_ws/install/arduinobot_description:/home/pbk/arduinobot_ws/install/arduinobot_controller PYTHONPATH=/home/pbk/arduinobot_ws/build/arduinobot_py_examples/prefix_override:/home/pbk/arduinobot_ws/install/arduinobot_py_examples/lib/python3.10/site-packages:${PYTHONPATH} /usr/bin/python3 -W ignore:setup.py install is deprecated setup.py egg_info --egg-base ../../build/arduinobot_py_examples build --build-base /home/pbk/arduinobot_ws/build/arduinobot_py_examples/build install --record /home/pbk/arduinobot_ws/build/arduinobot_py_examples/install.log --single-version-externally-managed install_data
