[0.103s] DEBUG:colcon:Command line arguments: ['/usr/bin/colcon', 'build']
[0.103s] DEBUG:colcon:Parsed command line arguments: Namespace(log_base=None, log_level=None, verb_name='build', build_base='build', install_base='install', merge_install=False, symlink_install=False, test_result_base=None, continue_on_error=False, executor='parallel', parallel_workers=20, event_handlers=None, ignore_user_meta=False, metas=['./colcon.meta'], base_paths=['.'], packages_ignore=None, packages_ignore_regex=None, paths=None, packages_up_to=None, packages_up_to_regex=None, packages_above=None, packages_above_and_dependencies=None, packages_above_depth=None, packages_select_by_dep=None, packages_skip_by_dep=None, packages_skip_up_to=None, packages_select_build_failed=False, packages_skip_build_finished=False, packages_select_test_failures=False, packages_skip_test_passed=False, packages_select=None, packages_skip=None, packages_select_regex=None, packages_skip_regex=None, packages_start=None, packages_end=None, allow_overriding=[], cmake_args=None, cmake_target=None, cmake_target_skip_unavailable=False, cmake_clean_cache=False, cmake_clean_first=False, cmake_force_configure=False, ament_cmake_args=None, catkin_cmake_args=None, catkin_skip_building_tests=False, mixin_files=None, mixin=None, verb_parser=<colcon_mixin.mixin.mixin_argument.MixinArgumentDecorator object at 0x7f95c481dae0>, verb_extension=<colcon_core.verb.build.BuildVerb object at 0x7f95c4a0b550>, main=<bound method BuildVerb.main of <colcon_core.verb.build.BuildVerb object at 0x7f95c4a0b550>>, mixin_verb=('build',))
[0.190s] Level 1:colcon.colcon_core.package_discovery:discover_packages(colcon_meta) check parameters
[0.191s] Level 1:colcon.colcon_core.package_discovery:discover_packages(recursive) check parameters
[0.191s] Level 1:colcon.colcon_core.package_discovery:discover_packages(ignore) check parameters
[0.191s] Level 1:colcon.colcon_core.package_discovery:discover_packages(path) check parameters
[0.191s] Level 1:colcon.colcon_core.package_discovery:discover_packages(colcon_meta) discover
[0.191s] Level 1:colcon.colcon_core.package_discovery:discover_packages(recursive) discover
[0.191s] INFO:colcon.colcon_core.package_discovery:Crawling recursively for packages in '/home/pbk/arduinobot_ws'
[0.191s] Level 1:colcon.colcon_core.package_identification:_identify(.) by extensions ['ignore', 'ignore_ament_install']
[0.191s] Level 1:colcon.colcon_core.package_identification:_identify(.) by extension 'ignore'
[0.191s] Level 1:colcon.colcon_core.package_identification:_identify(.) by extension 'ignore_ament_install'
[0.191s] Level 1:colcon.colcon_core.package_identification:_identify(.) by extensions ['colcon_pkg']
[0.191s] Level 1:colcon.colcon_core.package_identification:_identify(.) by extension 'colcon_pkg'
[0.191s] Level 1:colcon.colcon_core.package_identification:_identify(.) by extensions ['colcon_meta']
[0.191s] Level 1:colcon.colcon_core.package_identification:_identify(.) by extension 'colcon_meta'
[0.191s] Level 1:colcon.colcon_core.package_identification:_identify(.) by extensions ['ros']
[0.191s] Level 1:colcon.colcon_core.package_identification:_identify(.) by extension 'ros'
[0.198s] Level 1:colcon.colcon_core.package_identification:_identify(.) by extensions ['cmake', 'python']
[0.198s] Level 1:colcon.colcon_core.package_identification:_identify(.) by extension 'cmake'
[0.198s] Level 1:colcon.colcon_core.package_identification:_identify(.) by extension 'python'
[0.198s] Level 1:colcon.colcon_core.package_identification:_identify(.) by extensions ['python_setup_py']
[0.198s] Level 1:colcon.colcon_core.package_identification:_identify(.) by extension 'python_setup_py'
[0.198s] Level 1:colcon.colcon_core.package_identification:_identify(build) by extensions ['ignore', 'ignore_ament_install']
[0.198s] Level 1:colcon.colcon_core.package_identification:_identify(build) by extension 'ignore'
[0.198s] Level 1:colcon.colcon_core.package_identification:_identify(build) ignored
[0.198s] Level 1:colcon.colcon_core.package_identification:_identify(install) by extensions ['ignore', 'ignore_ament_install']
[0.198s] Level 1:colcon.colcon_core.package_identification:_identify(install) by extension 'ignore'
[0.199s] Level 1:colcon.colcon_core.package_identification:_identify(install) ignored
[0.199s] Level 1:colcon.colcon_core.package_identification:_identify(log) by extensions ['ignore', 'ignore_ament_install']
[0.199s] Level 1:colcon.colcon_core.package_identification:_identify(log) by extension 'ignore'
[0.199s] Level 1:colcon.colcon_core.package_identification:_identify(log) ignored
[0.199s] Level 1:colcon.colcon_core.package_identification:_identify(src) by extensions ['ignore', 'ignore_ament_install']
[0.199s] Level 1:colcon.colcon_core.package_identification:_identify(src) by extension 'ignore'
[0.199s] Level 1:colcon.colcon_core.package_identification:_identify(src) by extension 'ignore_ament_install'
[0.199s] Level 1:colcon.colcon_core.package_identification:_identify(src) by extensions ['colcon_pkg']
[0.199s] Level 1:colcon.colcon_core.package_identification:_identify(src) by extension 'colcon_pkg'
[0.199s] Level 1:colcon.colcon_core.package_identification:_identify(src) by extensions ['colcon_meta']
[0.199s] Level 1:colcon.colcon_core.package_identification:_identify(src) by extension 'colcon_meta'
[0.199s] Level 1:colcon.colcon_core.package_identification:_identify(src) by extensions ['ros']
[0.199s] Level 1:colcon.colcon_core.package_identification:_identify(src) by extension 'ros'
[0.199s] Level 1:colcon.colcon_core.package_identification:_identify(src) by extensions ['cmake', 'python']
[0.199s] Level 1:colcon.colcon_core.package_identification:_identify(src) by extension 'cmake'
[0.199s] Level 1:colcon.colcon_core.package_identification:_identify(src) by extension 'python'
[0.199s] Level 1:colcon.colcon_core.package_identification:_identify(src) by extensions ['python_setup_py']
[0.199s] Level 1:colcon.colcon_core.package_identification:_identify(src) by extension 'python_setup_py'
[0.199s] Level 1:colcon.colcon_core.package_identification:_identify(src/arduinobot_controller) by extensions ['ignore', 'ignore_ament_install']
[0.199s] Level 1:colcon.colcon_core.package_identification:_identify(src/arduinobot_controller) by extension 'ignore'
[0.199s] Level 1:colcon.colcon_core.package_identification:_identify(src/arduinobot_controller) by extension 'ignore_ament_install'
[0.199s] Level 1:colcon.colcon_core.package_identification:_identify(src/arduinobot_controller) by extensions ['colcon_pkg']
[0.199s] Level 1:colcon.colcon_core.package_identification:_identify(src/arduinobot_controller) by extension 'colcon_pkg'
[0.199s] Level 1:colcon.colcon_core.package_identification:_identify(src/arduinobot_controller) by extensions ['colcon_meta']
[0.199s] Level 1:colcon.colcon_core.package_identification:_identify(src/arduinobot_controller) by extension 'colcon_meta'
[0.199s] Level 1:colcon.colcon_core.package_identification:_identify(src/arduinobot_controller) by extensions ['ros']
[0.199s] Level 1:colcon.colcon_core.package_identification:_identify(src/arduinobot_controller) by extension 'ros'
[0.201s] DEBUG:colcon.colcon_core.package_identification:Package 'src/arduinobot_controller' with type 'ros.ament_cmake' and name 'arduinobot_controller'
[0.201s] Level 1:colcon.colcon_core.package_identification:_identify(src/arduinobot_cpp_examples) by extensions ['ignore', 'ignore_ament_install']
[0.201s] Level 1:colcon.colcon_core.package_identification:_identify(src/arduinobot_cpp_examples) by extension 'ignore'
[0.201s] Level 1:colcon.colcon_core.package_identification:_identify(src/arduinobot_cpp_examples) by extension 'ignore_ament_install'
[0.201s] Level 1:colcon.colcon_core.package_identification:_identify(src/arduinobot_cpp_examples) by extensions ['colcon_pkg']
[0.201s] Level 1:colcon.colcon_core.package_identification:_identify(src/arduinobot_cpp_examples) by extension 'colcon_pkg'
[0.201s] Level 1:colcon.colcon_core.package_identification:_identify(src/arduinobot_cpp_examples) by extensions ['colcon_meta']
[0.201s] Level 1:colcon.colcon_core.package_identification:_identify(src/arduinobot_cpp_examples) by extension 'colcon_meta'
[0.201s] Level 1:colcon.colcon_core.package_identification:_identify(src/arduinobot_cpp_examples) by extensions ['ros']
[0.201s] Level 1:colcon.colcon_core.package_identification:_identify(src/arduinobot_cpp_examples) by extension 'ros'
[0.202s] DEBUG:colcon.colcon_core.package_identification:Package 'src/arduinobot_cpp_examples' with type 'ros.ament_cmake' and name 'arduinobot_cpp_examples'
[0.202s] Level 1:colcon.colcon_core.package_identification:_identify(src/arduinobot_description) by extensions ['ignore', 'ignore_ament_install']
[0.202s] Level 1:colcon.colcon_core.package_identification:_identify(src/arduinobot_description) by extension 'ignore'
[0.202s] Level 1:colcon.colcon_core.package_identification:_identify(src/arduinobot_description) by extension 'ignore_ament_install'
[0.202s] Level 1:colcon.colcon_core.package_identification:_identify(src/arduinobot_description) by extensions ['colcon_pkg']
[0.202s] Level 1:colcon.colcon_core.package_identification:_identify(src/arduinobot_description) by extension 'colcon_pkg'
[0.202s] Level 1:colcon.colcon_core.package_identification:_identify(src/arduinobot_description) by extensions ['colcon_meta']
[0.202s] Level 1:colcon.colcon_core.package_identification:_identify(src/arduinobot_description) by extension 'colcon_meta'
[0.202s] Level 1:colcon.colcon_core.package_identification:_identify(src/arduinobot_description) by extensions ['ros']
[0.202s] Level 1:colcon.colcon_core.package_identification:_identify(src/arduinobot_description) by extension 'ros'
[0.202s] DEBUG:colcon.colcon_core.package_identification:Package 'src/arduinobot_description' with type 'ros.ament_cmake' and name 'arduinobot_description'
[0.202s] Level 1:colcon.colcon_core.package_identification:_identify(src/arduinobot_moveit) by extensions ['ignore', 'ignore_ament_install']
[0.202s] Level 1:colcon.colcon_core.package_identification:_identify(src/arduinobot_moveit) by extension 'ignore'
[0.202s] Level 1:colcon.colcon_core.package_identification:_identify(src/arduinobot_moveit) by extension 'ignore_ament_install'
[0.202s] Level 1:colcon.colcon_core.package_identification:_identify(src/arduinobot_moveit) by extensions ['colcon_pkg']
[0.202s] Level 1:colcon.colcon_core.package_identification:_identify(src/arduinobot_moveit) by extension 'colcon_pkg'
[0.202s] Level 1:colcon.colcon_core.package_identification:_identify(src/arduinobot_moveit) by extensions ['colcon_meta']
[0.203s] Level 1:colcon.colcon_core.package_identification:_identify(src/arduinobot_moveit) by extension 'colcon_meta'
[0.203s] Level 1:colcon.colcon_core.package_identification:_identify(src/arduinobot_moveit) by extensions ['ros']
[0.203s] Level 1:colcon.colcon_core.package_identification:_identify(src/arduinobot_moveit) by extension 'ros'
[0.203s] DEBUG:colcon.colcon_core.package_identification:Package 'src/arduinobot_moveit' with type 'ros.ament_cmake' and name 'arduinobot_moveit'
[0.203s] Level 1:colcon.colcon_core.package_identification:_identify(src/arduinobot_msgs) by extensions ['ignore', 'ignore_ament_install']
[0.203s] Level 1:colcon.colcon_core.package_identification:_identify(src/arduinobot_msgs) by extension 'ignore'
[0.203s] Level 1:colcon.colcon_core.package_identification:_identify(src/arduinobot_msgs) by extension 'ignore_ament_install'
[0.203s] Level 1:colcon.colcon_core.package_identification:_identify(src/arduinobot_msgs) by extensions ['colcon_pkg']
[0.203s] Level 1:colcon.colcon_core.package_identification:_identify(src/arduinobot_msgs) by extension 'colcon_pkg'
[0.203s] Level 1:colcon.colcon_core.package_identification:_identify(src/arduinobot_msgs) by extensions ['colcon_meta']
[0.203s] Level 1:colcon.colcon_core.package_identification:_identify(src/arduinobot_msgs) by extension 'colcon_meta'
[0.203s] Level 1:colcon.colcon_core.package_identification:_identify(src/arduinobot_msgs) by extensions ['ros']
[0.203s] Level 1:colcon.colcon_core.package_identification:_identify(src/arduinobot_msgs) by extension 'ros'
[0.203s] DEBUG:colcon.colcon_core.package_identification:Package 'src/arduinobot_msgs' with type 'ros.ament_cmake' and name 'arduinobot_msgs'
[0.204s] Level 1:colcon.colcon_core.package_identification:_identify(src/arduinobot_py_examples) by extensions ['ignore', 'ignore_ament_install']
[0.204s] Level 1:colcon.colcon_core.package_identification:_identify(src/arduinobot_py_examples) by extension 'ignore'
[0.204s] Level 1:colcon.colcon_core.package_identification:_identify(src/arduinobot_py_examples) by extension 'ignore_ament_install'
[0.204s] Level 1:colcon.colcon_core.package_identification:_identify(src/arduinobot_py_examples) by extensions ['colcon_pkg']
[0.204s] Level 1:colcon.colcon_core.package_identification:_identify(src/arduinobot_py_examples) by extension 'colcon_pkg'
[0.204s] Level 1:colcon.colcon_core.package_identification:_identify(src/arduinobot_py_examples) by extensions ['colcon_meta']
[0.204s] Level 1:colcon.colcon_core.package_identification:_identify(src/arduinobot_py_examples) by extension 'colcon_meta'
[0.204s] Level 1:colcon.colcon_core.package_identification:_identify(src/arduinobot_py_examples) by extensions ['ros']
[0.204s] Level 1:colcon.colcon_core.package_identification:_identify(src/arduinobot_py_examples) by extension 'ros'
[0.204s] DEBUG:colcon.colcon_core.package_identification:Package 'src/arduinobot_py_examples' with type 'ros.ament_python' and name 'arduinobot_py_examples'
[0.204s] Level 1:colcon.colcon_core.package_identification:_identify(src/arduinobot_utils) by extensions ['ignore', 'ignore_ament_install']
[0.205s] Level 1:colcon.colcon_core.package_identification:_identify(src/arduinobot_utils) by extension 'ignore'
[0.205s] Level 1:colcon.colcon_core.package_identification:_identify(src/arduinobot_utils) by extension 'ignore_ament_install'
[0.205s] Level 1:colcon.colcon_core.package_identification:_identify(src/arduinobot_utils) by extensions ['colcon_pkg']
[0.205s] Level 1:colcon.colcon_core.package_identification:_identify(src/arduinobot_utils) by extension 'colcon_pkg'
[0.205s] Level 1:colcon.colcon_core.package_identification:_identify(src/arduinobot_utils) by extensions ['colcon_meta']
[0.205s] Level 1:colcon.colcon_core.package_identification:_identify(src/arduinobot_utils) by extension 'colcon_meta'
[0.205s] Level 1:colcon.colcon_core.package_identification:_identify(src/arduinobot_utils) by extensions ['ros']
[0.205s] Level 1:colcon.colcon_core.package_identification:_identify(src/arduinobot_utils) by extension 'ros'
[0.205s] DEBUG:colcon.colcon_core.package_identification:Package 'src/arduinobot_utils' with type 'ros.ament_cmake' and name 'arduinobot_utils'
[0.205s] Level 1:colcon.colcon_core.package_identification:_identify(src/build) by extensions ['ignore', 'ignore_ament_install']
[0.205s] Level 1:colcon.colcon_core.package_identification:_identify(src/build) by extension 'ignore'
[0.205s] Level 1:colcon.colcon_core.package_identification:_identify(src/build) ignored
[0.205s] Level 1:colcon.colcon_core.package_identification:_identify(src/install) by extensions ['ignore', 'ignore_ament_install']
[0.205s] Level 1:colcon.colcon_core.package_identification:_identify(src/install) by extension 'ignore'
[0.205s] Level 1:colcon.colcon_core.package_identification:_identify(src/install) ignored
[0.205s] Level 1:colcon.colcon_core.package_identification:_identify(src/log) by extensions ['ignore', 'ignore_ament_install']
[0.205s] Level 1:colcon.colcon_core.package_identification:_identify(src/log) by extension 'ignore'
[0.205s] Level 1:colcon.colcon_core.package_identification:_identify(src/log) ignored
[0.205s] Level 1:colcon.colcon_core.package_discovery:discover_packages(recursive) using defaults
[0.206s] Level 1:colcon.colcon_core.package_discovery:discover_packages(ignore) discover
[0.206s] Level 1:colcon.colcon_core.package_discovery:discover_packages(ignore) using defaults
[0.206s] Level 1:colcon.colcon_core.package_discovery:discover_packages(path) discover
[0.206s] Level 1:colcon.colcon_core.package_discovery:discover_packages(path) using defaults
[0.228s] Level 1:colcon.colcon_core.package_discovery:discover_packages(prefix_path) check parameters
[0.228s] Level 1:colcon.colcon_core.package_discovery:discover_packages(prefix_path) discover
[0.229s] DEBUG:colcon.colcon_installed_package_information.package_discovery:Found 7 installed packages in /home/pbk/arduinobot_ws/install
[0.230s] DEBUG:colcon.colcon_installed_package_information.package_discovery:Found 360 installed packages in /opt/ros/humble
[0.231s] Level 1:colcon.colcon_core.package_discovery:discover_packages(prefix_path) using defaults
[0.255s] Level 5:colcon.colcon_core.verb:set package 'arduinobot_controller' build argument 'cmake_args' from command line to 'None'
[0.255s] Level 5:colcon.colcon_core.verb:set package 'arduinobot_controller' build argument 'cmake_target' from command line to 'None'
[0.255s] Level 5:colcon.colcon_core.verb:set package 'arduinobot_controller' build argument 'cmake_target_skip_unavailable' from command line to 'False'
[0.255s] Level 5:colcon.colcon_core.verb:set package 'arduinobot_controller' build argument 'cmake_clean_cache' from command line to 'False'
[0.255s] Level 5:colcon.colcon_core.verb:set package 'arduinobot_controller' build argument 'cmake_clean_first' from command line to 'False'
[0.255s] Level 5:colcon.colcon_core.verb:set package 'arduinobot_controller' build argument 'cmake_force_configure' from command line to 'False'
[0.255s] Level 5:colcon.colcon_core.verb:set package 'arduinobot_controller' build argument 'ament_cmake_args' from command line to 'None'
[0.255s] Level 5:colcon.colcon_core.verb:set package 'arduinobot_controller' build argument 'catkin_cmake_args' from command line to 'None'
[0.255s] Level 5:colcon.colcon_core.verb:set package 'arduinobot_controller' build argument 'catkin_skip_building_tests' from command line to 'False'
[0.255s] DEBUG:colcon.colcon_core.verb:Building package 'arduinobot_controller' with the following arguments: {'ament_cmake_args': None, 'build_base': '/home/pbk/arduinobot_ws/build/arduinobot_controller', 'catkin_cmake_args': None, 'catkin_skip_building_tests': False, 'cmake_args': None, 'cmake_clean_cache': False, 'cmake_clean_first': False, 'cmake_force_configure': False, 'cmake_target': None, 'cmake_target_skip_unavailable': False, 'install_base': '/home/pbk/arduinobot_ws/install/arduinobot_controller', 'merge_install': False, 'path': '/home/pbk/arduinobot_ws/src/arduinobot_controller', 'symlink_install': False, 'test_result_base': None}
[0.255s] Level 5:colcon.colcon_core.verb:set package 'arduinobot_description' build argument 'cmake_args' from command line to 'None'
[0.256s] Level 5:colcon.colcon_core.verb:set package 'arduinobot_description' build argument 'cmake_target' from command line to 'None'
[0.256s] Level 5:colcon.colcon_core.verb:set package 'arduinobot_description' build argument 'cmake_target_skip_unavailable' from command line to 'False'
[0.256s] Level 5:colcon.colcon_core.verb:set package 'arduinobot_description' build argument 'cmake_clean_cache' from command line to 'False'
[0.256s] Level 5:colcon.colcon_core.verb:set package 'arduinobot_description' build argument 'cmake_clean_first' from command line to 'False'
[0.256s] Level 5:colcon.colcon_core.verb:set package 'arduinobot_description' build argument 'cmake_force_configure' from command line to 'False'
[0.256s] Level 5:colcon.colcon_core.verb:set package 'arduinobot_description' build argument 'ament_cmake_args' from command line to 'None'
[0.256s] Level 5:colcon.colcon_core.verb:set package 'arduinobot_description' build argument 'catkin_cmake_args' from command line to 'None'
[0.256s] Level 5:colcon.colcon_core.verb:set package 'arduinobot_description' build argument 'catkin_skip_building_tests' from command line to 'False'
[0.256s] DEBUG:colcon.colcon_core.verb:Building package 'arduinobot_description' with the following arguments: {'ament_cmake_args': None, 'build_base': '/home/pbk/arduinobot_ws/build/arduinobot_description', 'catkin_cmake_args': None, 'catkin_skip_building_tests': False, 'cmake_args': None, 'cmake_clean_cache': False, 'cmake_clean_first': False, 'cmake_force_configure': False, 'cmake_target': None, 'cmake_target_skip_unavailable': False, 'install_base': '/home/pbk/arduinobot_ws/install/arduinobot_description', 'merge_install': False, 'path': '/home/pbk/arduinobot_ws/src/arduinobot_description', 'symlink_install': False, 'test_result_base': None}
[0.256s] Level 5:colcon.colcon_core.verb:set package 'arduinobot_moveit' build argument 'cmake_args' from command line to 'None'
[0.256s] Level 5:colcon.colcon_core.verb:set package 'arduinobot_moveit' build argument 'cmake_target' from command line to 'None'
[0.256s] Level 5:colcon.colcon_core.verb:set package 'arduinobot_moveit' build argument 'cmake_target_skip_unavailable' from command line to 'False'
[0.256s] Level 5:colcon.colcon_core.verb:set package 'arduinobot_moveit' build argument 'cmake_clean_cache' from command line to 'False'
[0.256s] Level 5:colcon.colcon_core.verb:set package 'arduinobot_moveit' build argument 'cmake_clean_first' from command line to 'False'
[0.256s] Level 5:colcon.colcon_core.verb:set package 'arduinobot_moveit' build argument 'cmake_force_configure' from command line to 'False'
[0.256s] Level 5:colcon.colcon_core.verb:set package 'arduinobot_moveit' build argument 'ament_cmake_args' from command line to 'None'
[0.256s] Level 5:colcon.colcon_core.verb:set package 'arduinobot_moveit' build argument 'catkin_cmake_args' from command line to 'None'
[0.256s] Level 5:colcon.colcon_core.verb:set package 'arduinobot_moveit' build argument 'catkin_skip_building_tests' from command line to 'False'
[0.256s] DEBUG:colcon.colcon_core.verb:Building package 'arduinobot_moveit' with the following arguments: {'ament_cmake_args': None, 'build_base': '/home/pbk/arduinobot_ws/build/arduinobot_moveit', 'catkin_cmake_args': None, 'catkin_skip_building_tests': False, 'cmake_args': None, 'cmake_clean_cache': False, 'cmake_clean_first': False, 'cmake_force_configure': False, 'cmake_target': None, 'cmake_target_skip_unavailable': False, 'install_base': '/home/pbk/arduinobot_ws/install/arduinobot_moveit', 'merge_install': False, 'path': '/home/pbk/arduinobot_ws/src/arduinobot_moveit', 'symlink_install': False, 'test_result_base': None}
[0.256s] Level 5:colcon.colcon_core.verb:set package 'arduinobot_msgs' build argument 'cmake_args' from command line to 'None'
[0.256s] Level 5:colcon.colcon_core.verb:set package 'arduinobot_msgs' build argument 'cmake_target' from command line to 'None'
[0.256s] Level 5:colcon.colcon_core.verb:set package 'arduinobot_msgs' build argument 'cmake_target_skip_unavailable' from command line to 'False'
[0.256s] Level 5:colcon.colcon_core.verb:set package 'arduinobot_msgs' build argument 'cmake_clean_cache' from command line to 'False'
[0.256s] Level 5:colcon.colcon_core.verb:set package 'arduinobot_msgs' build argument 'cmake_clean_first' from command line to 'False'
[0.256s] Level 5:colcon.colcon_core.verb:set package 'arduinobot_msgs' build argument 'cmake_force_configure' from command line to 'False'
[0.256s] Level 5:colcon.colcon_core.verb:set package 'arduinobot_msgs' build argument 'ament_cmake_args' from command line to 'None'
[0.256s] Level 5:colcon.colcon_core.verb:set package 'arduinobot_msgs' build argument 'catkin_cmake_args' from command line to 'None'
[0.256s] Level 5:colcon.colcon_core.verb:set package 'arduinobot_msgs' build argument 'catkin_skip_building_tests' from command line to 'False'
[0.256s] DEBUG:colcon.colcon_core.verb:Building package 'arduinobot_msgs' with the following arguments: {'ament_cmake_args': None, 'build_base': '/home/pbk/arduinobot_ws/build/arduinobot_msgs', 'catkin_cmake_args': None, 'catkin_skip_building_tests': False, 'cmake_args': None, 'cmake_clean_cache': False, 'cmake_clean_first': False, 'cmake_force_configure': False, 'cmake_target': None, 'cmake_target_skip_unavailable': False, 'install_base': '/home/pbk/arduinobot_ws/install/arduinobot_msgs', 'merge_install': False, 'path': '/home/pbk/arduinobot_ws/src/arduinobot_msgs', 'symlink_install': False, 'test_result_base': None}
[0.256s] Level 5:colcon.colcon_core.verb:set package 'arduinobot_cpp_examples' build argument 'cmake_args' from command line to 'None'
[0.256s] Level 5:colcon.colcon_core.verb:set package 'arduinobot_cpp_examples' build argument 'cmake_target' from command line to 'None'
[0.256s] Level 5:colcon.colcon_core.verb:set package 'arduinobot_cpp_examples' build argument 'cmake_target_skip_unavailable' from command line to 'False'
[0.256s] Level 5:colcon.colcon_core.verb:set package 'arduinobot_cpp_examples' build argument 'cmake_clean_cache' from command line to 'False'
[0.256s] Level 5:colcon.colcon_core.verb:set package 'arduinobot_cpp_examples' build argument 'cmake_clean_first' from command line to 'False'
[0.256s] Level 5:colcon.colcon_core.verb:set package 'arduinobot_cpp_examples' build argument 'cmake_force_configure' from command line to 'False'
[0.257s] Level 5:colcon.colcon_core.verb:set package 'arduinobot_cpp_examples' build argument 'ament_cmake_args' from command line to 'None'
[0.257s] Level 5:colcon.colcon_core.verb:set package 'arduinobot_cpp_examples' build argument 'catkin_cmake_args' from command line to 'None'
[0.257s] Level 5:colcon.colcon_core.verb:set package 'arduinobot_cpp_examples' build argument 'catkin_skip_building_tests' from command line to 'False'
[0.257s] DEBUG:colcon.colcon_core.verb:Building package 'arduinobot_cpp_examples' with the following arguments: {'ament_cmake_args': None, 'build_base': '/home/pbk/arduinobot_ws/build/arduinobot_cpp_examples', 'catkin_cmake_args': None, 'catkin_skip_building_tests': False, 'cmake_args': None, 'cmake_clean_cache': False, 'cmake_clean_first': False, 'cmake_force_configure': False, 'cmake_target': None, 'cmake_target_skip_unavailable': False, 'install_base': '/home/pbk/arduinobot_ws/install/arduinobot_cpp_examples', 'merge_install': False, 'path': '/home/pbk/arduinobot_ws/src/arduinobot_cpp_examples', 'symlink_install': False, 'test_result_base': None}
[0.257s] Level 5:colcon.colcon_core.verb:set package 'arduinobot_py_examples' build argument 'cmake_args' from command line to 'None'
[0.257s] Level 5:colcon.colcon_core.verb:set package 'arduinobot_py_examples' build argument 'cmake_target' from command line to 'None'
[0.257s] Level 5:colcon.colcon_core.verb:set package 'arduinobot_py_examples' build argument 'cmake_target_skip_unavailable' from command line to 'False'
[0.257s] Level 5:colcon.colcon_core.verb:set package 'arduinobot_py_examples' build argument 'cmake_clean_cache' from command line to 'False'
[0.257s] Level 5:colcon.colcon_core.verb:set package 'arduinobot_py_examples' build argument 'cmake_clean_first' from command line to 'False'
[0.257s] Level 5:colcon.colcon_core.verb:set package 'arduinobot_py_examples' build argument 'cmake_force_configure' from command line to 'False'
[0.257s] Level 5:colcon.colcon_core.verb:set package 'arduinobot_py_examples' build argument 'ament_cmake_args' from command line to 'None'
[0.257s] Level 5:colcon.colcon_core.verb:set package 'arduinobot_py_examples' build argument 'catkin_cmake_args' from command line to 'None'
[0.257s] Level 5:colcon.colcon_core.verb:set package 'arduinobot_py_examples' build argument 'catkin_skip_building_tests' from command line to 'False'
[0.257s] DEBUG:colcon.colcon_core.verb:Building package 'arduinobot_py_examples' with the following arguments: {'ament_cmake_args': None, 'build_base': '/home/pbk/arduinobot_ws/build/arduinobot_py_examples', 'catkin_cmake_args': None, 'catkin_skip_building_tests': False, 'cmake_args': None, 'cmake_clean_cache': False, 'cmake_clean_first': False, 'cmake_force_configure': False, 'cmake_target': None, 'cmake_target_skip_unavailable': False, 'install_base': '/home/pbk/arduinobot_ws/install/arduinobot_py_examples', 'merge_install': False, 'path': '/home/pbk/arduinobot_ws/src/arduinobot_py_examples', 'symlink_install': False, 'test_result_base': None}
[0.257s] Level 5:colcon.colcon_core.verb:set package 'arduinobot_utils' build argument 'cmake_args' from command line to 'None'
[0.257s] Level 5:colcon.colcon_core.verb:set package 'arduinobot_utils' build argument 'cmake_target' from command line to 'None'
[0.257s] Level 5:colcon.colcon_core.verb:set package 'arduinobot_utils' build argument 'cmake_target_skip_unavailable' from command line to 'False'
[0.257s] Level 5:colcon.colcon_core.verb:set package 'arduinobot_utils' build argument 'cmake_clean_cache' from command line to 'False'
[0.257s] Level 5:colcon.colcon_core.verb:set package 'arduinobot_utils' build argument 'cmake_clean_first' from command line to 'False'
[0.257s] Level 5:colcon.colcon_core.verb:set package 'arduinobot_utils' build argument 'cmake_force_configure' from command line to 'False'
[0.257s] Level 5:colcon.colcon_core.verb:set package 'arduinobot_utils' build argument 'ament_cmake_args' from command line to 'None'
[0.257s] Level 5:colcon.colcon_core.verb:set package 'arduinobot_utils' build argument 'catkin_cmake_args' from command line to 'None'
[0.257s] Level 5:colcon.colcon_core.verb:set package 'arduinobot_utils' build argument 'catkin_skip_building_tests' from command line to 'False'
[0.257s] DEBUG:colcon.colcon_core.verb:Building package 'arduinobot_utils' with the following arguments: {'ament_cmake_args': None, 'build_base': '/home/pbk/arduinobot_ws/build/arduinobot_utils', 'catkin_cmake_args': None, 'catkin_skip_building_tests': False, 'cmake_args': None, 'cmake_clean_cache': False, 'cmake_clean_first': False, 'cmake_force_configure': False, 'cmake_target': None, 'cmake_target_skip_unavailable': False, 'install_base': '/home/pbk/arduinobot_ws/install/arduinobot_utils', 'merge_install': False, 'path': '/home/pbk/arduinobot_ws/src/arduinobot_utils', 'symlink_install': False, 'test_result_base': None}
[0.257s] INFO:colcon.colcon_core.executor:Executing jobs using 'parallel' executor
[0.258s] DEBUG:colcon.colcon_parallel_executor.executor.parallel:run_until_complete
[0.258s] INFO:colcon.colcon_ros.task.ament_cmake.build:Building ROS package in '/home/pbk/arduinobot_ws/src/arduinobot_msgs' with build type 'ament_cmake'
[0.258s] INFO:colcon.colcon_cmake.task.cmake.build:Building CMake package in '/home/pbk/arduinobot_ws/src/arduinobot_msgs'
[0.260s] INFO:colcon.colcon_core.plugin_system:Skipping extension 'colcon_core.shell.bat': Not used on non-Windows systems
[0.260s] INFO:colcon.colcon_core.shell:Skip shell extension 'powershell' for command environment: Not usable outside of PowerShell
[0.260s] DEBUG:colcon.colcon_core.shell:Skip shell extension 'dsv' for command environment
[0.263s] INFO:colcon.colcon_ros.task.ament_cmake.build:Building ROS package in '/home/pbk/arduinobot_ws/src/arduinobot_controller' with build type 'ament_cmake'
[0.263s] INFO:colcon.colcon_cmake.task.cmake.build:Building CMake package in '/home/pbk/arduinobot_ws/src/arduinobot_controller'
[0.263s] INFO:colcon.colcon_core.shell:Skip shell extension 'powershell' for command environment: Not usable outside of PowerShell
[0.263s] DEBUG:colcon.colcon_core.shell:Skip shell extension 'dsv' for command environment
[0.265s] INFO:colcon.colcon_ros.task.ament_cmake.build:Building ROS package in '/home/pbk/arduinobot_ws/src/arduinobot_description' with build type 'ament_cmake'
[0.265s] INFO:colcon.colcon_cmake.task.cmake.build:Building CMake package in '/home/pbk/arduinobot_ws/src/arduinobot_description'
[0.266s] INFO:colcon.colcon_core.shell:Skip shell extension 'powershell' for command environment: Not usable outside of PowerShell
[0.266s] DEBUG:colcon.colcon_core.shell:Skip shell extension 'dsv' for command environment
[0.268s] INFO:colcon.colcon_ros.task.ament_cmake.build:Building ROS package in '/home/pbk/arduinobot_ws/src/arduinobot_moveit' with build type 'ament_cmake'
[0.268s] INFO:colcon.colcon_cmake.task.cmake.build:Building CMake package in '/home/pbk/arduinobot_ws/src/arduinobot_moveit'
[0.268s] INFO:colcon.colcon_core.shell:Skip shell extension 'powershell' for command environment: Not usable outside of PowerShell
[0.268s] DEBUG:colcon.colcon_core.shell:Skip shell extension 'dsv' for command environment
[0.277s] DEBUG:colcon.colcon_core.event_handler.log_command:Invoking command in '/home/pbk/arduinobot_ws/build/arduinobot_msgs': CMAKE_PREFIX_PATH=${CMAKE_PREFIX_PATH}:/home/pbk/arduinobot_ws/install/arduinobot_py_examples:/opt/ros/humble /usr/bin/cmake --build /home/pbk/arduinobot_ws/build/arduinobot_msgs -- -j20 -l20
[0.279s] DEBUG:colcon.colcon_core.event_handler.log_command:Invoking command in '/home/pbk/arduinobot_ws/build/arduinobot_controller': CMAKE_PREFIX_PATH=${CMAKE_PREFIX_PATH}:/home/pbk/arduinobot_ws/install/arduinobot_py_examples:/opt/ros/humble /usr/bin/cmake --build /home/pbk/arduinobot_ws/build/arduinobot_controller -- -j20 -l20
[0.282s] DEBUG:colcon.colcon_core.event_handler.log_command:Invoking command in '/home/pbk/arduinobot_ws/build/arduinobot_description': CMAKE_PREFIX_PATH=${CMAKE_PREFIX_PATH}:/home/pbk/arduinobot_ws/install/arduinobot_py_examples:/opt/ros/humble /usr/bin/cmake --build /home/pbk/arduinobot_ws/build/arduinobot_description -- -j20 -l20
[0.287s] DEBUG:colcon.colcon_core.event_handler.log_command:Invoking command in '/home/pbk/arduinobot_ws/build/arduinobot_moveit': CMAKE_PREFIX_PATH=${CMAKE_PREFIX_PATH}:/home/pbk/arduinobot_ws/install/arduinobot_py_examples:/opt/ros/humble /usr/bin/cmake --build /home/pbk/arduinobot_ws/build/arduinobot_moveit -- -j20 -l20
[0.299s] DEBUG:colcon.colcon_core.event_handler.log_command:Invoked command in '/home/pbk/arduinobot_ws/build/arduinobot_controller' returned '0': CMAKE_PREFIX_PATH=${CMAKE_PREFIX_PATH}:/home/pbk/arduinobot_ws/install/arduinobot_py_examples:/opt/ros/humble /usr/bin/cmake --build /home/pbk/arduinobot_ws/build/arduinobot_controller -- -j20 -l20
[0.303s] DEBUG:colcon.colcon_core.event_handler.log_command:Invoked command in '/home/pbk/arduinobot_ws/build/arduinobot_description' returned '0': CMAKE_PREFIX_PATH=${CMAKE_PREFIX_PATH}:/home/pbk/arduinobot_ws/install/arduinobot_py_examples:/opt/ros/humble /usr/bin/cmake --build /home/pbk/arduinobot_ws/build/arduinobot_description -- -j20 -l20
[0.305s] DEBUG:colcon.colcon_core.event_handler.log_command:Invoked command in '/home/pbk/arduinobot_ws/build/arduinobot_moveit' returned '0': CMAKE_PREFIX_PATH=${CMAKE_PREFIX_PATH}:/home/pbk/arduinobot_ws/install/arduinobot_py_examples:/opt/ros/humble /usr/bin/cmake --build /home/pbk/arduinobot_ws/build/arduinobot_moveit -- -j20 -l20
[0.322s] DEBUG:colcon.colcon_core.event_handler.log_command:Invoking command in '/home/pbk/arduinobot_ws/build/arduinobot_controller': CMAKE_PREFIX_PATH=${CMAKE_PREFIX_PATH}:/home/pbk/arduinobot_ws/install/arduinobot_py_examples:/opt/ros/humble /usr/bin/cmake --install /home/pbk/arduinobot_ws/build/arduinobot_controller
[0.329s] DEBUG:colcon.colcon_core.event_handler.log_command:Invoking command in '/home/pbk/arduinobot_ws/build/arduinobot_description': CMAKE_PREFIX_PATH=${CMAKE_PREFIX_PATH}:/home/pbk/arduinobot_ws/install/arduinobot_py_examples:/opt/ros/humble /usr/bin/cmake --install /home/pbk/arduinobot_ws/build/arduinobot_description
[0.330s] DEBUG:colcon.colcon_core.event_handler.log_command:Invoking command in '/home/pbk/arduinobot_ws/build/arduinobot_moveit': CMAKE_PREFIX_PATH=${CMAKE_PREFIX_PATH}:/home/pbk/arduinobot_ws/install/arduinobot_py_examples:/opt/ros/humble /usr/bin/cmake --install /home/pbk/arduinobot_ws/build/arduinobot_moveit
[0.332s] Level 1:colcon.colcon_core.environment:create_environment_scripts_only(arduinobot_controller)
[0.333s] DEBUG:colcon.colcon_core.event_handler.log_command:Invoked command in '/home/pbk/arduinobot_ws/build/arduinobot_controller' returned '0': CMAKE_PREFIX_PATH=${CMAKE_PREFIX_PATH}:/home/pbk/arduinobot_ws/install/arduinobot_py_examples:/opt/ros/humble /usr/bin/cmake --install /home/pbk/arduinobot_ws/build/arduinobot_controller
[0.346s] Level 1:colcon.colcon_core.environment:checking '/home/pbk/arduinobot_ws/install/arduinobot_controller' for CMake module files
[0.346s] Level 1:colcon.colcon_core.environment:checking '/home/pbk/arduinobot_ws/install/arduinobot_controller' for CMake config files
[0.347s] Level 1:colcon.colcon_core.shell:create_environment_hook('arduinobot_controller', 'cmake_prefix_path')
[0.347s] INFO:colcon.colcon_core.shell:Creating environment hook '/home/pbk/arduinobot_ws/install/arduinobot_controller/share/arduinobot_controller/hook/cmake_prefix_path.ps1'
[0.348s] INFO:colcon.colcon_core.shell:Creating environment descriptor '/home/pbk/arduinobot_ws/install/arduinobot_controller/share/arduinobot_controller/hook/cmake_prefix_path.dsv'
[0.348s] INFO:colcon.colcon_core.shell:Creating environment hook '/home/pbk/arduinobot_ws/install/arduinobot_controller/share/arduinobot_controller/hook/cmake_prefix_path.sh'
[0.348s] Level 1:colcon.colcon_core.environment:checking '/home/pbk/arduinobot_ws/install/arduinobot_controller/bin'
[0.348s] Level 1:colcon.colcon_core.environment:checking '/home/pbk/arduinobot_ws/install/arduinobot_controller/lib/pkgconfig/arduinobot_controller.pc'
[0.349s] Level 1:colcon.colcon_core.environment:checking '/home/pbk/arduinobot_ws/install/arduinobot_controller/lib/python3.10/site-packages'
[0.349s] Level 1:colcon.colcon_core.environment:checking '/home/pbk/arduinobot_ws/install/arduinobot_controller/bin'
[0.349s] INFO:colcon.colcon_core.shell:Creating package script '/home/pbk/arduinobot_ws/install/arduinobot_controller/share/arduinobot_controller/package.ps1'
[0.349s] INFO:colcon.colcon_core.shell:Creating package descriptor '/home/pbk/arduinobot_ws/install/arduinobot_controller/share/arduinobot_controller/package.dsv'
[0.350s] INFO:colcon.colcon_core.shell:Creating package script '/home/pbk/arduinobot_ws/install/arduinobot_controller/share/arduinobot_controller/package.sh'
[0.350s] INFO:colcon.colcon_core.shell:Creating package script '/home/pbk/arduinobot_ws/install/arduinobot_controller/share/arduinobot_controller/package.bash'
[0.350s] INFO:colcon.colcon_core.shell:Creating package script '/home/pbk/arduinobot_ws/install/arduinobot_controller/share/arduinobot_controller/package.zsh'
[0.351s] Level 1:colcon.colcon_core.environment:create_file_with_runtime_dependencies(/home/pbk/arduinobot_ws/install/arduinobot_controller/share/colcon-core/packages/arduinobot_controller)
[0.352s] Level 1:colcon.colcon_core.environment:create_environment_scripts_only(arduinobot_description)
[0.352s] Level 1:colcon.colcon_core.environment:checking '/home/pbk/arduinobot_ws/install/arduinobot_description' for CMake module files
[0.353s] DEBUG:colcon.colcon_core.event_handler.log_command:Invoked command in '/home/pbk/arduinobot_ws/build/arduinobot_description' returned '0': CMAKE_PREFIX_PATH=${CMAKE_PREFIX_PATH}:/home/pbk/arduinobot_ws/install/arduinobot_py_examples:/opt/ros/humble /usr/bin/cmake --install /home/pbk/arduinobot_ws/build/arduinobot_description
[0.353s] Level 1:colcon.colcon_core.environment:checking '/home/pbk/arduinobot_ws/install/arduinobot_description' for CMake config files
[0.353s] Level 1:colcon.colcon_core.shell:create_environment_hook('arduinobot_description', 'cmake_prefix_path')
[0.353s] INFO:colcon.colcon_core.shell:Creating environment hook '/home/pbk/arduinobot_ws/install/arduinobot_description/share/arduinobot_description/hook/cmake_prefix_path.ps1'
[0.353s] INFO:colcon.colcon_core.shell:Creating environment descriptor '/home/pbk/arduinobot_ws/install/arduinobot_description/share/arduinobot_description/hook/cmake_prefix_path.dsv'
[0.354s] INFO:colcon.colcon_core.shell:Creating environment hook '/home/pbk/arduinobot_ws/install/arduinobot_description/share/arduinobot_description/hook/cmake_prefix_path.sh'
[0.354s] Level 1:colcon.colcon_core.environment:checking '/home/pbk/arduinobot_ws/install/arduinobot_description/bin'
[0.354s] Level 1:colcon.colcon_core.environment:checking '/home/pbk/arduinobot_ws/install/arduinobot_description/lib/pkgconfig/arduinobot_description.pc'
[0.354s] Level 1:colcon.colcon_core.environment:checking '/home/pbk/arduinobot_ws/install/arduinobot_description/lib/python3.10/site-packages'
[0.354s] Level 1:colcon.colcon_core.environment:checking '/home/pbk/arduinobot_ws/install/arduinobot_description/bin'
[0.354s] INFO:colcon.colcon_core.shell:Creating package script '/home/pbk/arduinobot_ws/install/arduinobot_description/share/arduinobot_description/package.ps1'
[0.355s] INFO:colcon.colcon_core.shell:Creating package descriptor '/home/pbk/arduinobot_ws/install/arduinobot_description/share/arduinobot_description/package.dsv'
[0.355s] INFO:colcon.colcon_core.shell:Creating package script '/home/pbk/arduinobot_ws/install/arduinobot_description/share/arduinobot_description/package.sh'
[0.355s] INFO:colcon.colcon_core.shell:Creating package script '/home/pbk/arduinobot_ws/install/arduinobot_description/share/arduinobot_description/package.bash'
[0.355s] INFO:colcon.colcon_core.shell:Creating package script '/home/pbk/arduinobot_ws/install/arduinobot_description/share/arduinobot_description/package.zsh'
[0.356s] Level 1:colcon.colcon_core.environment:create_file_with_runtime_dependencies(/home/pbk/arduinobot_ws/install/arduinobot_description/share/colcon-core/packages/arduinobot_description)
[0.356s] Level 1:colcon.colcon_core.environment:create_environment_scripts_only(arduinobot_moveit)
[0.357s] Level 1:colcon.colcon_core.environment:checking '/home/pbk/arduinobot_ws/install/arduinobot_moveit' for CMake module files
[0.357s] DEBUG:colcon.colcon_core.event_handler.log_command:Invoked command in '/home/pbk/arduinobot_ws/build/arduinobot_moveit' returned '0': CMAKE_PREFIX_PATH=${CMAKE_PREFIX_PATH}:/home/pbk/arduinobot_ws/install/arduinobot_py_examples:/opt/ros/humble /usr/bin/cmake --install /home/pbk/arduinobot_ws/build/arduinobot_moveit
[0.357s] Level 1:colcon.colcon_core.environment:checking '/home/pbk/arduinobot_ws/install/arduinobot_moveit' for CMake config files
[0.357s] Level 1:colcon.colcon_core.shell:create_environment_hook('arduinobot_moveit', 'cmake_prefix_path')
[0.358s] INFO:colcon.colcon_core.shell:Creating environment hook '/home/pbk/arduinobot_ws/install/arduinobot_moveit/share/arduinobot_moveit/hook/cmake_prefix_path.ps1'
[0.358s] INFO:colcon.colcon_core.shell:Creating environment descriptor '/home/pbk/arduinobot_ws/install/arduinobot_moveit/share/arduinobot_moveit/hook/cmake_prefix_path.dsv'
[0.358s] INFO:colcon.colcon_core.shell:Creating environment hook '/home/pbk/arduinobot_ws/install/arduinobot_moveit/share/arduinobot_moveit/hook/cmake_prefix_path.sh'
[0.359s] Level 1:colcon.colcon_core.environment:checking '/home/pbk/arduinobot_ws/install/arduinobot_moveit/bin'
[0.359s] Level 1:colcon.colcon_core.environment:checking '/home/pbk/arduinobot_ws/install/arduinobot_moveit/lib/pkgconfig/arduinobot_moveit.pc'
[0.359s] Level 1:colcon.colcon_core.environment:checking '/home/pbk/arduinobot_ws/install/arduinobot_moveit/lib/python3.10/site-packages'
[0.359s] Level 1:colcon.colcon_core.environment:checking '/home/pbk/arduinobot_ws/install/arduinobot_moveit/bin'
[0.359s] INFO:colcon.colcon_core.shell:Creating package script '/home/pbk/arduinobot_ws/install/arduinobot_moveit/share/arduinobot_moveit/package.ps1'
[0.360s] INFO:colcon.colcon_core.shell:Creating package descriptor '/home/pbk/arduinobot_ws/install/arduinobot_moveit/share/arduinobot_moveit/package.dsv'
[0.361s] INFO:colcon.colcon_core.shell:Creating package script '/home/pbk/arduinobot_ws/install/arduinobot_moveit/share/arduinobot_moveit/package.sh'
[0.361s] INFO:colcon.colcon_core.shell:Creating package script '/home/pbk/arduinobot_ws/install/arduinobot_moveit/share/arduinobot_moveit/package.bash'
[0.361s] INFO:colcon.colcon_core.shell:Creating package script '/home/pbk/arduinobot_ws/install/arduinobot_moveit/share/arduinobot_moveit/package.zsh'
[0.362s] Level 1:colcon.colcon_core.environment:create_file_with_runtime_dependencies(/home/pbk/arduinobot_ws/install/arduinobot_moveit/share/colcon-core/packages/arduinobot_moveit)
[0.367s] Level 1:colcon.colcon_core.environment:create_environment_scripts_only(arduinobot_controller)
[0.367s] Level 1:colcon.colcon_core.environment:checking '/home/pbk/arduinobot_ws/install/arduinobot_controller' for CMake module files
[0.367s] Level 1:colcon.colcon_core.environment:checking '/home/pbk/arduinobot_ws/install/arduinobot_controller' for CMake config files
[0.368s] Level 1:colcon.colcon_core.shell:create_environment_hook('arduinobot_controller', 'cmake_prefix_path')
[0.368s] INFO:colcon.colcon_core.shell:Creating environment hook '/home/pbk/arduinobot_ws/install/arduinobot_controller/share/arduinobot_controller/hook/cmake_prefix_path.ps1'
[0.368s] INFO:colcon.colcon_core.shell:Creating environment descriptor '/home/pbk/arduinobot_ws/install/arduinobot_controller/share/arduinobot_controller/hook/cmake_prefix_path.dsv'
[0.368s] INFO:colcon.colcon_core.shell:Creating environment hook '/home/pbk/arduinobot_ws/install/arduinobot_controller/share/arduinobot_controller/hook/cmake_prefix_path.sh'
[0.369s] Level 1:colcon.colcon_core.environment:checking '/home/pbk/arduinobot_ws/install/arduinobot_controller/bin'
[0.369s] Level 1:colcon.colcon_core.environment:checking '/home/pbk/arduinobot_ws/install/arduinobot_controller/lib/pkgconfig/arduinobot_controller.pc'
[0.369s] Level 1:colcon.colcon_core.environment:checking '/home/pbk/arduinobot_ws/install/arduinobot_controller/lib/python3.10/site-packages'
[0.369s] Level 1:colcon.colcon_core.environment:checking '/home/pbk/arduinobot_ws/install/arduinobot_controller/bin'
[0.369s] INFO:colcon.colcon_core.shell:Creating package script '/home/pbk/arduinobot_ws/install/arduinobot_controller/share/arduinobot_controller/package.ps1'
[0.370s] INFO:colcon.colcon_core.shell:Creating package descriptor '/home/pbk/arduinobot_ws/install/arduinobot_controller/share/arduinobot_controller/package.dsv'
[0.370s] INFO:colcon.colcon_core.shell:Creating package script '/home/pbk/arduinobot_ws/install/arduinobot_controller/share/arduinobot_controller/package.sh'
[0.370s] INFO:colcon.colcon_core.shell:Creating package script '/home/pbk/arduinobot_ws/install/arduinobot_controller/share/arduinobot_controller/package.bash'
[0.371s] INFO:colcon.colcon_core.shell:Creating package script '/home/pbk/arduinobot_ws/install/arduinobot_controller/share/arduinobot_controller/package.zsh'
[0.371s] Level 1:colcon.colcon_core.environment:create_file_with_runtime_dependencies(/home/pbk/arduinobot_ws/install/arduinobot_controller/share/colcon-core/packages/arduinobot_controller)
[0.372s] Level 1:colcon.colcon_core.environment:create_environment_scripts_only(arduinobot_description)
[0.372s] Level 1:colcon.colcon_core.environment:checking '/home/pbk/arduinobot_ws/install/arduinobot_description' for CMake module files
[0.374s] Level 1:colcon.colcon_core.environment:checking '/home/pbk/arduinobot_ws/install/arduinobot_description' for CMake config files
[0.374s] Level 1:colcon.colcon_core.shell:create_environment_hook('arduinobot_description', 'cmake_prefix_path')
[0.374s] INFO:colcon.colcon_core.shell:Creating environment hook '/home/pbk/arduinobot_ws/install/arduinobot_description/share/arduinobot_description/hook/cmake_prefix_path.ps1'
[0.375s] INFO:colcon.colcon_core.shell:Creating environment descriptor '/home/pbk/arduinobot_ws/install/arduinobot_description/share/arduinobot_description/hook/cmake_prefix_path.dsv'
[0.375s] INFO:colcon.colcon_core.shell:Creating environment hook '/home/pbk/arduinobot_ws/install/arduinobot_description/share/arduinobot_description/hook/cmake_prefix_path.sh'
[0.376s] Level 1:colcon.colcon_core.environment:checking '/home/pbk/arduinobot_ws/install/arduinobot_description/bin'
[0.376s] Level 1:colcon.colcon_core.environment:checking '/home/pbk/arduinobot_ws/install/arduinobot_description/lib/pkgconfig/arduinobot_description.pc'
[0.376s] Level 1:colcon.colcon_core.environment:checking '/home/pbk/arduinobot_ws/install/arduinobot_description/lib/python3.10/site-packages'
[0.376s] Level 1:colcon.colcon_core.environment:checking '/home/pbk/arduinobot_ws/install/arduinobot_description/bin'
[0.376s] INFO:colcon.colcon_core.shell:Creating package script '/home/pbk/arduinobot_ws/install/arduinobot_description/share/arduinobot_description/package.ps1'
[0.377s] INFO:colcon.colcon_core.shell:Creating package descriptor '/home/pbk/arduinobot_ws/install/arduinobot_description/share/arduinobot_description/package.dsv'
[0.377s] INFO:colcon.colcon_core.shell:Creating package script '/home/pbk/arduinobot_ws/install/arduinobot_description/share/arduinobot_description/package.sh'
[0.377s] INFO:colcon.colcon_core.shell:Creating package script '/home/pbk/arduinobot_ws/install/arduinobot_description/share/arduinobot_description/package.bash'
[0.377s] INFO:colcon.colcon_core.shell:Creating package script '/home/pbk/arduinobot_ws/install/arduinobot_description/share/arduinobot_description/package.zsh'
[0.378s] Level 1:colcon.colcon_core.environment:create_file_with_runtime_dependencies(/home/pbk/arduinobot_ws/install/arduinobot_description/share/colcon-core/packages/arduinobot_description)
[0.379s] Level 1:colcon.colcon_core.environment:create_environment_scripts_only(arduinobot_moveit)
[0.379s] Level 1:colcon.colcon_core.environment:checking '/home/pbk/arduinobot_ws/install/arduinobot_moveit' for CMake module files
[0.379s] Level 1:colcon.colcon_core.environment:checking '/home/pbk/arduinobot_ws/install/arduinobot_moveit' for CMake config files
[0.380s] Level 1:colcon.colcon_core.shell:create_environment_hook('arduinobot_moveit', 'cmake_prefix_path')
[0.380s] INFO:colcon.colcon_core.shell:Creating environment hook '/home/pbk/arduinobot_ws/install/arduinobot_moveit/share/arduinobot_moveit/hook/cmake_prefix_path.ps1'
[0.380s] INFO:colcon.colcon_core.shell:Creating environment descriptor '/home/pbk/arduinobot_ws/install/arduinobot_moveit/share/arduinobot_moveit/hook/cmake_prefix_path.dsv'
[0.380s] INFO:colcon.colcon_core.shell:Creating environment hook '/home/pbk/arduinobot_ws/install/arduinobot_moveit/share/arduinobot_moveit/hook/cmake_prefix_path.sh'
[0.381s] Level 1:colcon.colcon_core.environment:checking '/home/pbk/arduinobot_ws/install/arduinobot_moveit/bin'
[0.381s] Level 1:colcon.colcon_core.environment:checking '/home/pbk/arduinobot_ws/install/arduinobot_moveit/lib/pkgconfig/arduinobot_moveit.pc'
[0.381s] Level 1:colcon.colcon_core.environment:checking '/home/pbk/arduinobot_ws/install/arduinobot_moveit/lib/python3.10/site-packages'
[0.381s] Level 1:colcon.colcon_core.environment:checking '/home/pbk/arduinobot_ws/install/arduinobot_moveit/bin'
[0.381s] INFO:colcon.colcon_core.shell:Creating package script '/home/pbk/arduinobot_ws/install/arduinobot_moveit/share/arduinobot_moveit/package.ps1'
[0.381s] INFO:colcon.colcon_core.shell:Creating package descriptor '/home/pbk/arduinobot_ws/install/arduinobot_moveit/share/arduinobot_moveit/package.dsv'
[0.382s] INFO:colcon.colcon_core.shell:Creating package script '/home/pbk/arduinobot_ws/install/arduinobot_moveit/share/arduinobot_moveit/package.sh'
[0.382s] INFO:colcon.colcon_core.shell:Creating package script '/home/pbk/arduinobot_ws/install/arduinobot_moveit/share/arduinobot_moveit/package.bash'
[0.382s] INFO:colcon.colcon_core.shell:Creating package script '/home/pbk/arduinobot_ws/install/arduinobot_moveit/share/arduinobot_moveit/package.zsh'
[0.382s] Level 1:colcon.colcon_core.environment:create_file_with_runtime_dependencies(/home/pbk/arduinobot_ws/install/arduinobot_moveit/share/colcon-core/packages/arduinobot_moveit)
[0.482s] DEBUG:colcon.colcon_core.event_handler.log_command:Invoked command in '/home/pbk/arduinobot_ws/build/arduinobot_msgs' returned '0': CMAKE_PREFIX_PATH=${CMAKE_PREFIX_PATH}:/home/pbk/arduinobot_ws/install/arduinobot_py_examples:/opt/ros/humble /usr/bin/cmake --build /home/pbk/arduinobot_ws/build/arduinobot_msgs -- -j20 -l20
[0.546s] DEBUG:colcon.colcon_core.event_handler.log_command:Invoking command in '/home/pbk/arduinobot_ws/build/arduinobot_msgs': CMAKE_PREFIX_PATH=${CMAKE_PREFIX_PATH}:/home/pbk/arduinobot_ws/install/arduinobot_py_examples:/opt/ros/humble /usr/bin/cmake --install /home/pbk/arduinobot_ws/build/arduinobot_msgs
[0.587s] Level 1:colcon.colcon_core.environment:create_environment_scripts_only(arduinobot_msgs)
[0.587s] Level 1:colcon.colcon_core.environment:checking '/home/pbk/arduinobot_ws/install/arduinobot_msgs' for CMake module files
[0.588s] DEBUG:colcon.colcon_core.event_handler.log_command:Invoked command in '/home/pbk/arduinobot_ws/build/arduinobot_msgs' returned '0': CMAKE_PREFIX_PATH=${CMAKE_PREFIX_PATH}:/home/pbk/arduinobot_ws/install/arduinobot_py_examples:/opt/ros/humble /usr/bin/cmake --install /home/pbk/arduinobot_ws/build/arduinobot_msgs
[0.588s] Level 1:colcon.colcon_core.environment:checking '/home/pbk/arduinobot_ws/install/arduinobot_msgs' for CMake config files
[0.588s] Level 1:colcon.colcon_core.shell:create_environment_hook('arduinobot_msgs', 'cmake_prefix_path')
[0.588s] INFO:colcon.colcon_core.shell:Creating environment hook '/home/pbk/arduinobot_ws/install/arduinobot_msgs/share/arduinobot_msgs/hook/cmake_prefix_path.ps1'
[0.589s] INFO:colcon.colcon_core.shell:Creating environment descriptor '/home/pbk/arduinobot_ws/install/arduinobot_msgs/share/arduinobot_msgs/hook/cmake_prefix_path.dsv'
[0.589s] INFO:colcon.colcon_core.shell:Creating environment hook '/home/pbk/arduinobot_ws/install/arduinobot_msgs/share/arduinobot_msgs/hook/cmake_prefix_path.sh'
[0.589s] Level 1:colcon.colcon_core.environment:checking '/home/pbk/arduinobot_ws/install/arduinobot_msgs/lib'
[0.589s] Level 1:colcon.colcon_core.shell:create_environment_hook('arduinobot_msgs', 'ld_library_path_lib')
[0.590s] INFO:colcon.colcon_core.shell:Creating environment hook '/home/pbk/arduinobot_ws/install/arduinobot_msgs/share/arduinobot_msgs/hook/ld_library_path_lib.ps1'
[0.590s] INFO:colcon.colcon_core.shell:Creating environment descriptor '/home/pbk/arduinobot_ws/install/arduinobot_msgs/share/arduinobot_msgs/hook/ld_library_path_lib.dsv'
[0.590s] INFO:colcon.colcon_core.shell:Creating environment hook '/home/pbk/arduinobot_ws/install/arduinobot_msgs/share/arduinobot_msgs/hook/ld_library_path_lib.sh'
[0.590s] Level 1:colcon.colcon_core.environment:checking '/home/pbk/arduinobot_ws/install/arduinobot_msgs/bin'
[0.590s] Level 1:colcon.colcon_core.environment:checking '/home/pbk/arduinobot_ws/install/arduinobot_msgs/lib/pkgconfig/arduinobot_msgs.pc'
[0.590s] Level 1:colcon.colcon_core.environment:checking '/home/pbk/arduinobot_ws/install/arduinobot_msgs/lib/python3.10/site-packages'
[0.590s] Level 1:colcon.colcon_core.environment:checking '/home/pbk/arduinobot_ws/install/arduinobot_msgs/bin'
[0.591s] INFO:colcon.colcon_core.shell:Creating package script '/home/pbk/arduinobot_ws/install/arduinobot_msgs/share/arduinobot_msgs/package.ps1'
[0.591s] INFO:colcon.colcon_core.shell:Creating package descriptor '/home/pbk/arduinobot_ws/install/arduinobot_msgs/share/arduinobot_msgs/package.dsv'
[0.591s] INFO:colcon.colcon_core.shell:Creating package script '/home/pbk/arduinobot_ws/install/arduinobot_msgs/share/arduinobot_msgs/package.sh'
[0.591s] INFO:colcon.colcon_core.shell:Creating package script '/home/pbk/arduinobot_ws/install/arduinobot_msgs/share/arduinobot_msgs/package.bash'
[0.591s] INFO:colcon.colcon_core.shell:Creating package script '/home/pbk/arduinobot_ws/install/arduinobot_msgs/share/arduinobot_msgs/package.zsh'
[0.591s] Level 1:colcon.colcon_core.environment:create_file_with_runtime_dependencies(/home/pbk/arduinobot_ws/install/arduinobot_msgs/share/colcon-core/packages/arduinobot_msgs)
[0.654s] Level 1:colcon.colcon_core.environment:create_environment_scripts_only(arduinobot_msgs)
[0.655s] Level 1:colcon.colcon_core.environment:checking '/home/pbk/arduinobot_ws/install/arduinobot_msgs' for CMake module files
[0.655s] Level 1:colcon.colcon_core.environment:checking '/home/pbk/arduinobot_ws/install/arduinobot_msgs' for CMake config files
[0.655s] Level 1:colcon.colcon_core.shell:create_environment_hook('arduinobot_msgs', 'cmake_prefix_path')
[0.656s] INFO:colcon.colcon_core.shell:Creating environment hook '/home/pbk/arduinobot_ws/install/arduinobot_msgs/share/arduinobot_msgs/hook/cmake_prefix_path.ps1'
[0.656s] INFO:colcon.colcon_core.shell:Creating environment descriptor '/home/pbk/arduinobot_ws/install/arduinobot_msgs/share/arduinobot_msgs/hook/cmake_prefix_path.dsv'
[0.656s] INFO:colcon.colcon_core.shell:Creating environment hook '/home/pbk/arduinobot_ws/install/arduinobot_msgs/share/arduinobot_msgs/hook/cmake_prefix_path.sh'
[0.656s] Level 1:colcon.colcon_core.environment:checking '/home/pbk/arduinobot_ws/install/arduinobot_msgs/lib'
[0.656s] Level 1:colcon.colcon_core.shell:create_environment_hook('arduinobot_msgs', 'ld_library_path_lib')
[0.657s] INFO:colcon.colcon_core.shell:Creating environment hook '/home/pbk/arduinobot_ws/install/arduinobot_msgs/share/arduinobot_msgs/hook/ld_library_path_lib.ps1'
[0.657s] INFO:colcon.colcon_core.shell:Creating environment descriptor '/home/pbk/arduinobot_ws/install/arduinobot_msgs/share/arduinobot_msgs/hook/ld_library_path_lib.dsv'
[0.657s] INFO:colcon.colcon_core.shell:Creating environment hook '/home/pbk/arduinobot_ws/install/arduinobot_msgs/share/arduinobot_msgs/hook/ld_library_path_lib.sh'
[0.657s] Level 1:colcon.colcon_core.environment:checking '/home/pbk/arduinobot_ws/install/arduinobot_msgs/bin'
[0.657s] Level 1:colcon.colcon_core.environment:checking '/home/pbk/arduinobot_ws/install/arduinobot_msgs/lib/pkgconfig/arduinobot_msgs.pc'
[0.658s] Level 1:colcon.colcon_core.environment:checking '/home/pbk/arduinobot_ws/install/arduinobot_msgs/lib/python3.10/site-packages'
[0.658s] Level 1:colcon.colcon_core.environment:checking '/home/pbk/arduinobot_ws/install/arduinobot_msgs/bin'
[0.658s] INFO:colcon.colcon_core.shell:Creating package script '/home/pbk/arduinobot_ws/install/arduinobot_msgs/share/arduinobot_msgs/package.ps1'
[0.658s] INFO:colcon.colcon_core.shell:Creating package descriptor '/home/pbk/arduinobot_ws/install/arduinobot_msgs/share/arduinobot_msgs/package.dsv'
[0.659s] INFO:colcon.colcon_core.shell:Creating package script '/home/pbk/arduinobot_ws/install/arduinobot_msgs/share/arduinobot_msgs/package.sh'
[0.659s] INFO:colcon.colcon_core.shell:Creating package script '/home/pbk/arduinobot_ws/install/arduinobot_msgs/share/arduinobot_msgs/package.bash'
[0.659s] INFO:colcon.colcon_core.shell:Creating package script '/home/pbk/arduinobot_ws/install/arduinobot_msgs/share/arduinobot_msgs/package.zsh'
[0.660s] Level 1:colcon.colcon_core.environment:create_file_with_runtime_dependencies(/home/pbk/arduinobot_ws/install/arduinobot_msgs/share/colcon-core/packages/arduinobot_msgs)
[0.660s] INFO:colcon.colcon_ros.task.ament_cmake.build:Building ROS package in '/home/pbk/arduinobot_ws/src/arduinobot_cpp_examples' with build type 'ament_cmake'
[0.660s] INFO:colcon.colcon_cmake.task.cmake.build:Building CMake package in '/home/pbk/arduinobot_ws/src/arduinobot_cpp_examples'
[0.660s] INFO:colcon.colcon_core.shell:Skip shell extension 'powershell' for command environment: Not usable outside of PowerShell
[0.660s] DEBUG:colcon.colcon_core.shell:Skip shell extension 'dsv' for command environment
[0.663s] INFO:colcon.colcon_ros.task.ament_python.build:Building ROS package in '/home/pbk/arduinobot_ws/src/arduinobot_py_examples' with build type 'ament_python'
[0.663s] Level 1:colcon.colcon_core.shell:create_environment_hook('arduinobot_py_examples', 'ament_prefix_path')
[0.663s] INFO:colcon.colcon_core.shell:Creating environment hook '/home/pbk/arduinobot_ws/install/arduinobot_py_examples/share/arduinobot_py_examples/hook/ament_prefix_path.ps1'
[0.664s] INFO:colcon.colcon_core.shell:Creating environment descriptor '/home/pbk/arduinobot_ws/install/arduinobot_py_examples/share/arduinobot_py_examples/hook/ament_prefix_path.dsv'
[0.664s] INFO:colcon.colcon_core.shell:Creating environment hook '/home/pbk/arduinobot_ws/install/arduinobot_py_examples/share/arduinobot_py_examples/hook/ament_prefix_path.sh'
[0.664s] INFO:colcon.colcon_core.shell:Skip shell extension 'powershell' for command environment: Not usable outside of PowerShell
[0.664s] DEBUG:colcon.colcon_core.shell:Skip shell extension 'dsv' for command environment
[0.666s] INFO:colcon.colcon_ros.task.ament_cmake.build:Building ROS package in '/home/pbk/arduinobot_ws/src/arduinobot_utils' with build type 'ament_cmake'
[0.666s] INFO:colcon.colcon_cmake.task.cmake.build:Building CMake package in '/home/pbk/arduinobot_ws/src/arduinobot_utils'
[0.667s] INFO:colcon.colcon_core.shell:Skip shell extension 'powershell' for command environment: Not usable outside of PowerShell
[0.667s] DEBUG:colcon.colcon_core.shell:Skip shell extension 'dsv' for command environment
[0.704s] DEBUG:colcon.colcon_core.event_handler.log_command:Invoking command in '/home/pbk/arduinobot_ws/build/arduinobot_cpp_examples': CMAKE_PREFIX_PATH=/home/pbk/arduinobot_ws/install/arduinobot_msgs:/home/pbk/arduinobot_ws/install/arduinobot_utils:/home/pbk/arduinobot_ws/install/arduinobot_cpp_examples:/home/pbk/arduinobot_ws/install/arduinobot_moveit:/home/pbk/arduinobot_ws/install/arduinobot_description:/home/pbk/arduinobot_ws/install/arduinobot_controller:/home/pbk/arduinobot_ws/install/arduinobot_py_examples:/opt/ros/humble LD_LIBRARY_PATH=/home/pbk/arduinobot_ws/install/arduinobot_msgs/lib:/home/pbk/arduinobot_ws/install/arduinobot_cpp_examples/lib:/usr/lib/x86_64-linux-gnu/gazebo-11/plugins:/opt/ros/humble/opt/rviz_ogre_vendor/lib:/opt/ros/humble/lib/x86_64-linux-gnu:/opt/ros/humble/lib /usr/bin/cmake --build /home/pbk/arduinobot_ws/build/arduinobot_cpp_examples -- -j20 -l20
[0.858s] INFO:colcon.colcon_core.task.python.build:Building Python package in '/home/pbk/arduinobot_ws/src/arduinobot_py_examples'
[0.858s] INFO:colcon.colcon_core.shell:Skip shell extension 'powershell' for command environment: Not usable outside of PowerShell
[0.858s] DEBUG:colcon.colcon_core.shell:Skip shell extension 'dsv' for command environment
[0.867s] DEBUG:colcon.colcon_core.event_handler.log_command:Invoking command in '/home/pbk/arduinobot_ws/build/arduinobot_utils': CMAKE_PREFIX_PATH=/home/pbk/arduinobot_ws/install/arduinobot_msgs:/home/pbk/arduinobot_ws/install/arduinobot_utils:/home/pbk/arduinobot_ws/install/arduinobot_cpp_examples:/home/pbk/arduinobot_ws/install/arduinobot_moveit:/home/pbk/arduinobot_ws/install/arduinobot_description:/home/pbk/arduinobot_ws/install/arduinobot_controller:/home/pbk/arduinobot_ws/install/arduinobot_py_examples:/opt/ros/humble LD_LIBRARY_PATH=/home/pbk/arduinobot_ws/install/arduinobot_msgs/lib:/home/pbk/arduinobot_ws/install/arduinobot_cpp_examples/lib:/usr/lib/x86_64-linux-gnu/gazebo-11/plugins:/opt/ros/humble/opt/rviz_ogre_vendor/lib:/opt/ros/humble/lib/x86_64-linux-gnu:/opt/ros/humble/lib /usr/bin/cmake --build /home/pbk/arduinobot_ws/build/arduinobot_utils -- -j20 -l20
[0.867s] DEBUG:colcon.colcon_core.event_handler.log_command:Invoked command in '/home/pbk/arduinobot_ws/build/arduinobot_cpp_examples' returned '0': CMAKE_PREFIX_PATH=/home/pbk/arduinobot_ws/install/arduinobot_msgs:/home/pbk/arduinobot_ws/install/arduinobot_utils:/home/pbk/arduinobot_ws/install/arduinobot_cpp_examples:/home/pbk/arduinobot_ws/install/arduinobot_moveit:/home/pbk/arduinobot_ws/install/arduinobot_description:/home/pbk/arduinobot_ws/install/arduinobot_controller:/home/pbk/arduinobot_ws/install/arduinobot_py_examples:/opt/ros/humble LD_LIBRARY_PATH=/home/pbk/arduinobot_ws/install/arduinobot_msgs/lib:/home/pbk/arduinobot_ws/install/arduinobot_cpp_examples/lib:/usr/lib/x86_64-linux-gnu/gazebo-11/plugins:/opt/ros/humble/opt/rviz_ogre_vendor/lib:/opt/ros/humble/lib/x86_64-linux-gnu:/opt/ros/humble/lib /usr/bin/cmake --build /home/pbk/arduinobot_ws/build/arduinobot_cpp_examples -- -j20 -l20
[0.893s] DEBUG:colcon.colcon_core.event_handler.log_command:Invoking command in '/home/pbk/arduinobot_ws/build/arduinobot_cpp_examples': CMAKE_PREFIX_PATH=/home/pbk/arduinobot_ws/install/arduinobot_msgs:/home/pbk/arduinobot_ws/install/arduinobot_utils:/home/pbk/arduinobot_ws/install/arduinobot_cpp_examples:/home/pbk/arduinobot_ws/install/arduinobot_moveit:/home/pbk/arduinobot_ws/install/arduinobot_description:/home/pbk/arduinobot_ws/install/arduinobot_controller:/home/pbk/arduinobot_ws/install/arduinobot_py_examples:/opt/ros/humble LD_LIBRARY_PATH=/home/pbk/arduinobot_ws/install/arduinobot_msgs/lib:/home/pbk/arduinobot_ws/install/arduinobot_cpp_examples/lib:/usr/lib/x86_64-linux-gnu/gazebo-11/plugins:/opt/ros/humble/opt/rviz_ogre_vendor/lib:/opt/ros/humble/lib/x86_64-linux-gnu:/opt/ros/humble/lib /usr/bin/cmake --install /home/pbk/arduinobot_ws/build/arduinobot_cpp_examples
[0.899s] Level 1:colcon.colcon_core.environment:create_environment_scripts_only(arduinobot_cpp_examples)
[0.899s] DEBUG:colcon.colcon_core.event_handler.log_command:Invoked command in '/home/pbk/arduinobot_ws/build/arduinobot_cpp_examples' returned '0': CMAKE_PREFIX_PATH=/home/pbk/arduinobot_ws/install/arduinobot_msgs:/home/pbk/arduinobot_ws/install/arduinobot_utils:/home/pbk/arduinobot_ws/install/arduinobot_cpp_examples:/home/pbk/arduinobot_ws/install/arduinobot_moveit:/home/pbk/arduinobot_ws/install/arduinobot_description:/home/pbk/arduinobot_ws/install/arduinobot_controller:/home/pbk/arduinobot_ws/install/arduinobot_py_examples:/opt/ros/humble LD_LIBRARY_PATH=/home/pbk/arduinobot_ws/install/arduinobot_msgs/lib:/home/pbk/arduinobot_ws/install/arduinobot_cpp_examples/lib:/usr/lib/x86_64-linux-gnu/gazebo-11/plugins:/opt/ros/humble/opt/rviz_ogre_vendor/lib:/opt/ros/humble/lib/x86_64-linux-gnu:/opt/ros/humble/lib /usr/bin/cmake --install /home/pbk/arduinobot_ws/build/arduinobot_cpp_examples
[0.899s] Level 1:colcon.colcon_core.environment:checking '/home/pbk/arduinobot_ws/install/arduinobot_cpp_examples' for CMake module files
[0.900s] Level 1:colcon.colcon_core.environment:checking '/home/pbk/arduinobot_ws/install/arduinobot_cpp_examples' for CMake config files
[0.900s] Level 1:colcon.colcon_core.shell:create_environment_hook('arduinobot_cpp_examples', 'cmake_prefix_path')
[0.900s] INFO:colcon.colcon_core.shell:Creating environment hook '/home/pbk/arduinobot_ws/install/arduinobot_cpp_examples/share/arduinobot_cpp_examples/hook/cmake_prefix_path.ps1'
[0.901s] INFO:colcon.colcon_core.shell:Creating environment descriptor '/home/pbk/arduinobot_ws/install/arduinobot_cpp_examples/share/arduinobot_cpp_examples/hook/cmake_prefix_path.dsv'
[0.901s] INFO:colcon.colcon_core.shell:Creating environment hook '/home/pbk/arduinobot_ws/install/arduinobot_cpp_examples/share/arduinobot_cpp_examples/hook/cmake_prefix_path.sh'
[0.901s] Level 1:colcon.colcon_core.environment:checking '/home/pbk/arduinobot_ws/install/arduinobot_cpp_examples/lib'
[0.901s] Level 1:colcon.colcon_core.shell:create_environment_hook('arduinobot_cpp_examples', 'ld_library_path_lib')
[0.901s] INFO:colcon.colcon_core.shell:Creating environment hook '/home/pbk/arduinobot_ws/install/arduinobot_cpp_examples/share/arduinobot_cpp_examples/hook/ld_library_path_lib.ps1'
[0.902s] INFO:colcon.colcon_core.shell:Creating environment descriptor '/home/pbk/arduinobot_ws/install/arduinobot_cpp_examples/share/arduinobot_cpp_examples/hook/ld_library_path_lib.dsv'
[0.902s] INFO:colcon.colcon_core.shell:Creating environment hook '/home/pbk/arduinobot_ws/install/arduinobot_cpp_examples/share/arduinobot_cpp_examples/hook/ld_library_path_lib.sh'
[0.902s] Level 1:colcon.colcon_core.environment:checking '/home/pbk/arduinobot_ws/install/arduinobot_cpp_examples/bin'
[0.902s] Level 1:colcon.colcon_core.environment:checking '/home/pbk/arduinobot_ws/install/arduinobot_cpp_examples/lib/pkgconfig/arduinobot_cpp_examples.pc'
[0.902s] Level 1:colcon.colcon_core.environment:checking '/home/pbk/arduinobot_ws/install/arduinobot_cpp_examples/lib/python3.10/site-packages'
[0.903s] Level 1:colcon.colcon_core.environment:checking '/home/pbk/arduinobot_ws/install/arduinobot_cpp_examples/bin'
[0.903s] INFO:colcon.colcon_core.shell:Creating package script '/home/pbk/arduinobot_ws/install/arduinobot_cpp_examples/share/arduinobot_cpp_examples/package.ps1'
[0.903s] INFO:colcon.colcon_core.shell:Creating package descriptor '/home/pbk/arduinobot_ws/install/arduinobot_cpp_examples/share/arduinobot_cpp_examples/package.dsv'
[0.903s] INFO:colcon.colcon_core.shell:Creating package script '/home/pbk/arduinobot_ws/install/arduinobot_cpp_examples/share/arduinobot_cpp_examples/package.sh'
[0.904s] INFO:colcon.colcon_core.shell:Creating package script '/home/pbk/arduinobot_ws/install/arduinobot_cpp_examples/share/arduinobot_cpp_examples/package.bash'
[0.904s] INFO:colcon.colcon_core.shell:Creating package script '/home/pbk/arduinobot_ws/install/arduinobot_cpp_examples/share/arduinobot_cpp_examples/package.zsh'
[0.904s] Level 1:colcon.colcon_core.environment:create_file_with_runtime_dependencies(/home/pbk/arduinobot_ws/install/arduinobot_cpp_examples/share/colcon-core/packages/arduinobot_cpp_examples)
[0.929s] Level 1:colcon.colcon_core.environment:create_environment_scripts_only(arduinobot_cpp_examples)
[0.929s] Level 1:colcon.colcon_core.environment:checking '/home/pbk/arduinobot_ws/install/arduinobot_cpp_examples' for CMake module files
[0.929s] Level 1:colcon.colcon_core.environment:checking '/home/pbk/arduinobot_ws/install/arduinobot_cpp_examples' for CMake config files
[0.930s] Level 1:colcon.colcon_core.shell:create_environment_hook('arduinobot_cpp_examples', 'cmake_prefix_path')
[0.930s] INFO:colcon.colcon_core.shell:Creating environment hook '/home/pbk/arduinobot_ws/install/arduinobot_cpp_examples/share/arduinobot_cpp_examples/hook/cmake_prefix_path.ps1'
[0.930s] INFO:colcon.colcon_core.shell:Creating environment descriptor '/home/pbk/arduinobot_ws/install/arduinobot_cpp_examples/share/arduinobot_cpp_examples/hook/cmake_prefix_path.dsv'
[0.930s] INFO:colcon.colcon_core.shell:Creating environment hook '/home/pbk/arduinobot_ws/install/arduinobot_cpp_examples/share/arduinobot_cpp_examples/hook/cmake_prefix_path.sh'
[0.931s] Level 1:colcon.colcon_core.environment:checking '/home/pbk/arduinobot_ws/install/arduinobot_cpp_examples/lib'
[0.931s] Level 1:colcon.colcon_core.shell:create_environment_hook('arduinobot_cpp_examples', 'ld_library_path_lib')
[0.931s] INFO:colcon.colcon_core.shell:Creating environment hook '/home/pbk/arduinobot_ws/install/arduinobot_cpp_examples/share/arduinobot_cpp_examples/hook/ld_library_path_lib.ps1'
[0.931s] INFO:colcon.colcon_core.shell:Creating environment descriptor '/home/pbk/arduinobot_ws/install/arduinobot_cpp_examples/share/arduinobot_cpp_examples/hook/ld_library_path_lib.dsv'
[0.931s] INFO:colcon.colcon_core.shell:Creating environment hook '/home/pbk/arduinobot_ws/install/arduinobot_cpp_examples/share/arduinobot_cpp_examples/hook/ld_library_path_lib.sh'
[0.931s] Level 1:colcon.colcon_core.environment:checking '/home/pbk/arduinobot_ws/install/arduinobot_cpp_examples/bin'
[0.931s] Level 1:colcon.colcon_core.environment:checking '/home/pbk/arduinobot_ws/install/arduinobot_cpp_examples/lib/pkgconfig/arduinobot_cpp_examples.pc'
[0.931s] Level 1:colcon.colcon_core.environment:checking '/home/pbk/arduinobot_ws/install/arduinobot_cpp_examples/lib/python3.10/site-packages'
[0.932s] Level 1:colcon.colcon_core.environment:checking '/home/pbk/arduinobot_ws/install/arduinobot_cpp_examples/bin'
[0.932s] INFO:colcon.colcon_core.shell:Creating package script '/home/pbk/arduinobot_ws/install/arduinobot_cpp_examples/share/arduinobot_cpp_examples/package.ps1'
[0.932s] INFO:colcon.colcon_core.shell:Creating package descriptor '/home/pbk/arduinobot_ws/install/arduinobot_cpp_examples/share/arduinobot_cpp_examples/package.dsv'
[0.932s] INFO:colcon.colcon_core.shell:Creating package script '/home/pbk/arduinobot_ws/install/arduinobot_cpp_examples/share/arduinobot_cpp_examples/package.sh'
[0.933s] INFO:colcon.colcon_core.shell:Creating package script '/home/pbk/arduinobot_ws/install/arduinobot_cpp_examples/share/arduinobot_cpp_examples/package.bash'
[0.933s] INFO:colcon.colcon_core.shell:Creating package script '/home/pbk/arduinobot_ws/install/arduinobot_cpp_examples/share/arduinobot_cpp_examples/package.zsh'
[0.933s] Level 1:colcon.colcon_core.environment:create_file_with_runtime_dependencies(/home/pbk/arduinobot_ws/install/arduinobot_cpp_examples/share/colcon-core/packages/arduinobot_cpp_examples)
[1.070s] DEBUG:colcon.colcon_core.event_handler.log_command:Invoked command in '/home/pbk/arduinobot_ws/build/arduinobot_utils' returned '0': CMAKE_PREFIX_PATH=/home/pbk/arduinobot_ws/install/arduinobot_msgs:/home/pbk/arduinobot_ws/install/arduinobot_utils:/home/pbk/arduinobot_ws/install/arduinobot_cpp_examples:/home/pbk/arduinobot_ws/install/arduinobot_moveit:/home/pbk/arduinobot_ws/install/arduinobot_description:/home/pbk/arduinobot_ws/install/arduinobot_controller:/home/pbk/arduinobot_ws/install/arduinobot_py_examples:/opt/ros/humble LD_LIBRARY_PATH=/home/pbk/arduinobot_ws/install/arduinobot_msgs/lib:/home/pbk/arduinobot_ws/install/arduinobot_cpp_examples/lib:/usr/lib/x86_64-linux-gnu/gazebo-11/plugins:/opt/ros/humble/opt/rviz_ogre_vendor/lib:/opt/ros/humble/lib/x86_64-linux-gnu:/opt/ros/humble/lib /usr/bin/cmake --build /home/pbk/arduinobot_ws/build/arduinobot_utils -- -j20 -l20
[1.087s] DEBUG:colcon.colcon_core.event_handler.log_command:Invoking command in '/home/pbk/arduinobot_ws/build/arduinobot_utils': CMAKE_PREFIX_PATH=/home/pbk/arduinobot_ws/install/arduinobot_msgs:/home/pbk/arduinobot_ws/install/arduinobot_utils:/home/pbk/arduinobot_ws/install/arduinobot_cpp_examples:/home/pbk/arduinobot_ws/install/arduinobot_moveit:/home/pbk/arduinobot_ws/install/arduinobot_description:/home/pbk/arduinobot_ws/install/arduinobot_controller:/home/pbk/arduinobot_ws/install/arduinobot_py_examples:/opt/ros/humble LD_LIBRARY_PATH=/home/pbk/arduinobot_ws/install/arduinobot_msgs/lib:/home/pbk/arduinobot_ws/install/arduinobot_cpp_examples/lib:/usr/lib/x86_64-linux-gnu/gazebo-11/plugins:/opt/ros/humble/opt/rviz_ogre_vendor/lib:/opt/ros/humble/lib/x86_64-linux-gnu:/opt/ros/humble/lib /usr/bin/cmake --install /home/pbk/arduinobot_ws/build/arduinobot_utils
[1.127s] Level 1:colcon.colcon_core.environment:create_environment_scripts_only(arduinobot_utils)
[1.128s] Level 1:colcon.colcon_core.environment:checking '/home/pbk/arduinobot_ws/install/arduinobot_utils' for CMake module files
[1.128s] Level 1:colcon.colcon_core.environment:checking '/home/pbk/arduinobot_ws/install/arduinobot_utils' for CMake config files
[1.128s] DEBUG:colcon.colcon_core.event_handler.log_command:Invoked command in '/home/pbk/arduinobot_ws/build/arduinobot_utils' returned '0': CMAKE_PREFIX_PATH=/home/pbk/arduinobot_ws/install/arduinobot_msgs:/home/pbk/arduinobot_ws/install/arduinobot_utils:/home/pbk/arduinobot_ws/install/arduinobot_cpp_examples:/home/pbk/arduinobot_ws/install/arduinobot_moveit:/home/pbk/arduinobot_ws/install/arduinobot_description:/home/pbk/arduinobot_ws/install/arduinobot_controller:/home/pbk/arduinobot_ws/install/arduinobot_py_examples:/opt/ros/humble LD_LIBRARY_PATH=/home/pbk/arduinobot_ws/install/arduinobot_msgs/lib:/home/pbk/arduinobot_ws/install/arduinobot_cpp_examples/lib:/usr/lib/x86_64-linux-gnu/gazebo-11/plugins:/opt/ros/humble/opt/rviz_ogre_vendor/lib:/opt/ros/humble/lib/x86_64-linux-gnu:/opt/ros/humble/lib /usr/bin/cmake --install /home/pbk/arduinobot_ws/build/arduinobot_utils
[1.128s] Level 1:colcon.colcon_core.shell:create_environment_hook('arduinobot_utils', 'cmake_prefix_path')
[1.129s] INFO:colcon.colcon_core.shell:Creating environment hook '/home/pbk/arduinobot_ws/install/arduinobot_utils/share/arduinobot_utils/hook/cmake_prefix_path.ps1'
[1.129s] INFO:colcon.colcon_core.shell:Creating environment descriptor '/home/pbk/arduinobot_ws/install/arduinobot_utils/share/arduinobot_utils/hook/cmake_prefix_path.dsv'
[1.129s] INFO:colcon.colcon_core.shell:Creating environment hook '/home/pbk/arduinobot_ws/install/arduinobot_utils/share/arduinobot_utils/hook/cmake_prefix_path.sh'
[1.130s] Level 1:colcon.colcon_core.environment:checking '/home/pbk/arduinobot_ws/install/arduinobot_utils/lib'
[1.130s] Level 1:colcon.colcon_core.environment:checking '/home/pbk/arduinobot_ws/install/arduinobot_utils/bin'
[1.130s] Level 1:colcon.colcon_core.environment:checking '/home/pbk/arduinobot_ws/install/arduinobot_utils/lib/pkgconfig/arduinobot_utils.pc'
[1.130s] Level 1:colcon.colcon_core.environment:checking '/home/pbk/arduinobot_ws/install/arduinobot_utils/lib/python3.10/site-packages'
[1.130s] Level 1:colcon.colcon_core.environment:checking '/home/pbk/arduinobot_ws/install/arduinobot_utils/bin'
[1.130s] INFO:colcon.colcon_core.shell:Creating package script '/home/pbk/arduinobot_ws/install/arduinobot_utils/share/arduinobot_utils/package.ps1'
[1.131s] INFO:colcon.colcon_core.shell:Creating package descriptor '/home/pbk/arduinobot_ws/install/arduinobot_utils/share/arduinobot_utils/package.dsv'
[1.131s] INFO:colcon.colcon_core.shell:Creating package script '/home/pbk/arduinobot_ws/install/arduinobot_utils/share/arduinobot_utils/package.sh'
[1.131s] INFO:colcon.colcon_core.shell:Creating package script '/home/pbk/arduinobot_ws/install/arduinobot_utils/share/arduinobot_utils/package.bash'
[1.131s] INFO:colcon.colcon_core.shell:Creating package script '/home/pbk/arduinobot_ws/install/arduinobot_utils/share/arduinobot_utils/package.zsh'
[1.132s] Level 1:colcon.colcon_core.environment:create_file_with_runtime_dependencies(/home/pbk/arduinobot_ws/install/arduinobot_utils/share/colcon-core/packages/arduinobot_utils)
[1.140s] DEBUG:colcon.colcon_core.event_handler.log_command:Invoking command in '/home/pbk/arduinobot_ws/src/arduinobot_py_examples': CMAKE_PREFIX_PATH=/home/pbk/arduinobot_ws/install/arduinobot_msgs:/home/pbk/arduinobot_ws/install/arduinobot_utils:/home/pbk/arduinobot_ws/install/arduinobot_cpp_examples:/home/pbk/arduinobot_ws/install/arduinobot_moveit:/home/pbk/arduinobot_ws/install/arduinobot_description:/home/pbk/arduinobot_ws/install/arduinobot_controller LD_LIBRARY_PATH=/home/pbk/arduinobot_ws/install/arduinobot_msgs/lib:/home/pbk/arduinobot_ws/install/arduinobot_cpp_examples/lib:/usr/lib/x86_64-linux-gnu/gazebo-11/plugins:/opt/ros/humble/opt/rviz_ogre_vendor/lib:/opt/ros/humble/lib/x86_64-linux-gnu:/opt/ros/humble/lib PYTHONPATH=/home/pbk/arduinobot_ws/build/arduinobot_py_examples/prefix_override:/home/pbk/arduinobot_ws/install/arduinobot_py_examples/lib/python3.10/site-packages:${PYTHONPATH} /usr/bin/python3 -W ignore:setup.py install is deprecated setup.py egg_info --egg-base ../../build/arduinobot_py_examples build --build-base /home/pbk/arduinobot_ws/build/arduinobot_py_examples/build install --record /home/pbk/arduinobot_ws/build/arduinobot_py_examples/install.log --single-version-externally-managed install_data
[1.147s] Level 1:colcon.colcon_core.environment:create_environment_scripts_only(arduinobot_utils)
[1.147s] Level 1:colcon.colcon_core.environment:checking '/home/pbk/arduinobot_ws/install/arduinobot_utils' for CMake module files
[1.147s] Level 1:colcon.colcon_core.environment:checking '/home/pbk/arduinobot_ws/install/arduinobot_utils' for CMake config files
[1.148s] Level 1:colcon.colcon_core.shell:create_environment_hook('arduinobot_utils', 'cmake_prefix_path')
[1.148s] INFO:colcon.colcon_core.shell:Creating environment hook '/home/pbk/arduinobot_ws/install/arduinobot_utils/share/arduinobot_utils/hook/cmake_prefix_path.ps1'
[1.148s] INFO:colcon.colcon_core.shell:Creating environment descriptor '/home/pbk/arduinobot_ws/install/arduinobot_utils/share/arduinobot_utils/hook/cmake_prefix_path.dsv'
[1.148s] INFO:colcon.colcon_core.shell:Creating environment hook '/home/pbk/arduinobot_ws/install/arduinobot_utils/share/arduinobot_utils/hook/cmake_prefix_path.sh'
[1.149s] Level 1:colcon.colcon_core.environment:checking '/home/pbk/arduinobot_ws/install/arduinobot_utils/lib'
[1.149s] Level 1:colcon.colcon_core.environment:checking '/home/pbk/arduinobot_ws/install/arduinobot_utils/bin'
[1.149s] Level 1:colcon.colcon_core.environment:checking '/home/pbk/arduinobot_ws/install/arduinobot_utils/lib/pkgconfig/arduinobot_utils.pc'
[1.149s] Level 1:colcon.colcon_core.environment:checking '/home/pbk/arduinobot_ws/install/arduinobot_utils/lib/python3.10/site-packages'
[1.149s] Level 1:colcon.colcon_core.environment:checking '/home/pbk/arduinobot_ws/install/arduinobot_utils/bin'
[1.149s] INFO:colcon.colcon_core.shell:Creating package script '/home/pbk/arduinobot_ws/install/arduinobot_utils/share/arduinobot_utils/package.ps1'
[1.150s] INFO:colcon.colcon_core.shell:Creating package descriptor '/home/pbk/arduinobot_ws/install/arduinobot_utils/share/arduinobot_utils/package.dsv'
[1.150s] INFO:colcon.colcon_core.shell:Creating package script '/home/pbk/arduinobot_ws/install/arduinobot_utils/share/arduinobot_utils/package.sh'
[1.150s] INFO:colcon.colcon_core.shell:Creating package script '/home/pbk/arduinobot_ws/install/arduinobot_utils/share/arduinobot_utils/package.bash'
[1.151s] INFO:colcon.colcon_core.shell:Creating package script '/home/pbk/arduinobot_ws/install/arduinobot_utils/share/arduinobot_utils/package.zsh'
[1.151s] Level 1:colcon.colcon_core.environment:create_file_with_runtime_dependencies(/home/pbk/arduinobot_ws/install/arduinobot_utils/share/colcon-core/packages/arduinobot_utils)
[1.313s] Level 1:colcon.colcon_core.environment:checking '/home/pbk/arduinobot_ws/install/arduinobot_py_examples' for CMake module files
[1.313s] DEBUG:colcon.colcon_core.event_handler.log_command:Invoked command in '/home/pbk/arduinobot_ws/src/arduinobot_py_examples' returned '0': CMAKE_PREFIX_PATH=/home/pbk/arduinobot_ws/install/arduinobot_msgs:/home/pbk/arduinobot_ws/install/arduinobot_utils:/home/pbk/arduinobot_ws/install/arduinobot_cpp_examples:/home/pbk/arduinobot_ws/install/arduinobot_moveit:/home/pbk/arduinobot_ws/install/arduinobot_description:/home/pbk/arduinobot_ws/install/arduinobot_controller LD_LIBRARY_PATH=/home/pbk/arduinobot_ws/install/arduinobot_msgs/lib:/home/pbk/arduinobot_ws/install/arduinobot_cpp_examples/lib:/usr/lib/x86_64-linux-gnu/gazebo-11/plugins:/opt/ros/humble/opt/rviz_ogre_vendor/lib:/opt/ros/humble/lib/x86_64-linux-gnu:/opt/ros/humble/lib PYTHONPATH=/home/pbk/arduinobot_ws/build/arduinobot_py_examples/prefix_override:/home/pbk/arduinobot_ws/install/arduinobot_py_examples/lib/python3.10/site-packages:${PYTHONPATH} /usr/bin/python3 -W ignore:setup.py install is deprecated setup.py egg_info --egg-base ../../build/arduinobot_py_examples build --build-base /home/pbk/arduinobot_ws/build/arduinobot_py_examples/build install --record /home/pbk/arduinobot_ws/build/arduinobot_py_examples/install.log --single-version-externally-managed install_data
[1.313s] Level 1:colcon.colcon_core.environment:checking '/home/pbk/arduinobot_ws/install/arduinobot_py_examples' for CMake config files
[1.314s] Level 1:colcon.colcon_core.environment:checking '/home/pbk/arduinobot_ws/install/arduinobot_py_examples/lib'
[1.314s] Level 1:colcon.colcon_core.environment:checking '/home/pbk/arduinobot_ws/install/arduinobot_py_examples/bin'
[1.314s] Level 1:colcon.colcon_core.environment:checking '/home/pbk/arduinobot_ws/install/arduinobot_py_examples/lib/pkgconfig/arduinobot_py_examples.pc'
[1.314s] Level 1:colcon.colcon_core.environment:checking '/home/pbk/arduinobot_ws/install/arduinobot_py_examples/lib/python3.10/site-packages'
[1.314s] Level 1:colcon.colcon_core.shell:create_environment_hook('arduinobot_py_examples', 'pythonpath')
[1.314s] INFO:colcon.colcon_core.shell:Creating environment hook '/home/pbk/arduinobot_ws/install/arduinobot_py_examples/share/arduinobot_py_examples/hook/pythonpath.ps1'
[1.315s] INFO:colcon.colcon_core.shell:Creating environment descriptor '/home/pbk/arduinobot_ws/install/arduinobot_py_examples/share/arduinobot_py_examples/hook/pythonpath.dsv'
[1.315s] INFO:colcon.colcon_core.shell:Creating environment hook '/home/pbk/arduinobot_ws/install/arduinobot_py_examples/share/arduinobot_py_examples/hook/pythonpath.sh'
[1.315s] Level 1:colcon.colcon_core.environment:checking '/home/pbk/arduinobot_ws/install/arduinobot_py_examples/bin'
[1.315s] Level 1:colcon.colcon_core.environment:create_environment_scripts_only(arduinobot_py_examples)
[1.315s] INFO:colcon.colcon_core.shell:Creating package script '/home/pbk/arduinobot_ws/install/arduinobot_py_examples/share/arduinobot_py_examples/package.ps1'
[1.316s] INFO:colcon.colcon_core.shell:Creating package descriptor '/home/pbk/arduinobot_ws/install/arduinobot_py_examples/share/arduinobot_py_examples/package.dsv'
[1.316s] INFO:colcon.colcon_core.shell:Creating package script '/home/pbk/arduinobot_ws/install/arduinobot_py_examples/share/arduinobot_py_examples/package.sh'
[1.316s] INFO:colcon.colcon_core.shell:Creating package script '/home/pbk/arduinobot_ws/install/arduinobot_py_examples/share/arduinobot_py_examples/package.bash'
[1.316s] INFO:colcon.colcon_core.shell:Creating package script '/home/pbk/arduinobot_ws/install/arduinobot_py_examples/share/arduinobot_py_examples/package.zsh'
[1.316s] Level 1:colcon.colcon_core.environment:create_file_with_runtime_dependencies(/home/pbk/arduinobot_ws/install/arduinobot_py_examples/share/colcon-core/packages/arduinobot_py_examples)
[1.317s] DEBUG:colcon.colcon_parallel_executor.executor.parallel:closing loop
[1.317s] DEBUG:colcon.colcon_parallel_executor.executor.parallel:loop closed
[1.317s] DEBUG:colcon.colcon_parallel_executor.executor.parallel:run_until_complete finished with '0'
[1.317s] DEBUG:colcon.colcon_core.event_reactor:joining thread
[1.341s] INFO:colcon.colcon_core.plugin_system:Skipping extension 'colcon_notification.desktop_notification.notify_send': Could not find 'notify-send'
[1.342s] INFO:colcon.colcon_core.plugin_system:Skipping extension 'colcon_notification.desktop_notification.terminal_notifier': Not used on non-Darwin systems
[1.342s] INFO:colcon.colcon_core.plugin_system:Skipping extension 'colcon_notification.desktop_notification.win32': Not used on non-Windows systems
[1.342s] INFO:colcon.colcon_notification.desktop_notification:Sending desktop notification using 'notify2'
[1.342s] DEBUG:colcon.colcon_notification.desktop_notification.notify2:Failed to initialize notify2: org.freedesktop.DBus.Error.FileNotFound: Failed to connect to socket /run/user/1000/bus: No such file or directory
[1.342s] DEBUG:colcon.colcon_core.event_reactor:joined thread
[1.342s] INFO:colcon.colcon_core.shell:Creating prefix script '/home/pbk/arduinobot_ws/install/local_setup.ps1'
[1.343s] INFO:colcon.colcon_core.shell:Creating prefix util module '/home/pbk/arduinobot_ws/install/_local_setup_util_ps1.py'
[1.344s] INFO:colcon.colcon_core.shell:Creating prefix chain script '/home/pbk/arduinobot_ws/install/setup.ps1'
[1.344s] INFO:colcon.colcon_core.shell:Creating prefix script '/home/pbk/arduinobot_ws/install/local_setup.sh'
[1.344s] INFO:colcon.colcon_core.shell:Creating prefix util module '/home/pbk/arduinobot_ws/install/_local_setup_util_sh.py'
[1.345s] INFO:colcon.colcon_core.shell:Creating prefix chain script '/home/pbk/arduinobot_ws/install/setup.sh'
[1.345s] INFO:colcon.colcon_core.shell:Creating prefix script '/home/pbk/arduinobot_ws/install/local_setup.bash'
[1.346s] INFO:colcon.colcon_core.shell:Creating prefix chain script '/home/pbk/arduinobot_ws/install/setup.bash'
[1.346s] INFO:colcon.colcon_core.shell:Creating prefix script '/home/pbk/arduinobot_ws/install/local_setup.zsh'
[1.346s] INFO:colcon.colcon_core.shell:Creating prefix chain script '/home/pbk/arduinobot_ws/install/setup.zsh'
