[0.191s] Invoking command in '/home/pbk/arduinobot_ws/build/arduinobot_utils': CMAKE_PREFIX_PATH=/home/pbk/arduinobot_ws/install/arduinobot_msgs:/home/pbk/arduinobot_ws/install/arduinobot_utils:/home/pbk/arduinobot_ws/install/arduinobot_remote:/home/pbk/arduinobot_ws/install/arduinobot_cpp_examples:/home/pbk/arduinobot_ws/install/arduinobot_moveit:/home/pbk/arduinobot_ws/install/arduinobot_description:/home/pbk/arduinobot_ws/install/arduinobot_controller:/home/pbk/arduinobot_ws/install/arduinobot_py_examples:/opt/ros/humble LD_LIBRARY_PATH=/home/pbk/arduinobot_ws/install/arduinobot_msgs/lib:/home/pbk/arduinobot_ws/install/arduinobot_cpp_examples/lib:/usr/lib/x86_64-linux-gnu/gazebo-11/plugins:/opt/ros/humble/opt/rviz_ogre_vendor/lib:/opt/ros/humble/lib/x86_64-linux-gnu:/opt/ros/humble/lib /usr/bin/cmake --build /home/pbk/arduinobot_ws/build/arduinobot_utils -- -j20 -l20
[0.204s] -- Found ament_cmake: 1.3.8 (/opt/ros/humble/share/ament_cmake/cmake)
[0.282s] -- Found rclpy: 3.3.12 (/opt/ros/humble/share/rclpy/cmake)
[0.282s] -- Found rclcpp: 16.0.8 (/opt/ros/humble/share/rclcpp/cmake)
[0.384s] -- Found rosidl_generator_c: 3.1.5 (/opt/ros/humble/share/rosidl_generator_c/cmake)
[0.386s] -- Found rosidl_adapter: 3.1.5 (/opt/ros/humble/share/rosidl_adapter/cmake)
[0.390s] -- Found rosidl_generator_cpp: 3.1.5 (/opt/ros/humble/share/rosidl_generator_cpp/cmake)
[0.398s] -- Using all available rosidl_typesupport_c: rosidl_typesupport_fastrtps_c;rosidl_typesupport_introspection_c
[0.408s] -- Using all available rosidl_typesupport_cpp: rosidl_typesupport_fastrtps_cpp;rosidl_typesupport_introspection_cpp
[0.450s] -- Found rmw_implementation_cmake: 6.1.1 (/opt/ros/humble/share/rmw_implementation_cmake/cmake)
[0.451s] -- Found rmw_cyclonedds_cpp: 1.3.4 (/opt/ros/humble/share/rmw_cyclonedds_cpp/cmake)
[0.474s] -- Using RMW implementation 'rmw_cyclonedds_cpp' as default
[0.590s] -- Found arduinobot_msgs: 0.0.0 (/home/pbk/arduinobot_ws/install/arduinobot_msgs/share/arduinobot_msgs/cmake)
[0.687s] -- Found tf2: 0.25.6 (/opt/ros/humble/share/tf2/cmake)
[0.795s] -- Found ament_lint_auto: 0.12.10 (/opt/ros/humble/share/ament_lint_auto/cmake)
[0.862s] -- Added test 'cppcheck' to perform static code analysis on C / C++ code
[0.863s] -- Configured cppcheck include dirs: 
[0.863s] -- Configured cppcheck exclude dirs and/or files: 
[0.863s] -- Added test 'flake8' to check Python code syntax and style conventions
[0.863s] -- Added test 'lint_cmake' to check CMake code style
[0.863s] -- Added test 'pep257' to check Python code against some of the docstring style conventions in PEP 257
[0.864s] -- Added test 'uncrustify' to check C / C++ code style
[0.864s] -- Configured uncrustify additional arguments: 
[0.864s] -- Added test 'xmllint' to check XML markup files
[0.865s] -- Configuring done
[0.877s] -- Generating done
[0.879s] -- Build files have been written to: /home/pbk/arduinobot_ws/build/arduinobot_utils
[0.899s] [35m[1mConsolidate compiler generated dependencies of target angle_conversion[0m
[0.912s] [  0%] Built target ament_cmake_python_copy_arduinobot_utils
[0.913s] [ 50%] [32mBuilding CXX object CMakeFiles/angle_conversion.dir/src/angle_conversion.cpp.o[0m
[1.093s] running egg_info
[1.093s] writing arduinobot_utils.egg-info/PKG-INFO
[1.093s] writing dependency_links to arduinobot_utils.egg-info/dependency_links.txt
[1.093s] writing top-level names to arduinobot_utils.egg-info/top_level.txt
[1.095s] reading manifest file 'arduinobot_utils.egg-info/SOURCES.txt'
[1.095s] writing manifest file 'arduinobot_utils.egg-info/SOURCES.txt'
[1.115s] [ 50%] Built target ament_cmake_python_build_arduinobot_utils_egg
[3.683s] [100%] [32m[1mLinking CXX executable angle_conversion[0m
[3.844s] [100%] Built target angle_conversion
[3.851s] Invoked command in '/home/pbk/arduinobot_ws/build/arduinobot_utils' returned '0': CMAKE_PREFIX_PATH=/home/pbk/arduinobot_ws/install/arduinobot_msgs:/home/pbk/arduinobot_ws/install/arduinobot_utils:/home/pbk/arduinobot_ws/install/arduinobot_remote:/home/pbk/arduinobot_ws/install/arduinobot_cpp_examples:/home/pbk/arduinobot_ws/install/arduinobot_moveit:/home/pbk/arduinobot_ws/install/arduinobot_description:/home/pbk/arduinobot_ws/install/arduinobot_controller:/home/pbk/arduinobot_ws/install/arduinobot_py_examples:/opt/ros/humble LD_LIBRARY_PATH=/home/pbk/arduinobot_ws/install/arduinobot_msgs/lib:/home/pbk/arduinobot_ws/install/arduinobot_cpp_examples/lib:/usr/lib/x86_64-linux-gnu/gazebo-11/plugins:/opt/ros/humble/opt/rviz_ogre_vendor/lib:/opt/ros/humble/lib/x86_64-linux-gnu:/opt/ros/humble/lib /usr/bin/cmake --build /home/pbk/arduinobot_ws/build/arduinobot_utils -- -j20 -l20
[3.867s] Invoking command in '/home/pbk/arduinobot_ws/build/arduinobot_utils': CMAKE_PREFIX_PATH=/home/pbk/arduinobot_ws/install/arduinobot_msgs:/home/pbk/arduinobot_ws/install/arduinobot_utils:/home/pbk/arduinobot_ws/install/arduinobot_remote:/home/pbk/arduinobot_ws/install/arduinobot_cpp_examples:/home/pbk/arduinobot_ws/install/arduinobot_moveit:/home/pbk/arduinobot_ws/install/arduinobot_description:/home/pbk/arduinobot_ws/install/arduinobot_controller:/home/pbk/arduinobot_ws/install/arduinobot_py_examples:/opt/ros/humble LD_LIBRARY_PATH=/home/pbk/arduinobot_ws/install/arduinobot_msgs/lib:/home/pbk/arduinobot_ws/install/arduinobot_cpp_examples/lib:/usr/lib/x86_64-linux-gnu/gazebo-11/plugins:/opt/ros/humble/opt/rviz_ogre_vendor/lib:/opt/ros/humble/lib/x86_64-linux-gnu:/opt/ros/humble/lib /usr/bin/cmake --install /home/pbk/arduinobot_ws/build/arduinobot_utils
[3.870s] -- Install configuration: ""
[3.871s] -- Up-to-date: /home/pbk/arduinobot_ws/install/arduinobot_utils/share/arduinobot_utils/environment/pythonpath.sh
[3.871s] -- Installing: /home/pbk/arduinobot_ws/install/arduinobot_utils/share/arduinobot_utils/environment/pythonpath.dsv
[3.871s] -- Up-to-date: /home/pbk/arduinobot_ws/install/arduinobot_utils/local/lib/python3.10/dist-packages/arduinobot_utils-0.0.0-py3.10.egg-info
[3.871s] -- Installing: /home/pbk/arduinobot_ws/install/arduinobot_utils/local/lib/python3.10/dist-packages/arduinobot_utils-0.0.0-py3.10.egg-info/top_level.txt
[3.871s] -- Installing: /home/pbk/arduinobot_ws/install/arduinobot_utils/local/lib/python3.10/dist-packages/arduinobot_utils-0.0.0-py3.10.egg-info/PKG-INFO
[3.871s] -- Installing: /home/pbk/arduinobot_ws/install/arduinobot_utils/local/lib/python3.10/dist-packages/arduinobot_utils-0.0.0-py3.10.egg-info/SOURCES.txt
[3.871s] -- Installing: /home/pbk/arduinobot_ws/install/arduinobot_utils/local/lib/python3.10/dist-packages/arduinobot_utils-0.0.0-py3.10.egg-info/dependency_links.txt
[3.871s] -- Up-to-date: /home/pbk/arduinobot_ws/install/arduinobot_utils/local/lib/python3.10/dist-packages/arduinobot_utils
[3.871s] -- Up-to-date: /home/pbk/arduinobot_ws/install/arduinobot_utils/local/lib/python3.10/dist-packages/arduinobot_utils/angle_conversion.py
[3.871s] -- Up-to-date: /home/pbk/arduinobot_ws/install/arduinobot_utils/local/lib/python3.10/dist-packages/arduinobot_utils/__init__.py
[3.890s] Listing '/home/pbk/arduinobot_ws/install/arduinobot_utils/local/lib/python3.10/dist-packages/arduinobot_utils'...
[3.893s] -- Installing: /home/pbk/arduinobot_ws/install/arduinobot_utils/lib/arduinobot_utils/angle_conversion
[3.893s] -- Set runtime path of "/home/pbk/arduinobot_ws/install/arduinobot_utils/lib/arduinobot_utils/angle_conversion" to ""
[3.893s] -- Up-to-date: /home/pbk/arduinobot_ws/install/arduinobot_utils/lib/arduinobot_utils/angle_conversion.py
[3.894s] -- Up-to-date: /home/pbk/arduinobot_ws/install/arduinobot_utils/share/ament_index/resource_index/package_run_dependencies/arduinobot_utils
[3.894s] -- Installing: /home/pbk/arduinobot_ws/install/arduinobot_utils/share/ament_index/resource_index/parent_prefix_path/arduinobot_utils
[3.894s] -- Up-to-date: /home/pbk/arduinobot_ws/install/arduinobot_utils/share/arduinobot_utils/environment/ament_prefix_path.sh
[3.894s] -- Installing: /home/pbk/arduinobot_ws/install/arduinobot_utils/share/arduinobot_utils/environment/ament_prefix_path.dsv
[3.894s] -- Up-to-date: /home/pbk/arduinobot_ws/install/arduinobot_utils/share/arduinobot_utils/environment/path.sh
[3.894s] -- Installing: /home/pbk/arduinobot_ws/install/arduinobot_utils/share/arduinobot_utils/environment/path.dsv
[3.894s] -- Up-to-date: /home/pbk/arduinobot_ws/install/arduinobot_utils/share/arduinobot_utils/local_setup.bash
[3.894s] -- Up-to-date: /home/pbk/arduinobot_ws/install/arduinobot_utils/share/arduinobot_utils/local_setup.sh
[3.894s] -- Up-to-date: /home/pbk/arduinobot_ws/install/arduinobot_utils/share/arduinobot_utils/local_setup.zsh
[3.895s] -- Installing: /home/pbk/arduinobot_ws/install/arduinobot_utils/share/arduinobot_utils/local_setup.dsv
[3.895s] -- Installing: /home/pbk/arduinobot_ws/install/arduinobot_utils/share/arduinobot_utils/package.dsv
[3.895s] -- Up-to-date: /home/pbk/arduinobot_ws/install/arduinobot_utils/share/ament_index/resource_index/packages/arduinobot_utils
[3.895s] -- Up-to-date: /home/pbk/arduinobot_ws/install/arduinobot_utils/share/arduinobot_utils/cmake/arduinobot_utilsConfig.cmake
[3.895s] -- Up-to-date: /home/pbk/arduinobot_ws/install/arduinobot_utils/share/arduinobot_utils/cmake/arduinobot_utilsConfig-version.cmake
[3.895s] -- Up-to-date: /home/pbk/arduinobot_ws/install/arduinobot_utils/share/arduinobot_utils/package.xml
[3.896s] Invoked command in '/home/pbk/arduinobot_ws/build/arduinobot_utils' returned '0': CMAKE_PREFIX_PATH=/home/pbk/arduinobot_ws/install/arduinobot_msgs:/home/pbk/arduinobot_ws/install/arduinobot_utils:/home/pbk/arduinobot_ws/install/arduinobot_remote:/home/pbk/arduinobot_ws/install/arduinobot_cpp_examples:/home/pbk/arduinobot_ws/install/arduinobot_moveit:/home/pbk/arduinobot_ws/install/arduinobot_description:/home/pbk/arduinobot_ws/install/arduinobot_controller:/home/pbk/arduinobot_ws/install/arduinobot_py_examples:/opt/ros/humble LD_LIBRARY_PATH=/home/pbk/arduinobot_ws/install/arduinobot_msgs/lib:/home/pbk/arduinobot_ws/install/arduinobot_cpp_examples/lib:/usr/lib/x86_64-linux-gnu/gazebo-11/plugins:/opt/ros/humble/opt/rviz_ogre_vendor/lib:/opt/ros/humble/lib/x86_64-linux-gnu:/opt/ros/humble/lib /usr/bin/cmake --install /home/pbk/arduinobot_ws/build/arduinobot_utils
