[0.093s] DEBUG:colcon:Command line arguments: ['/usr/bin/colcon', 'build']
[0.093s] DEBUG:colcon:Parsed command line arguments: Namespace(log_base=None, log_level=None, verb_name='build', build_base='build', install_base='install', merge_install=False, symlink_install=False, test_result_base=None, continue_on_error=False, executor='parallel', parallel_workers=20, event_handlers=None, ignore_user_meta=False, metas=['./colcon.meta'], base_paths=['.'], packages_ignore=None, packages_ignore_regex=None, paths=None, packages_up_to=None, packages_up_to_regex=None, packages_above=None, packages_above_and_dependencies=None, packages_above_depth=None, packages_select_by_dep=None, packages_skip_by_dep=None, packages_skip_up_to=None, packages_select_build_failed=False, packages_skip_build_finished=False, packages_select_test_failures=False, packages_skip_test_passed=False, packages_select=None, packages_skip=None, packages_select_regex=None, packages_skip_regex=None, packages_start=None, packages_end=None, allow_overriding=[], cmake_args=None, cmake_target=None, cmake_target_skip_unavailable=False, cmake_clean_cache=False, cmake_clean_first=False, cmake_force_configure=False, ament_cmake_args=None, catkin_cmake_args=None, catkin_skip_building_tests=False, mixin_files=None, mixin=None, verb_parser=<colcon_mixin.mixin.mixin_argument.MixinArgumentDecorator object at 0x7f616fa19fc0>, verb_extension=<colcon_core.verb.build.BuildVerb object at 0x7f616fc0fa30>, main=<bound method BuildVerb.main of <colcon_core.verb.build.BuildVerb object at 0x7f616fc0fa30>>, mixin_verb=('build',))
[0.183s] Level 1:colcon.colcon_core.package_discovery:discover_packages(colcon_meta) check parameters
[0.183s] Level 1:colcon.colcon_core.package_discovery:discover_packages(recursive) check parameters
[0.183s] Level 1:colcon.colcon_core.package_discovery:discover_packages(ignore) check parameters
[0.183s] Level 1:colcon.colcon_core.package_discovery:discover_packages(path) check parameters
[0.183s] Level 1:colcon.colcon_core.package_discovery:discover_packages(colcon_meta) discover
[0.183s] Level 1:colcon.colcon_core.package_discovery:discover_packages(recursive) discover
[0.183s] INFO:colcon.colcon_core.package_discovery:Crawling recursively for packages in '/home/pbk/arduinobot_ws'
[0.183s] Level 1:colcon.colcon_core.package_identification:_identify(.) by extensions ['ignore', 'ignore_ament_install']
[0.183s] Level 1:colcon.colcon_core.package_identification:_identify(.) by extension 'ignore'
[0.183s] Level 1:colcon.colcon_core.package_identification:_identify(.) by extension 'ignore_ament_install'
[0.183s] Level 1:colcon.colcon_core.package_identification:_identify(.) by extensions ['colcon_pkg']
[0.183s] Level 1:colcon.colcon_core.package_identification:_identify(.) by extension 'colcon_pkg'
[0.183s] Level 1:colcon.colcon_core.package_identification:_identify(.) by extensions ['colcon_meta']
[0.183s] Level 1:colcon.colcon_core.package_identification:_identify(.) by extension 'colcon_meta'
[0.183s] Level 1:colcon.colcon_core.package_identification:_identify(.) by extensions ['ros']
[0.183s] Level 1:colcon.colcon_core.package_identification:_identify(.) by extension 'ros'
[0.191s] Level 1:colcon.colcon_core.package_identification:_identify(.) by extensions ['cmake', 'python']
[0.191s] Level 1:colcon.colcon_core.package_identification:_identify(.) by extension 'cmake'
[0.191s] Level 1:colcon.colcon_core.package_identification:_identify(.) by extension 'python'
[0.191s] Level 1:colcon.colcon_core.package_identification:_identify(.) by extensions ['python_setup_py']
[0.191s] Level 1:colcon.colcon_core.package_identification:_identify(.) by extension 'python_setup_py'
[0.191s] Level 1:colcon.colcon_core.package_identification:_identify(build) by extensions ['ignore', 'ignore_ament_install']
[0.191s] Level 1:colcon.colcon_core.package_identification:_identify(build) by extension 'ignore'
[0.191s] Level 1:colcon.colcon_core.package_identification:_identify(build) ignored
[0.191s] Level 1:colcon.colcon_core.package_identification:_identify(install) by extensions ['ignore', 'ignore_ament_install']
[0.191s] Level 1:colcon.colcon_core.package_identification:_identify(install) by extension 'ignore'
[0.191s] Level 1:colcon.colcon_core.package_identification:_identify(install) ignored
[0.191s] Level 1:colcon.colcon_core.package_identification:_identify(log) by extensions ['ignore', 'ignore_ament_install']
[0.191s] Level 1:colcon.colcon_core.package_identification:_identify(log) by extension 'ignore'
[0.191s] Level 1:colcon.colcon_core.package_identification:_identify(log) ignored
[0.191s] Level 1:colcon.colcon_core.package_identification:_identify(src) by extensions ['ignore', 'ignore_ament_install']
[0.192s] Level 1:colcon.colcon_core.package_identification:_identify(src) by extension 'ignore'
[0.192s] Level 1:colcon.colcon_core.package_identification:_identify(src) by extension 'ignore_ament_install'
[0.192s] Level 1:colcon.colcon_core.package_identification:_identify(src) by extensions ['colcon_pkg']
[0.192s] Level 1:colcon.colcon_core.package_identification:_identify(src) by extension 'colcon_pkg'
[0.192s] Level 1:colcon.colcon_core.package_identification:_identify(src) by extensions ['colcon_meta']
[0.192s] Level 1:colcon.colcon_core.package_identification:_identify(src) by extension 'colcon_meta'
[0.192s] Level 1:colcon.colcon_core.package_identification:_identify(src) by extensions ['ros']
[0.192s] Level 1:colcon.colcon_core.package_identification:_identify(src) by extension 'ros'
[0.192s] Level 1:colcon.colcon_core.package_identification:_identify(src) by extensions ['cmake', 'python']
[0.192s] Level 1:colcon.colcon_core.package_identification:_identify(src) by extension 'cmake'
[0.192s] Level 1:colcon.colcon_core.package_identification:_identify(src) by extension 'python'
[0.192s] Level 1:colcon.colcon_core.package_identification:_identify(src) by extensions ['python_setup_py']
[0.192s] Level 1:colcon.colcon_core.package_identification:_identify(src) by extension 'python_setup_py'
[0.192s] Level 1:colcon.colcon_core.package_identification:_identify(src/arduinobot_cpp_examples) by extensions ['ignore', 'ignore_ament_install']
[0.192s] Level 1:colcon.colcon_core.package_identification:_identify(src/arduinobot_cpp_examples) by extension 'ignore'
[0.192s] Level 1:colcon.colcon_core.package_identification:_identify(src/arduinobot_cpp_examples) by extension 'ignore_ament_install'
[0.192s] Level 1:colcon.colcon_core.package_identification:_identify(src/arduinobot_cpp_examples) by extensions ['colcon_pkg']
[0.192s] Level 1:colcon.colcon_core.package_identification:_identify(src/arduinobot_cpp_examples) by extension 'colcon_pkg'
[0.192s] Level 1:colcon.colcon_core.package_identification:_identify(src/arduinobot_cpp_examples) by extensions ['colcon_meta']
[0.192s] Level 1:colcon.colcon_core.package_identification:_identify(src/arduinobot_cpp_examples) by extension 'colcon_meta'
[0.192s] Level 1:colcon.colcon_core.package_identification:_identify(src/arduinobot_cpp_examples) by extensions ['ros']
[0.192s] Level 1:colcon.colcon_core.package_identification:_identify(src/arduinobot_cpp_examples) by extension 'ros'
[0.194s] DEBUG:colcon.colcon_core.package_identification:Package 'src/arduinobot_cpp_examples' with type 'ros.ament_cmake' and name 'arduinobot_cpp_examples'
[0.195s] Level 1:colcon.colcon_core.package_identification:_identify(src/arduinobot_description) by extensions ['ignore', 'ignore_ament_install']
[0.195s] Level 1:colcon.colcon_core.package_identification:_identify(src/arduinobot_description) by extension 'ignore'
[0.195s] Level 1:colcon.colcon_core.package_identification:_identify(src/arduinobot_description) by extension 'ignore_ament_install'
[0.195s] Level 1:colcon.colcon_core.package_identification:_identify(src/arduinobot_description) by extensions ['colcon_pkg']
[0.195s] Level 1:colcon.colcon_core.package_identification:_identify(src/arduinobot_description) by extension 'colcon_pkg'
[0.195s] Level 1:colcon.colcon_core.package_identification:_identify(src/arduinobot_description) by extensions ['colcon_meta']
[0.195s] Level 1:colcon.colcon_core.package_identification:_identify(src/arduinobot_description) by extension 'colcon_meta'
[0.195s] Level 1:colcon.colcon_core.package_identification:_identify(src/arduinobot_description) by extensions ['ros']
[0.195s] Level 1:colcon.colcon_core.package_identification:_identify(src/arduinobot_description) by extension 'ros'
[0.195s] DEBUG:colcon.colcon_core.package_identification:Package 'src/arduinobot_description' with type 'ros.ament_cmake' and name 'arduinobot_description'
[0.196s] Level 1:colcon.colcon_core.package_identification:_identify(src/arduinobot_py_examples) by extensions ['ignore', 'ignore_ament_install']
[0.196s] Level 1:colcon.colcon_core.package_identification:_identify(src/arduinobot_py_examples) by extension 'ignore'
[0.196s] Level 1:colcon.colcon_core.package_identification:_identify(src/arduinobot_py_examples) by extension 'ignore_ament_install'
[0.196s] Level 1:colcon.colcon_core.package_identification:_identify(src/arduinobot_py_examples) by extensions ['colcon_pkg']
[0.196s] Level 1:colcon.colcon_core.package_identification:_identify(src/arduinobot_py_examples) by extension 'colcon_pkg'
[0.196s] Level 1:colcon.colcon_core.package_identification:_identify(src/arduinobot_py_examples) by extensions ['colcon_meta']
[0.196s] Level 1:colcon.colcon_core.package_identification:_identify(src/arduinobot_py_examples) by extension 'colcon_meta'
[0.196s] Level 1:colcon.colcon_core.package_identification:_identify(src/arduinobot_py_examples) by extensions ['ros']
[0.196s] Level 1:colcon.colcon_core.package_identification:_identify(src/arduinobot_py_examples) by extension 'ros'
[0.196s] DEBUG:colcon.colcon_core.package_identification:Package 'src/arduinobot_py_examples' with type 'ros.ament_python' and name 'arduinobot_py_examples'
[0.196s] Level 1:colcon.colcon_core.package_discovery:discover_packages(recursive) using defaults
[0.196s] Level 1:colcon.colcon_core.package_discovery:discover_packages(ignore) discover
[0.196s] Level 1:colcon.colcon_core.package_discovery:discover_packages(ignore) using defaults
[0.196s] Level 1:colcon.colcon_core.package_discovery:discover_packages(path) discover
[0.196s] Level 1:colcon.colcon_core.package_discovery:discover_packages(path) using defaults
[0.219s] Level 1:colcon.colcon_core.package_discovery:discover_packages(prefix_path) check parameters
[0.219s] Level 1:colcon.colcon_core.package_discovery:discover_packages(prefix_path) discover
[0.220s] DEBUG:colcon.colcon_installed_package_information.package_discovery:Found 3 installed packages in /home/pbk/arduinobot_ws/install
[0.221s] DEBUG:colcon.colcon_installed_package_information.package_discovery:Found 354 installed packages in /opt/ros/humble
[0.222s] Level 1:colcon.colcon_core.package_discovery:discover_packages(prefix_path) using defaults
[0.247s] Level 5:colcon.colcon_core.verb:set package 'arduinobot_cpp_examples' build argument 'cmake_args' from command line to 'None'
[0.247s] Level 5:colcon.colcon_core.verb:set package 'arduinobot_cpp_examples' build argument 'cmake_target' from command line to 'None'
[0.247s] Level 5:colcon.colcon_core.verb:set package 'arduinobot_cpp_examples' build argument 'cmake_target_skip_unavailable' from command line to 'False'
[0.247s] Level 5:colcon.colcon_core.verb:set package 'arduinobot_cpp_examples' build argument 'cmake_clean_cache' from command line to 'False'
[0.247s] Level 5:colcon.colcon_core.verb:set package 'arduinobot_cpp_examples' build argument 'cmake_clean_first' from command line to 'False'
[0.247s] Level 5:colcon.colcon_core.verb:set package 'arduinobot_cpp_examples' build argument 'cmake_force_configure' from command line to 'False'
[0.247s] Level 5:colcon.colcon_core.verb:set package 'arduinobot_cpp_examples' build argument 'ament_cmake_args' from command line to 'None'
[0.247s] Level 5:colcon.colcon_core.verb:set package 'arduinobot_cpp_examples' build argument 'catkin_cmake_args' from command line to 'None'
[0.247s] Level 5:colcon.colcon_core.verb:set package 'arduinobot_cpp_examples' build argument 'catkin_skip_building_tests' from command line to 'False'
[0.247s] DEBUG:colcon.colcon_core.verb:Building package 'arduinobot_cpp_examples' with the following arguments: {'ament_cmake_args': None, 'build_base': '/home/pbk/arduinobot_ws/build/arduinobot_cpp_examples', 'catkin_cmake_args': None, 'catkin_skip_building_tests': False, 'cmake_args': None, 'cmake_clean_cache': False, 'cmake_clean_first': False, 'cmake_force_configure': False, 'cmake_target': None, 'cmake_target_skip_unavailable': False, 'install_base': '/home/pbk/arduinobot_ws/install/arduinobot_cpp_examples', 'merge_install': False, 'path': '/home/pbk/arduinobot_ws/src/arduinobot_cpp_examples', 'symlink_install': False, 'test_result_base': None}
[0.247s] Level 5:colcon.colcon_core.verb:set package 'arduinobot_description' build argument 'cmake_args' from command line to 'None'
[0.247s] Level 5:colcon.colcon_core.verb:set package 'arduinobot_description' build argument 'cmake_target' from command line to 'None'
[0.247s] Level 5:colcon.colcon_core.verb:set package 'arduinobot_description' build argument 'cmake_target_skip_unavailable' from command line to 'False'
[0.247s] Level 5:colcon.colcon_core.verb:set package 'arduinobot_description' build argument 'cmake_clean_cache' from command line to 'False'
[0.247s] Level 5:colcon.colcon_core.verb:set package 'arduinobot_description' build argument 'cmake_clean_first' from command line to 'False'
[0.247s] Level 5:colcon.colcon_core.verb:set package 'arduinobot_description' build argument 'cmake_force_configure' from command line to 'False'
[0.247s] Level 5:colcon.colcon_core.verb:set package 'arduinobot_description' build argument 'ament_cmake_args' from command line to 'None'
[0.247s] Level 5:colcon.colcon_core.verb:set package 'arduinobot_description' build argument 'catkin_cmake_args' from command line to 'None'
[0.247s] Level 5:colcon.colcon_core.verb:set package 'arduinobot_description' build argument 'catkin_skip_building_tests' from command line to 'False'
[0.247s] DEBUG:colcon.colcon_core.verb:Building package 'arduinobot_description' with the following arguments: {'ament_cmake_args': None, 'build_base': '/home/pbk/arduinobot_ws/build/arduinobot_description', 'catkin_cmake_args': None, 'catkin_skip_building_tests': False, 'cmake_args': None, 'cmake_clean_cache': False, 'cmake_clean_first': False, 'cmake_force_configure': False, 'cmake_target': None, 'cmake_target_skip_unavailable': False, 'install_base': '/home/pbk/arduinobot_ws/install/arduinobot_description', 'merge_install': False, 'path': '/home/pbk/arduinobot_ws/src/arduinobot_description', 'symlink_install': False, 'test_result_base': None}
[0.247s] Level 5:colcon.colcon_core.verb:set package 'arduinobot_py_examples' build argument 'cmake_args' from command line to 'None'
[0.247s] Level 5:colcon.colcon_core.verb:set package 'arduinobot_py_examples' build argument 'cmake_target' from command line to 'None'
[0.247s] Level 5:colcon.colcon_core.verb:set package 'arduinobot_py_examples' build argument 'cmake_target_skip_unavailable' from command line to 'False'
[0.247s] Level 5:colcon.colcon_core.verb:set package 'arduinobot_py_examples' build argument 'cmake_clean_cache' from command line to 'False'
[0.248s] Level 5:colcon.colcon_core.verb:set package 'arduinobot_py_examples' build argument 'cmake_clean_first' from command line to 'False'
[0.248s] Level 5:colcon.colcon_core.verb:set package 'arduinobot_py_examples' build argument 'cmake_force_configure' from command line to 'False'
[0.248s] Level 5:colcon.colcon_core.verb:set package 'arduinobot_py_examples' build argument 'ament_cmake_args' from command line to 'None'
[0.248s] Level 5:colcon.colcon_core.verb:set package 'arduinobot_py_examples' build argument 'catkin_cmake_args' from command line to 'None'
[0.248s] Level 5:colcon.colcon_core.verb:set package 'arduinobot_py_examples' build argument 'catkin_skip_building_tests' from command line to 'False'
[0.248s] DEBUG:colcon.colcon_core.verb:Building package 'arduinobot_py_examples' with the following arguments: {'ament_cmake_args': None, 'build_base': '/home/pbk/arduinobot_ws/build/arduinobot_py_examples', 'catkin_cmake_args': None, 'catkin_skip_building_tests': False, 'cmake_args': None, 'cmake_clean_cache': False, 'cmake_clean_first': False, 'cmake_force_configure': False, 'cmake_target': None, 'cmake_target_skip_unavailable': False, 'install_base': '/home/pbk/arduinobot_ws/install/arduinobot_py_examples', 'merge_install': False, 'path': '/home/pbk/arduinobot_ws/src/arduinobot_py_examples', 'symlink_install': False, 'test_result_base': None}
[0.248s] INFO:colcon.colcon_core.executor:Executing jobs using 'parallel' executor
[0.249s] DEBUG:colcon.colcon_parallel_executor.executor.parallel:run_until_complete
[0.249s] INFO:colcon.colcon_ros.task.ament_cmake.build:Building ROS package in '/home/pbk/arduinobot_ws/src/arduinobot_cpp_examples' with build type 'ament_cmake'
[0.249s] INFO:colcon.colcon_cmake.task.cmake.build:Building CMake package in '/home/pbk/arduinobot_ws/src/arduinobot_cpp_examples'
[0.250s] INFO:colcon.colcon_core.plugin_system:Skipping extension 'colcon_core.shell.bat': Not used on non-Windows systems
[0.251s] INFO:colcon.colcon_core.shell:Skip shell extension 'powershell' for command environment: Not usable outside of PowerShell
[0.251s] DEBUG:colcon.colcon_core.shell:Skip shell extension 'dsv' for command environment
[0.253s] INFO:colcon.colcon_ros.task.ament_cmake.build:Building ROS package in '/home/pbk/arduinobot_ws/src/arduinobot_description' with build type 'ament_cmake'
[0.253s] INFO:colcon.colcon_cmake.task.cmake.build:Building CMake package in '/home/pbk/arduinobot_ws/src/arduinobot_description'
[0.254s] INFO:colcon.colcon_core.shell:Skip shell extension 'powershell' for command environment: Not usable outside of PowerShell
[0.254s] DEBUG:colcon.colcon_core.shell:Skip shell extension 'dsv' for command environment
[0.256s] INFO:colcon.colcon_ros.task.ament_python.build:Building ROS package in '/home/pbk/arduinobot_ws/src/arduinobot_py_examples' with build type 'ament_python'
[0.256s] Level 1:colcon.colcon_core.shell:create_environment_hook('arduinobot_py_examples', 'ament_prefix_path')
[0.257s] INFO:colcon.colcon_core.shell:Creating environment hook '/home/pbk/arduinobot_ws/install/arduinobot_py_examples/share/arduinobot_py_examples/hook/ament_prefix_path.ps1'
[0.258s] INFO:colcon.colcon_core.shell:Creating environment descriptor '/home/pbk/arduinobot_ws/install/arduinobot_py_examples/share/arduinobot_py_examples/hook/ament_prefix_path.dsv'
[0.258s] INFO:colcon.colcon_core.shell:Creating environment hook '/home/pbk/arduinobot_ws/install/arduinobot_py_examples/share/arduinobot_py_examples/hook/ament_prefix_path.sh'
[0.259s] INFO:colcon.colcon_core.shell:Skip shell extension 'powershell' for command environment: Not usable outside of PowerShell
[0.259s] DEBUG:colcon.colcon_core.shell:Skip shell extension 'dsv' for command environment
[0.266s] DEBUG:colcon.colcon_core.event_handler.log_command:Invoking command in '/home/pbk/arduinobot_ws/build/arduinobot_cpp_examples': CMAKE_PREFIX_PATH=${CMAKE_PREFIX_PATH}:/home/pbk/arduinobot_ws/install/arduinobot_py_examples:/opt/ros/humble /usr/bin/cmake --build /home/pbk/arduinobot_ws/build/arduinobot_cpp_examples -- -j20 -l20
[0.269s] DEBUG:colcon.colcon_core.event_handler.log_command:Invoking command in '/home/pbk/arduinobot_ws/build/arduinobot_description': CMAKE_PREFIX_PATH=${CMAKE_PREFIX_PATH}:/home/pbk/arduinobot_ws/install/arduinobot_py_examples:/opt/ros/humble /usr/bin/cmake --build /home/pbk/arduinobot_ws/build/arduinobot_description -- -j20 -l20
[0.417s] INFO:colcon.colcon_core.task.python.build:Building Python package in '/home/pbk/arduinobot_ws/src/arduinobot_py_examples'
[0.417s] INFO:colcon.colcon_core.shell:Skip shell extension 'powershell' for command environment: Not usable outside of PowerShell
[0.417s] DEBUG:colcon.colcon_core.shell:Skip shell extension 'dsv' for command environment
[0.422s] DEBUG:colcon.colcon_core.event_handler.log_command:Invoked command in '/home/pbk/arduinobot_ws/build/arduinobot_description' returned '0': CMAKE_PREFIX_PATH=${CMAKE_PREFIX_PATH}:/home/pbk/arduinobot_ws/install/arduinobot_py_examples:/opt/ros/humble /usr/bin/cmake --build /home/pbk/arduinobot_ws/build/arduinobot_description -- -j20 -l20
[0.437s] DEBUG:colcon.colcon_core.event_handler.log_command:Invoking command in '/home/pbk/arduinobot_ws/build/arduinobot_description': CMAKE_PREFIX_PATH=${CMAKE_PREFIX_PATH}:/home/pbk/arduinobot_ws/install/arduinobot_py_examples:/opt/ros/humble /usr/bin/cmake --install /home/pbk/arduinobot_ws/build/arduinobot_description
[0.444s] Level 1:colcon.colcon_core.environment:create_environment_scripts_only(arduinobot_description)
[0.447s] DEBUG:colcon.colcon_core.event_handler.log_command:Invoked command in '/home/pbk/arduinobot_ws/build/arduinobot_description' returned '0': CMAKE_PREFIX_PATH=${CMAKE_PREFIX_PATH}:/home/pbk/arduinobot_ws/install/arduinobot_py_examples:/opt/ros/humble /usr/bin/cmake --install /home/pbk/arduinobot_ws/build/arduinobot_description
[0.448s] Level 1:colcon.colcon_core.environment:checking '/home/pbk/arduinobot_ws/install/arduinobot_description' for CMake module files
[0.449s] Level 1:colcon.colcon_core.environment:checking '/home/pbk/arduinobot_ws/install/arduinobot_description' for CMake config files
[0.449s] Level 1:colcon.colcon_core.shell:create_environment_hook('arduinobot_description', 'cmake_prefix_path')
[0.450s] INFO:colcon.colcon_core.shell:Creating environment hook '/home/pbk/arduinobot_ws/install/arduinobot_description/share/arduinobot_description/hook/cmake_prefix_path.ps1'
[0.450s] INFO:colcon.colcon_core.shell:Creating environment descriptor '/home/pbk/arduinobot_ws/install/arduinobot_description/share/arduinobot_description/hook/cmake_prefix_path.dsv'
[0.450s] INFO:colcon.colcon_core.shell:Creating environment hook '/home/pbk/arduinobot_ws/install/arduinobot_description/share/arduinobot_description/hook/cmake_prefix_path.sh'
[0.450s] Level 1:colcon.colcon_core.environment:checking '/home/pbk/arduinobot_ws/install/arduinobot_description/bin'
[0.451s] Level 1:colcon.colcon_core.environment:checking '/home/pbk/arduinobot_ws/install/arduinobot_description/lib/pkgconfig/arduinobot_description.pc'
[0.451s] Level 1:colcon.colcon_core.environment:checking '/home/pbk/arduinobot_ws/install/arduinobot_description/lib/python3.10/site-packages'
[0.451s] Level 1:colcon.colcon_core.environment:checking '/home/pbk/arduinobot_ws/install/arduinobot_description/bin'
[0.451s] INFO:colcon.colcon_core.shell:Creating package script '/home/pbk/arduinobot_ws/install/arduinobot_description/share/arduinobot_description/package.ps1'
[0.452s] INFO:colcon.colcon_core.shell:Creating package descriptor '/home/pbk/arduinobot_ws/install/arduinobot_description/share/arduinobot_description/package.dsv'
[0.452s] INFO:colcon.colcon_core.shell:Creating package script '/home/pbk/arduinobot_ws/install/arduinobot_description/share/arduinobot_description/package.sh'
[0.453s] INFO:colcon.colcon_core.shell:Creating package script '/home/pbk/arduinobot_ws/install/arduinobot_description/share/arduinobot_description/package.bash'
[0.453s] INFO:colcon.colcon_core.shell:Creating package script '/home/pbk/arduinobot_ws/install/arduinobot_description/share/arduinobot_description/package.zsh'
[0.454s] Level 1:colcon.colcon_core.environment:create_file_with_runtime_dependencies(/home/pbk/arduinobot_ws/install/arduinobot_description/share/colcon-core/packages/arduinobot_description)
[0.467s] Level 1:colcon.colcon_core.environment:create_environment_scripts_only(arduinobot_description)
[0.467s] Level 1:colcon.colcon_core.environment:checking '/home/pbk/arduinobot_ws/install/arduinobot_description' for CMake module files
[0.468s] Level 1:colcon.colcon_core.environment:checking '/home/pbk/arduinobot_ws/install/arduinobot_description' for CMake config files
[0.468s] Level 1:colcon.colcon_core.shell:create_environment_hook('arduinobot_description', 'cmake_prefix_path')
[0.468s] INFO:colcon.colcon_core.shell:Creating environment hook '/home/pbk/arduinobot_ws/install/arduinobot_description/share/arduinobot_description/hook/cmake_prefix_path.ps1'
[0.468s] INFO:colcon.colcon_core.shell:Creating environment descriptor '/home/pbk/arduinobot_ws/install/arduinobot_description/share/arduinobot_description/hook/cmake_prefix_path.dsv'
[0.468s] INFO:colcon.colcon_core.shell:Creating environment hook '/home/pbk/arduinobot_ws/install/arduinobot_description/share/arduinobot_description/hook/cmake_prefix_path.sh'
[0.469s] Level 1:colcon.colcon_core.environment:checking '/home/pbk/arduinobot_ws/install/arduinobot_description/bin'
[0.469s] Level 1:colcon.colcon_core.environment:checking '/home/pbk/arduinobot_ws/install/arduinobot_description/lib/pkgconfig/arduinobot_description.pc'
[0.469s] Level 1:colcon.colcon_core.environment:checking '/home/pbk/arduinobot_ws/install/arduinobot_description/lib/python3.10/site-packages'
[0.469s] Level 1:colcon.colcon_core.environment:checking '/home/pbk/arduinobot_ws/install/arduinobot_description/bin'
[0.469s] INFO:colcon.colcon_core.shell:Creating package script '/home/pbk/arduinobot_ws/install/arduinobot_description/share/arduinobot_description/package.ps1'
[0.470s] INFO:colcon.colcon_core.shell:Creating package descriptor '/home/pbk/arduinobot_ws/install/arduinobot_description/share/arduinobot_description/package.dsv'
[0.470s] INFO:colcon.colcon_core.shell:Creating package script '/home/pbk/arduinobot_ws/install/arduinobot_description/share/arduinobot_description/package.sh'
[0.470s] INFO:colcon.colcon_core.shell:Creating package script '/home/pbk/arduinobot_ws/install/arduinobot_description/share/arduinobot_description/package.bash'
[0.471s] INFO:colcon.colcon_core.shell:Creating package script '/home/pbk/arduinobot_ws/install/arduinobot_description/share/arduinobot_description/package.zsh'
[0.471s] Level 1:colcon.colcon_core.environment:create_file_with_runtime_dependencies(/home/pbk/arduinobot_ws/install/arduinobot_description/share/colcon-core/packages/arduinobot_description)
[0.679s] DEBUG:colcon.colcon_core.event_handler.log_command:Invoking command in '/home/pbk/arduinobot_ws/src/arduinobot_py_examples': PYTHONPATH=/home/pbk/arduinobot_ws/build/arduinobot_py_examples/prefix_override:/home/pbk/arduinobot_ws/install/arduinobot_py_examples/lib/python3.10/site-packages:${PYTHONPATH} /usr/bin/python3 -W ignore:setup.py install is deprecated setup.py egg_info --egg-base ../../build/arduinobot_py_examples build --build-base /home/pbk/arduinobot_ws/build/arduinobot_py_examples/build install --record /home/pbk/arduinobot_ws/build/arduinobot_py_examples/install.log --single-version-externally-managed install_data
[0.892s] Level 1:colcon.colcon_core.environment:checking '/home/pbk/arduinobot_ws/install/arduinobot_py_examples' for CMake module files
[0.893s] DEBUG:colcon.colcon_core.event_handler.log_command:Invoked command in '/home/pbk/arduinobot_ws/src/arduinobot_py_examples' returned '0': PYTHONPATH=/home/pbk/arduinobot_ws/build/arduinobot_py_examples/prefix_override:/home/pbk/arduinobot_ws/install/arduinobot_py_examples/lib/python3.10/site-packages:${PYTHONPATH} /usr/bin/python3 -W ignore:setup.py install is deprecated setup.py egg_info --egg-base ../../build/arduinobot_py_examples build --build-base /home/pbk/arduinobot_ws/build/arduinobot_py_examples/build install --record /home/pbk/arduinobot_ws/build/arduinobot_py_examples/install.log --single-version-externally-managed install_data
[0.893s] Level 1:colcon.colcon_core.environment:checking '/home/pbk/arduinobot_ws/install/arduinobot_py_examples' for CMake config files
[0.893s] Level 1:colcon.colcon_core.environment:checking '/home/pbk/arduinobot_ws/install/arduinobot_py_examples/lib'
[0.894s] Level 1:colcon.colcon_core.environment:checking '/home/pbk/arduinobot_ws/install/arduinobot_py_examples/bin'
[0.894s] Level 1:colcon.colcon_core.environment:checking '/home/pbk/arduinobot_ws/install/arduinobot_py_examples/lib/pkgconfig/arduinobot_py_examples.pc'
[0.894s] Level 1:colcon.colcon_core.environment:checking '/home/pbk/arduinobot_ws/install/arduinobot_py_examples/lib/python3.10/site-packages'
[0.894s] Level 1:colcon.colcon_core.shell:create_environment_hook('arduinobot_py_examples', 'pythonpath')
[0.894s] INFO:colcon.colcon_core.shell:Creating environment hook '/home/pbk/arduinobot_ws/install/arduinobot_py_examples/share/arduinobot_py_examples/hook/pythonpath.ps1'
[0.894s] INFO:colcon.colcon_core.shell:Creating environment descriptor '/home/pbk/arduinobot_ws/install/arduinobot_py_examples/share/arduinobot_py_examples/hook/pythonpath.dsv'
[0.895s] INFO:colcon.colcon_core.shell:Creating environment hook '/home/pbk/arduinobot_ws/install/arduinobot_py_examples/share/arduinobot_py_examples/hook/pythonpath.sh'
[0.895s] Level 1:colcon.colcon_core.environment:checking '/home/pbk/arduinobot_ws/install/arduinobot_py_examples/bin'
[0.895s] Level 1:colcon.colcon_core.environment:create_environment_scripts_only(arduinobot_py_examples)
[0.895s] INFO:colcon.colcon_core.shell:Creating package script '/home/pbk/arduinobot_ws/install/arduinobot_py_examples/share/arduinobot_py_examples/package.ps1'
[0.896s] INFO:colcon.colcon_core.shell:Creating package descriptor '/home/pbk/arduinobot_ws/install/arduinobot_py_examples/share/arduinobot_py_examples/package.dsv'
[0.896s] INFO:colcon.colcon_core.shell:Creating package script '/home/pbk/arduinobot_ws/install/arduinobot_py_examples/share/arduinobot_py_examples/package.sh'
[0.896s] INFO:colcon.colcon_core.shell:Creating package script '/home/pbk/arduinobot_ws/install/arduinobot_py_examples/share/arduinobot_py_examples/package.bash'
[0.896s] INFO:colcon.colcon_core.shell:Creating package script '/home/pbk/arduinobot_ws/install/arduinobot_py_examples/share/arduinobot_py_examples/package.zsh'
[0.897s] Level 1:colcon.colcon_core.environment:create_file_with_runtime_dependencies(/home/pbk/arduinobot_ws/install/arduinobot_py_examples/share/colcon-core/packages/arduinobot_py_examples)
[2.363s] DEBUG:colcon.colcon_core.event_handler.log_command:Invoked command in '/home/pbk/arduinobot_ws/build/arduinobot_cpp_examples' returned '0': CMAKE_PREFIX_PATH=${CMAKE_PREFIX_PATH}:/home/pbk/arduinobot_ws/install/arduinobot_py_examples:/opt/ros/humble /usr/bin/cmake --build /home/pbk/arduinobot_ws/build/arduinobot_cpp_examples -- -j20 -l20
[2.380s] DEBUG:colcon.colcon_core.event_handler.log_command:Invoking command in '/home/pbk/arduinobot_ws/build/arduinobot_cpp_examples': CMAKE_PREFIX_PATH=${CMAKE_PREFIX_PATH}:/home/pbk/arduinobot_ws/install/arduinobot_py_examples:/opt/ros/humble /usr/bin/cmake --install /home/pbk/arduinobot_ws/build/arduinobot_cpp_examples
[2.386s] Level 1:colcon.colcon_core.environment:create_environment_scripts_only(arduinobot_cpp_examples)
[2.386s] Level 1:colcon.colcon_core.environment:checking '/home/pbk/arduinobot_ws/install/arduinobot_cpp_examples' for CMake module files
[2.387s] DEBUG:colcon.colcon_core.event_handler.log_command:Invoked command in '/home/pbk/arduinobot_ws/build/arduinobot_cpp_examples' returned '0': CMAKE_PREFIX_PATH=${CMAKE_PREFIX_PATH}:/home/pbk/arduinobot_ws/install/arduinobot_py_examples:/opt/ros/humble /usr/bin/cmake --install /home/pbk/arduinobot_ws/build/arduinobot_cpp_examples
[2.387s] Level 1:colcon.colcon_core.environment:checking '/home/pbk/arduinobot_ws/install/arduinobot_cpp_examples' for CMake config files
[2.387s] Level 1:colcon.colcon_core.shell:create_environment_hook('arduinobot_cpp_examples', 'cmake_prefix_path')
[2.387s] INFO:colcon.colcon_core.shell:Creating environment hook '/home/pbk/arduinobot_ws/install/arduinobot_cpp_examples/share/arduinobot_cpp_examples/hook/cmake_prefix_path.ps1'
[2.388s] INFO:colcon.colcon_core.shell:Creating environment descriptor '/home/pbk/arduinobot_ws/install/arduinobot_cpp_examples/share/arduinobot_cpp_examples/hook/cmake_prefix_path.dsv'
[2.388s] INFO:colcon.colcon_core.shell:Creating environment hook '/home/pbk/arduinobot_ws/install/arduinobot_cpp_examples/share/arduinobot_cpp_examples/hook/cmake_prefix_path.sh'
[2.388s] Level 1:colcon.colcon_core.environment:checking '/home/pbk/arduinobot_ws/install/arduinobot_cpp_examples/lib'
[2.388s] Level 1:colcon.colcon_core.environment:checking '/home/pbk/arduinobot_ws/install/arduinobot_cpp_examples/bin'
[2.388s] Level 1:colcon.colcon_core.environment:checking '/home/pbk/arduinobot_ws/install/arduinobot_cpp_examples/lib/pkgconfig/arduinobot_cpp_examples.pc'
[2.388s] Level 1:colcon.colcon_core.environment:checking '/home/pbk/arduinobot_ws/install/arduinobot_cpp_examples/lib/python3.10/site-packages'
[2.388s] Level 1:colcon.colcon_core.environment:checking '/home/pbk/arduinobot_ws/install/arduinobot_cpp_examples/bin'
[2.389s] INFO:colcon.colcon_core.shell:Creating package script '/home/pbk/arduinobot_ws/install/arduinobot_cpp_examples/share/arduinobot_cpp_examples/package.ps1'
[2.389s] INFO:colcon.colcon_core.shell:Creating package descriptor '/home/pbk/arduinobot_ws/install/arduinobot_cpp_examples/share/arduinobot_cpp_examples/package.dsv'
[2.389s] INFO:colcon.colcon_core.shell:Creating package script '/home/pbk/arduinobot_ws/install/arduinobot_cpp_examples/share/arduinobot_cpp_examples/package.sh'
[2.389s] INFO:colcon.colcon_core.shell:Creating package script '/home/pbk/arduinobot_ws/install/arduinobot_cpp_examples/share/arduinobot_cpp_examples/package.bash'
[2.390s] INFO:colcon.colcon_core.shell:Creating package script '/home/pbk/arduinobot_ws/install/arduinobot_cpp_examples/share/arduinobot_cpp_examples/package.zsh'
[2.390s] Level 1:colcon.colcon_core.environment:create_file_with_runtime_dependencies(/home/pbk/arduinobot_ws/install/arduinobot_cpp_examples/share/colcon-core/packages/arduinobot_cpp_examples)
[2.406s] Level 1:colcon.colcon_core.environment:create_environment_scripts_only(arduinobot_cpp_examples)
[2.406s] Level 1:colcon.colcon_core.environment:checking '/home/pbk/arduinobot_ws/install/arduinobot_cpp_examples' for CMake module files
[2.406s] Level 1:colcon.colcon_core.environment:checking '/home/pbk/arduinobot_ws/install/arduinobot_cpp_examples' for CMake config files
[2.406s] Level 1:colcon.colcon_core.shell:create_environment_hook('arduinobot_cpp_examples', 'cmake_prefix_path')
[2.406s] INFO:colcon.colcon_core.shell:Creating environment hook '/home/pbk/arduinobot_ws/install/arduinobot_cpp_examples/share/arduinobot_cpp_examples/hook/cmake_prefix_path.ps1'
[2.407s] INFO:colcon.colcon_core.shell:Creating environment descriptor '/home/pbk/arduinobot_ws/install/arduinobot_cpp_examples/share/arduinobot_cpp_examples/hook/cmake_prefix_path.dsv'
[2.407s] INFO:colcon.colcon_core.shell:Creating environment hook '/home/pbk/arduinobot_ws/install/arduinobot_cpp_examples/share/arduinobot_cpp_examples/hook/cmake_prefix_path.sh'
[2.407s] Level 1:colcon.colcon_core.environment:checking '/home/pbk/arduinobot_ws/install/arduinobot_cpp_examples/lib'
[2.407s] Level 1:colcon.colcon_core.environment:checking '/home/pbk/arduinobot_ws/install/arduinobot_cpp_examples/bin'
[2.407s] Level 1:colcon.colcon_core.environment:checking '/home/pbk/arduinobot_ws/install/arduinobot_cpp_examples/lib/pkgconfig/arduinobot_cpp_examples.pc'
[2.408s] Level 1:colcon.colcon_core.environment:checking '/home/pbk/arduinobot_ws/install/arduinobot_cpp_examples/lib/python3.10/site-packages'
[2.408s] Level 1:colcon.colcon_core.environment:checking '/home/pbk/arduinobot_ws/install/arduinobot_cpp_examples/bin'
[2.408s] INFO:colcon.colcon_core.shell:Creating package script '/home/pbk/arduinobot_ws/install/arduinobot_cpp_examples/share/arduinobot_cpp_examples/package.ps1'
[2.408s] INFO:colcon.colcon_core.shell:Creating package descriptor '/home/pbk/arduinobot_ws/install/arduinobot_cpp_examples/share/arduinobot_cpp_examples/package.dsv'
[2.408s] INFO:colcon.colcon_core.shell:Creating package script '/home/pbk/arduinobot_ws/install/arduinobot_cpp_examples/share/arduinobot_cpp_examples/package.sh'
[2.409s] INFO:colcon.colcon_core.shell:Creating package script '/home/pbk/arduinobot_ws/install/arduinobot_cpp_examples/share/arduinobot_cpp_examples/package.bash'
[2.409s] INFO:colcon.colcon_core.shell:Creating package script '/home/pbk/arduinobot_ws/install/arduinobot_cpp_examples/share/arduinobot_cpp_examples/package.zsh'
[2.409s] Level 1:colcon.colcon_core.environment:create_file_with_runtime_dependencies(/home/pbk/arduinobot_ws/install/arduinobot_cpp_examples/share/colcon-core/packages/arduinobot_cpp_examples)
[2.409s] DEBUG:colcon.colcon_parallel_executor.executor.parallel:closing loop
[2.410s] DEBUG:colcon.colcon_parallel_executor.executor.parallel:loop closed
[2.410s] DEBUG:colcon.colcon_parallel_executor.executor.parallel:run_until_complete finished with '0'
[2.411s] DEBUG:colcon.colcon_core.event_reactor:joining thread
[2.432s] INFO:colcon.colcon_core.plugin_system:Skipping extension 'colcon_notification.desktop_notification.notify_send': Could not find 'notify-send'
[2.432s] INFO:colcon.colcon_core.plugin_system:Skipping extension 'colcon_notification.desktop_notification.terminal_notifier': Not used on non-Darwin systems
[2.432s] INFO:colcon.colcon_core.plugin_system:Skipping extension 'colcon_notification.desktop_notification.win32': Not used on non-Windows systems
[2.432s] INFO:colcon.colcon_notification.desktop_notification:Sending desktop notification using 'notify2'
[2.432s] DEBUG:colcon.colcon_notification.desktop_notification.notify2:Failed to initialize notify2: org.freedesktop.DBus.Error.FileNotFound: Failed to connect to socket /run/user/1000/bus: No such file or directory
[2.433s] DEBUG:colcon.colcon_core.event_reactor:joined thread
[2.433s] INFO:colcon.colcon_core.shell:Creating prefix script '/home/pbk/arduinobot_ws/install/local_setup.ps1'
[2.434s] INFO:colcon.colcon_core.shell:Creating prefix util module '/home/pbk/arduinobot_ws/install/_local_setup_util_ps1.py'
[2.434s] INFO:colcon.colcon_core.shell:Creating prefix chain script '/home/pbk/arduinobot_ws/install/setup.ps1'
[2.435s] INFO:colcon.colcon_core.shell:Creating prefix script '/home/pbk/arduinobot_ws/install/local_setup.sh'
[2.436s] INFO:colcon.colcon_core.shell:Creating prefix util module '/home/pbk/arduinobot_ws/install/_local_setup_util_sh.py'
[2.436s] INFO:colcon.colcon_core.shell:Creating prefix chain script '/home/pbk/arduinobot_ws/install/setup.sh'
[2.437s] INFO:colcon.colcon_core.shell:Creating prefix script '/home/pbk/arduinobot_ws/install/local_setup.bash'
[2.437s] INFO:colcon.colcon_core.shell:Creating prefix chain script '/home/pbk/arduinobot_ws/install/setup.bash'
[2.437s] INFO:colcon.colcon_core.shell:Creating prefix script '/home/pbk/arduinobot_ws/install/local_setup.zsh'
[2.438s] INFO:colcon.colcon_core.shell:Creating prefix chain script '/home/pbk/arduinobot_ws/install/setup.zsh'
