[0.019s] Invoking command in '/home/pbk/arduinobot_ws/build/arduinobot_bringup': CMAKE_PREFIX_PATH=/opt/ros/humble /usr/bin/cmake --build /home/pbk/arduinobot_ws/build/arduinobot_bringup -- -j20 -l20
[0.084s] Invoked command in '/home/pbk/arduinobot_ws/build/arduinobot_bringup' returned '0': CMAKE_PREFIX_PATH=/opt/ros/humble /usr/bin/cmake --build /home/pbk/arduinobot_ws/build/arduinobot_bringup -- -j20 -l20
[0.102s] Invoking command in '/home/pbk/arduinobot_ws/build/arduinobot_bringup': CMAKE_PREFIX_PATH=/opt/ros/humble /usr/bin/cmake --install /home/pbk/arduinobot_ws/build/arduinobot_bringup
[0.109s] -- Install configuration: ""
[0.111s] -- Up-to-date: /home/pbk/arduinobot_ws/install/arduinobot_bringup/share/arduinobot_bringup/launch
[0.111s] -- Up-to-date: /home/pbk/arduinobot_ws/install/arduinobot_bringup/share/arduinobot_bringup/launch/simulated_robot.launch.py
[0.112s] -- Up-to-date: /home/pbk/arduinobot_ws/install/arduinobot_bringup/share/ament_index/resource_index/package_run_dependencies/arduinobot_bringup
[0.112s] -- Up-to-date: /home/pbk/arduinobot_ws/install/arduinobot_bringup/share/ament_index/resource_index/parent_prefix_path/arduinobot_bringup
[0.112s] -- Up-to-date: /home/pbk/arduinobot_ws/install/arduinobot_bringup/share/arduinobot_bringup/environment/ament_prefix_path.sh
[0.113s] -- Up-to-date: /home/pbk/arduinobot_ws/install/arduinobot_bringup/share/arduinobot_bringup/environment/ament_prefix_path.dsv
[0.114s] -- Up-to-date: /home/pbk/arduinobot_ws/install/arduinobot_bringup/share/arduinobot_bringup/environment/path.sh
[0.115s] -- Up-to-date: /home/pbk/arduinobot_ws/install/arduinobot_bringup/share/arduinobot_bringup/environment/path.dsv
[0.116s] -- Up-to-date: /home/pbk/arduinobot_ws/install/arduinobot_bringup/share/arduinobot_bringup/local_setup.bash
[0.118s] -- Up-to-date: /home/pbk/arduinobot_ws/install/arduinobot_bringup/share/arduinobot_bringup/local_setup.sh
[0.119s] -- Up-to-date: /home/pbk/arduinobot_ws/install/arduinobot_bringup/share/arduinobot_bringup/local_setup.zsh
[0.119s] -- Up-to-date: /home/pbk/arduinobot_ws/install/arduinobot_bringup/share/arduinobot_bringup/local_setup.dsv
[0.120s] -- Installing: /home/pbk/arduinobot_ws/install/arduinobot_bringup/share/arduinobot_bringup/package.dsv
[0.120s] -- Up-to-date: /home/pbk/arduinobot_ws/install/arduinobot_bringup/share/ament_index/resource_index/packages/arduinobot_bringup
[0.120s] -- Up-to-date: /home/pbk/arduinobot_ws/install/arduinobot_bringup/share/arduinobot_bringup/cmake/arduinobot_bringupConfig.cmake
[0.120s] -- Up-to-date: /home/pbk/arduinobot_ws/install/arduinobot_bringup/share/arduinobot_bringup/cmake/arduinobot_bringupConfig-version.cmake
[0.120s] -- Up-to-date: /home/pbk/arduinobot_ws/install/arduinobot_bringup/share/arduinobot_bringup/package.xml
[0.123s] Invoked command in '/home/pbk/arduinobot_ws/build/arduinobot_bringup' returned '0': CMAKE_PREFIX_PATH=/opt/ros/humble /usr/bin/cmake --install /home/pbk/arduinobot_ws/build/arduinobot_bringup
