[0.036s] Invoking command in '/home/pbk/Robotic_Arm/arduinobot_ws/build/arduinobot_moveit': CMAKE_PREFIX_PATH=${CMAKE_PREFIX_PATH}:/home/pbk/arduinobot_ws/install/arduinobot_py_examples:/opt/ros/humble /usr/bin/cmake --build /home/pbk/Robotic_Arm/arduinobot_ws/build/arduinobot_moveit -- -j20 -l20
[0.039s] [0mCMake Error: The current CMakeCache.txt directory /home/pbk/Robotic_Arm/arduinobot_ws/build/arduinobot_moveit/CMakeCache.txt is different than the directory /home/pbk/arduinobot_ws/build/arduinobot_moveit where CMakeCache.txt was created. This may result in binaries being created in the wrong place. If you are not sure, reedit the CMakeCache.txt[0m
[0.077s] -- Found ament_cmake: 1.3.8 (/opt/ros/humble/share/ament_cmake/cmake)
[0.204s] -- Found ament_lint_auto: 0.12.10 (/opt/ros/humble/share/ament_lint_auto/cmake)
[0.264s] -- Added test 'flake8' to check Python code syntax and style conventions
[0.264s] -- Added test 'lint_cmake' to check CMake code style
[0.265s] -- Added test 'pep257' to check Python code against some of the docstring style conventions in PEP 257
[0.266s] -- Added test 'xmllint' to check XML markup files
[0.268s] -- Configuring done
[0.288s] -- Generating done
[0.292s] -- Build files have been written to: /home/pbk/arduinobot_ws/build/arduinobot_moveit
[0.310s] Invoked command in '/home/pbk/Robotic_Arm/arduinobot_ws/build/arduinobot_moveit' returned '0': CMAKE_PREFIX_PATH=${CMAKE_PREFIX_PATH}:/home/pbk/arduinobot_ws/install/arduinobot_py_examples:/opt/ros/humble /usr/bin/cmake --build /home/pbk/Robotic_Arm/arduinobot_ws/build/arduinobot_moveit -- -j20 -l20
[0.331s] Invoking command in '/home/pbk/Robotic_Arm/arduinobot_ws/build/arduinobot_moveit': CMAKE_PREFIX_PATH=${CMAKE_PREFIX_PATH}:/home/pbk/arduinobot_ws/install/arduinobot_py_examples:/opt/ros/humble /usr/bin/cmake --install /home/pbk/Robotic_Arm/arduinobot_ws/build/arduinobot_moveit
[0.346s] -- Install configuration: ""
[0.346s] -- Up-to-date: /home/pbk/arduinobot_ws/install/arduinobot_moveit/share/arduinobot_moveit/launch
[0.346s] -- Up-to-date: /home/pbk/arduinobot_ws/install/arduinobot_moveit/share/arduinobot_moveit/launch/moveit.launch.py
[0.349s] -- Up-to-date: /home/pbk/arduinobot_ws/install/arduinobot_moveit/share/arduinobot_moveit/config
[0.349s] -- Up-to-date: /home/pbk/arduinobot_ws/install/arduinobot_moveit/share/arduinobot_moveit/config/pilz_cartesian_limits.yaml
[0.349s] -- Up-to-date: /home/pbk/arduinobot_ws/install/arduinobot_moveit/share/arduinobot_moveit/config/moveit.rviz
[0.349s] -- Up-to-date: /home/pbk/arduinobot_ws/install/arduinobot_moveit/share/arduinobot_moveit/config/kinematics.yaml
[0.349s] -- Up-to-date: /home/pbk/arduinobot_ws/install/arduinobot_moveit/share/arduinobot_moveit/config/initial_positions.yaml
[0.349s] -- Up-to-date: /home/pbk/arduinobot_ws/install/arduinobot_moveit/share/arduinobot_moveit/config/arduinobot.srdf
[0.349s] -- Up-to-date: /home/pbk/arduinobot_ws/install/arduinobot_moveit/share/arduinobot_moveit/config/joint_limits.yaml
[0.349s] -- Up-to-date: /home/pbk/arduinobot_ws/install/arduinobot_moveit/share/arduinobot_moveit/config/moveit_controllers.yaml
[0.349s] -- Up-to-date: /home/pbk/arduinobot_ws/install/arduinobot_moveit/share/ament_index/resource_index/package_run_dependencies/arduinobot_moveit
[0.349s] -- Up-to-date: /home/pbk/arduinobot_ws/install/arduinobot_moveit/share/ament_index/resource_index/parent_prefix_path/arduinobot_moveit
[0.349s] -- Up-to-date: /home/pbk/arduinobot_ws/install/arduinobot_moveit/share/arduinobot_moveit/environment/ament_prefix_path.sh
[0.350s] -- Installing: /home/pbk/arduinobot_ws/install/arduinobot_moveit/share/arduinobot_moveit/environment/ament_prefix_path.dsv
[0.355s] -- Up-to-date: /home/pbk/arduinobot_ws/install/arduinobot_moveit/share/arduinobot_moveit/environment/path.sh
[0.355s] -- Installing: /home/pbk/arduinobot_ws/install/arduinobot_moveit/share/arduinobot_moveit/environment/path.dsv
[0.356s] -- Up-to-date: /home/pbk/arduinobot_ws/install/arduinobot_moveit/share/arduinobot_moveit/local_setup.bash
[0.356s] -- Up-to-date: /home/pbk/arduinobot_ws/install/arduinobot_moveit/share/arduinobot_moveit/local_setup.sh
[0.356s] -- Up-to-date: /home/pbk/arduinobot_ws/install/arduinobot_moveit/share/arduinobot_moveit/local_setup.zsh
[0.356s] -- Installing: /home/pbk/arduinobot_ws/install/arduinobot_moveit/share/arduinobot_moveit/local_setup.dsv
[0.356s] -- Installing: /home/pbk/arduinobot_ws/install/arduinobot_moveit/share/arduinobot_moveit/package.dsv
[0.356s] -- Up-to-date: /home/pbk/arduinobot_ws/install/arduinobot_moveit/share/ament_index/resource_index/packages/arduinobot_moveit
[0.356s] -- Up-to-date: /home/pbk/arduinobot_ws/install/arduinobot_moveit/share/arduinobot_moveit/cmake/arduinobot_moveitConfig.cmake
[0.356s] -- Up-to-date: /home/pbk/arduinobot_ws/install/arduinobot_moveit/share/arduinobot_moveit/cmake/arduinobot_moveitConfig-version.cmake
[0.356s] -- Up-to-date: /home/pbk/arduinobot_ws/install/arduinobot_moveit/share/arduinobot_moveit/package.xml
[0.376s] Invoked command in '/home/pbk/Robotic_Arm/arduinobot_ws/build/arduinobot_moveit' returned '0': CMAKE_PREFIX_PATH=${CMAKE_PREFIX_PATH}:/home/pbk/arduinobot_ws/install/arduinobot_py_examples:/opt/ros/humble /usr/bin/cmake --install /home/pbk/Robotic_Arm/arduinobot_ws/build/arduinobot_moveit
