[0.201s] Invoking command in '/home/pbk/arduinobot_ws/build/arduinobot_utils': CMAKE_PREFIX_PATH=/home/pbk/arduinobot_ws/install/arduinobot_msgs:/home/pbk/arduinobot_ws/install/arduinobot_utils:/home/pbk/arduinobot_ws/install/arduinobot_cpp_examples:/home/pbk/arduinobot_ws/install/arduinobot_description:/home/pbk/arduinobot_ws/install/arduinobot_controller:/home/pbk/arduinobot_ws/install/arduinobot_py_examples:/opt/ros/humble /usr/bin/cmake --build /home/pbk/arduinobot_ws/build/arduinobot_utils -- -j20 -l20
[0.223s] -- Found ament_cmake: 1.3.8 (/opt/ros/humble/share/ament_cmake/cmake)
[0.338s] -- Found rclpy: 3.3.12 (/opt/ros/humble/share/rclpy/cmake)
[0.343s] -- Found rclcpp: 16.0.8 (/opt/ros/humble/share/rclcpp/cmake)
[0.506s] -- Found rosidl_generator_c: 3.1.5 (/opt/ros/humble/share/rosidl_generator_c/cmake)
[0.509s] -- Found rosidl_adapter: 3.1.5 (/opt/ros/humble/share/rosidl_adapter/cmake)
[0.518s] -- Found rosidl_generator_cpp: 3.1.5 (/opt/ros/humble/share/rosidl_generator_cpp/cmake)
[0.530s] -- Using all available rosidl_typesupport_c: rosidl_typesupport_fastrtps_c;rosidl_typesupport_introspection_c
[0.545s] -- Using all available rosidl_typesupport_cpp: rosidl_typesupport_fastrtps_cpp;rosidl_typesupport_introspection_cpp
[0.611s] -- Found rmw_implementation_cmake: 6.1.1 (/opt/ros/humble/share/rmw_implementation_cmake/cmake)
[0.614s] -- Found rmw_fastrtps_cpp: 6.2.6 (/opt/ros/humble/share/rmw_fastrtps_cpp/cmake)
[1.742s] -- Found OpenSSL: /usr/lib/x86_64-linux-gnu/libcrypto.so (found version "3.0.2")  
[2.567s] -- Found FastRTPS: /opt/ros/humble/include  
[4.182s] -- Using RMW implementation 'rmw_fastrtps_cpp' as default
[4.196s] -- Looking for pthread.h
[4.316s] -- Looking for pthread.h - found
[4.316s] -- Performing Test CMAKE_HAVE_LIBC_PTHREAD
[4.393s] -- Performing Test CMAKE_HAVE_LIBC_PTHREAD - Success
[4.394s] -- Found Threads: TRUE  
[4.503s] -- Found arduinobot_msgs: 0.0.0 (/home/pbk/arduinobot_ws/install/arduinobot_msgs/share/arduinobot_msgs/cmake)
[4.519s] -- Found tf2: 0.25.6 (/opt/ros/humble/share/tf2/cmake)
[4.604s] -- Found ament_lint_auto: 0.12.10 (/opt/ros/humble/share/ament_lint_auto/cmake)
[4.652s] -- Added test 'cppcheck' to perform static code analysis on C / C++ code
[4.652s] -- Configured cppcheck include dirs: 
[4.652s] -- Configured cppcheck exclude dirs and/or files: 
[4.653s] -- Added test 'flake8' to check Python code syntax and style conventions
[4.654s] -- Added test 'lint_cmake' to check CMake code style
[4.654s] -- Added test 'pep257' to check Python code against some of the docstring style conventions in PEP 257
[4.655s] -- Added test 'uncrustify' to check C / C++ code style
[4.655s] -- Configured uncrustify additional arguments: 
[4.655s] -- Added test 'xmllint' to check XML markup files
[4.657s] -- Configuring done
[4.666s] -- Generating done
[4.667s] -- Build files have been written to: /home/pbk/arduinobot_ws/build/arduinobot_utils
[4.688s] [ 50%] [32mBuilding CXX object CMakeFiles/angle_conversion.dir/src/angle_conversion.cpp.o[0m
[4.693s] [ 50%] Built target ament_cmake_python_copy_arduinobot_utils
[4.830s] running egg_info
[4.830s] writing arduinobot_utils.egg-info/PKG-INFO
[4.831s] writing dependency_links to arduinobot_utils.egg-info/dependency_links.txt
[4.831s] writing top-level names to arduinobot_utils.egg-info/top_level.txt
[4.832s] reading manifest file 'arduinobot_utils.egg-info/SOURCES.txt'
[4.833s] writing manifest file 'arduinobot_utils.egg-info/SOURCES.txt'
[4.850s] [ 50%] Built target ament_cmake_python_build_arduinobot_utils_egg
[7.222s] [100%] [32m[1mLinking CXX executable angle_conversion[0m
[7.394s] [100%] Built target angle_conversion
[7.401s] Invoked command in '/home/pbk/arduinobot_ws/build/arduinobot_utils' returned '0': CMAKE_PREFIX_PATH=/home/pbk/arduinobot_ws/install/arduinobot_msgs:/home/pbk/arduinobot_ws/install/arduinobot_utils:/home/pbk/arduinobot_ws/install/arduinobot_cpp_examples:/home/pbk/arduinobot_ws/install/arduinobot_description:/home/pbk/arduinobot_ws/install/arduinobot_controller:/home/pbk/arduinobot_ws/install/arduinobot_py_examples:/opt/ros/humble /usr/bin/cmake --build /home/pbk/arduinobot_ws/build/arduinobot_utils -- -j20 -l20
[7.416s] Invoking command in '/home/pbk/arduinobot_ws/build/arduinobot_utils': CMAKE_PREFIX_PATH=/home/pbk/arduinobot_ws/install/arduinobot_msgs:/home/pbk/arduinobot_ws/install/arduinobot_utils:/home/pbk/arduinobot_ws/install/arduinobot_cpp_examples:/home/pbk/arduinobot_ws/install/arduinobot_description:/home/pbk/arduinobot_ws/install/arduinobot_controller:/home/pbk/arduinobot_ws/install/arduinobot_py_examples:/opt/ros/humble /usr/bin/cmake --install /home/pbk/arduinobot_ws/build/arduinobot_utils
[7.419s] -- Install configuration: ""
[7.420s] -- Up-to-date: /home/pbk/arduinobot_ws/install/arduinobot_utils/share/arduinobot_utils/environment/pythonpath.sh
[7.420s] -- Installing: /home/pbk/arduinobot_ws/install/arduinobot_utils/share/arduinobot_utils/environment/pythonpath.dsv
[7.420s] -- Up-to-date: /home/pbk/arduinobot_ws/install/arduinobot_utils/local/lib/python3.10/dist-packages/arduinobot_utils-0.0.0-py3.10.egg-info
[7.420s] -- Installing: /home/pbk/arduinobot_ws/install/arduinobot_utils/local/lib/python3.10/dist-packages/arduinobot_utils-0.0.0-py3.10.egg-info/top_level.txt
[7.420s] -- Installing: /home/pbk/arduinobot_ws/install/arduinobot_utils/local/lib/python3.10/dist-packages/arduinobot_utils-0.0.0-py3.10.egg-info/PKG-INFO
[7.420s] -- Installing: /home/pbk/arduinobot_ws/install/arduinobot_utils/local/lib/python3.10/dist-packages/arduinobot_utils-0.0.0-py3.10.egg-info/SOURCES.txt
[7.420s] -- Installing: /home/pbk/arduinobot_ws/install/arduinobot_utils/local/lib/python3.10/dist-packages/arduinobot_utils-0.0.0-py3.10.egg-info/dependency_links.txt
[7.420s] -- Up-to-date: /home/pbk/arduinobot_ws/install/arduinobot_utils/local/lib/python3.10/dist-packages/arduinobot_utils
[7.420s] -- Up-to-date: /home/pbk/arduinobot_ws/install/arduinobot_utils/local/lib/python3.10/dist-packages/arduinobot_utils/angle_conversion.py
[7.420s] -- Up-to-date: /home/pbk/arduinobot_ws/install/arduinobot_utils/local/lib/python3.10/dist-packages/arduinobot_utils/__init__.py
[7.438s] Listing '/home/pbk/arduinobot_ws/install/arduinobot_utils/local/lib/python3.10/dist-packages/arduinobot_utils'...
[7.441s] -- Installing: /home/pbk/arduinobot_ws/install/arduinobot_utils/lib/arduinobot_utils/angle_conversion
[7.442s] -- Set runtime path of "/home/pbk/arduinobot_ws/install/arduinobot_utils/lib/arduinobot_utils/angle_conversion" to ""
[7.442s] -- Up-to-date: /home/pbk/arduinobot_ws/install/arduinobot_utils/lib/arduinobot_utils/angle_conversion.py
[7.442s] -- Installing: /home/pbk/arduinobot_ws/install/arduinobot_utils/share/ament_index/resource_index/package_run_dependencies/arduinobot_utils
[7.442s] -- Up-to-date: /home/pbk/arduinobot_ws/install/arduinobot_utils/share/ament_index/resource_index/parent_prefix_path/arduinobot_utils
[7.442s] -- Up-to-date: /home/pbk/arduinobot_ws/install/arduinobot_utils/share/arduinobot_utils/environment/ament_prefix_path.sh
[7.442s] -- Installing: /home/pbk/arduinobot_ws/install/arduinobot_utils/share/arduinobot_utils/environment/ament_prefix_path.dsv
[7.442s] -- Up-to-date: /home/pbk/arduinobot_ws/install/arduinobot_utils/share/arduinobot_utils/environment/path.sh
[7.442s] -- Installing: /home/pbk/arduinobot_ws/install/arduinobot_utils/share/arduinobot_utils/environment/path.dsv
[7.442s] -- Up-to-date: /home/pbk/arduinobot_ws/install/arduinobot_utils/share/arduinobot_utils/local_setup.bash
[7.442s] -- Up-to-date: /home/pbk/arduinobot_ws/install/arduinobot_utils/share/arduinobot_utils/local_setup.sh
[7.443s] -- Up-to-date: /home/pbk/arduinobot_ws/install/arduinobot_utils/share/arduinobot_utils/local_setup.zsh
[7.443s] -- Installing: /home/pbk/arduinobot_ws/install/arduinobot_utils/share/arduinobot_utils/local_setup.dsv
[7.443s] -- Installing: /home/pbk/arduinobot_ws/install/arduinobot_utils/share/arduinobot_utils/package.dsv
[7.443s] -- Up-to-date: /home/pbk/arduinobot_ws/install/arduinobot_utils/share/ament_index/resource_index/packages/arduinobot_utils
[7.443s] -- Up-to-date: /home/pbk/arduinobot_ws/install/arduinobot_utils/share/arduinobot_utils/cmake/arduinobot_utilsConfig.cmake
[7.444s] -- Up-to-date: /home/pbk/arduinobot_ws/install/arduinobot_utils/share/arduinobot_utils/cmake/arduinobot_utilsConfig-version.cmake
[7.444s] -- Installing: /home/pbk/arduinobot_ws/install/arduinobot_utils/share/arduinobot_utils/package.xml
[7.445s] Invoked command in '/home/pbk/arduinobot_ws/build/arduinobot_utils' returned '0': CMAKE_PREFIX_PATH=/home/pbk/arduinobot_ws/install/arduinobot_msgs:/home/pbk/arduinobot_ws/install/arduinobot_utils:/home/pbk/arduinobot_ws/install/arduinobot_cpp_examples:/home/pbk/arduinobot_ws/install/arduinobot_description:/home/pbk/arduinobot_ws/install/arduinobot_controller:/home/pbk/arduinobot_ws/install/arduinobot_py_examples:/opt/ros/humble /usr/bin/cmake --install /home/pbk/arduinobot_ws/build/arduinobot_utils
