[0.015s] Invoking command in '/home/pbk/arduinobot_ws/build/arduinobot_bringup': CMAKE_PREFIX_PATH=/opt/ros/humble /usr/bin/cmake /home/pbk/arduinobot_ws/src/arduinobot_bringup -DCMAKE_INSTALL_PREFIX=/home/pbk/arduinobot_ws/install/arduinobot_bringup
[0.204s] -- The C compiler identification is GNU 11.4.0
[0.548s] -- The CXX compiler identification is GNU 11.4.0
[0.777s] -- Detecting C compiler ABI info
[0.875s] -- Detecting C compiler ABI info - done
[0.879s] -- Check for working C compiler: /usr/bin/cc - skipped
[0.880s] -- Detecting C compile features
[0.881s] -- Detecting C compile features - done
[0.884s] -- Detecting CXX compiler ABI info
[0.988s] -- Detecting CXX compiler ABI info - done
[0.993s] -- Check for working CXX compiler: /usr/bin/c++ - skipped
[0.993s] -- Detecting CXX compile features
[0.994s] -- Detecting CXX compile features - done
[1.008s] -- Found ament_cmake: 1.3.8 (/opt/ros/humble/share/ament_cmake/cmake)
[1.125s] -- Found Python3: /usr/bin/python3 (found version "3.10.12") found components: Interpreter 
[1.210s] -- Found ament_lint_auto: 0.12.10 (/opt/ros/humble/share/ament_lint_auto/cmake)
[1.274s] -- Added test 'lint_cmake' to check CMake code style
[1.275s] -- Added test 'xmllint' to check XML markup files
[1.276s] -- Configuring done
[1.278s] -- Generating done
[1.279s] -- Build files have been written to: /home/pbk/arduinobot_ws/build/arduinobot_bringup
[1.282s] Invoked command in '/home/pbk/arduinobot_ws/build/arduinobot_bringup' returned '0': CMAKE_PREFIX_PATH=/opt/ros/humble /usr/bin/cmake /home/pbk/arduinobot_ws/src/arduinobot_bringup -DCMAKE_INSTALL_PREFIX=/home/pbk/arduinobot_ws/install/arduinobot_bringup
[1.284s] Invoking command in '/home/pbk/arduinobot_ws/build/arduinobot_bringup': CMAKE_PREFIX_PATH=/opt/ros/humble /usr/bin/cmake --build /home/pbk/arduinobot_ws/build/arduinobot_bringup -- -j20 -l20
[1.304s] Invoked command in '/home/pbk/arduinobot_ws/build/arduinobot_bringup' returned '0': CMAKE_PREFIX_PATH=/opt/ros/humble /usr/bin/cmake --build /home/pbk/arduinobot_ws/build/arduinobot_bringup -- -j20 -l20
[1.317s] Invoking command in '/home/pbk/arduinobot_ws/build/arduinobot_bringup': CMAKE_PREFIX_PATH=/opt/ros/humble /usr/bin/cmake --install /home/pbk/arduinobot_ws/build/arduinobot_bringup
[1.321s] -- Install configuration: ""
[1.321s] -- Installing: /home/pbk/arduinobot_ws/install/arduinobot_bringup/share/ament_index/resource_index/package_run_dependencies/arduinobot_bringup
[1.321s] -- Installing: /home/pbk/arduinobot_ws/install/arduinobot_bringup/share/ament_index/resource_index/parent_prefix_path/arduinobot_bringup
[1.321s] -- Installing: /home/pbk/arduinobot_ws/install/arduinobot_bringup/share/arduinobot_bringup/environment/ament_prefix_path.sh
[1.322s] -- Installing: /home/pbk/arduinobot_ws/install/arduinobot_bringup/share/arduinobot_bringup/environment/ament_prefix_path.dsv
[1.322s] -- Installing: /home/pbk/arduinobot_ws/install/arduinobot_bringup/share/arduinobot_bringup/environment/path.sh
[1.322s] -- Installing: /home/pbk/arduinobot_ws/install/arduinobot_bringup/share/arduinobot_bringup/environment/path.dsv
[1.322s] -- Installing: /home/pbk/arduinobot_ws/install/arduinobot_bringup/share/arduinobot_bringup/local_setup.bash
[1.322s] -- Installing: /home/pbk/arduinobot_ws/install/arduinobot_bringup/share/arduinobot_bringup/local_setup.sh
[1.322s] -- Installing: /home/pbk/arduinobot_ws/install/arduinobot_bringup/share/arduinobot_bringup/local_setup.zsh
[1.322s] -- Installing: /home/pbk/arduinobot_ws/install/arduinobot_bringup/share/arduinobot_bringup/local_setup.dsv
[1.322s] -- Installing: /home/pbk/arduinobot_ws/install/arduinobot_bringup/share/arduinobot_bringup/package.dsv
[1.322s] -- Installing: /home/pbk/arduinobot_ws/install/arduinobot_bringup/share/ament_index/resource_index/packages/arduinobot_bringup
[1.323s] -- Installing: /home/pbk/arduinobot_ws/install/arduinobot_bringup/share/arduinobot_bringup/cmake/arduinobot_bringupConfig.cmake
[1.323s] -- Installing: /home/pbk/arduinobot_ws/install/arduinobot_bringup/share/arduinobot_bringup/cmake/arduinobot_bringupConfig-version.cmake
[1.323s] -- Installing: /home/pbk/arduinobot_ws/install/arduinobot_bringup/share/arduinobot_bringup/package.xml
[1.324s] Invoked command in '/home/pbk/arduinobot_ws/build/arduinobot_bringup' returned '0': CMAKE_PREFIX_PATH=/opt/ros/humble /usr/bin/cmake --install /home/pbk/arduinobot_ws/build/arduinobot_bringup
