[0.021s] Invoking command in '/home/pbk/arduinobot_ws/src/build/arduinobot_moveit': CMAKE_PREFIX_PATH=/opt/ros/humble /usr/bin/cmake --build /home/pbk/arduinobot_ws/src/build/arduinobot_moveit -- -j20 -l20
[0.063s] -- Found ament_cmake: 1.3.8 (/opt/ros/humble/share/ament_cmake/cmake)
[0.166s] -- Found ament_lint_auto: 0.12.10 (/opt/ros/humble/share/ament_lint_auto/cmake)
[0.218s] -- Added test 'flake8' to check Python code syntax and style conventions
[0.219s] -- Added test 'lint_cmake' to check CMake code style
[0.219s] -- Added test 'pep257' to check Python code against some of the docstring style conventions in PEP 257
[0.220s] -- Added test 'xmllint' to check XML markup files
[0.222s] -- Configuring done
[0.225s] -- Generating done
[0.226s] -- Build files have been written to: /home/pbk/arduinobot_ws/src/build/arduinobot_moveit
[0.238s] Invoked command in '/home/pbk/arduinobot_ws/src/build/arduinobot_moveit' returned '0': CMAKE_PREFIX_PATH=/opt/ros/humble /usr/bin/cmake --build /home/pbk/arduinobot_ws/src/build/arduinobot_moveit -- -j20 -l20
[0.250s] Invoking command in '/home/pbk/arduinobot_ws/src/build/arduinobot_moveit': CMAKE_PREFIX_PATH=/opt/ros/humble /usr/bin/cmake --install /home/pbk/arduinobot_ws/src/build/arduinobot_moveit
[0.253s] -- Install configuration: ""
[0.254s] -- Installing: /home/pbk/arduinobot_ws/src/install/arduinobot_moveit/share/arduinobot_moveit/launch
[0.254s] -- Installing: /home/pbk/arduinobot_ws/src/install/arduinobot_moveit/share/arduinobot_moveit/launch/moveit.launch.py
[0.254s] -- Installing: /home/pbk/arduinobot_ws/src/install/arduinobot_moveit/share/arduinobot_moveit/config
[0.254s] -- Installing: /home/pbk/arduinobot_ws/src/install/arduinobot_moveit/share/arduinobot_moveit/config/pilz_cartesian_limits.yaml
[0.254s] -- Installing: /home/pbk/arduinobot_ws/src/install/arduinobot_moveit/share/arduinobot_moveit/config/moveit.rviz
[0.254s] -- Installing: /home/pbk/arduinobot_ws/src/install/arduinobot_moveit/share/arduinobot_moveit/config/kinematics.yaml
[0.255s] -- Installing: /home/pbk/arduinobot_ws/src/install/arduinobot_moveit/share/arduinobot_moveit/config/initial_positions.yaml
[0.255s] -- Installing: /home/pbk/arduinobot_ws/src/install/arduinobot_moveit/share/arduinobot_moveit/config/arduinobot.srdf
[0.255s] -- Installing: /home/pbk/arduinobot_ws/src/install/arduinobot_moveit/share/arduinobot_moveit/config/joint_limits.yaml
[0.255s] -- Installing: /home/pbk/arduinobot_ws/src/install/arduinobot_moveit/share/arduinobot_moveit/config/moveit_controllers.yaml
[0.256s] -- Installing: /home/pbk/arduinobot_ws/src/install/arduinobot_moveit/share/ament_index/resource_index/package_run_dependencies/arduinobot_moveit
[0.256s] -- Installing: /home/pbk/arduinobot_ws/src/install/arduinobot_moveit/share/ament_index/resource_index/parent_prefix_path/arduinobot_moveit
[0.256s] -- Up-to-date: /home/pbk/arduinobot_ws/src/install/arduinobot_moveit/share/arduinobot_moveit/environment/ament_prefix_path.sh
[0.257s] -- Installing: /home/pbk/arduinobot_ws/src/install/arduinobot_moveit/share/arduinobot_moveit/environment/ament_prefix_path.dsv
[0.257s] -- Up-to-date: /home/pbk/arduinobot_ws/src/install/arduinobot_moveit/share/arduinobot_moveit/environment/path.sh
[0.257s] -- Installing: /home/pbk/arduinobot_ws/src/install/arduinobot_moveit/share/arduinobot_moveit/environment/path.dsv
[0.257s] -- Up-to-date: /home/pbk/arduinobot_ws/src/install/arduinobot_moveit/share/arduinobot_moveit/local_setup.bash
[0.257s] -- Up-to-date: /home/pbk/arduinobot_ws/src/install/arduinobot_moveit/share/arduinobot_moveit/local_setup.sh
[0.257s] -- Up-to-date: /home/pbk/arduinobot_ws/src/install/arduinobot_moveit/share/arduinobot_moveit/local_setup.zsh
[0.257s] -- Installing: /home/pbk/arduinobot_ws/src/install/arduinobot_moveit/share/arduinobot_moveit/local_setup.dsv
[0.257s] -- Installing: /home/pbk/arduinobot_ws/src/install/arduinobot_moveit/share/arduinobot_moveit/package.dsv
[0.257s] -- Up-to-date: /home/pbk/arduinobot_ws/src/install/arduinobot_moveit/share/ament_index/resource_index/packages/arduinobot_moveit
[0.258s] -- Up-to-date: /home/pbk/arduinobot_ws/src/install/arduinobot_moveit/share/arduinobot_moveit/cmake/arduinobot_moveitConfig.cmake
[0.258s] -- Up-to-date: /home/pbk/arduinobot_ws/src/install/arduinobot_moveit/share/arduinobot_moveit/cmake/arduinobot_moveitConfig-version.cmake
[0.258s] -- Installing: /home/pbk/arduinobot_ws/src/install/arduinobot_moveit/share/arduinobot_moveit/package.xml
[0.259s] Invoked command in '/home/pbk/arduinobot_ws/src/build/arduinobot_moveit' returned '0': CMAKE_PREFIX_PATH=/opt/ros/humble /usr/bin/cmake --install /home/pbk/arduinobot_ws/src/build/arduinobot_moveit
