[0.695s] Invoking command in '/home/pbk/arduinobot_ws/src/arduinobot_py_examples': AMENT_PREFIX_PATH=/home/pbk/arduinobot_ws/src/install/arduinobot_msgs:${AMENT_PREFIX_PATH} CMAKE_PREFIX_PATH=/home/pbk/arduinobot_ws/src/install/arduinobot_msgs:${CMAKE_PREFIX_PATH} LD_LIBRARY_PATH=/home/pbk/arduinobot_ws/src/install/arduinobot_msgs/lib:${LD_LIBRARY_PATH} PYTHONPATH=/home/pbk/arduinobot_ws/src/build/arduinobot_py_examples/prefix_override:/home/pbk/arduinobot_ws/src/install/arduinobot_py_examples/lib/python3.10/site-packages:/home/pbk/arduinobot_ws/src/install/arduinobot_msgs/local/lib/python3.10/dist-packages:${PYTHONPATH} /usr/bin/python3 -W ignore:setup.py install is deprecated setup.py egg_info --egg-base ../build/arduinobot_py_examples build --build-base /home/pbk/arduinobot_ws/src/build/arduinobot_py_examples/build install --record /home/pbk/arduinobot_ws/src/build/arduinobot_py_examples/install.log --single-version-externally-managed install_data
[0.847s] running egg_info
[0.847s] writing ../build/arduinobot_py_examples/arduinobot_py_examples.egg-info/PKG-INFO
[0.848s] writing dependency_links to ../build/arduinobot_py_examples/arduinobot_py_examples.egg-info/dependency_links.txt
[0.848s] writing entry points to ../build/arduinobot_py_examples/arduinobot_py_examples.egg-info/entry_points.txt
[0.848s] writing requirements to ../build/arduinobot_py_examples/arduinobot_py_examples.egg-info/requires.txt
[0.848s] writing top-level names to ../build/arduinobot_py_examples/arduinobot_py_examples.egg-info/top_level.txt
[0.851s] reading manifest file '../build/arduinobot_py_examples/arduinobot_py_examples.egg-info/SOURCES.txt'
[0.852s] writing manifest file '../build/arduinobot_py_examples/arduinobot_py_examples.egg-info/SOURCES.txt'
[0.852s] running build
[0.852s] running build_py
[0.852s] running install
[0.853s] running install_lib
[0.854s] running install_data
[0.855s] running install_egg_info
[0.856s] removing '/home/pbk/arduinobot_ws/src/install/arduinobot_py_examples/lib/python3.10/site-packages/arduinobot_py_examples-0.0.0-py3.10.egg-info' (and everything under it)
[0.857s] Copying ../build/arduinobot_py_examples/arduinobot_py_examples.egg-info to /home/pbk/arduinobot_ws/src/install/arduinobot_py_examples/lib/python3.10/site-packages/arduinobot_py_examples-0.0.0-py3.10.egg-info
[0.858s] running install_scripts
[0.875s] Installing simple_parameter script to /home/pbk/arduinobot_ws/src/install/arduinobot_py_examples/lib/arduinobot_py_examples
[0.875s] Installing simple_publisher script to /home/pbk/arduinobot_ws/src/install/arduinobot_py_examples/lib/arduinobot_py_examples
[0.876s] Installing simple_service_client script to /home/pbk/arduinobot_ws/src/install/arduinobot_py_examples/lib/arduinobot_py_examples
[0.876s] Installing simple_service_server script to /home/pbk/arduinobot_ws/src/install/arduinobot_py_examples/lib/arduinobot_py_examples
[0.876s] Installing simple_subscriber script to /home/pbk/arduinobot_ws/src/install/arduinobot_py_examples/lib/arduinobot_py_examples
[0.876s] writing list of installed files to '/home/pbk/arduinobot_ws/src/build/arduinobot_py_examples/install.log'
[0.898s] Invoked command in '/home/pbk/arduinobot_ws/src/arduinobot_py_examples' returned '0': AMENT_PREFIX_PATH=/home/pbk/arduinobot_ws/src/install/arduinobot_msgs:${AMENT_PREFIX_PATH} CMAKE_PREFIX_PATH=/home/pbk/arduinobot_ws/src/install/arduinobot_msgs:${CMAKE_PREFIX_PATH} LD_LIBRARY_PATH=/home/pbk/arduinobot_ws/src/install/arduinobot_msgs/lib:${LD_LIBRARY_PATH} PYTHONPATH=/home/pbk/arduinobot_ws/src/build/arduinobot_py_examples/prefix_override:/home/pbk/arduinobot_ws/src/install/arduinobot_py_examples/lib/python3.10/site-packages:/home/pbk/arduinobot_ws/src/install/arduinobot_msgs/local/lib/python3.10/dist-packages:${PYTHONPATH} /usr/bin/python3 -W ignore:setup.py install is deprecated setup.py egg_info --egg-base ../build/arduinobot_py_examples build --build-base /home/pbk/arduinobot_ws/src/build/arduinobot_py_examples/build install --record /home/pbk/arduinobot_ws/src/build/arduinobot_py_examples/install.log --single-version-externally-managed install_data
